/* -*- Mode: c -*- */
####################################################################################################
Core 0
####################################################################################################
Cumulative:        Cycles: 5574085               Instructions: 20000000              IPC: 3.58803

Periodic:          Cycles: 2763052               Instructions: 9999999               IPC: 3.61919

MISS_WAIT_TIME                              3459883390                     4871586567              

ICACHE_STAGE_MISS                                  862                           2573              

ICACHE_CYCLE                                   2763052                        5574085              

TCACHE_CYCLE                                         0                              0              

ICACHE_CYCLE_ONPATH                            2371839       85.841%          4739177       85.022%
ICACHE_CYCLE_OFFPATH                            391213       14.159%           834908       14.978%
                                               2763052      100.000%          5574085      100.000%
                                                  0.14         0.33              0.15         0.33

FETCH_ON_PATH                                  2115477       86.141%          4248561       85.390%
FETCH_OFF_PATH                                  340364       13.859%           726927       14.610%
                                               2455841      100.000%          4975488      100.000%
                                                  0.14         0.32              0.15         0.33

FETCHED_OPS_ON_PATH                                  0         -nan%                0         -nan%
FETCHED_OPS_OFF_PATH                                 0         -nan%                0         -nan%
                                                     0         -nan%                0         -nan%
                                                  -nan         -nan              -nan         -nan

INST_LOST_FETCH                               10373851       63.687%         20763750       63.401%
INST_LOST_OFF_PATH                             1643523       10.090%          3507471       10.710%
INST_LOST_FULL_WINDOW                            43002        0.264%            93144        0.284%
INST_LOST_ROB_STALL_OTHER                       557868        3.425%          1107714        3.382%
INST_LOST_ROB_STALL_WAIT_FOR_RECOVERY             2058        0.013%             4758        0.015%
INST_LOST_ROB_STALL_WAIT_FOR_REDIRECT                0        0.000%                0        0.000%
INST_LOST_ROB_STALL_WAIT_FOR_GAP_FILL                0        0.000%                0        0.000%
INST_LOST_ROB_STALL_WAIT_FOR_L1_MISS                 0        0.000%                0        0.000%
INST_LOST_ROB_STALL_WAIT_FOR_MEMORY                 24        0.000%              222        0.001%
INST_LOST_ROB_STALL_WAIT_FOR_DC_MISS           1240314        7.614%          2385744        7.285%
INST_LOST_ROB_BLOCK_ISSUE_FULL                       0        0.000%                0        0.000%
INST_LOST_ROB_BLOCK_ISSUE_GAP_TOO_LARGE              0        0.000%                0        0.000%
INST_LOST_BREAK_DONT                                 0        0.000%                0        0.000%
INST_LOST_BREAK_RENAME                               0        0.000%                0        0.000%
INST_LOST_BREAK_FT_UNAVAILABLE                     535        0.003%              535        0.002%
INST_LOST_BREAK_ICACHE_TO_UOP_CACHE_SWITCH         64608        0.397%           142114        0.434%
INST_LOST_BREAK_ICACHE_MISS_REQ_SUCCESS           3406        0.021%             9994        0.031%
INST_LOST_BREAK_ICACHE_MISS_REQ_FAILURE           1837        0.011%             2037        0.006%
INST_LOST_BREAK_WAIT_FOR_MISS                    63475        0.390%           322000        0.983%
INST_LOST_BREAK_UOP_CACHE_READ_LIMIT           2261549       13.884%          4339130       13.249%
INST_LOST_BREAK_UOP_CACHE_READ_LIMIT_AND_ISSUE_WIDTH             0        0.000%                0        0.000%
INST_LOST_BREAK_ICACHE_READ_LIMIT                32823        0.202%            71446        0.218%
INST_LOST_BREAK_ICACHE_READ_LIMIT_AND_ISSUE_WIDTH             0        0.000%                0        0.000%
INST_LOST_BREAK_ISSUE_WIDTH                          0        0.000%                0        0.000%
INST_LOST_BREAK_BARRIERT                             0        0.000%                0        0.000%
INST_LOST_BREAK_WAIT_FOR_EMPTY_ROB                   0        0.000%                0        0.000%
INST_LOST_BREAK_APP_EXIT                             3        0.000%                3        0.000%
INST_LOST_BREAK_STALL                                0        0.000%                0        0.000%
                                              16288876      100.000%         32750062      100.000%
                                                  3.71         6.11              3.68         6.10

INST_LOST_TOTAL                               16288876                       32750062              

INST_LOST_WAIT_FOR_ICACHE_MISS_NOT_PREFETCHED          5690       10.540%            70100       24.267%
INST_LOST_WAIT_FOR_ICACHE_MISS_PREFETCHED_AND_EVICTED_BY_IFETCH             0        0.000%                0        0.000%
INST_LOST_WAIT_FOR_ICACHE_MISS_PREFETCHED_AND_EVICTED_BY_FDIP             0        0.000%                0        0.000%
INST_LOST_WAIT_FOR_ICACHE_MISS_MSHR_HIT_PREF_OFFPATH           990        1.834%             2970        1.028%
INST_LOST_WAIT_FOR_ICACHE_MISS_MSHR_HIT_PREF_ONPATH         47305       87.626%           215805       74.705%
                                                 53985      100.000%           288875      100.000%
                                                  3.56         3.36              3.02         2.74

FETCH_0_OPS                                     334787       12.056%           732258       12.980%
FETCH_1_OPS                                     193911        6.983%           385715        6.837%
FETCH_2_OPS                                      89810        3.234%           165962        2.942%
FETCH_3_OPS                                     210391        7.576%           398825        7.070%
FETCH_4_OPS                                     142739        5.140%           296410        5.254%
FETCH_5_OPS                                     390338       14.056%           802339       14.222%
FETCH_6_OPS                                    1415004       50.955%          2859962       50.695%
FETCH_7_OPS                                          0        0.000%                0        0.000%
FETCH_8_OPS                                          0        0.000%                0        0.000%
FETCH_9_OPS                                          0        0.000%                0        0.000%
FETCH_10_OPS                                         0        0.000%                0        0.000%
FETCH_11_OPS                                         0        0.000%                0        0.000%
FETCH_12_OPS                                         0        0.000%                0        0.000%
FETCH_13_OPS                                         0        0.000%                0        0.000%
FETCH_14_OPS                                         0        0.000%                0        0.000%
FETCH_15_OPS                                         0        0.000%                0        0.000%
FETCH_16_OPS                                         0        0.000%                0        0.000%
                                               2776980      100.000%          5641471      100.000%
                                                  4.33         1.61              4.30         1.60

ST_BREAK_DONT                                        0        0.000%                0        0.000%
ST_BREAK_RENAME                                      0        0.000%                0        0.000%
ST_BREAK_FT_UNAVAILABLE                            107        0.004%              107        0.002%
ST_BREAK_ICACHE_TO_UOP_CACHE_SWITCH              24569        1.000%            53911        1.084%
ST_BREAK_ICACHE_MISS_REQ_SUCCESS                   862        0.035%             2573        0.052%
ST_BREAK_ICACHE_MISS_REQ_FAILURE                   371        0.015%              413        0.008%
ST_BREAK_WAIT_FOR_MISS                           12695        0.517%            64400        1.294%
ST_BREAK_UOP_CACHE_READ_LIMIT                   751401       30.596%          1421078       28.562%
ST_BREAK_UOP_CACHE_READ_LIMIT_AND_ISSUE_WIDTH        178364        7.263%           338858        6.811%
ST_BREAK_ICACHE_READ_LIMIT                       15036        0.612%            32633        0.656%
ST_BREAK_ICACHE_READ_LIMIT_AND_ISSUE_WIDTH          5164        0.210%            11168        0.224%
ST_BREAK_ISSUE_WIDTH                           1467271       59.746%          3050346       61.307%
ST_BREAK_BARRIERT                                    0        0.000%                0        0.000%
ST_BREAK_WAIT_FOR_EMPTY_ROB                          0        0.000%                0        0.000%
ST_BREAK_APP_EXIT                                    1        0.000%                1        0.000%
ST_BREAK_STALL                                       0        0.000%                0        0.000%
                                               2455841      100.000%          4975488      100.000%
                                                  9.43         1.98              9.48         1.99

ORACLE_ON_PATH_INST                           10373851       86.324%         20763750       85.549%
ORACLE_OFF_PATH_INST                           1643523       13.676%          3507471       14.451%
                                              12017374      100.000%         24271221      100.000%
                                                  0.14         0.32              0.14         0.33

ORACLE_ON_PATH_INST_MEM                        2983034       24.823%          5872548       24.196%
ORACLE_ON_PATH_INST_NOTMEM                     7390817       61.501%         14891202       61.353%
ORACLE_OFF_PATH_INST_MEM                        500520        4.165%          1090516        4.493%
ORACLE_OFF_PATH_INST_NOTMEM                    1143003        9.511%          2416955        9.958%
                                              12017374      100.000%         24271221      100.000%
                                                  0.98         0.72              1.00         0.74

ICACHE_CYCLE_NONRA_ONPATH                            0         -nan%                0         -nan%
ICACHE_CYCLE_NONRA_OFFPATH                           0         -nan%                0         -nan%
ICACHE_CYCLE_RA_ONPATH                               0         -nan%                0         -nan%
ICACHE_CYCLE_RA_OFFPATH                              0         -nan%                0         -nan%
                                                     0         -nan%                0         -nan%
                                                  -nan         -nan              -nan         -nan

ICACHE_CYCLE_ONPATH_NONRA                            0         -nan%                0         -nan%
ICACHE_CYCLE_OFFPATH_NONRA                           0         -nan%                0         -nan%
                                                     0         -nan%                0         -nan%
                                                  -nan         -nan              -nan         -nan

ICACHE_CYCLE_ONPATH_RA                               0         -nan%                0         -nan%
ICACHE_CYCLE_OFFPATH_RA                              0         -nan%                0         -nan%
                                                     0         -nan%                0         -nan%
                                                  -nan         -nan              -nan         -nan

INACCURATE_OFFPATH_CYCLES                            0        0.0000                0        0.0000

FETCH_ALL_INST                                12017374                       24271221              

EXEC_ALL_INST                                 10687970                       21445709              

RET_ALL_INST                                  10374252                       20763750              

EXEC_ON_PATH_INST                             10374230       97.065%         20763750       96.820%
EXEC_OFF_PATH_INST                              313740        2.935%           681959        3.180%
                                              10687970      100.000%         21445709      100.000%
                                                  0.03         0.17              0.03         0.17

EXEC_ON_PATH_INST_MEM                          2983115       27.911%          5872548       27.383%
EXEC_ON_PATH_INST_NOTMEM                       7391115       69.154%         14891202       69.437%
EXEC_OFF_PATH_INST_MEM                          129896        1.215%           276065        1.287%
EXEC_OFF_PATH_INST_NOTMEM                       183844        1.720%           405894        1.893%
                                              10687970      100.000%         21445709      100.000%
                                                  0.77         0.39              0.78         0.40

EXEC_RA_INST                                         0         -nan%                0         -nan%
EXEC_NONRA_INST                                      0         -nan%                0         -nan%
                                                     0         -nan%                0         -nan%
                                                  -nan         -nan              -nan         -nan

EXEC_ON_PATH_INST_RA                                 0         -nan%                0         -nan%
EXEC_OFF_PATH_INST_RA                                0         -nan%                0         -nan%
                                                     0         -nan%                0         -nan%
                                                  -nan         -nan              -nan         -nan

EXEC_ON_PATH_INST_NONRA                              0         -nan%                0         -nan%
EXEC_OFF_PATH_INST_NONRA                             0         -nan%                0         -nan%
                                                     0         -nan%                0         -nan%
                                                  -nan         -nan              -nan         -nan

EXEC_RA_ON_PATH_INST                                 0         -nan%                0         -nan%
EXEC_RA_OFF_PATH_INST                                0         -nan%                0         -nan%
EXEC_NONRA_ON_PATH_INST                              0         -nan%                0         -nan%
EXEC_NONRA_OFF_PATH_INST                             0         -nan%                0         -nan%
                                                     0         -nan%                0         -nan%
                                                  -nan         -nan              -nan         -nan

ICACHE_THROTTLE_CYCLE                                0                              0              

FETCH_ENABLE_THROTTLE_OFF_PATH                       0         -nan%                0         -nan%
FETCH_ENABLE_THROTTLE_ON_PATH                        0         -nan%                0         -nan%
                                                     0         -nan%                0         -nan%
                                                  -nan         -nan              -nan         -nan

FETCH_DISABLE_THROTTLE_OFF_PATH                      0         -nan%                0         -nan%
FETCH_DISABLE_THROTTLE_ON_PATH                       0         -nan%                0         -nan%
                                                     0         -nan%                0         -nan%
                                                  -nan         -nan              -nan         -nan

FETCH_TH_ADJUST__0                                   0         -nan%                0         -nan%
FETCH_TH_ADJUST__1                                   0         -nan%                0         -nan%
FETCH_TH_ADJUST__2                                   0         -nan%                0         -nan%
FETCH_TH_ADJUST__3                                   0         -nan%                0         -nan%
FETCH_TH_ADJUST__4                                   0         -nan%                0         -nan%
FETCH_TH_ADJUST__5                                   0         -nan%                0         -nan%
FETCH_TH_ADJUST__6                                   0         -nan%                0         -nan%
FETCH_TH_ADJUST__7                                   0         -nan%                0         -nan%
FETCH_TH_ADJUST__8                                   0         -nan%                0         -nan%
FETCH_TH_ADJUST__9                                   0         -nan%                0         -nan%
FETCH_TH_ADJUST__MAX                                 0         -nan%                0         -nan%
                                                     0         -nan%                0         -nan%
                                                  -nan         -nan              -nan         -nan

FETCH_TH_ADJUST_UP                                   0         -nan%                0         -nan%
FETCH_TH_ADJUST_DOWN                                 0         -nan%                0         -nan%
FETCH_TH_ADJUST_SAME                                 0         -nan%                0         -nan%
                                                     0         -nan%                0         -nan%
                                                  -nan         -nan              -nan         -nan

THROTTLE_ADJUST_CACHE_MISS_INFO                      0                              0              

LOW_CONF_COUNT_BP_MIS_0                              0         -nan%                0         -nan%
LOW_CONF_COUNT_BP_MIS_1                              0         -nan%                0         -nan%
LOW_CONF_COUNT_BP_MIS_2                              0         -nan%                0         -nan%
LOW_CONF_COUNT_BP_MIS_3                              0         -nan%                0         -nan%
LOW_CONF_COUNT_BP_MIS_4                              0         -nan%                0         -nan%
LOW_CONF_COUNT_BP_MIS_5                              0         -nan%                0         -nan%
LOW_CONF_COUNT_BP_MIS_6                              0         -nan%                0         -nan%
LOW_CONF_COUNT_BP_MIS_7                              0         -nan%                0         -nan%
LOW_CONF_COUNT_BP_MIS_8                              0         -nan%                0         -nan%
LOW_CONF_COUNT_BP_MIS_9                              0         -nan%                0         -nan%
LOW_CONF_COUNT_BP_MIS_10                             0         -nan%                0         -nan%
LOW_CONF_COUNT_BP_MIS_11                             0         -nan%                0         -nan%
LOW_CONF_COUNT_BP_MIS_12                             0         -nan%                0         -nan%
LOW_CONF_COUNT_BP_MIS_13                             0         -nan%                0         -nan%
LOW_CONF_COUNT_BP_MIS_14                             0         -nan%                0         -nan%
LOW_CONF_COUNT_BP_MIS_15                             0         -nan%                0         -nan%
LOW_CONF_COUNT_BP_MIS_16                             0         -nan%                0         -nan%
LOW_CONF_COUNT_BP_MIS_17                             0         -nan%                0         -nan%
LOW_CONF_COUNT_BP_MIS_18                             0         -nan%                0         -nan%
LOW_CONF_COUNT_BP_MIS_19                             0         -nan%                0         -nan%
LOW_CONF_COUNT_BP_MIS_20                             0         -nan%                0         -nan%
                                                     0         -nan%                0         -nan%
                                                  -nan         -nan              -nan         -nan

LOW_CONF_COUNT_RET_0                                 0         -nan%                0         -nan%
LOW_CONF_COUNT_RET_1                                 0         -nan%                0         -nan%
LOW_CONF_COUNT_RET_2                                 0         -nan%                0         -nan%
LOW_CONF_COUNT_RET_3                                 0         -nan%                0         -nan%
LOW_CONF_COUNT_RET_4                                 0         -nan%                0         -nan%
LOW_CONF_COUNT_RET_5                                 0         -nan%                0         -nan%
LOW_CONF_COUNT_RET_6                                 0         -nan%                0         -nan%
LOW_CONF_COUNT_RET_7                                 0         -nan%                0         -nan%
LOW_CONF_COUNT_RET_8                                 0         -nan%                0         -nan%
LOW_CONF_COUNT_RET_9                                 0         -nan%                0         -nan%
LOW_CONF_COUNT_RET_10                                0         -nan%                0         -nan%
LOW_CONF_COUNT_RET_11                                0         -nan%                0         -nan%
LOW_CONF_COUNT_RET_12                                0         -nan%                0         -nan%
LOW_CONF_COUNT_RET_13                                0         -nan%                0         -nan%
LOW_CONF_COUNT_RET_14                                0         -nan%                0         -nan%
LOW_CONF_COUNT_RET_15                                0         -nan%                0         -nan%
LOW_CONF_COUNT_RET_16                                0         -nan%                0         -nan%
LOW_CONF_COUNT_RET_17                                0         -nan%                0         -nan%
LOW_CONF_COUNT_RET_18                                0         -nan%                0         -nan%
LOW_CONF_COUNT_RET_19                                0         -nan%                0         -nan%
LOW_CONF_COUNT_RET_20                                0         -nan%                0         -nan%
                                                     0         -nan%                0         -nan%
                                                  -nan         -nan              -nan         -nan

CYCLES_RESTEER_MISPRED                               0         -nan%                0         -nan%
CYCLES_RESTEER_MISFETCH                              0         -nan%                0         -nan%
CYCLES_RESTEER_BTB_MISS                              0         -nan%                0         -nan%
                                                     0         -nan%                0         -nan%
                                                  -nan         -nan              -nan         -nan

CYCLES_RESTEER_MISPRED_SAVED_UC_FETCH                0         -nan%                0         -nan%
CYCLES_RESTEER_MISPRED_COULD_BE_SAVED_UC_FETCH             0         -nan%                0         -nan%
CYCLES_RESTEER_MISFETCH_SAVED_UC_FETCH               0         -nan%                0         -nan%
CYCLES_RESTEER_MISFETCH_COULD_BE_SAVED_UC_FETCH             0         -nan%                0         -nan%
CYCLES_RESTEER_BTB_MISS_SAVED_UC_FETCH               0         -nan%                0         -nan%
CYCLES_RESTEER_BTB_MISS_COULD_BE_SAVED_UC_FETCH             0         -nan%                0         -nan%
                                                     0         -nan%                0         -nan%
                                                  -nan         -nan              -nan         -nan

CYCLES_UOC_IC_SWITCH                                 0                              0              



