/* -*- Mode: c -*- */
####################################################################################################
Core 0
####################################################################################################
Cumulative:        Cycles: 14194808              Instructions: 20000000              IPC: 1.40897

Periodic:          Cycles: 7361113               Instructions: 9999998               IPC: 1.35849

MISS_WAIT_TIME                                       0                        7610748              

ICACHE_STAGE_MISS                                    0                             22              

ICACHE_CYCLE                                   7361113                       14194808              

TCACHE_CYCLE                                         0                              0              

ICACHE_CYCLE_ONPATH                            7359840       99.983%         14183818       99.923%
ICACHE_CYCLE_OFFPATH                              1273        0.017%            10990        0.077%
                                               7361113      100.000%         14194808      100.000%
                                                  0.00         0.01              0.00         0.03

FETCH_ON_PATH                                  2588694       99.975%          5213331       99.925%
FETCH_OFF_PATH                                     656        0.025%             3906        0.075%
                                               2589350      100.000%          5217237      100.000%
                                                  0.00         0.02              0.00         0.03

FETCHED_OPS_ON_PATH                                  0         -nan%                0         -nan%
FETCHED_OPS_OFF_PATH                                 0         -nan%                0         -nan%
                                                     0         -nan%                0         -nan%
                                                  -nan         -nan              -nan         -nan

INST_LOST_FETCH                               11969495       27.101%         23987086       28.165%
INST_LOST_OFF_PATH                                3201        0.007%            18417        0.022%
INST_LOST_FULL_WINDOW                              306        0.001%              648        0.001%
INST_LOST_ROB_STALL_OTHER                     10663062       24.143%         19789200       23.236%
INST_LOST_ROB_STALL_WAIT_FOR_RECOVERY                0        0.000%               12        0.000%
INST_LOST_ROB_STALL_WAIT_FOR_REDIRECT                0        0.000%                0        0.000%
INST_LOST_ROB_STALL_WAIT_FOR_GAP_FILL                0        0.000%                0        0.000%
INST_LOST_ROB_STALL_WAIT_FOR_L1_MISS                 0        0.000%                0        0.000%
INST_LOST_ROB_STALL_WAIT_FOR_MEMORY             276648        0.626%           511722        0.601%
INST_LOST_ROB_STALL_WAIT_FOR_DC_MISS          17690562       40.054%         33563844       39.410%
INST_LOST_ROB_BLOCK_ISSUE_FULL                       0        0.000%                0        0.000%
INST_LOST_ROB_BLOCK_ISSUE_GAP_TOO_LARGE              0        0.000%                0        0.000%
INST_LOST_BREAK_DONT                                 0        0.000%                0        0.000%
INST_LOST_BREAK_RENAME                               0        0.000%                0        0.000%
INST_LOST_BREAK_FT_UNAVAILABLE                     570        0.001%              570        0.001%
INST_LOST_BREAK_ICACHE_TO_UOP_CACHE_SWITCH            94        0.000%              249        0.000%
INST_LOST_BREAK_ICACHE_MISS_REQ_SUCCESS              0        0.000%               72        0.000%
INST_LOST_BREAK_ICACHE_MISS_REQ_FAILURE              0        0.000%                0        0.000%
INST_LOST_BREAK_WAIT_FOR_MISS                        0        0.000%             3410        0.004%
INST_LOST_BREAK_UOP_CACHE_READ_LIMIT           3562398        8.066%          7291170        8.561%
INST_LOST_BREAK_UOP_CACHE_READ_LIMIT_AND_ISSUE_WIDTH             0        0.000%                0        0.000%
INST_LOST_BREAK_ICACHE_READ_LIMIT                   42        0.000%              143        0.000%
INST_LOST_BREAK_ICACHE_READ_LIMIT_AND_ISSUE_WIDTH             0        0.000%                0        0.000%
INST_LOST_BREAK_ISSUE_WIDTH                          0        0.000%                0        0.000%
INST_LOST_BREAK_BARRIERT                             0        0.000%                0        0.000%
INST_LOST_BREAK_WAIT_FOR_EMPTY_ROB                   0        0.000%                0        0.000%
INST_LOST_BREAK_APP_EXIT                             1        0.000%                1        0.000%
INST_LOST_BREAK_STALL                                0        0.000%                0        0.000%
                                              44166379      100.000%         85166544      100.000%
                                                  5.91         4.44              5.92         4.52

INST_LOST_TOTAL                               44166379                       85166544              

INST_LOST_WAIT_FOR_ICACHE_MISS_NOT_PREFETCHED             0         -nan%                0        0.000%
INST_LOST_WAIT_FOR_ICACHE_MISS_PREFETCHED_AND_EVICTED_BY_IFETCH             0         -nan%                0        0.000%
INST_LOST_WAIT_FOR_ICACHE_MISS_PREFETCHED_AND_EVICTED_BY_FDIP             0         -nan%                0        0.000%
INST_LOST_WAIT_FOR_ICACHE_MISS_MSHR_HIT_PREF_OFFPATH             0         -nan%                0        0.000%
INST_LOST_WAIT_FOR_ICACHE_MISS_MSHR_HIT_PREF_ONPATH             0         -nan%             2615      100.000%
                                                     0         -nan%             2615      100.000%
                                                  -nan         -nan              4.00         4.00

FETCH_0_OPS                                    4771877       64.825%          8979077       63.253%
FETCH_1_OPS                                     284762        3.868%           600645        4.231%
FETCH_2_OPS                                     393286        5.343%           785638        5.534%
FETCH_3_OPS                                      34573        0.470%            61975        0.437%
FETCH_4_OPS                                     136498        1.854%           293644        2.069%
FETCH_5_OPS                                     189051        2.568%           374117        2.635%
FETCH_6_OPS                                    1551066       21.071%          3100416       21.841%
FETCH_7_OPS                                          0        0.000%                0        0.000%
FETCH_8_OPS                                          0        0.000%                0        0.000%
FETCH_9_OPS                                          0        0.000%                0        0.000%
FETCH_10_OPS                                         0        0.000%                0        0.000%
FETCH_11_OPS                                         0        0.000%                0        0.000%
FETCH_12_OPS                                         0        0.000%                0        0.000%
FETCH_13_OPS                                         0        0.000%                0        0.000%
FETCH_14_OPS                                         0        0.000%                0        0.000%
FETCH_15_OPS                                         0        0.000%                0        0.000%
FETCH_16_OPS                                         0        0.000%                0        0.000%
                                               7361113      100.000%         14195512      100.000%
                                                  1.63         2.11              1.69         2.12

ST_BREAK_DONT                                        0        0.000%                0        0.000%
ST_BREAK_RENAME                                      0        0.000%                0        0.000%
ST_BREAK_FT_UNAVAILABLE                            114        0.004%              114        0.002%
ST_BREAK_ICACHE_TO_UOP_CACHE_SWITCH                 49        0.002%              118        0.002%
ST_BREAK_ICACHE_MISS_REQ_SUCCESS                     0        0.000%               22        0.000%
ST_BREAK_ICACHE_MISS_REQ_FAILURE                     0        0.000%                0        0.000%
ST_BREAK_WAIT_FOR_MISS                               0        0.000%              682        0.013%
ST_BREAK_UOP_CACHE_READ_LIMIT                  1037985       40.087%          2114517       40.529%
ST_BREAK_UOP_CACHE_READ_LIMIT_AND_ISSUE_WIDTH        135371        5.228%           237173        4.546%
ST_BREAK_ICACHE_READ_LIMIT                          15        0.001%               56        0.001%
ST_BREAK_ICACHE_READ_LIMIT_AND_ISSUE_WIDTH             0        0.000%                6        0.000%
ST_BREAK_ISSUE_WIDTH                           1415815       54.678%          2864548       54.905%
ST_BREAK_BARRIERT                                    0        0.000%                0        0.000%
ST_BREAK_WAIT_FOR_EMPTY_ROB                          0        0.000%                0        0.000%
ST_BREAK_APP_EXIT                                    1        0.000%                1        0.000%
ST_BREAK_STALL                                       0        0.000%                0        0.000%
                                               2589350      100.000%          5217237      100.000%
                                                  9.24         1.95              9.24         1.95

ORACLE_ON_PATH_INST                           11969495       99.973%         23987086       99.923%
ORACLE_OFF_PATH_INST                              3201        0.027%            18417        0.077%
                                              11972696      100.000%         24005503      100.000%
                                                  0.00         0.02              0.00         0.03

ORACLE_ON_PATH_INST_MEM                        5645057       47.149%         11219794       46.738%
ORACLE_ON_PATH_INST_NOTMEM                     6324438       52.824%         12767292       53.185%
ORACLE_OFF_PATH_INST_MEM                          1539        0.013%             6964        0.029%
ORACLE_OFF_PATH_INST_NOTMEM                       1662        0.014%            11453        0.048%
                                              11972696      100.000%         24005503      100.000%
                                                  0.53         0.34              0.53         0.35

ICACHE_CYCLE_NONRA_ONPATH                            0         -nan%                0         -nan%
ICACHE_CYCLE_NONRA_OFFPATH                           0         -nan%                0         -nan%
ICACHE_CYCLE_RA_ONPATH                               0         -nan%                0         -nan%
ICACHE_CYCLE_RA_OFFPATH                              0         -nan%                0         -nan%
                                                     0         -nan%                0         -nan%
                                                  -nan         -nan              -nan         -nan

ICACHE_CYCLE_ONPATH_NONRA                            0         -nan%                0         -nan%
ICACHE_CYCLE_OFFPATH_NONRA                           0         -nan%                0         -nan%
                                                     0         -nan%                0         -nan%
                                                  -nan         -nan              -nan         -nan

ICACHE_CYCLE_ONPATH_RA                               0         -nan%                0         -nan%
ICACHE_CYCLE_OFFPATH_RA                              0         -nan%                0         -nan%
                                                     0         -nan%                0         -nan%
                                                  -nan         -nan              -nan         -nan

INACCURATE_OFFPATH_CYCLES                            0        0.0000                0        0.0000

FETCH_ALL_INST                                11972696                       24005503              

EXEC_ALL_INST                                 11969953                       23991347              

RET_ALL_INST                                  11969873                       23987086              

EXEC_ON_PATH_INST                             11969618       99.997%         23987086       99.982%
EXEC_OFF_PATH_INST                                 335        0.003%             4261        0.018%
                                              11969953      100.000%         23991347      100.000%
                                                  0.00         0.01              0.00         0.01

EXEC_ON_PATH_INST_MEM                          5645107       47.161%         11219794       46.766%
EXEC_ON_PATH_INST_NOTMEM                       6324511       52.837%         12767292       53.216%
EXEC_OFF_PATH_INST_MEM                             221        0.002%             1318        0.005%
EXEC_OFF_PATH_INST_NOTMEM                          114        0.001%             2943        0.012%
                                              11969953      100.000%         23991347      100.000%
                                                  0.53         0.34              0.53         0.34

EXEC_RA_INST                                         0         -nan%                0         -nan%
EXEC_NONRA_INST                                      0         -nan%                0         -nan%
                                                     0         -nan%                0         -nan%
                                                  -nan         -nan              -nan         -nan

EXEC_ON_PATH_INST_RA                                 0         -nan%                0         -nan%
EXEC_OFF_PATH_INST_RA                                0         -nan%                0         -nan%
                                                     0         -nan%                0         -nan%
                                                  -nan         -nan              -nan         -nan

EXEC_ON_PATH_INST_NONRA                              0         -nan%                0         -nan%
EXEC_OFF_PATH_INST_NONRA                             0         -nan%                0         -nan%
                                                     0         -nan%                0         -nan%
                                                  -nan         -nan              -nan         -nan

EXEC_RA_ON_PATH_INST                                 0         -nan%                0         -nan%
EXEC_RA_OFF_PATH_INST                                0         -nan%                0         -nan%
EXEC_NONRA_ON_PATH_INST                              0         -nan%                0         -nan%
EXEC_NONRA_OFF_PATH_INST                             0         -nan%                0         -nan%
                                                     0         -nan%                0         -nan%
                                                  -nan         -nan              -nan         -nan

ICACHE_THROTTLE_CYCLE                                0                              0              

FETCH_ENABLE_THROTTLE_OFF_PATH                       0         -nan%                0         -nan%
FETCH_ENABLE_THROTTLE_ON_PATH                        0         -nan%                0         -nan%
                                                     0         -nan%                0         -nan%
                                                  -nan         -nan              -nan         -nan

FETCH_DISABLE_THROTTLE_OFF_PATH                      0         -nan%                0         -nan%
FETCH_DISABLE_THROTTLE_ON_PATH                       0         -nan%                0         -nan%
                                                     0         -nan%                0         -nan%
                                                  -nan         -nan              -nan         -nan

FETCH_TH_ADJUST__0                                   0         -nan%                0         -nan%
FETCH_TH_ADJUST__1                                   0         -nan%                0         -nan%
FETCH_TH_ADJUST__2                                   0         -nan%                0         -nan%
FETCH_TH_ADJUST__3                                   0         -nan%                0         -nan%
FETCH_TH_ADJUST__4                                   0         -nan%                0         -nan%
FETCH_TH_ADJUST__5                                   0         -nan%                0         -nan%
FETCH_TH_ADJUST__6                                   0         -nan%                0         -nan%
FETCH_TH_ADJUST__7                                   0         -nan%                0         -nan%
FETCH_TH_ADJUST__8                                   0         -nan%                0         -nan%
FETCH_TH_ADJUST__9                                   0         -nan%                0         -nan%
FETCH_TH_ADJUST__MAX                                 0         -nan%                0         -nan%
                                                     0         -nan%                0         -nan%
                                                  -nan         -nan              -nan         -nan

FETCH_TH_ADJUST_UP                                   0         -nan%                0         -nan%
FETCH_TH_ADJUST_DOWN                                 0         -nan%                0         -nan%
FETCH_TH_ADJUST_SAME                                 0         -nan%                0         -nan%
                                                     0         -nan%                0         -nan%
                                                  -nan         -nan              -nan         -nan

THROTTLE_ADJUST_CACHE_MISS_INFO                      0                              0              

LOW_CONF_COUNT_BP_MIS_0                              0         -nan%                0         -nan%
LOW_CONF_COUNT_BP_MIS_1                              0         -nan%                0         -nan%
LOW_CONF_COUNT_BP_MIS_2                              0         -nan%                0         -nan%
LOW_CONF_COUNT_BP_MIS_3                              0         -nan%                0         -nan%
LOW_CONF_COUNT_BP_MIS_4                              0         -nan%                0         -nan%
LOW_CONF_COUNT_BP_MIS_5                              0         -nan%                0         -nan%
LOW_CONF_COUNT_BP_MIS_6                              0         -nan%                0         -nan%
LOW_CONF_COUNT_BP_MIS_7                              0         -nan%                0         -nan%
LOW_CONF_COUNT_BP_MIS_8                              0         -nan%                0         -nan%
LOW_CONF_COUNT_BP_MIS_9                              0         -nan%                0         -nan%
LOW_CONF_COUNT_BP_MIS_10                             0         -nan%                0         -nan%
LOW_CONF_COUNT_BP_MIS_11                             0         -nan%                0         -nan%
LOW_CONF_COUNT_BP_MIS_12                             0         -nan%                0         -nan%
LOW_CONF_COUNT_BP_MIS_13                             0         -nan%                0         -nan%
LOW_CONF_COUNT_BP_MIS_14                             0         -nan%                0         -nan%
LOW_CONF_COUNT_BP_MIS_15                             0         -nan%                0         -nan%
LOW_CONF_COUNT_BP_MIS_16                             0         -nan%                0         -nan%
LOW_CONF_COUNT_BP_MIS_17                             0         -nan%                0         -nan%
LOW_CONF_COUNT_BP_MIS_18                             0         -nan%                0         -nan%
LOW_CONF_COUNT_BP_MIS_19                             0         -nan%                0         -nan%
LOW_CONF_COUNT_BP_MIS_20                             0         -nan%                0         -nan%
                                                     0         -nan%                0         -nan%
                                                  -nan         -nan              -nan         -nan

LOW_CONF_COUNT_RET_0                                 0         -nan%                0         -nan%
LOW_CONF_COUNT_RET_1                                 0         -nan%                0         -nan%
LOW_CONF_COUNT_RET_2                                 0         -nan%                0         -nan%
LOW_CONF_COUNT_RET_3                                 0         -nan%                0         -nan%
LOW_CONF_COUNT_RET_4                                 0         -nan%                0         -nan%
LOW_CONF_COUNT_RET_5                                 0         -nan%                0         -nan%
LOW_CONF_COUNT_RET_6                                 0         -nan%                0         -nan%
LOW_CONF_COUNT_RET_7                                 0         -nan%                0         -nan%
LOW_CONF_COUNT_RET_8                                 0         -nan%                0         -nan%
LOW_CONF_COUNT_RET_9                                 0         -nan%                0         -nan%
LOW_CONF_COUNT_RET_10                                0         -nan%                0         -nan%
LOW_CONF_COUNT_RET_11                                0         -nan%                0         -nan%
LOW_CONF_COUNT_RET_12                                0         -nan%                0         -nan%
LOW_CONF_COUNT_RET_13                                0         -nan%                0         -nan%
LOW_CONF_COUNT_RET_14                                0         -nan%                0         -nan%
LOW_CONF_COUNT_RET_15                                0         -nan%                0         -nan%
LOW_CONF_COUNT_RET_16                                0         -nan%                0         -nan%
LOW_CONF_COUNT_RET_17                                0         -nan%                0         -nan%
LOW_CONF_COUNT_RET_18                                0         -nan%                0         -nan%
LOW_CONF_COUNT_RET_19                                0         -nan%                0         -nan%
LOW_CONF_COUNT_RET_20                                0         -nan%                0         -nan%
                                                     0         -nan%                0         -nan%
                                                  -nan         -nan              -nan         -nan

CYCLES_RESTEER_MISPRED                               0         -nan%                0         -nan%
CYCLES_RESTEER_MISFETCH                              0         -nan%                0         -nan%
CYCLES_RESTEER_BTB_MISS                              0         -nan%                0         -nan%
                                                     0         -nan%                0         -nan%
                                                  -nan         -nan              -nan         -nan

CYCLES_RESTEER_MISPRED_SAVED_UC_FETCH                0         -nan%                0         -nan%
CYCLES_RESTEER_MISPRED_COULD_BE_SAVED_UC_FETCH             0         -nan%                0         -nan%
CYCLES_RESTEER_MISFETCH_SAVED_UC_FETCH               0         -nan%                0         -nan%
CYCLES_RESTEER_MISFETCH_COULD_BE_SAVED_UC_FETCH             0         -nan%                0         -nan%
CYCLES_RESTEER_BTB_MISS_SAVED_UC_FETCH               0         -nan%                0         -nan%
CYCLES_RESTEER_BTB_MISS_COULD_BE_SAVED_UC_FETCH             0         -nan%                0         -nan%
                                                     0         -nan%                0         -nan%
                                                  -nan         -nan              -nan         -nan

CYCLES_UOC_IC_SWITCH                                 0                              0              



