Scarab gitrev: 3541854
Scarab started at Sat Oct 19 03:28:45 2024

Initialized Ramulator. 
** Heartbeat:   5% -- { 1000005 } -- 0.00 KIPS (15.38 KIPS)
** Heartbeat:  10% -- { 2000008 } -- 19.23 KIPS (17.09 KIPS)
** Heartbeat:  15% -- { 3000009 } -- 20.00 KIPS (17.96 KIPS)
** Heartbeat:  20% -- { 4000013 } -- 19.23 KIPS (18.26 KIPS)
** Heartbeat:  25% -- { 5000014 } -- 20.00 KIPS (18.59 KIPS)
** Heartbeat:  30% -- { 6000016 } -- 19.61 KIPS (18.75 KIPS)
** Heartbeat:  35% -- { 7000019 } -- 20.00 KIPS (18.92 KIPS)
** Heartbeat:  40% -- { 8000019 } -- 19.61 KIPS (19.00 KIPS)
** Heartbeat:  45% -- { 9000023 } -- 19.61 KIPS (19.07 KIPS)
** Heartbeat:  50% -- { 10000028 } -- 19.61 KIPS (19.12 KIPS)
** Heartbeat:  55% -- { 11000032 } -- 20.00 KIPS (19.20 KIPS)
** Heartbeat:  60% -- { 12000033 } -- 20.00 KIPS (19.26 KIPS)
** Heartbeat:  65% -- { 13000033 } -- 19.61 KIPS (19.29 KIPS)
** Heartbeat:  70% -- { 14000037 } -- 20.00 KIPS (19.34 KIPS)
** Heartbeat:  75% -- { 15000040 } -- 20.83 KIPS (19.43 KIPS)
** Heartbeat:  80% -- { 16000042 } -- 20.00 KIPS (19.46 KIPS)
** Heartbeat:  85% -- { 17000043 } -- 20.00 KIPS (19.50 KIPS)
** Heartbeat:  90% -- { 18000043 } -- 20.41 KIPS (19.54 KIPS)
** Heartbeat:  95% -- { 19000046 } -- 20.41 KIPS (19.59 KIPS)
Warning could not fetch inst from frontend
Warning could not fetch inst from frontend
Warning could not fetch inst from frontend
Warning could not fetch inst from frontend
Warning could not fetch inst from frontend
Warning could not fetch inst from frontend
Warning could not fetch inst from frontend
Warning could not fetch inst from frontend
Warning could not fetch inst from frontend
Warning could not fetch inst from frontend
Warning could not fetch inst from frontend
Warning could not fetch inst from frontend
Warning could not fetch inst from frontend
Warning could not fetch inst from frontend
Warning could not fetch inst from frontend
Warning could not fetch inst from frontend
Warning could not fetch inst from frontend
Warning could not fetch inst from frontend
Warning could not fetch inst from frontend
Warning could not fetch inst from frontend
Warning could not fetch inst from frontend
Warning could not fetch inst from frontend
Warning could not fetch inst from frontend
Warning could not fetch inst from frontend
Warning could not fetch inst from frontend
Warning could not fetch inst from frontend
Warning could not fetch inst from frontend
Warning could not fetch inst from frontend
Warning could not fetch inst from frontend
Warning could not fetch inst from frontend
Warning could not fetch inst from frontend
Warning could not fetch inst from frontend
Warning could not fetch inst from frontend
Warning could not fetch inst from frontend
Warning could not fetch inst from frontend
Warning could not fetch inst from frontend
Warning could not fetch inst from frontend
Warning could not fetch inst from frontend
Warning could not fetch inst from frontend
Warning could not fetch inst from frontend
Warning could not fetch inst from frontend
Warning could not fetch inst from frontend
Warning could not fetch inst from frontend
Warning could not fetch inst from frontend
Warning could not fetch inst from frontend
Warning could not fetch inst from frontend
Warning could not fetch inst from frontend
Warning could not fetch inst from frontend
Warning could not fetch inst from frontend
Warning could not fetch inst from frontend
Warning could not fetch inst from frontend
Warning could not fetch inst from frontend
Warning could not fetch inst from frontend
Warning could not fetch inst from frontend
Warning could not fetch inst from frontend
Warning could not fetch inst from frontend
Warning could not fetch inst from frontend
Warning could not fetch inst from frontend
Warning could not fetch inst from frontend
Warning could not fetch inst from frontend
Warning could not fetch inst from frontend
Warning could not fetch inst from frontend
Warning could not fetch inst from frontend
Warning could not fetch inst from frontend
Warning could not fetch inst from frontend
Warning could not fetch inst from frontend
Warning could not fetch inst from frontend
Warning could not fetch inst from frontend
Warning could not fetch inst from frontend
Warning could not fetch inst from frontend
Warning could not fetch inst from frontend
Warning could not fetch inst from frontend
Warning could not fetch inst from frontend
Warning could not fetch inst from frontend
Warning could not fetch inst from frontend
Warning could not fetch inst from frontend
Warning could not fetch inst from frontend
Warning could not fetch inst from frontend
Warning could not fetch inst from frontend
Warning could not fetch inst from frontend
Warning could not fetch inst from frontend
Warning could not fetch inst from frontend
Warning could not fetch inst from frontend
Warning could not fetch inst from frontend
Warning could not fetch inst from frontend
Warning could not fetch inst from frontend
Warning could not fetch inst from frontend
Warning could not fetch inst from frontend
** Core 0 Finished:    insts:20000000    cycles:7067007     time:2208439687500       -- 2.83 IPC (2.83 IPC) --  N/A  KIPS (19.61 KIPS)
Scarab finished at Sat Oct 19 03:45:46 2024

