Scarab gitrev: 3541854
Scarab started at Sat Oct 19 06:17:14 2024

Initialized Ramulator. 
** Heartbeat:   5% -- { 1000005 } -- 0.00 KIPS (25.00 KIPS)
** Heartbeat:  10% -- { 2000009 } -- 27.03 KIPS (25.97 KIPS)
** Heartbeat:  15% -- { 3000013 } -- 20.00 KIPS (23.62 KIPS)
** Heartbeat:  20% -- { 4000015 } -- 20.83 KIPS (22.86 KIPS)
** Heartbeat:  25% -- { 5000019 } -- 20.83 KIPS (22.42 KIPS)
** Heartbeat:  30% -- { 6000020 } -- 23.26 KIPS (22.56 KIPS)
** Heartbeat:  35% -- { 7000022 } -- 21.74 KIPS (22.44 KIPS)
** Heartbeat:  40% -- { 8000024 } -- 22.22 KIPS (22.41 KIPS)
** Heartbeat:  45% -- { 9000027 } -- 16.13 KIPS (21.48 KIPS)
** Heartbeat:  50% -- { 10000028 } -- 14.93 KIPS (20.58 KIPS)
** Heartbeat:  55% -- { 11000032 } -- 18.87 KIPS (20.41 KIPS)
** Heartbeat:  60% -- { 12000037 } -- 21.74 KIPS (20.51 KIPS)
** Heartbeat:  65% -- { 13000039 } -- 27.78 KIPS (20.93 KIPS)
** Heartbeat:  70% -- { 14000039 } -- 28.57 KIPS (21.34 KIPS)
** Heartbeat:  75% -- { 15000039 } -- 28.57 KIPS (21.71 KIPS)
** Heartbeat:  80% -- { 16000041 } -- 27.78 KIPS (22.01 KIPS)
** Heartbeat:  85% -- { 17000041 } -- 32.26 KIPS (22.43 KIPS)
** Heartbeat:  90% -- { 18000041 } -- 38.46 KIPS (22.96 KIPS)
** Heartbeat:  95% -- { 19000041 } -- 40.00 KIPS (23.49 KIPS)
** Core 0 Finished:    insts:20000002    cycles:15042632    time:4700822500000       -- 1.33 IPC (1.33 IPC) --  N/A  KIPS (23.95 KIPS)
Scarab finished at Sat Oct 19 06:31:10 2024

