Scarab gitrev: 3541854
Scarab started at Sat Oct 19 04:53:42 2024

Initialized Ramulator. 
** Heartbeat:   5% -- { 1000004 } -- 0.00 KIPS (16.39 KIPS)
** Heartbeat:  10% -- { 2000007 } -- 16.39 KIPS (16.39 KIPS)
** Heartbeat:  15% -- { 3000010 } -- 20.83 KIPS (17.65 KIPS)
** Heartbeat:  20% -- { 4000011 } -- 29.41 KIPS (19.61 KIPS)
** Heartbeat:  25% -- { 5000011 } -- 16.39 KIPS (18.87 KIPS)
** Heartbeat:  30% -- { 6000011 } -- 16.67 KIPS (18.46 KIPS)
** Heartbeat:  35% -- { 7000011 } -- 18.18 KIPS (18.42 KIPS)
** Heartbeat:  40% -- { 8000014 } -- 22.22 KIPS (18.82 KIPS)
** Heartbeat:  45% -- { 9000015 } -- 30.30 KIPS (19.65 KIPS)
** Heartbeat:  50% -- { 10000015 } -- 18.87 KIPS (19.57 KIPS)
** Heartbeat:  55% -- { 11000020 } -- 15.38 KIPS (19.10 KIPS)
** Heartbeat:  60% -- { 12000020 } -- 18.52 KIPS (19.05 KIPS)
** Heartbeat:  65% -- { 13000022 } -- 21.74 KIPS (19.23 KIPS)
** Heartbeat:  70% -- { 14000024 } -- 33.33 KIPS (19.83 KIPS)
** Heartbeat:  75% -- { 15000029 } -- 21.28 KIPS (19.92 KIPS)
** Heartbeat:  80% -- { 16000031 } -- 14.29 KIPS (19.44 KIPS)
** Heartbeat:  85% -- { 17000031 } -- 18.87 KIPS (19.41 KIPS)
** Heartbeat:  90% -- { 18000034 } -- 21.74 KIPS (19.52 KIPS)
** Heartbeat:  95% -- { 19000035 } -- 34.48 KIPS (19.98 KIPS)
** Core 0 Finished:    insts:20000000    cycles:14498876    time:4530898750000       -- 1.38 IPC (1.38 IPC) --  N/A  KIPS (20.08 KIPS)
Scarab finished at Sat Oct 19 05:10:19 2024

