/* -*- Mode: c -*- */
####################################################################################################
Core 0
####################################################################################################
Cumulative:        Cycles: 13834143              Instructions: 20000000              IPC: 1.44570

Periodic:          Cycles: 6868127               Instructions: 10000000              IPC: 1.45600

EXECUTION_TIME                           2146289687500                  4323169687500              

NODE_CYCLE                                     6868127                       13834143              

NODE_INST_COUNT                               10000000                       20000000              

NODE_INST_COUNT_FETCHED                       10000000                       20000000              

NODE_UOP_COUNT                                12536991                       25073846              

FULL_WINDOW_STALL                              4182053       60.891%          8456936       61.131%

FULL_WINDOW_MEM_OP                              424595       11.978%           871213       12.156%
FULL_WINDOW_FP_OP                              3059279       86.301%          6168484       86.068%
FULL_WINDOW_OTHER_OP                             61015        1.721%           127262        1.776%
                                               3544889      100.000%          7166959      100.000%
                                                  0.90         0.21              0.90         0.21

RET_BLOCKED_DC_MISS                              36626        0.533%            97807        0.707%

RET_BLOCKED_L1_MISS                              24667        0.359%            68275        0.494%

RET_BLOCKED_L1_MISS_BW_PREF                         75        0.001%              676        0.005%

RET_BLOCKED_L1_ACCESS                            11959        0.174%            29532        0.213%

RET_BLOCKED_MEM_STALL                            24667        0.359%            68275        0.494%

RET_BLOCKED_OFFCHIP_DEMAND                           0        0.000%                0        0.000%

OP_ISSUED                                     12551249                       25116577              

OP_RETIRED                                    12536991                       25073846              

REPLAY_SIGNALED                                      0                              0              

REPLAY_COUNTED                                       0                              0              

OFF_CRITICAL_PATH                                    0         -nan%                0         -nan%
ON_CRITICAL_PATH                                     0         -nan%                0         -nan%
                                                     0         -nan%                0         -nan%
                                                  -nan         -nan              -nan         -nan

LD_NO_DEPENDENTS                                 74655        1.870%           149341        1.871%
LD_DEPENDENTS                                  3917504       98.130%          7834620       98.129%
                                               3992159      100.000%          7983961      100.000%
                                                  0.98         0.97              0.98         0.97

LD_EXEC_CYCLES_0                                     0        0.000%                0        0.000%
LD_EXEC_CYCLES_1                                     0        0.000%                0        0.000%
LD_EXEC_CYCLES_2                                     0        0.000%                0        0.000%
LD_EXEC_CYCLES_3                                   694       39.725%             1630       41.287%
LD_EXEC_CYCLES_4                                  1053       60.275%             2318       58.713%
                                                  1747      100.000%             3948      100.000%
                                                  3.60         2.84              3.59         2.79

ICACHE_STAGE_STARVED                               192        0.007%             3611        0.066%
ICACHE_STAGE_NOT_STARVED                       2723789       99.993%          5447781       99.934%
                                               2723981      100.000%          5451392      100.000%
                                                  1.00         1.00              1.00         1.00

ICACHE_STAGE_STALLED                           4132977       60.176%          8348663       60.348%
ICACHE_STAGE_NOT_STALLED                       2723981       39.661%          5449687       39.393%
ICACHE_STAGE_OFF_PATH                            11169        0.163%            35793        0.259%
                                               6868127      100.000%         13834143      100.000%
                                                  0.40         0.38              0.40         0.39

DECODE_STAGE_STARVED                           6867789       99.998%         13829297       99.996%
DECODE_STAGE_NOT_STARVED                           128        0.002%              603        0.004%
                                               6867917      100.000%         13829900      100.000%
                                                  0.00         0.00              0.00         0.01

DECODE_STAGE_STALLED                               272        0.004%             1330        0.010%
DECODE_STAGE_NOT_STALLED                       6867645       99.993%         13828570       99.960%
DECODE_STAGE_OFF_PATH                              210        0.003%             4243        0.031%
                                               6868127      100.000%         13834143      100.000%
                                                  1.00         0.01              1.00         0.02

UOPQ_STAGE_STARVED                                6119        0.225%            18821        0.345%
UOPQ_STAGE_NOT_STARVED                         2718423       99.775%          5434744       99.655%
                                               2724542      100.000%          5453565      100.000%
                                                  1.00         1.00              1.00         0.99

UOPQ_STAGE_STALLED                             4132994       60.176%          8348688       60.348%
UOPQ_STAGE_NOT_STALLED                         2724542       39.669%          5453565       39.421%
UOPQ_STAGE_OFF_PATH                              10591        0.154%            31890        0.231%
                                               6868127      100.000%         13834143      100.000%
                                                  0.40         0.38              0.40         0.39

MAP_STAGE_STARVED                                  615        0.009%             3400        0.025%
MAP_STAGE_NOT_STARVED                          6858778       99.991%         13802085       99.975%
                                               6859393      100.000%         13805485      100.000%
                                                  1.00         1.00              1.00         1.00

MAP_STAGE_STALLED                              4134776       60.202%          8353700       60.385%
MAP_STAGE_NOT_STALLED                          2724617       39.670%          5451785       39.408%
MAP_STAGE_OFF_PATH                                8734        0.127%            28658        0.207%
                                               6868127      100.000%         13834143      100.000%
                                                  0.40         0.38              0.40         0.39

EXEC_STAGE_STARVED                              930281       13.545%          1938164       14.010%
EXEC_STAGE_NOT_STARVED                         5935156       86.416%         11884932       85.910%
EXEC_STAGE_OFF_PATH                               2690        0.039%            11047        0.080%
                                               6868127      100.000%         13834143      100.000%
                                                  0.86         0.13              0.86         0.14

FU_BUSY_0                                      6580202                       13189388              

FU_BUSY_1                                      2999055                        5974825              

FU_BUSY_2                                      2081239                        4155389              

FU_BUSY_3                                      1912470                        3833239              

FU_BUSY_4                                      1508943                        3004602              

FU_BUSY_5                                      1258686                        2523954              

FU_BUSY_6                                       681172                        1355778              

FU_BUSY_7                                       673569                        1357999              

FU_BUSY_8                                            0                              0              

FU_BUSY_9                                            0                              0              

FU_BUSY_10                                           0                              0              

FU_BUSY_11                                           0                              0              

FU_BUSY_12                                           0                              0              

FU_BUSY_13                                           0                              0              

FU_BUSY_14                                           0                              0              

FU_BUSY_15                                           0                              0              

FU_BUSY_16                                           0                              0              

FU_BUSY_17                                           0                              0              

FU_BUSY_18                                           0                              0              

FU_BUSY_19                                           0                              0              

FU_BUSY_20                                           0                              0              

FU_BUSY_21                                           0                              0              

FU_BUSY_22                                           0                              0              

FU_BUSY_23                                           0                              0              

FU_BUSY_24                                           0                              0              

FU_BUSY_25                                           0                              0              

FU_BUSY_26                                           0                              0              

FU_BUSY_27                                           0                              0              

FU_BUSY_28                                           0                              0              

FU_BUSY_29                                           0                              0              

FU_BUSY_30                                           0                              0              

FU_BUSY_31                                           0                              0              

FU_REJECTED_OP_INV_NOT_SIMD                          0        0.000%                0        0.000%
FU_REJECTED_OP_NOP_NOT_SIMD                     137964        2.811%           258712        2.639%
FU_REJECTED_OP_CF_NOT_SIMD                      937169       19.097%          1869962       19.076%
FU_REJECTED_OP_MOV_NOT_SIMD                     132307        2.696%           277154        2.827%
FU_REJECTED_OP_CMOV_NOT_SIMD                         0        0.000%                0        0.000%
FU_REJECTED_OP_LDA_NOT_SIMD                     211795        4.316%           397892        4.059%
FU_REJECTED_OP_IMEM_NOT_SIMD                         0        0.000%                0        0.000%
FU_REJECTED_OP_IADD_NOT_SIMD                      3783        0.077%            10602        0.108%
FU_REJECTED_OP_IMUL_NOT_SIMD                    692492       14.111%          1407896       14.362%
FU_REJECTED_OP_IDIV_NOT_SIMD                         0        0.000%                0        0.000%
FU_REJECTED_OP_ICMP_NOT_SIMD                         0        0.000%                0        0.000%
FU_REJECTED_OP_LOGIC_NOT_SIMD                   268860        5.479%           563662        5.750%
FU_REJECTED_OP_SHIFT_NOT_SIMD                   220800        4.499%           469681        4.791%
FU_REJECTED_OP_FMEM_NOT_SIMD                      1956        0.040%             2977        0.030%
FU_REJECTED_OP_FCVT_NOT_SIMD                         0        0.000%                0        0.000%
FU_REJECTED_OP_FADD_NOT_SIMD                         0        0.000%                0        0.000%
FU_REJECTED_OP_FMUL_NOT_SIMD                         0        0.000%                0        0.000%
FU_REJECTED_OP_FMA_NOT_SIMD                          0        0.000%                0        0.000%
FU_REJECTED_OP_FDIV_NOT_SIMD                         0        0.000%                0        0.000%
FU_REJECTED_OP_FCMP_NOT_SIMD                         0        0.000%                0        0.000%
FU_REJECTED_OP_FCMOV_NOT_SIMD                        0        0.000%                0        0.000%
FU_REJECTED_OP_GATHER_NOT_SIMD                       0        0.000%                0        0.000%
FU_REJECTED_OP_SCATTER_NOT_SIMD                      0        0.000%                0        0.000%
FU_REJECTED_OP_PIPELINED_FAST_NOT_SIMD               0        0.000%                0        0.000%
FU_REJECTED_OP_PIPELINED_MEDIUM_NOT_SIMD             0        0.000%                0        0.000%
FU_REJECTED_OP_PIPELINED_SLOW_NOT_SIMD               0        0.000%                0        0.000%
FU_REJECTED_OP_NOTPIPELINED_MEDIUM_NOT_SIMD             0        0.000%                0        0.000%
FU_REJECTED_OP_NOTPIPELINED_SLOW_NOT_SIMD             0        0.000%                0        0.000%
FU_REJECTED_OP_NOTPIPELINED_VERY_SLOW_NOT_SIMD             0        0.000%                0        0.000%
FU_REJECTED_OP_INV_SIMD                              0        0.000%                0        0.000%
FU_REJECTED_OP_NOP_SIMD                              0        0.000%                0        0.000%
FU_REJECTED_OP_CF_SIMD                               0        0.000%                0        0.000%
FU_REJECTED_OP_MOV_SIMD                         223102        4.546%           419985        4.284%
FU_REJECTED_OP_CMOV_SIMD                             0        0.000%                0        0.000%
FU_REJECTED_OP_LDA_SIMD                              0        0.000%                0        0.000%
FU_REJECTED_OP_IMEM_SIMD                             0        0.000%                0        0.000%
FU_REJECTED_OP_IADD_SIMD                             0        0.000%                0        0.000%
FU_REJECTED_OP_IMUL_SIMD                             0        0.000%                0        0.000%
FU_REJECTED_OP_IDIV_SIMD                             0        0.000%                0        0.000%
FU_REJECTED_OP_ICMP_SIMD                             0        0.000%                0        0.000%
FU_REJECTED_OP_LOGIC_SIMD                            0        0.000%                0        0.000%
FU_REJECTED_OP_SHIFT_SIMD                       298516        6.083%           568552        5.800%
FU_REJECTED_OP_FMEM_SIMD                             0        0.000%                0        0.000%
FU_REJECTED_OP_FCVT_SIMD                             0        0.000%                2        0.000%
FU_REJECTED_OP_FADD_SIMD                         87069        1.774%           174231        1.777%
FU_REJECTED_OP_FMUL_SIMD                             0        0.000%                0        0.000%
FU_REJECTED_OP_FMA_SIMD                         319428        6.509%           649128        6.622%
FU_REJECTED_OP_FDIV_SIMD                        618081       12.595%          1290203       13.162%
FU_REJECTED_OP_FCMP_SIMD                        326329        6.650%           653141        6.663%
FU_REJECTED_OP_FCMOV_SIMD                       288445        5.878%           509606        5.199%
FU_REJECTED_OP_GATHER_SIMD                      139338        2.839%           279419        2.850%
FU_REJECTED_OP_SCATTER_SIMD                          0        0.000%                0        0.000%
FU_REJECTED_OP_PIPELINED_FAST_SIMD                   0        0.000%                0        0.000%
FU_REJECTED_OP_PIPELINED_MEDIUM_SIMD                 0        0.000%                0        0.000%
FU_REJECTED_OP_PIPELINED_SLOW_SIMD                   0        0.000%                0        0.000%
FU_REJECTED_OP_NOTPIPELINED_MEDIUM_SIMD              0        0.000%                0        0.000%
FU_REJECTED_OP_NOTPIPELINED_SLOW_SIMD                0        0.000%                0        0.000%
FU_REJECTED_OP_NOTPIPELINED_VERY_SLOW_SIMD             0        0.000%                0        0.000%
                                               4907434      100.000%          9802805      100.000%
                                                 24.12        20.17             24.00        20.14

OP_WAIT_0                                      6369466                       12746138              

OP_WAIT_1                                      1435192                        2854059              

OP_WAIT_2                                       556992                        1092402              

OP_WAIT_3                                       370269                         751897              

OP_WAIT_4                                       206087                         415148              

OP_WAIT_5                                       230725                         466497              

OP_WAIT_6                                       136664                         276548              

OP_WAIT_7                                       117048                         234110              

OP_WAIT_8                                        80218                         164841              

OP_WAIT_9                                        53276                         108414              

OP_WAIT_10                                       47350                          93953              

OP_WAIT_11                                       41558                          86272              

OP_WAIT_12                                       29517                          60370              

OP_WAIT_13                                       41659                          80217              

OP_WAIT_14                                       40780                          78713              

OP_WAIT_15                                       36877                          70909              

OP_WAIT_16                                       53429                         101990              

OP_WAIT_17                                       40437                          78126              

OP_WAIT_18                                       28662                          55787              

OP_WAIT_19                                       21571                          43720              

OP_WAIT_20                                       13623                          29776              

OP_WAIT_21                                       26519                          52477              

OP_WAIT_22                                       17359                          36246              

OP_WAIT_23                                       16935                          36164              

OP_WAIT_24                                       21990                          42350              

OP_WAIT_25                                       15564                          30748              

OP_WAIT_26                                       13209                          26545              

OP_WAIT_27                                       12865                          25596              

OP_WAIT_28                                       21607                          38221              

OP_WAIT_29                                       11215                          22021              

OP_WAIT_30                                       12057                          23437              

OP_WAIT_31                                     2416271                        4850154              

ROW_SIZE_0                                     4372763                        8836523              

ROW_SIZE_1                                      224261                         452131              

ROW_SIZE_2                                      138134                         278739              

ROW_SIZE_3                                      122209                         241709              

ROW_SIZE_4                                      170005                         344507              

ROW_SIZE_5                                       54691                         114196              

ROW_SIZE_6                                     1786060                        3565017              

ROW_SIZE_7                                           0                              0              

ROW_SIZE_8                                           0                              0              

ROW_SIZE_9                                           0                              0              

ROW_SIZE_10                                          0                              0              

ROW_SIZE_11                                          0                              0              

ROW_SIZE_12                                          0                              0              

ROW_SIZE_13                                          0                              0              

ROW_SIZE_14                                          0                              0              

ROW_SIZE_15                                          0                              0              

ROW_SIZE_16                                          0                              0              

ROW_SIZE_17                                          0                              0              

ROW_SIZE_18                                          0                              0              

ROW_SIZE_19                                          0                              0              

ROW_SIZE_20                                          0                              0              

ROW_SIZE_21                                          0                              0              

ROW_SIZE_22                                          0                              0              

ROW_SIZE_23                                          0                              0              

ROW_SIZE_24                                          0                              0              

ROW_SIZE_25                                          0                              0              

ROW_SIZE_26                                          0                              0              

ROW_SIZE_27                                          0                              0              

ROW_SIZE_28                                          0                              0              

ROW_SIZE_29                                          0                              0              

ROW_SIZE_30                                          0                              0              

ROW_SIZE_31                                          0                              0              

RET_OP_EXEC_COUNT_0                                  0        0.000%                0        0.000%
RET_OP_EXEC_COUNT_1                           12536991      100.000%         25073846      100.000%
RET_OP_EXEC_COUNT_2                                  0        0.000%                0        0.000%
RET_OP_EXEC_COUNT_3                                  0        0.000%                0        0.000%
RET_OP_EXEC_COUNT_4                                  0        0.000%                0        0.000%
RET_OP_EXEC_COUNT_5                                  0        0.000%                0        0.000%
RET_OP_EXEC_COUNT_6                                  0        0.000%                0        0.000%
RET_OP_EXEC_COUNT_7                                  0        0.000%                0        0.000%
RET_OP_EXEC_COUNT_8                                  0        0.000%                0        0.000%
RET_OP_EXEC_COUNT_9                                  0        0.000%                0        0.000%
RET_OP_EXEC_COUNT_10                                 0        0.000%                0        0.000%
RET_OP_EXEC_COUNT_11                                 0        0.000%                0        0.000%
RET_OP_EXEC_COUNT_12                                 0        0.000%                0        0.000%
RET_OP_EXEC_COUNT_13                                 0        0.000%                0        0.000%
RET_OP_EXEC_COUNT_14                                 0        0.000%                0        0.000%
RET_OP_EXEC_COUNT_15                                 0        0.000%                0        0.000%
RET_OP_EXEC_COUNT_16                                 0        0.000%                0        0.000%
RET_OP_EXEC_COUNT_17                                 0        0.000%                0        0.000%
RET_OP_EXEC_COUNT_18                                 0        0.000%                0        0.000%
RET_OP_EXEC_COUNT_19                                 0        0.000%                0        0.000%
RET_OP_EXEC_COUNT_20                                 0        0.000%                0        0.000%
RET_OP_EXEC_COUNT_21                                 0        0.000%                0        0.000%
RET_OP_EXEC_COUNT_22                                 0        0.000%                0        0.000%
RET_OP_EXEC_COUNT_23                                 0        0.000%                0        0.000%
RET_OP_EXEC_COUNT_24                                 0        0.000%                0        0.000%
RET_OP_EXEC_COUNT_25                                 0        0.000%                0        0.000%
RET_OP_EXEC_COUNT_26                                 0        0.000%                0        0.000%
RET_OP_EXEC_COUNT_27                                 0        0.000%                0        0.000%
RET_OP_EXEC_COUNT_28                                 0        0.000%                0        0.000%
RET_OP_EXEC_COUNT_29                                 0        0.000%                0        0.000%
RET_OP_EXEC_COUNT_30                                 0        0.000%                0        0.000%
RET_OP_EXEC_COUNT_31                                 0        0.000%                0        0.000%
RET_OP_EXEC_COUNT_32                                 0        0.000%                0        0.000%
                                              12536991      100.000%         25073846      100.000%
                                                  1.00         0.00              1.00         0.00

RET_STALL_LENGTH_0                            12536938      100.000%         25073682       99.999%
RET_STALL_LENGTH_100                                43        0.000%              127        0.001%
RET_STALL_LENGTH_200                                 2        0.000%                9        0.000%
RET_STALL_LENGTH_300                                 0        0.000%                3        0.000%
RET_STALL_LENGTH_400                                 1        0.000%                3        0.000%
RET_STALL_LENGTH_500                                 1        0.000%                2        0.000%
RET_STALL_LENGTH_600                                 0        0.000%                2        0.000%
RET_STALL_LENGTH_700                                 0        0.000%                2        0.000%
RET_STALL_LENGTH_800                                 0        0.000%                4        0.000%
RET_STALL_LENGTH_900                                 0        0.000%                0        0.000%
RET_STALL_LENGTH_1000                                5        0.000%                6        0.000%
RET_STALL_LENGTH_1100                                1        0.000%                6        0.000%
RET_STALL_LENGTH_1200                                0        0.000%                0        0.000%
RET_STALL_LENGTH_1300                                0        0.000%                0        0.000%
RET_STALL_LENGTH_1400                                0        0.000%                0        0.000%
RET_STALL_LENGTH_1500                                0        0.000%                0        0.000%
RET_STALL_LENGTH_1600                                0        0.000%                0        0.000%
RET_STALL_LENGTH_1700                                0        0.000%                0        0.000%
RET_STALL_LENGTH_1800                                0        0.000%                0        0.000%
RET_STALL_LENGTH_1900                                0        0.000%                0        0.000%
RET_STALL_LENGTH_2000                                0        0.000%                0        0.000%
RET_STALL_LENGTH_2100                                0        0.000%                0        0.000%
RET_STALL_LENGTH_2200                                0        0.000%                0        0.000%
RET_STALL_LENGTH_2300                                0        0.000%                0        0.000%
RET_STALL_LENGTH_2400                                0        0.000%                0        0.000%
RET_STALL_LENGTH_2500                                0        0.000%                0        0.000%
RET_STALL_LENGTH_2600                                0        0.000%                0        0.000%
RET_STALL_LENGTH_2700                                0        0.000%                0        0.000%
RET_STALL_LENGTH_2800                                0        0.000%                0        0.000%
RET_STALL_LENGTH_2900                                0        0.000%                0        0.000%
RET_STALL_LENGTH_3000                                0        0.000%                0        0.000%
RET_STALL_LENGTH_3100                                0        0.000%                0        0.000%
RET_STALL_LENGTH_3200                                0        0.000%                0        0.000%
RET_STALL_LENGTH_3300                                0        0.000%                0        0.000%
RET_STALL_LENGTH_3400                                0        0.000%                0        0.000%
RET_STALL_LENGTH_3500                                0        0.000%                0        0.000%
RET_STALL_LENGTH_3600                                0        0.000%                0        0.000%
RET_STALL_LENGTH_3700                                0        0.000%                0        0.000%
RET_STALL_LENGTH_3800                                0        0.000%                0        0.000%
RET_STALL_LENGTH_3900                                0        0.000%                0        0.000%
RET_STALL_LENGTH_4000                                0        0.000%                0        0.000%
RET_STALL_LENGTH_4100                                0        0.000%                0        0.000%
RET_STALL_LENGTH_4200                                0        0.000%                0        0.000%
RET_STALL_LENGTH_4300                                0        0.000%                0        0.000%
RET_STALL_LENGTH_4400                                0        0.000%                0        0.000%
RET_STALL_LENGTH_4500                                0        0.000%                0        0.000%
RET_STALL_LENGTH_4600                                0        0.000%                0        0.000%
RET_STALL_LENGTH_4700                                0        0.000%                0        0.000%
RET_STALL_LENGTH_4800                                0        0.000%                0        0.000%
RET_STALL_LENGTH_4900                                0        0.000%                0        0.000%
RET_STALL_LENGTH_5000                                0        0.000%                0        0.000%
                                              12536991      100.000%         25073846      100.000%
                                                  0.00         0.01              0.00         0.01

MEM_BLOCK_LENGTH_0                                   0         -nan%                3      100.000%
MEM_BLOCK_LENGTH_100                                 0         -nan%                0        0.000%
MEM_BLOCK_LENGTH_200                                 0         -nan%                0        0.000%
MEM_BLOCK_LENGTH_300                                 0         -nan%                0        0.000%
MEM_BLOCK_LENGTH_400                                 0         -nan%                0        0.000%
MEM_BLOCK_LENGTH_500                                 0         -nan%                0        0.000%
MEM_BLOCK_LENGTH_600                                 0         -nan%                0        0.000%
MEM_BLOCK_LENGTH_700                                 0         -nan%                0        0.000%
MEM_BLOCK_LENGTH_800                                 0         -nan%                0        0.000%
MEM_BLOCK_LENGTH_900                                 0         -nan%                0        0.000%
MEM_BLOCK_LENGTH_1000                                0         -nan%                0        0.000%
MEM_BLOCK_LENGTH_1100                                0         -nan%                0        0.000%
MEM_BLOCK_LENGTH_1200                                0         -nan%                0        0.000%
MEM_BLOCK_LENGTH_1300                                0         -nan%                0        0.000%
MEM_BLOCK_LENGTH_1400                                0         -nan%                0        0.000%
MEM_BLOCK_LENGTH_1500                                0         -nan%                0        0.000%
MEM_BLOCK_LENGTH_1600                                0         -nan%                0        0.000%
MEM_BLOCK_LENGTH_1700                                0         -nan%                0        0.000%
MEM_BLOCK_LENGTH_1800                                0         -nan%                0        0.000%
MEM_BLOCK_LENGTH_1900                                0         -nan%                0        0.000%
MEM_BLOCK_LENGTH_2000                                0         -nan%                0        0.000%
MEM_BLOCK_LENGTH_2100                                0         -nan%                0        0.000%
MEM_BLOCK_LENGTH_2200                                0         -nan%                0        0.000%
MEM_BLOCK_LENGTH_2300                                0         -nan%                0        0.000%
MEM_BLOCK_LENGTH_2400                                0         -nan%                0        0.000%
MEM_BLOCK_LENGTH_2500                                0         -nan%                0        0.000%
MEM_BLOCK_LENGTH_2600                                0         -nan%                0        0.000%
MEM_BLOCK_LENGTH_2700                                0         -nan%                0        0.000%
MEM_BLOCK_LENGTH_2800                                0         -nan%                0        0.000%
MEM_BLOCK_LENGTH_2900                                0         -nan%                0        0.000%
MEM_BLOCK_LENGTH_3000                                0         -nan%                0        0.000%
MEM_BLOCK_LENGTH_3100                                0         -nan%                0        0.000%
MEM_BLOCK_LENGTH_3200                                0         -nan%                0        0.000%
MEM_BLOCK_LENGTH_3300                                0         -nan%                0        0.000%
MEM_BLOCK_LENGTH_3400                                0         -nan%                0        0.000%
MEM_BLOCK_LENGTH_3500                                0         -nan%                0        0.000%
MEM_BLOCK_LENGTH_3600                                0         -nan%                0        0.000%
MEM_BLOCK_LENGTH_3700                                0         -nan%                0        0.000%
MEM_BLOCK_LENGTH_3800                                0         -nan%                0        0.000%
MEM_BLOCK_LENGTH_3900                                0         -nan%                0        0.000%
MEM_BLOCK_LENGTH_4000                                0         -nan%                0        0.000%
MEM_BLOCK_LENGTH_4100                                0         -nan%                0        0.000%
MEM_BLOCK_LENGTH_4200                                0         -nan%                0        0.000%
MEM_BLOCK_LENGTH_4300                                0         -nan%                0        0.000%
MEM_BLOCK_LENGTH_4400                                0         -nan%                0        0.000%
MEM_BLOCK_LENGTH_4500                                0         -nan%                0        0.000%
MEM_BLOCK_LENGTH_4600                                0         -nan%                0        0.000%
MEM_BLOCK_LENGTH_4700                                0         -nan%                0        0.000%
MEM_BLOCK_LENGTH_4800                                0         -nan%                0        0.000%
MEM_BLOCK_LENGTH_4900                                0         -nan%                0        0.000%
MEM_BLOCK_LENGTH_5000                                0         -nan%                0        0.000%
                                                     0         -nan%                3      100.000%
                                                  -nan         -nan              0.00         0.00

FUS_BUSY_ON_PATH                              17691632        2.5759         35382478        2.5576

FUS_BUSY_OFF_PATH                                 3704        0.0005            12696        0.0009

FU_BUSY_MEM_STALL                               196973        0.0287           397280        0.0287

FUS_EMPTY                                     37249680        5.4236         75277970        5.4415

FU_UNAVAILABLE                                 4816590        0.7013          9617990        0.6952

FU_MEM_UNAVAILABLE                               90844        0.0132           184815        0.0134

FU_REPLAY                                            0        0.0000                0        0.0000

FU_STARVED                                    37249481        5.4235         75277316        5.4414

CHIP_UTILIZATION                                     0        0.0000                0        0.0000

CYCLES_UNDER_MEM_REQ                                 0                              0              

CYCLES_UNDER_NO_MEM_REQ                              0                              0              

CYCLES_UNDER_CRITICAL_MEM_REQ                        0                              0              

CYCLES_UNDER_NONCRITICAL_MEM_REQ                     0                              0              

CHIP_UTILIZATION_UNDER_MEM_REQ                       0          -nan                0          -nan

CHIP_UTILIZATION_UNDER_NO_MEM_REQ                    0          -nan                0          -nan

CHIP_UTILIZATION_UNDER_CRITICAL_MEM_REQ              0          -nan                0          -nan

CHIP_UTILIZATION_UNDER_NONCRITICAL_MEM_REQ             0          -nan                0          -nan

CYCLES_NOT_WAITING_FOR_OFF_CHIP                      0        0.0000                0        0.0000

FUS_BUSY_NOT_WAITING_FOR_OFF_CHIP                    0          -nan                0          -nan

CYCLES_WAITING_FOR_OFF_CHIP                          0        0.0000                0        0.0000

FUS_BUSY_WAITING_FOR_OFF_CHIP                        0          -nan                0          -nan

TOTAL_OFF_CHIP_DELAYS_LEFT                           0                              0              

WRONG_IO_SCHED                                       0                              0              

DVFS_CONFIG_SWITCH                                   0                              0              

MAP_STAGE_RECEIVED_OPS_0                             0        0.000%                0        0.000%
MAP_STAGE_RECEIVED_OPS_1                        223919        8.221%           447949        8.222%
MAP_STAGE_RECEIVED_OPS_2                        261236        9.591%           522490        9.590%
MAP_STAGE_RECEIVED_OPS_3                        223893        8.220%           447800        8.219%
MAP_STAGE_RECEIVED_OPS_4                        335992       12.335%           672087       12.336%
MAP_STAGE_RECEIVED_OPS_5                        298603       10.962%           597510       10.967%
MAP_STAGE_RECEIVED_OPS_6                       1380243       50.672%          2760210       50.664%
MAP_STAGE_RECEIVED_OPS_7                             0        0.000%                0        0.000%
MAP_STAGE_RECEIVED_OPS_8                             0        0.000%                0        0.000%
MAP_STAGE_RECEIVED_OPS_MAX                           0        0.000%                0        0.000%
                                               2723886      100.000%          5448046      100.000%
                                                  4.60         1.73              4.60         1.73

MAP_STAGE_WAIT_FOR_DECODE                            0         -nan%                0         -nan%
MAP_STAGE_CONSUME_DECODE                             0         -nan%                0         -nan%
                                                     0         -nan%                0         -nan%
                                                  -nan         -nan              -nan         -nan

MAP_STAGE_WAIT_FOR_DECODE2                           0         -nan%                0         -nan%
MAP_STAGE_CONSUME_DECODE2                            0         -nan%                0         -nan%
                                                     0         -nan%                0         -nan%
                                                  -nan         -nan              -nan         -nan

FTQ_RECOVER_EXEC                                   116                            339              

FTQ_RECOVER_DECODE                                   0                              5              

FTQ_OFFPATH_CYCLES                               10448                          35060              

FTQ_CYCLES_OFFPATH                               22669                          67647              

FTQ_CYCLES_ONPATH                              6845458                       13766496              

FTQ_FETCHED_INS_OFFPATH                          49591                         151292              

FTQ_FETCHED_INS_ONPATH                        12536227                       25073502              

FTQ_BREAK_FULL_FT_ONPATH                       6843450       99.978%         13761776       99.971%
FTQ_BREAK_MAX_CFS_TAKEN_ONPATH                     900        0.013%             2357        0.017%
FTQ_BREAK_MAX_BYTES_ONPATH                         639        0.009%             1666        0.012%
FTQ_BREAK_PRED_BR_ONPATH                             0        0.000%                0        0.000%
FTQ_BREAK_BAR_FETCH_ONPATH                           0        0.000%                0        0.000%
                                               6844989      100.000%         13765799      100.000%
                                                  0.00         0.02              0.00         0.03

FTQ_BREAK_FULL_FT_OFFPATH                        22605       99.210%            66861       98.338%
FTQ_BREAK_MAX_CFS_TAKEN_OFFPATH                     82        0.360%              469        0.690%
FTQ_BREAK_MAX_BYTES_OFFPATH                         98        0.430%              661        0.972%
FTQ_BREAK_PRED_BR_OFFPATH                            0        0.000%                0        0.000%
FTQ_BREAK_BAR_FETCH_OFFPATH                          0        0.000%                0        0.000%
                                                 22785      100.000%            67991      100.000%
                                                  0.01         0.14              0.03         0.21



