/* -*- Mode: c -*- */
####################################################################################################
Core 0
####################################################################################################
Cumulative:        Cycles: 13834143              Instructions: 20000000              IPC: 1.44570

Periodic:          Cycles: 6868127               Instructions: 10000000              IPC: 1.45600

DCACHE_PREF_HIT                                      0                              0              

IFETCH_WB_FIRST_SCHEDULE                             0         -nan%                0         -nan%
PREFETCH_LAST_SCHEDULE                               0         -nan%                0         -nan%
DEMAND_PASS_PREF_SCHEDULE                            0         -nan%                0         -nan%
DEMAND_PASS_LOW_OP_SCHEDULE                          0         -nan%                0         -nan%
DEMAND_LAST_SCHEDULE                                 0         -nan%                0         -nan%
                                                     0         -nan%                0         -nan%
                                                  -nan         -nan              -nan         -nan

SEND_MISS_REQ_QUEUE                               3342                           8902              

L1_DATA_EVICT                                        0                              0              

STREAM_BUFFER_REQ                                    0                              0              

PREF_SEND_TO_MEM_REQ                                 0         -nan%                0         -nan%
PREF_SEND_TO_MEM_REQ_FAIL                            0         -nan%                0         -nan%
                                                     0         -nan%                0         -nan%
                                                  -nan         -nan              -nan         -nan

HIT_TRAIN_STREAM                                  2271       79.212%             5455       78.944%
MISS_TRAIN_STREAM                                  596       20.788%             1455       21.056%
                                                  2867      100.000%             6910      100.000%
                                                  0.21         0.37              0.21         0.37

STREAM_TRAIN_CREATE                                280                            600              

MEM_REQ_MISS_HWP_PREF_Q                              0         -nan%                0         -nan%
MEM_REQ_MISS_SW_PREF_Q                               0         -nan%                0         -nan%
MEM_REQ_MISS_IFETCH_Q                                0         -nan%                0         -nan%
MEM_REQ_MISS_DFETCH_Q                                0         -nan%                0         -nan%
MEM_REQ_MISS_DSTORE_Q                                0         -nan%                0         -nan%
MEM_REQ_MISS_DPRF_Q                                  0         -nan%                0         -nan%
MEM_REQ_MISS_WB_Q                                    0         -nan%                0         -nan%
                                                     0         -nan%                0         -nan%
                                                  -nan         -nan              -nan         -nan

PREF_HIT_BY_DEMAND_IFETCH                            0         -nan%                0         -nan%
PREF_HIT_BY_DEMAND_DFETCH                            0         -nan%                0         -nan%
PREF_HIT_BY_DEMAND_DSTORE                            0         -nan%                0         -nan%
PREF_HIT_BY_DEMAND_IPREF                             0         -nan%                0         -nan%
PREF_HIT_BY_DEMAND_DPRF                              0         -nan%                0         -nan%
PREF_HIT_BY_DEMAND_WB                                0         -nan%                0         -nan%
PREF_HIT_BY_PREF                                     0         -nan%                0         -nan%
                                                     0         -nan%                0         -nan%
                                                  -nan         -nan              -nan         -nan

PREF_HIT_DEMAND_IFETCH                               0         -nan%                0         -nan%
PREF_HIT_DEMAND_DFETCH                               0         -nan%                0         -nan%
PREF_HIT_DEMAND_DSTORE                               0         -nan%                0         -nan%
PREF_HIT_DEMAND_IPREF                                0         -nan%                0         -nan%
PREF_HIT_DEMAND_DPRF                                 0         -nan%                0         -nan%
PREF_HIT_DEMAND_WB                                   0         -nan%                0         -nan%
                                                     0         -nan%                0         -nan%
                                                  -nan         -nan              -nan         -nan

PREF_L1_FILL                                         0         -nan%                0         -nan%
DEMAND_L1_FILL                                       0         -nan%                0         -nan%
                                                     0         -nan%                0         -nan%
                                                  -nan         -nan              -nan         -nan

TOUCH_L1_REPLACE                                     0         -nan%                0         -nan%
NO_TOUCH_L1_REPLACE                                  0         -nan%                0         -nan%
                                                     0         -nan%                0         -nan%
                                                  -nan         -nan              -nan         -nan

PREF_REQ_QUE_FULL                                    0                              0              

STREAM_REQ_QUEUE_HIT_BY_DEMAND                       0                              0              

L2HIT_STREAM_PREF_REQ_QUE_FULL                       0                              0              

L2HIT_HIT_TRAIN_STREAM                               0         -nan%                0         -nan%
L2HIT_MISS_TRAIN_STREAM                              0         -nan%                0         -nan%
                                                     0         -nan%                0         -nan%
                                                  -nan         -nan              -nan         -nan

L2HIT_STREAM_TRAIN_CREATE                            0                              0              

L2HIT_STREAM_BUFFER_REQ                              0                              0              

L2HIT_STREAM_PREF_DCACHE_HIT                         0         -nan%                0         -nan%
L2HIT_STREAM_PREF_DCACHE_INSERT                      0         -nan%                0         -nan%
L2HIT_STREAM_L2_MISS                                 0         -nan%                0         -nan%
                                                     0         -nan%                0         -nan%
                                                  -nan         -nan              -nan         -nan

L2HIT_STREAM_DCACHE_PORT_FULL                        0                              0              

L2HIT_STREAM_PREF_L1_PORT_FULL                       0                              0              

L2HIT_TRAIN_HIT_DEMAND                               0         -nan%                0         -nan%
L2HIT_TRAIN_MISS_REQ                                 0         -nan%                0         -nan%
                                                     0         -nan%                0         -nan%
                                                  -nan         -nan              -nan         -nan

L2HIT_TRAIN_FILTER_MISS                              0         -nan%                0         -nan%
L2HIT_TRAIN_FILTER_HIT                               0         -nan%                0         -nan%
                                                     0         -nan%                0         -nan%
                                                  -nan         -nan              -nan         -nan

L2HIT_PREF_REQ_DCACHE_HIT                            0         -nan%                0         -nan%
L2HIT_PREF_REQ_DCACHE_MISS                           0         -nan%                0         -nan%
                                                     0         -nan%                0         -nan%
                                                  -nan         -nan              -nan         -nan

L2HIT_L2SEND_Q_FULL                                  0         -nan%                0         -nan%
L2HIT_L2SEND_Q_ENTER                                 0         -nan%                0         -nan%
                                                     0         -nan%                0         -nan%
                                                  -nan         -nan              -nan         -nan

L2HIT_MEM_REQ                                        0                              0              

REMOVE_REDUNDANT_STREAM_STAT                         0                              0              

REPLACE_OLD_STREAM                                 280                            584              

REQ_SEND_QUEUE_STALL                                 0                              0              

STREAM_ENTER_RA                                      0                              0              

CORE_STREAM_LENGTH_0                                 3        6.522%               11        6.667%
CORE_STREAM_LENGTH_10                                5       10.870%               38       23.030%
CORE_STREAM_LENGTH_20                                5       10.870%               15        9.091%
CORE_STREAM_LENGTH_30                                0        0.000%                9        5.455%
CORE_STREAM_LENGTH_40                                1        2.174%                4        2.424%
CORE_STREAM_LENGTH_50                                0        0.000%               19       11.515%
CORE_STREAM_LENGTH_60                                0        0.000%               24       14.545%
CORE_STREAM_LENGTH_70                                4        8.696%                9        5.455%
CORE_STREAM_LENGTH_80                                8       17.391%                9        5.455%
CORE_STREAM_LENGTH_90                               11       23.913%               11        6.667%
CORE_STREAM_LENGTH_100_P                             9       19.565%               16        9.697%
                                                    46      100.000%              165      100.000%
                                                  6.52         4.32              4.51         3.35

CORE_CUM_STREAM_LENGTH_0                            15        0.460%               80        0.953%
CORE_CUM_STREAM_LENGTH_10                           70        2.146%              588        7.008%
CORE_CUM_STREAM_LENGTH_20                          113        3.464%              338        4.028%
CORE_CUM_STREAM_LENGTH_30                            0        0.000%              300        3.575%
CORE_CUM_STREAM_LENGTH_40                           48        1.471%              174        2.074%
CORE_CUM_STREAM_LENGTH_50                            0        0.000%             1046       12.466%
CORE_CUM_STREAM_LENGTH_60                            0        0.000%             1546       18.425%
CORE_CUM_STREAM_LENGTH_70                          292        8.952%              663        7.901%
CORE_CUM_STREAM_LENGTH_80                          683       20.938%              765        9.117%
CORE_CUM_STREAM_LENGTH_90                         1043       31.974%             1043       12.430%
CORE_CUM_STREAM_LENGTH_100_P                       998       30.595%             1848       22.024%
                                                  3262      100.000%             8391      100.000%
                                                  8.39         5.05              6.67         4.16

CORE_STREAM_TRAIN_HITS_0                            13       28.261%               57       34.545%
CORE_STREAM_TRAIN_HITS_10                            0        0.000%               14        8.485%
CORE_STREAM_TRAIN_HITS_20                            0        0.000%                5        3.030%
CORE_STREAM_TRAIN_HITS_30                            1        2.174%               10        6.061%
CORE_STREAM_TRAIN_HITS_40                            0        0.000%               27       16.364%
CORE_STREAM_TRAIN_HITS_50                            4        8.696%               14        8.485%
CORE_STREAM_TRAIN_HITS_60                            3        6.522%                6        3.636%
CORE_STREAM_TRAIN_HITS_70                           12       26.087%               13        7.879%
CORE_STREAM_TRAIN_HITS_80                           11       23.913%               11        6.667%
CORE_STREAM_TRAIN_HITS_90                            1        2.174%                2        1.212%
CORE_STREAM_TRAIN_HITS_100_P                         1        2.174%                6        3.636%
                                                    46      100.000%              165      100.000%
                                                  5.04         2.18              3.18         2.52

CORE_CUM_STREAM_TRAIN_HITS_0                        81        3.112%              350        5.724%
CORE_CUM_STREAM_TRAIN_HITS_10                        0        0.000%              180        2.944%
CORE_CUM_STREAM_TRAIN_HITS_20                        0        0.000%              112        1.832%
CORE_CUM_STREAM_TRAIN_HITS_30                       32        1.229%              357        5.838%
CORE_CUM_STREAM_TRAIN_HITS_40                        0        0.000%             1198       19.591%
CORE_CUM_STREAM_TRAIN_HITS_50                      228        8.759%              764       12.494%
CORE_CUM_STREAM_TRAIN_HITS_60                      198        7.607%              384        6.280%
CORE_CUM_STREAM_TRAIN_HITS_70                      897       34.460%              975       15.944%
CORE_CUM_STREAM_TRAIN_HITS_80                      935       35.920%              935       15.290%
CORE_CUM_STREAM_TRAIN_HITS_90                       92        3.534%              182        2.976%
CORE_CUM_STREAM_TRAIN_HITS_100_P                   140        5.378%              678       11.087%
                                                  2603      100.000%             6115      100.000%
                                                  7.07         2.06              5.74         3.01

CORE_STREAM_TRAIN_CREATE                           280                            600              



