               ramulator.active_cycles_0             4861549                                      # Total active cycles for level _0
                 ramulator.busy_cycles_0             4861549                                      # (All-bank refresh only. busy cycles only include refresh time in rank level) The sum of cycles that the DRAM part is active or under refresh for level _0
            ramulator.serving_requests_0            22496229                                      # The sum of read and write requests that are served in this DRAM element per memory cycle for level _0
    ramulator.average_serving_requests_0            4.424588                                      # The average of read and write requests that are served in this DRAM element per memory cycle for level _0
             ramulator.active_cycles_0_0             4861549                                      # Total active cycles for level _0_0
               ramulator.busy_cycles_0_0             4983349                                      # (All-bank refresh only. busy cycles only include refresh time in rank level) The sum of cycles that the DRAM part is active or under refresh for level _0_0
          ramulator.serving_requests_0_0            22496229                                      # The sum of read and write requests that are served in this DRAM element per memory cycle for level _0_0
  ramulator.average_serving_requests_0_0            4.424588                                      # The average of read and write requests that are served in this DRAM element per memory cycle for level _0_0
           ramulator.active_cycles_0_0_0             3206204                                      # Total active cycles for level _0_0_0
             ramulator.busy_cycles_0_0_0             3206204                                      # (All-bank refresh only. busy cycles only include refresh time in rank level) The sum of cycles that the DRAM part is active or under refresh for level _0_0_0
        ramulator.serving_requests_0_0_0             5502062                                      # The sum of read and write requests that are served in this DRAM element per memory cycle for level _0_0_0
ramulator.average_serving_requests_0_0_0            1.082153                                      # The average of read and write requests that are served in this DRAM element per memory cycle for level _0_0_0
         ramulator.active_cycles_0_0_0_0             1176663                                      # Total active cycles for level _0_0_0_0
           ramulator.busy_cycles_0_0_0_0             1176663                                      # (All-bank refresh only. busy cycles only include refresh time in rank level) The sum of cycles that the DRAM part is active or under refresh for level _0_0_0_0
      ramulator.serving_requests_0_0_0_0             1425557                                      # The sum of read and write requests that are served in this DRAM element per memory cycle for level _0_0_0_0
ramulator.average_serving_requests_0_0_0_0            0.280380                                      # The average of read and write requests that are served in this DRAM element per memory cycle for level _0_0_0_0
         ramulator.active_cycles_0_0_0_1             1081659                                      # Total active cycles for level _0_0_0_1
           ramulator.busy_cycles_0_0_0_1             1081659                                      # (All-bank refresh only. busy cycles only include refresh time in rank level) The sum of cycles that the DRAM part is active or under refresh for level _0_0_0_1
      ramulator.serving_requests_0_0_0_1             1329406                                      # The sum of read and write requests that are served in this DRAM element per memory cycle for level _0_0_0_1
ramulator.average_serving_requests_0_0_0_1            0.261469                                      # The average of read and write requests that are served in this DRAM element per memory cycle for level _0_0_0_1
         ramulator.active_cycles_0_0_0_2             1118344                                      # Total active cycles for level _0_0_0_2
           ramulator.busy_cycles_0_0_0_2             1118344                                      # (All-bank refresh only. busy cycles only include refresh time in rank level) The sum of cycles that the DRAM part is active or under refresh for level _0_0_0_2
      ramulator.serving_requests_0_0_0_2             1372358                                      # The sum of read and write requests that are served in this DRAM element per memory cycle for level _0_0_0_2
ramulator.average_serving_requests_0_0_0_2            0.269917                                      # The average of read and write requests that are served in this DRAM element per memory cycle for level _0_0_0_2
         ramulator.active_cycles_0_0_0_3             1113121                                      # Total active cycles for level _0_0_0_3
           ramulator.busy_cycles_0_0_0_3             1113121                                      # (All-bank refresh only. busy cycles only include refresh time in rank level) The sum of cycles that the DRAM part is active or under refresh for level _0_0_0_3
      ramulator.serving_requests_0_0_0_3             1374688                                      # The sum of read and write requests that are served in this DRAM element per memory cycle for level _0_0_0_3
ramulator.average_serving_requests_0_0_0_3            0.270375                                      # The average of read and write requests that are served in this DRAM element per memory cycle for level _0_0_0_3
           ramulator.active_cycles_0_0_1             3189743                                      # Total active cycles for level _0_0_1
             ramulator.busy_cycles_0_0_1             3189743                                      # (All-bank refresh only. busy cycles only include refresh time in rank level) The sum of cycles that the DRAM part is active or under refresh for level _0_0_1
        ramulator.serving_requests_0_0_1             5648094                                      # The sum of read and write requests that are served in this DRAM element per memory cycle for level _0_0_1
ramulator.average_serving_requests_0_0_1            1.110875                                      # The average of read and write requests that are served in this DRAM element per memory cycle for level _0_0_1
         ramulator.active_cycles_0_0_1_0             1158540                                      # Total active cycles for level _0_0_1_0
           ramulator.busy_cycles_0_0_1_0             1158540                                      # (All-bank refresh only. busy cycles only include refresh time in rank level) The sum of cycles that the DRAM part is active or under refresh for level _0_0_1_0
      ramulator.serving_requests_0_0_1_0             1421241                                      # The sum of read and write requests that are served in this DRAM element per memory cycle for level _0_0_1_0
ramulator.average_serving_requests_0_0_1_0            0.279532                                      # The average of read and write requests that are served in this DRAM element per memory cycle for level _0_0_1_0
         ramulator.active_cycles_0_0_1_1             1221723                                      # Total active cycles for level _0_0_1_1
           ramulator.busy_cycles_0_0_1_1             1221723                                      # (All-bank refresh only. busy cycles only include refresh time in rank level) The sum of cycles that the DRAM part is active or under refresh for level _0_0_1_1
      ramulator.serving_requests_0_0_1_1             1524955                                      # The sum of read and write requests that are served in this DRAM element per memory cycle for level _0_0_1_1
ramulator.average_serving_requests_0_0_1_1            0.299930                                      # The average of read and write requests that are served in this DRAM element per memory cycle for level _0_0_1_1
         ramulator.active_cycles_0_0_1_2             1077424                                      # Total active cycles for level _0_0_1_2
           ramulator.busy_cycles_0_0_1_2             1077424                                      # (All-bank refresh only. busy cycles only include refresh time in rank level) The sum of cycles that the DRAM part is active or under refresh for level _0_0_1_2
      ramulator.serving_requests_0_0_1_2             1324419                                      # The sum of read and write requests that are served in this DRAM element per memory cycle for level _0_0_1_2
ramulator.average_serving_requests_0_0_1_2            0.260488                                      # The average of read and write requests that are served in this DRAM element per memory cycle for level _0_0_1_2
         ramulator.active_cycles_0_0_1_3             1122745                                      # Total active cycles for level _0_0_1_3
           ramulator.busy_cycles_0_0_1_3             1122745                                      # (All-bank refresh only. busy cycles only include refresh time in rank level) The sum of cycles that the DRAM part is active or under refresh for level _0_0_1_3
      ramulator.serving_requests_0_0_1_3             1377479                                      # The sum of read and write requests that are served in this DRAM element per memory cycle for level _0_0_1_3
ramulator.average_serving_requests_0_0_1_3            0.270924                                      # The average of read and write requests that are served in this DRAM element per memory cycle for level _0_0_1_3
           ramulator.active_cycles_0_0_2             3252715                                      # Total active cycles for level _0_0_2
             ramulator.busy_cycles_0_0_2             3252715                                      # (All-bank refresh only. busy cycles only include refresh time in rank level) The sum of cycles that the DRAM part is active or under refresh for level _0_0_2
        ramulator.serving_requests_0_0_2             5646701                                      # The sum of read and write requests that are served in this DRAM element per memory cycle for level _0_0_2
ramulator.average_serving_requests_0_0_2            1.110601                                      # The average of read and write requests that are served in this DRAM element per memory cycle for level _0_0_2
         ramulator.active_cycles_0_0_2_0             1155602                                      # Total active cycles for level _0_0_2_0
           ramulator.busy_cycles_0_0_2_0             1155602                                      # (All-bank refresh only. busy cycles only include refresh time in rank level) The sum of cycles that the DRAM part is active or under refresh for level _0_0_2_0
      ramulator.serving_requests_0_0_2_0             1415852                                      # The sum of read and write requests that are served in this DRAM element per memory cycle for level _0_0_2_0
ramulator.average_serving_requests_0_0_2_0            0.278472                                      # The average of read and write requests that are served in this DRAM element per memory cycle for level _0_0_2_0
         ramulator.active_cycles_0_0_2_1             1126584                                      # Total active cycles for level _0_0_2_1
           ramulator.busy_cycles_0_0_2_1             1126584                                      # (All-bank refresh only. busy cycles only include refresh time in rank level) The sum of cycles that the DRAM part is active or under refresh for level _0_0_2_1
      ramulator.serving_requests_0_0_2_1             1370841                                      # The sum of read and write requests that are served in this DRAM element per memory cycle for level _0_0_2_1
ramulator.average_serving_requests_0_0_2_1            0.269619                                      # The average of read and write requests that are served in this DRAM element per memory cycle for level _0_0_2_1
         ramulator.active_cycles_0_0_2_2             1165235                                      # Total active cycles for level _0_0_2_2
           ramulator.busy_cycles_0_0_2_2             1165235                                      # (All-bank refresh only. busy cycles only include refresh time in rank level) The sum of cycles that the DRAM part is active or under refresh for level _0_0_2_2
      ramulator.serving_requests_0_0_2_2             1439768                                      # The sum of read and write requests that are served in this DRAM element per memory cycle for level _0_0_2_2
ramulator.average_serving_requests_0_0_2_2            0.283175                                      # The average of read and write requests that are served in this DRAM element per memory cycle for level _0_0_2_2
         ramulator.active_cycles_0_0_2_3             1161556                                      # Total active cycles for level _0_0_2_3
           ramulator.busy_cycles_0_0_2_3             1161556                                      # (All-bank refresh only. busy cycles only include refresh time in rank level) The sum of cycles that the DRAM part is active or under refresh for level _0_0_2_3
      ramulator.serving_requests_0_0_2_3             1420240                                      # The sum of read and write requests that are served in this DRAM element per memory cycle for level _0_0_2_3
ramulator.average_serving_requests_0_0_2_3            0.279335                                      # The average of read and write requests that are served in this DRAM element per memory cycle for level _0_0_2_3
           ramulator.active_cycles_0_0_3             3263517                                      # Total active cycles for level _0_0_3
             ramulator.busy_cycles_0_0_3             3263517                                      # (All-bank refresh only. busy cycles only include refresh time in rank level) The sum of cycles that the DRAM part is active or under refresh for level _0_0_3
        ramulator.serving_requests_0_0_3             5699348                                      # The sum of read and write requests that are served in this DRAM element per memory cycle for level _0_0_3
ramulator.average_serving_requests_0_0_3            1.120955                                      # The average of read and write requests that are served in this DRAM element per memory cycle for level _0_0_3
         ramulator.active_cycles_0_0_3_0             1130646                                      # Total active cycles for level _0_0_3_0
           ramulator.busy_cycles_0_0_3_0             1130646                                      # (All-bank refresh only. busy cycles only include refresh time in rank level) The sum of cycles that the DRAM part is active or under refresh for level _0_0_3_0
      ramulator.serving_requests_0_0_3_0             1392662                                      # The sum of read and write requests that are served in this DRAM element per memory cycle for level _0_0_3_0
ramulator.average_serving_requests_0_0_3_0            0.273911                                      # The average of read and write requests that are served in this DRAM element per memory cycle for level _0_0_3_0
         ramulator.active_cycles_0_0_3_1             1206380                                      # Total active cycles for level _0_0_3_1
           ramulator.busy_cycles_0_0_3_1             1206380                                      # (All-bank refresh only. busy cycles only include refresh time in rank level) The sum of cycles that the DRAM part is active or under refresh for level _0_0_3_1
      ramulator.serving_requests_0_0_3_1             1502742                                      # The sum of read and write requests that are served in this DRAM element per memory cycle for level _0_0_3_1
ramulator.average_serving_requests_0_0_3_1            0.295561                                      # The average of read and write requests that are served in this DRAM element per memory cycle for level _0_0_3_1
         ramulator.active_cycles_0_0_3_2             1114673                                      # Total active cycles for level _0_0_3_2
           ramulator.busy_cycles_0_0_3_2             1114673                                      # (All-bank refresh only. busy cycles only include refresh time in rank level) The sum of cycles that the DRAM part is active or under refresh for level _0_0_3_2
      ramulator.serving_requests_0_0_3_2             1374567                                      # The sum of read and write requests that are served in this DRAM element per memory cycle for level _0_0_3_2
ramulator.average_serving_requests_0_0_3_2            0.270352                                      # The average of read and write requests that are served in this DRAM element per memory cycle for level _0_0_3_2
         ramulator.active_cycles_0_0_3_3             1162154                                      # Total active cycles for level _0_0_3_3
           ramulator.busy_cycles_0_0_3_3             1162154                                      # (All-bank refresh only. busy cycles only include refresh time in rank level) The sum of cycles that the DRAM part is active or under refresh for level _0_0_3_3
      ramulator.serving_requests_0_0_3_3             1429371                                      # The sum of read and write requests that are served in this DRAM element per memory cycle for level _0_0_3_3
ramulator.average_serving_requests_0_0_3_3            0.281131                                      # The average of read and write requests that are served in this DRAM element per memory cycle for level _0_0_3_3
      ramulator.read_transaction_bytes_0            52155136                                      # The total byte of read transaction per channel
     ramulator.write_transaction_bytes_0             1271040                                      # The total byte of write transaction per channel
       ramulator.row_hits_channel_0_core              671692                                      # Number of row hits per channel per core
     ramulator.row_misses_channel_0_core               19878                                      # Number of row misses per channel per core
  ramulator.row_conflicts_channel_0_core              143214                                      # Number of row conflicts per channel per core
  ramulator.read_row_hits_channel_0_core              652988                                      # Number of row hits for read requests per channel per core
                                     [0]            652988.0                                      # 
ramulator.read_row_misses_channel_0_core               19610                                      # Number of row misses for read requests per channel per core
                                     [0]             19610.0                                      # 
ramulator.read_row_conflicts_channel_0_core              142326                                      # Number of row conflicts for read requests per channel per core
                                     [0]            142326.0                                      # 
 ramulator.write_row_hits_channel_0_core               18704                                      # Number of row hits for write requests per channel per core
                                     [0]             18704.0                                      # 
ramulator.write_row_misses_channel_0_core                 268                                      # Number of row misses for write requests per channel per core
                                     [0]               268.0                                      # 
ramulator.write_row_conflicts_channel_0_core                 888                                      # Number of row conflicts for write requests per channel per core
                                     [0]               888.0                                      # 
      ramulator.useless_activates_0_core                  49                                      # Number of useless activations. E.g, ACT -> PRE w/o RD or WR
            ramulator.read_latency_avg_0           92.635355                                      # The average memory latency cycles (in memory time domain) per request for all read requests in this channel
            ramulator.read_latency_sum_0            75491515                                      # The memory latency cycles (in memory time domain) sum for all read requests in this channel
        ramulator.req_queue_length_avg_0           28.294617                                      # Average of read and write queue length per memory cycle per channel.
        ramulator.req_queue_length_sum_0           143860218                                      # Sum of read and write queue length per memory cycle per channel.
   ramulator.read_req_queue_length_avg_0           14.291547                                      # Read queue length average per memory cycle per channel.
   ramulator.read_req_queue_length_sum_0            72663472                                      # Read queue length sum per memory cycle per channel.
  ramulator.write_req_queue_length_avg_0           14.003070                                      # Write queue length average per memory cycle per channel.
  ramulator.write_req_queue_length_sum_0            71196746                                      # Write queue length sum per memory cycle per channel.
              ramulator.record_read_hits                 0.0                                      # record read hit count for this core when it reaches request limit or to the end
                                     [0]                 0.0                                      # 
            ramulator.record_read_misses                 0.0                                      # record_read_miss count for this core when it reaches request limit or to the end
                                     [0]                 0.0                                      # 
         ramulator.record_read_conflicts                 0.0                                      # record read conflict count for this core when it reaches request limit or to the end
                                     [0]                 0.0                                      # 
             ramulator.record_write_hits                 0.0                                      # record write hit count for this core when it reaches request limit or to the end
                                     [0]                 0.0                                      # 
           ramulator.record_write_misses                 0.0                                      # record write miss count for this core when it reaches request limit or to the end
                                     [0]                 0.0                                      # 
        ramulator.record_write_conflicts                 0.0                                      # record write conflict for this core when it reaches request limit or to the end
                                     [0]                 0.0                                      # 
                 ramulator.dram_capacity          8589934592                                      # Number of bytes in simulated DRAM
                   ramulator.dram_cycles             5084367                                      # Number of DRAM cycles simulated
             ramulator.incoming_requests              834810                                      # Number of incoming requests to DRAM
                 ramulator.read_requests              814932                                      # Number of incoming read requests to DRAM per core
                                     [0]            814932.0                                      # 
                ramulator.write_requests               19878                                      # Number of incoming write requests to DRAM per core
                                     [0]             19878.0                                      # 
       ramulator.ramulator_active_cycles             4861551                                      # The total number of cycles that the DRAM part is active (serving R/W)
 ramulator.incoming_requests_per_channel            834810.0                                      # Number of incoming requests to each DRAM channel
                                     [0]            834810.0                                      # 
ramulator.incoming_read_reqs_per_channel            814932.0                                      # Number of incoming read requests to each DRAM channel
                                     [0]            814932.0                                      # 
     ramulator.physical_page_replacement                   0                                      # The number of times that physical page replacement happens.
             ramulator.maximum_bandwidth         19200000000                                      # The theoretical maximum bandwidth (Bps)
          ramulator.in_queue_req_num_sum           143860218                                      # Sum of read/write queue length
     ramulator.in_queue_read_req_num_sum            72663472                                      # Sum of read queue length
    ramulator.in_queue_write_req_num_sum            71196746                                      # Sum of write queue length
          ramulator.in_queue_req_num_avg           28.294617                                      # Average of read/write queue length per memory cycle
     ramulator.in_queue_read_req_num_avg           14.291547                                      # Average of read queue length per memory cycle
    ramulator.in_queue_write_req_num_avg           14.003070                                      # Average of write queue length per memory cycle
          ramulator.record_read_requests                 0.0                                      # record read requests for this core when it reaches request limit or to the end
                                     [0]                 0.0                                      # 
         ramulator.record_write_requests                 0.0                                      # record write requests for this core when it reaches request limit or to the end
                                     [0]                 0.0                                      # 
