Scarab gitrev: 3541854
Scarab started at Sat Oct 19 04:55:21 2024

Initialized Ramulator. 
** Heartbeat:   5% -- { 1000000 } -- 0.00 KIPS (13.33 KIPS)
** Heartbeat:  10% -- { 2000000 } -- 16.13 KIPS (14.60 KIPS)
** Heartbeat:  15% -- { 3000002 } -- 16.67 KIPS (15.23 KIPS)
** Heartbeat:  20% -- { 4000006 } -- 15.87 KIPS (15.38 KIPS)
** Heartbeat:  25% -- { 5000009 } -- 15.38 KIPS (15.38 KIPS)
** Heartbeat:  30% -- { 6000013 } -- 14.29 KIPS (15.19 KIPS)
** Heartbeat:  35% -- { 7000013 } -- 15.15 KIPS (15.18 KIPS)
** Heartbeat:  40% -- { 8000015 } -- 15.38 KIPS (15.21 KIPS)
** Heartbeat:  45% -- { 9000018 } -- 15.38 KIPS (15.23 KIPS)
** Heartbeat:  50% -- { 10000020 } -- 15.38 KIPS (15.24 KIPS)
** Heartbeat:  55% -- { 11000020 } -- 15.87 KIPS (15.30 KIPS)
** Heartbeat:  60% -- { 12000022 } -- 15.87 KIPS (15.35 KIPS)
** Heartbeat:  65% -- { 13000025 } -- 15.63 KIPS (15.37 KIPS)
** Heartbeat:  70% -- { 14000025 } -- 15.38 KIPS (15.37 KIPS)
** Heartbeat:  75% -- { 15000027 } -- 15.63 KIPS (15.38 KIPS)
** Heartbeat:  80% -- { 16000028 } -- 15.15 KIPS (15.37 KIPS)
** Heartbeat:  85% -- { 17000028 } -- 15.38 KIPS (15.37 KIPS)
** Heartbeat:  90% -- { 18000029 } -- 16.13 KIPS (15.41 KIPS)
** Heartbeat:  95% -- { 19000033 } -- 15.15 KIPS (15.40 KIPS)
Warning could not fetch inst from frontend
Warning could not fetch inst from frontend
Warning could not fetch inst from frontend
Warning could not fetch inst from frontend
Warning could not fetch inst from frontend
Warning could not fetch inst from frontend
Warning could not fetch inst from frontend
Warning could not fetch inst from frontend
Warning could not fetch inst from frontend
Warning could not fetch inst from frontend
Warning could not fetch inst from frontend
Warning could not fetch inst from frontend
Warning could not fetch inst from frontend
Warning could not fetch inst from frontend
Warning could not fetch inst from frontend
Warning could not fetch inst from frontend
Warning could not fetch inst from frontend
Warning could not fetch inst from frontend
Warning could not fetch inst from frontend
Warning could not fetch inst from frontend
Warning could not fetch inst from frontend
Warning could not fetch inst from frontend
Warning could not fetch inst from frontend
Warning could not fetch inst from frontend
Warning could not fetch inst from frontend
Warning could not fetch inst from frontend
Warning could not fetch inst from frontend
Warning could not fetch inst from frontend
Warning could not fetch inst from frontend
Warning could not fetch inst from frontend
** Core 0 Finished:    insts:20000000    cycles:9363323     time:2926038437500       -- 2.14 IPC (2.14 IPC) --  N/A  KIPS (15.42 KIPS)
Scarab finished at Sat Oct 19 05:17:00 2024

