/* -*- Mode: c -*- */
####################################################################################################
Core 0
####################################################################################################
Cumulative:        Cycles: 12389254              Instructions: 20000001              IPC: 1.61430

Periodic:          Cycles: 6255713               Instructions: 9999998               IPC: 1.59854

ST_OP_INV                                            0        0.000%                0        0.000%
ST_OP_NOP                                       197689        0.802%           785520        1.607%
ST_OP_CF                                       5223347       21.183%         10146415       20.761%
ST_OP_MOV                                       876337        3.554%          1847872        3.781%
ST_OP_CMOV                                        6213        0.025%            13598        0.028%
ST_OP_LDA                                       665179        2.698%          1406899        2.879%
ST_OP_ILD                                      2086188        8.461%          4398010        8.999%
ST_OP_IST                                      4762994       19.316%          9177284       18.778%
ST_OP_IADD                                     9481426       38.452%         18230610       37.302%
ST_OP_IMUL                                      120579        0.489%           252155        0.516%
ST_OP_IDIV                                          60        0.000%              141        0.000%
ST_OP_ICMP                                      414389        1.681%           876646        1.794%
ST_OP_LOGIC                                     461442        1.871%           978481        2.002%
ST_OP_SHIFT                                     205985        0.835%           432653        0.885%
ST_OP_FLD                                        73654        0.299%           153443        0.314%
ST_OP_FST                                        76575        0.311%           160739        0.329%
ST_OP_FCVT                                          39        0.000%               89        0.000%
ST_OP_FADD                                         690        0.003%             1513        0.003%
ST_OP_FMUL                                         554        0.002%             1330        0.003%
ST_OP_FMA                                         3471        0.014%             6978        0.014%
ST_OP_FDIV                                          99        0.000%              206        0.000%
ST_OP_FCMP                                         883        0.004%             1841        0.004%
ST_OP_FCMOV                                          0        0.000%                0        0.000%
ST_OP_GATHER                                         0        0.000%                0        0.000%
ST_OP_SCATTER                                        0        0.000%                0        0.000%
ST_OP_PIPELINED_FAST                                48        0.000%               86        0.000%
ST_OP_PIPELINED_MEDIUM                               0        0.000%                0        0.000%
ST_OP_PIPELINED_SLOW                                 0        0.000%                0        0.000%
ST_OP_NOTPIPELINED_MEDIUM                           24        0.000%               39        0.000%
ST_OP_NOTPIPELINED_SLOW                              0        0.000%                0        0.000%
ST_OP_NOTPIPELINED_VERY_SLOW                         0        0.000%                0        0.000%
                                              24657865      100.000%         48872548      100.000%
                                                  6.27         2.76              6.23         2.81

ST_NOT_CF                                     19434518       78.817%         38726133       79.239%
ST_CF_BR                                         50640        0.205%           107858        0.221%
ST_CF_CBR                                      4823673       19.562%          9303215       19.036%
ST_CF_CALL                                      106356        0.431%           224179        0.459%
ST_CF_IBR                                         8949        0.036%            20317        0.042%
ST_CF_ICALL                                      63618        0.258%           133050        0.272%
ST_CF_ICO                                            0        0.000%                0        0.000%
ST_CF_RET                                       170111        0.690%           357796        0.732%
ST_CF_SYS                                            0        0.000%                0        0.000%
                                              24657865      100.000%         48872548      100.000%
                                                  0.47         0.92              0.46         0.92

ST_BAR_NONE                                   24657865      100.000%         48872548      100.000%
ST_BAR_FETCH                                         0        0.000%                0        0.000%
ST_BAR_ISSUE                                         0        0.000%                0        0.000%
ST_BAR_BOTH                                          0        0.000%                0        0.000%
                                              24657865      100.000%         48872548      100.000%
                                                  0.00         0.00              0.00         0.00

ST_NOT_MEM                                    17658454       71.614%         34983072       71.580%
ST_MEM_LD                                      2159842        8.759%          4551453        9.313%
ST_MEM_ST                                      4839569       19.627%          9338023       19.107%
ST_MEM_PF                                            0        0.000%                0        0.000%
ST_MEM_WH                                            0        0.000%                0        0.000%
ST_MEM_EVICT                                         0        0.000%                0        0.000%
                                              24657865      100.000%         48872548      100.000%
                                                  0.48         0.69              0.48         0.69

ST_NOT_MEM_OFFPATH                              205665       68.161%          1199907       76.725%
ST_MEM_LD_OFFPATH                                59938       19.864%           226497       14.483%
ST_MEM_ST_OFFPATH                                36132       11.975%           137500        8.792%
ST_MEM_PF_OFFPATH                                    0        0.000%                0        0.000%
ST_MEM_WH_OFFPATH                                    0        0.000%                0        0.000%
ST_MEM_EVIC_OFFPATHT                                 0        0.000%                0        0.000%
                                                301735      100.000%          1563904      100.000%
                                                  0.44         0.60              0.32         0.56

ST_OP_ONPATH                                  24657865                       48872548              

ST_OP_OFFPATH                                   301735                        1563904              

ST_FAKE_OP_OFFPATH                                3536        1.172%           458249       29.302%
ST_NOT_FAKE_OP_OFFPATH                          298199       98.828%          1105655       70.698%
                                                301735      100.000%          1563904      100.000%
                                                  0.99         0.98              0.71         0.64

ST_FAKE_REASON_NOT_FAKE                         298199       98.828%          1105655       70.698%
ST_FAKE_REASON_REDIRECT_TO_NOT_INSTRUMENTED          3536        1.172%           458249       29.302%
ST_FAKE_REASON_RETURN_TO_NOT_INSTRUMENTED             0        0.000%                0        0.000%
ST_FAKE_REASON_NONRET_CF_TO_NOT_INSTRUMENTED             0        0.000%                0        0.000%
ST_FAKE_REASON_NOT_TAKEN_TO_NOT_INSTRUMENTED             0        0.000%                0        0.000%
ST_FAKE_REASON_WRONG_PATH_STORE_TO_NEW_REGION             0        0.000%                0        0.000%
                                                301735      100.000%          1563904      100.000%
                                                  0.01         0.11              0.29         0.38

ST_INST_ONPATH                                10240805                       21107136              

ST_INST_OFFPATH                                 255139                        1385429              

STATIC_PIN_NOP                                       0                              0              

DYNAMIC_PIN_REP_GREATER_256                          0                              0              

INST_MAP_UPDATE_JITTED                          158767        3.058%           329095        3.280%
INST_MAP_UPDATE_NPC_INV                              0        0.000%                0        0.000%
INST_MAP_UPDATE_NPC_NOP                              0        0.000%                0        0.000%
INST_MAP_UPDATE_NPC_CF                               0        0.000%                0        0.000%
INST_MAP_UPDATE_NPC_MOV                              0        0.000%                0        0.000%
INST_MAP_UPDATE_NPC_CMOV                             0        0.000%                0        0.000%
INST_MAP_UPDATE_NPC_LDA                              0        0.000%                0        0.000%
INST_MAP_UPDATE_NPC_IMEM                             0        0.000%                0        0.000%
INST_MAP_UPDATE_NPC_IADD                             0        0.000%                0        0.000%
INST_MAP_UPDATE_NPC_IMUL                         59012        1.137%           122999        1.226%
INST_MAP_UPDATE_NPC_IDIV                             0        0.000%                0        0.000%
INST_MAP_UPDATE_NPC_ICMP                             0        0.000%                0        0.000%
INST_MAP_UPDATE_NPC_LOGIC                            0        0.000%                0        0.000%
INST_MAP_UPDATE_NPC_SHIFT                            0        0.000%                0        0.000%
INST_MAP_UPDATE_NPC_FMEM                             0        0.000%                0        0.000%
INST_MAP_UPDATE_NPC_FCVT                             0        0.000%                0        0.000%
INST_MAP_UPDATE_NPC_FADD                             0        0.000%                0        0.000%
INST_MAP_UPDATE_NPC_FMUL                             0        0.000%                0        0.000%
INST_MAP_UPDATE_NPC_FMA                              0        0.000%                0        0.000%
INST_MAP_UPDATE_NPC_FDIV                             0        0.000%                0        0.000%
INST_MAP_UPDATE_NPC_FCMP                             0        0.000%                0        0.000%
INST_MAP_UPDATE_NPC_FCMOV                            0        0.000%                0        0.000%
INST_MAP_UPDATE_NPC_GATHER                           0        0.000%                0        0.000%
INST_MAP_UPDATE_NPC_SCATTER                          0        0.000%                0        0.000%
INST_MAP_UPDATE_NPC_PIPELINED_FAST                   0        0.000%                0        0.000%
INST_MAP_UPDATE_NPC_PIPELINED_MEDIUM                 0        0.000%                0        0.000%
INST_MAP_UPDATE_NPC_PIPELINED_SLOW                   0        0.000%                0        0.000%
INST_MAP_UPDATE_NPC_NOTPIPELINED_MEDIUM              0        0.000%                0        0.000%
INST_MAP_UPDATE_NPC_NOTPIPELINED_SLOW                0        0.000%                0        0.000%
INST_MAP_UPDATE_NPC_NOTPIPELINED_VERY_SLOW             0        0.000%                0        0.000%
INST_MAP_UPDATE_MEM_INV                              0        0.000%                0        0.000%
INST_MAP_UPDATE_MEM_NOP                              0        0.000%                0        0.000%
INST_MAP_UPDATE_MEM_CF                               0        0.000%                0        0.000%
INST_MAP_UPDATE_MEM_MOV                        4753870       91.571%          9128659       90.993%
INST_MAP_UPDATE_MEM_CMOV                             0        0.000%                0        0.000%
INST_MAP_UPDATE_MEM_LDA                              0        0.000%                0        0.000%
INST_MAP_UPDATE_MEM_IMEM                             0        0.000%                0        0.000%
INST_MAP_UPDATE_MEM_IADD                             0        0.000%                0        0.000%
INST_MAP_UPDATE_MEM_IMUL                         21304        0.410%            37839        0.377%
INST_MAP_UPDATE_MEM_IDIV                        116656        2.247%           243260        2.425%
INST_MAP_UPDATE_MEM_ICMP                             0        0.000%                0        0.000%
INST_MAP_UPDATE_MEM_LOGIC                        70082        1.350%           146998        1.465%
INST_MAP_UPDATE_MEM_SHIFT                         2587        0.050%             5161        0.051%
INST_MAP_UPDATE_MEM_FMEM                             2        0.000%                3        0.000%
INST_MAP_UPDATE_MEM_FCVT                             0        0.000%                0        0.000%
INST_MAP_UPDATE_MEM_FADD                             0        0.000%                0        0.000%
INST_MAP_UPDATE_MEM_FMUL                             0        0.000%                0        0.000%
INST_MAP_UPDATE_MEM_FMA                            234        0.005%              521        0.005%
INST_MAP_UPDATE_MEM_FDIV                            74        0.001%              140        0.001%
INST_MAP_UPDATE_MEM_FCMP                          2091        0.040%             4154        0.041%
INST_MAP_UPDATE_MEM_FCMOV                            0        0.000%                0        0.000%
INST_MAP_UPDATE_MEM_GATHER                           0        0.000%                0        0.000%
INST_MAP_UPDATE_MEM_SCATTER                          0        0.000%                0        0.000%
INST_MAP_UPDATE_MEM_PIPELINED_FAST                   0        0.000%                0        0.000%
INST_MAP_UPDATE_MEM_PIPELINED_MEDIUM                 0        0.000%                0        0.000%
INST_MAP_UPDATE_MEM_PIPELINED_SLOW                6785        0.131%            13491        0.134%
INST_MAP_UPDATE_MEM_NOTPIPELINED_MEDIUM              0        0.000%                0        0.000%
INST_MAP_UPDATE_MEM_NOTPIPELINED_SLOW                0        0.000%                0        0.000%
INST_MAP_UPDATE_MEM_NOTPIPELINED_VERY_SLOW             0        0.000%                0        0.000%
                                               5191464      100.000%         10032320      100.000%
                                                 32.02         3.18             31.95         3.30



