/* -*- Mode: c -*- */
####################################################################################################
Core 0
####################################################################################################
Cumulative:        Cycles: 14250617              Instructions: 20000000              IPC: 1.40345

Periodic:          Cycles: 7378542               Instructions: 10000000              IPC: 1.35528

EXECUTION_TIME                           2305794375000                  4453317812500              

NODE_CYCLE                                     7378542                       14250617              

NODE_INST_COUNT                               10000000                       20000000              

NODE_INST_COUNT_FETCHED                       10000000                       20000000              

NODE_UOP_COUNT                                11969875                       23987086              

FULL_WINDOW_STALL                              4813346       65.234%          9080518       63.720%

FULL_WINDOW_MEM_OP                             3342382       76.330%          6339310       76.750%
FULL_WINDOW_FP_OP                              1036462       23.670%          1920391       23.250%
FULL_WINDOW_OTHER_OP                                 9        0.000%               16        0.000%
                                               4378853      100.000%          8259717      100.000%
                                                  0.24         0.37              0.23         0.37

RET_BLOCKED_DC_MISS                            2937770       39.815%          5608752       39.358%

RET_BLOCKED_L1_MISS                            2862632       38.797%          5454645       38.277%

RET_BLOCKED_L1_MISS_BW_PREF                    1144901       15.517%          2173719       15.254%

RET_BLOCKED_L1_ACCESS                            84562        1.146%           171491        1.203%

RET_BLOCKED_MEM_STALL                          2916071       39.521%          5557961       39.002%

RET_BLOCKED_OFFCHIP_DEMAND                           0        0.000%                0        0.000%

OP_ISSUED                                     11971082                       23998199              

OP_RETIRED                                    11969875                       23987086              

REPLAY_SIGNALED                                      0                              0              

REPLAY_COUNTED                                       0                              0              

OFF_CRITICAL_PATH                                    0         -nan%                0         -nan%
ON_CRITICAL_PATH                                     0         -nan%                0         -nan%
                                                     0         -nan%                0         -nan%
                                                  -nan         -nan              -nan         -nan

LD_NO_DEPENDENTS                                 33820        0.662%            60364        0.592%
LD_DEPENDENTS                                  5072951       99.338%         10135085       99.408%
                                               5106771      100.000%         10195449      100.000%
                                                  0.99         0.99              0.99         0.99

LD_EXEC_CYCLES_0                                     0        0.000%                0        0.000%
LD_EXEC_CYCLES_1                                     0        0.000%                0        0.000%
LD_EXEC_CYCLES_2                                     0        0.000%                0        0.000%
LD_EXEC_CYCLES_3                                 44660       48.523%            92966       48.310%
LD_EXEC_CYCLES_4                                 47378       51.477%            99470       51.690%
                                                 92038      100.000%           192436      100.000%
                                                  3.51         2.57              3.52         2.58

ICACHE_STAGE_STARVED                               118        0.005%             1119        0.021%
ICACHE_STAGE_NOT_STARVED                       2588572       99.995%          5212584       99.979%
                                               2588690      100.000%          5213703      100.000%
                                                  1.00         1.00              1.00         1.00

ICACHE_STAGE_STALLED                           4788560       64.898%          9028353       63.354%
ICACHE_STAGE_NOT_STALLED                       2588690       35.084%          5213205       36.582%
ICACHE_STAGE_OFF_PATH                             1292        0.018%             9059        0.064%
                                               7378542      100.000%         14250617      100.000%
                                                  0.35         0.38              0.37         0.39

DECODE_STAGE_STARVED                           7378081       99.998%         14245937       99.996%
DECODE_STAGE_NOT_STARVED                           156        0.002%              549        0.004%
                                               7378237      100.000%         14246486      100.000%
                                                  0.00         0.00              0.00         0.01

DECODE_STAGE_STALLED                               632        0.009%             1244        0.009%
DECODE_STAGE_NOT_STALLED                       7377605       99.987%         14245242       99.962%
DECODE_STAGE_OFF_PATH                              305        0.004%             4131        0.029%
                                               7378542      100.000%         14250617      100.000%
                                                  1.00         0.01              1.00         0.02

UOPQ_STAGE_STARVED                                 401        0.015%             4665        0.089%
UOPQ_STAGE_NOT_STARVED                         2588322       99.985%          5209993       99.911%
                                               2588723      100.000%          5214658      100.000%
                                                  1.00         1.00              1.00         1.00

UOPQ_STAGE_STALLED                             4788601       64.899%          9029302       63.361%
UOPQ_STAGE_NOT_STALLED                         2588723       35.084%          5214658       36.593%
UOPQ_STAGE_OFF_PATH                               1218        0.017%             6657        0.047%
                                               7378542      100.000%         14250617      100.000%
                                                  0.35         0.38              0.37         0.38

MAP_STAGE_STARVED                                  216        0.003%             1170        0.008%
MAP_STAGE_NOT_STARVED                          7377426       99.997%         14243189       99.992%
                                               7377642      100.000%         14244359      100.000%
                                                  1.00         1.00              1.00         1.00

MAP_STAGE_STALLED                              4788820       64.902%          9030429       63.369%
MAP_STAGE_NOT_STALLED                          2588822       35.086%          5213930       36.587%
MAP_STAGE_OFF_PATH                                 900        0.012%             6258        0.044%
                                               7378542      100.000%         14250617      100.000%
                                                  0.35         0.38              0.37         0.38

EXEC_STAGE_STARVED                             3602586       48.825%          6974951       48.945%
EXEC_STAGE_NOT_STARVED                         3775651       51.171%          7272802       51.035%
EXEC_STAGE_OFF_PATH                                305        0.004%             2864        0.020%
                                               7378542      100.000%         14250617      100.000%
                                                  0.51         0.35              0.51         0.35

FU_BUSY_0                                      3853472                        7446568              

FU_BUSY_1                                      1987632                        3984140              

FU_BUSY_2                                      3096978                        6148605              

FU_BUSY_3                                      2845300                        5672262              

FU_BUSY_4                                      1287518                        2621378              

FU_BUSY_5                                       490126                         982625              

FU_BUSY_6                                       448012                         840546              

FU_BUSY_7                                       453929                         854123              

FU_BUSY_8                                            0                              0              

FU_BUSY_9                                            0                              0              

FU_BUSY_10                                           0                              0              

FU_BUSY_11                                           0                              0              

FU_BUSY_12                                           0                              0              

FU_BUSY_13                                           0                              0              

FU_BUSY_14                                           0                              0              

FU_BUSY_15                                           0                              0              

FU_BUSY_16                                           0                              0              

FU_BUSY_17                                           0                              0              

FU_BUSY_18                                           0                              0              

FU_BUSY_19                                           0                              0              

FU_BUSY_20                                           0                              0              

FU_BUSY_21                                           0                              0              

FU_BUSY_22                                           0                              0              

FU_BUSY_23                                           0                              0              

FU_BUSY_24                                           0                              0              

FU_BUSY_25                                           0                              0              

FU_BUSY_26                                           0                              0              

FU_BUSY_27                                           0                              0              

FU_BUSY_28                                           0                              0              

FU_BUSY_29                                           0                              0              

FU_BUSY_30                                           0                              0              

FU_BUSY_31                                           0                              0              

FU_REJECTED_OP_INV_NOT_SIMD                          0        0.000%                0        0.000%
FU_REJECTED_OP_NOP_NOT_SIMD                          0        0.000%                0        0.000%
FU_REJECTED_OP_CF_NOT_SIMD                         115        0.005%              230        0.005%
FU_REJECTED_OP_MOV_NOT_SIMD                        414        0.018%              691        0.016%
FU_REJECTED_OP_CMOV_NOT_SIMD                         0        0.000%                0        0.000%
FU_REJECTED_OP_LDA_NOT_SIMD                       1136        0.049%             1905        0.045%
FU_REJECTED_OP_IMEM_NOT_SIMD                    204263        8.818%           399007        9.432%
FU_REJECTED_OP_IADD_NOT_SIMD                      5362        0.231%            10833        0.256%
FU_REJECTED_OP_IMUL_NOT_SIMD                        36        0.002%               67        0.002%
FU_REJECTED_OP_IDIV_NOT_SIMD                         0        0.000%                0        0.000%
FU_REJECTED_OP_ICMP_NOT_SIMD                         0        0.000%                0        0.000%
FU_REJECTED_OP_LOGIC_NOT_SIMD                       99        0.004%              206        0.005%
FU_REJECTED_OP_SHIFT_NOT_SIMD                        0        0.000%                0        0.000%
FU_REJECTED_OP_FMEM_NOT_SIMD                         0        0.000%                0        0.000%
FU_REJECTED_OP_FCVT_NOT_SIMD                         0        0.000%                0        0.000%
FU_REJECTED_OP_FADD_NOT_SIMD                         0        0.000%                0        0.000%
FU_REJECTED_OP_FMUL_NOT_SIMD                         0        0.000%                0        0.000%
FU_REJECTED_OP_FMA_NOT_SIMD                          0        0.000%                0        0.000%
FU_REJECTED_OP_FDIV_NOT_SIMD                         0        0.000%                0        0.000%
FU_REJECTED_OP_FCMP_NOT_SIMD                         0        0.000%                0        0.000%
FU_REJECTED_OP_FCMOV_NOT_SIMD                        0        0.000%                0        0.000%
FU_REJECTED_OP_GATHER_NOT_SIMD                       0        0.000%                0        0.000%
FU_REJECTED_OP_SCATTER_NOT_SIMD                      0        0.000%                0        0.000%
FU_REJECTED_OP_PIPELINED_FAST_NOT_SIMD               0        0.000%                0        0.000%
FU_REJECTED_OP_PIPELINED_MEDIUM_NOT_SIMD             0        0.000%                0        0.000%
FU_REJECTED_OP_PIPELINED_SLOW_NOT_SIMD               0        0.000%                0        0.000%
FU_REJECTED_OP_NOTPIPELINED_MEDIUM_NOT_SIMD             0        0.000%                0        0.000%
FU_REJECTED_OP_NOTPIPELINED_SLOW_NOT_SIMD             0        0.000%                0        0.000%
FU_REJECTED_OP_NOTPIPELINED_VERY_SLOW_NOT_SIMD             0        0.000%                0        0.000%
FU_REJECTED_OP_INV_SIMD                              0        0.000%                0        0.000%
FU_REJECTED_OP_NOP_SIMD                              0        0.000%                0        0.000%
FU_REJECTED_OP_CF_SIMD                               0        0.000%                0        0.000%
FU_REJECTED_OP_MOV_SIMD                              0        0.000%                0        0.000%
FU_REJECTED_OP_CMOV_SIMD                             0        0.000%                0        0.000%
FU_REJECTED_OP_LDA_SIMD                              0        0.000%                0        0.000%
FU_REJECTED_OP_IMEM_SIMD                             0        0.000%                0        0.000%
FU_REJECTED_OP_IADD_SIMD                             0        0.000%                0        0.000%
FU_REJECTED_OP_IMUL_SIMD                             0        0.000%                0        0.000%
FU_REJECTED_OP_IDIV_SIMD                             0        0.000%                0        0.000%
FU_REJECTED_OP_ICMP_SIMD                             0        0.000%                0        0.000%
FU_REJECTED_OP_LOGIC_SIMD                            0        0.000%                0        0.000%
FU_REJECTED_OP_SHIFT_SIMD                            0        0.000%                0        0.000%
FU_REJECTED_OP_FMEM_SIMD                             0        0.000%                0        0.000%
FU_REJECTED_OP_FCVT_SIMD                        576924       24.906%          1128559       26.677%
FU_REJECTED_OP_FADD_SIMD                        236055       10.191%           427815       10.113%
FU_REJECTED_OP_FMUL_SIMD                             0        0.000%                0        0.000%
FU_REJECTED_OP_FMA_SIMD                            454        0.020%              853        0.020%
FU_REJECTED_OP_FDIV_SIMD                           221        0.010%              424        0.010%
FU_REJECTED_OP_FCMP_SIMD                             3        0.000%                6        0.000%
FU_REJECTED_OP_FCMOV_SIMD                      1291322       55.747%          2259924       53.420%
FU_REJECTED_OP_GATHER_SIMD                           0        0.000%                0        0.000%
FU_REJECTED_OP_SCATTER_SIMD                          0        0.000%                0        0.000%
FU_REJECTED_OP_PIPELINED_FAST_SIMD                   0        0.000%                0        0.000%
FU_REJECTED_OP_PIPELINED_MEDIUM_SIMD                 0        0.000%                0        0.000%
FU_REJECTED_OP_PIPELINED_SLOW_SIMD                   0        0.000%                0        0.000%
FU_REJECTED_OP_NOTPIPELINED_MEDIUM_SIMD              0        0.000%                0        0.000%
FU_REJECTED_OP_NOTPIPELINED_SLOW_SIMD                0        0.000%                0        0.000%
FU_REJECTED_OP_NOTPIPELINED_VERY_SLOW_SIMD             0        0.000%                0        0.000%
                                               2316404      100.000%          4230520      100.000%
                                                 43.07        12.04             42.70        12.36

OP_WAIT_0                                      5472145                       11136004              

OP_WAIT_1                                      1632064                        3223045              

OP_WAIT_2                                       836018                        1659299              

OP_WAIT_3                                       462832                         944827              

OP_WAIT_4                                       378698                         770226              

OP_WAIT_5                                       272183                         561952              

OP_WAIT_6                                       221290                         453358              

OP_WAIT_7                                       174136                         350842              

OP_WAIT_8                                       153520                         304197              

OP_WAIT_9                                       141817                         279482              

OP_WAIT_10                                      146103                         284587              

OP_WAIT_11                                      130846                         255187              

OP_WAIT_12                                      125403                         242619              

OP_WAIT_13                                      115839                         224152              

OP_WAIT_14                                      111481                         213849              

OP_WAIT_15                                      108330                         207684              

OP_WAIT_16                                      116304                         221807              

OP_WAIT_17                                      105021                         203533              

OP_WAIT_18                                       97913                         190554              

OP_WAIT_19                                       93314                         183545              

OP_WAIT_20                                       86285                         169543              

OP_WAIT_21                                       77226                         152939              

OP_WAIT_22                                       69308                         136117              

OP_WAIT_23                                       61585                         120493              

OP_WAIT_24                                       54487                         107261              

OP_WAIT_25                                       48913                          94985              

OP_WAIT_26                                       43387                          84120              

OP_WAIT_27                                       38255                          73840              

OP_WAIT_28                                       33607                          65241              

OP_WAIT_29                                       30414                          58716              

OP_WAIT_30                                       27838                          53421              

OP_WAIT_31                                      503313                         959661              

ROW_SIZE_0                                     5062504                        9626250              

ROW_SIZE_1                                      302103                         582720              

ROW_SIZE_2                                       53567                         111258              

ROW_SIZE_3                                       29030                          58029              

ROW_SIZE_4                                       39514                          77173              

ROW_SIZE_5                                       35452                          70281              

ROW_SIZE_6                                     1856372                        3724611              

ROW_SIZE_7                                           0                              0              

ROW_SIZE_8                                           0                              0              

ROW_SIZE_9                                           0                              0              

ROW_SIZE_10                                          0                              0              

ROW_SIZE_11                                          0                              0              

ROW_SIZE_12                                          0                              0              

ROW_SIZE_13                                          0                              0              

ROW_SIZE_14                                          0                              0              

ROW_SIZE_15                                          0                              0              

ROW_SIZE_16                                          0                              0              

ROW_SIZE_17                                          0                              0              

ROW_SIZE_18                                          0                              0              

ROW_SIZE_19                                          0                              0              

ROW_SIZE_20                                          0                              0              

ROW_SIZE_21                                          0                              0              

ROW_SIZE_22                                          0                              0              

ROW_SIZE_23                                          0                              0              

ROW_SIZE_24                                          0                              0              

ROW_SIZE_25                                          0                              0              

ROW_SIZE_26                                          0                              0              

ROW_SIZE_27                                          0                              0              

ROW_SIZE_28                                          0                              0              

ROW_SIZE_29                                          0                              0              

ROW_SIZE_30                                          0                              0              

ROW_SIZE_31                                          0                              0              

RET_OP_EXEC_COUNT_0                                  0        0.000%                0        0.000%
RET_OP_EXEC_COUNT_1                           11969875      100.000%         23987086      100.000%
RET_OP_EXEC_COUNT_2                                  0        0.000%                0        0.000%
RET_OP_EXEC_COUNT_3                                  0        0.000%                0        0.000%
RET_OP_EXEC_COUNT_4                                  0        0.000%                0        0.000%
RET_OP_EXEC_COUNT_5                                  0        0.000%                0        0.000%
RET_OP_EXEC_COUNT_6                                  0        0.000%                0        0.000%
RET_OP_EXEC_COUNT_7                                  0        0.000%                0        0.000%
RET_OP_EXEC_COUNT_8                                  0        0.000%                0        0.000%
RET_OP_EXEC_COUNT_9                                  0        0.000%                0        0.000%
RET_OP_EXEC_COUNT_10                                 0        0.000%                0        0.000%
RET_OP_EXEC_COUNT_11                                 0        0.000%                0        0.000%
RET_OP_EXEC_COUNT_12                                 0        0.000%                0        0.000%
RET_OP_EXEC_COUNT_13                                 0        0.000%                0        0.000%
RET_OP_EXEC_COUNT_14                                 0        0.000%                0        0.000%
RET_OP_EXEC_COUNT_15                                 0        0.000%                0        0.000%
RET_OP_EXEC_COUNT_16                                 0        0.000%                0        0.000%
RET_OP_EXEC_COUNT_17                                 0        0.000%                0        0.000%
RET_OP_EXEC_COUNT_18                                 0        0.000%                0        0.000%
RET_OP_EXEC_COUNT_19                                 0        0.000%                0        0.000%
RET_OP_EXEC_COUNT_20                                 0        0.000%                0        0.000%
RET_OP_EXEC_COUNT_21                                 0        0.000%                0        0.000%
RET_OP_EXEC_COUNT_22                                 0        0.000%                0        0.000%
RET_OP_EXEC_COUNT_23                                 0        0.000%                0        0.000%
RET_OP_EXEC_COUNT_24                                 0        0.000%                0        0.000%
RET_OP_EXEC_COUNT_25                                 0        0.000%                0        0.000%
RET_OP_EXEC_COUNT_26                                 0        0.000%                0        0.000%
RET_OP_EXEC_COUNT_27                                 0        0.000%                0        0.000%
RET_OP_EXEC_COUNT_28                                 0        0.000%                0        0.000%
RET_OP_EXEC_COUNT_29                                 0        0.000%                0        0.000%
RET_OP_EXEC_COUNT_30                                 0        0.000%                0        0.000%
RET_OP_EXEC_COUNT_31                                 0        0.000%                0        0.000%
RET_OP_EXEC_COUNT_32                                 0        0.000%                0        0.000%
                                              11969875      100.000%         23987086      100.000%
                                                  1.00         0.00              1.00         0.00

RET_STALL_LENGTH_0                            11962336       99.937%         23972548       99.939%
RET_STALL_LENGTH_100                              3210        0.027%             6324        0.026%
RET_STALL_LENGTH_200                              1329        0.011%             2591        0.011%
RET_STALL_LENGTH_300                               878        0.007%             1705        0.007%
RET_STALL_LENGTH_400                               714        0.006%             1322        0.006%
RET_STALL_LENGTH_500                               460        0.004%              811        0.003%
RET_STALL_LENGTH_600                               287        0.002%              529        0.002%
RET_STALL_LENGTH_700                               202        0.002%              359        0.001%
RET_STALL_LENGTH_800                               121        0.001%              251        0.001%
RET_STALL_LENGTH_900                                72        0.001%              136        0.001%
RET_STALL_LENGTH_1000                               50        0.000%               89        0.000%
RET_STALL_LENGTH_1100                               27        0.000%               61        0.000%
RET_STALL_LENGTH_1200                               48        0.000%               99        0.000%
RET_STALL_LENGTH_1300                               38        0.000%               78        0.000%
RET_STALL_LENGTH_1400                               29        0.000%               42        0.000%
RET_STALL_LENGTH_1500                               14        0.000%               32        0.000%
RET_STALL_LENGTH_1600                               20        0.000%               35        0.000%
RET_STALL_LENGTH_1700                               12        0.000%               22        0.000%
RET_STALL_LENGTH_1800                                8        0.000%               21        0.000%
RET_STALL_LENGTH_1900                                6        0.000%               10        0.000%
RET_STALL_LENGTH_2000                                6        0.000%               11        0.000%
RET_STALL_LENGTH_2100                                3        0.000%                3        0.000%
RET_STALL_LENGTH_2200                                4        0.000%                5        0.000%
RET_STALL_LENGTH_2300                                1        0.000%                1        0.000%
RET_STALL_LENGTH_2400                                0        0.000%                0        0.000%
RET_STALL_LENGTH_2500                                0        0.000%                0        0.000%
RET_STALL_LENGTH_2600                                0        0.000%                0        0.000%
RET_STALL_LENGTH_2700                                0        0.000%                0        0.000%
RET_STALL_LENGTH_2800                                0        0.000%                0        0.000%
RET_STALL_LENGTH_2900                                0        0.000%                0        0.000%
RET_STALL_LENGTH_3000                                0        0.000%                0        0.000%
RET_STALL_LENGTH_3100                                0        0.000%                0        0.000%
RET_STALL_LENGTH_3200                                0        0.000%                0        0.000%
RET_STALL_LENGTH_3300                                0        0.000%                0        0.000%
RET_STALL_LENGTH_3400                                0        0.000%                1        0.000%
RET_STALL_LENGTH_3500                                0        0.000%                0        0.000%
RET_STALL_LENGTH_3600                                0        0.000%                0        0.000%
RET_STALL_LENGTH_3700                                0        0.000%                0        0.000%
RET_STALL_LENGTH_3800                                0        0.000%                0        0.000%
RET_STALL_LENGTH_3900                                0        0.000%                0        0.000%
RET_STALL_LENGTH_4000                                0        0.000%                0        0.000%
RET_STALL_LENGTH_4100                                0        0.000%                0        0.000%
RET_STALL_LENGTH_4200                                0        0.000%                0        0.000%
RET_STALL_LENGTH_4300                                0        0.000%                0        0.000%
RET_STALL_LENGTH_4400                                0        0.000%                0        0.000%
RET_STALL_LENGTH_4500                                0        0.000%                0        0.000%
RET_STALL_LENGTH_4600                                0        0.000%                0        0.000%
RET_STALL_LENGTH_4700                                0        0.000%                0        0.000%
RET_STALL_LENGTH_4800                                0        0.000%                0        0.000%
RET_STALL_LENGTH_4900                                0        0.000%                0        0.000%
RET_STALL_LENGTH_5000                                0        0.000%                0        0.000%
                                              11969875      100.000%         23987086      100.000%
                                                  0.00         0.10              0.00         0.10

MEM_BLOCK_LENGTH_0                               42976       97.960%            84634       98.076%
MEM_BLOCK_LENGTH_100                               554        1.263%             1031        1.195%
MEM_BLOCK_LENGTH_200                               119        0.271%              209        0.242%
MEM_BLOCK_LENGTH_300                                98        0.223%              182        0.211%
MEM_BLOCK_LENGTH_400                                65        0.148%              113        0.131%
MEM_BLOCK_LENGTH_500                                21        0.048%               41        0.048%
MEM_BLOCK_LENGTH_600                                 5        0.011%               11        0.013%
MEM_BLOCK_LENGTH_700                                 3        0.007%                6        0.007%
MEM_BLOCK_LENGTH_800                                 1        0.002%                5        0.006%
MEM_BLOCK_LENGTH_900                                 2        0.005%               10        0.012%
MEM_BLOCK_LENGTH_1000                                3        0.007%                8        0.009%
MEM_BLOCK_LENGTH_1100                                4        0.009%                6        0.007%
MEM_BLOCK_LENGTH_1200                               11        0.025%               20        0.023%
MEM_BLOCK_LENGTH_1300                                2        0.005%                5        0.006%
MEM_BLOCK_LENGTH_1400                                0        0.000%                0        0.000%
MEM_BLOCK_LENGTH_1500                                2        0.005%                3        0.003%
MEM_BLOCK_LENGTH_1600                                2        0.005%                5        0.006%
MEM_BLOCK_LENGTH_1700                                1        0.002%                2        0.002%
MEM_BLOCK_LENGTH_1800                                2        0.005%                2        0.002%
MEM_BLOCK_LENGTH_1900                                0        0.000%                1        0.001%
MEM_BLOCK_LENGTH_2000                                0        0.000%                0        0.000%
MEM_BLOCK_LENGTH_2100                                0        0.000%                0        0.000%
MEM_BLOCK_LENGTH_2200                                0        0.000%                0        0.000%
MEM_BLOCK_LENGTH_2300                                0        0.000%                0        0.000%
MEM_BLOCK_LENGTH_2400                                0        0.000%                0        0.000%
MEM_BLOCK_LENGTH_2500                                0        0.000%                0        0.000%
MEM_BLOCK_LENGTH_2600                                0        0.000%                0        0.000%
MEM_BLOCK_LENGTH_2700                                0        0.000%                0        0.000%
MEM_BLOCK_LENGTH_2800                                0        0.000%                0        0.000%
MEM_BLOCK_LENGTH_2900                                0        0.000%                0        0.000%
MEM_BLOCK_LENGTH_3000                                0        0.000%                0        0.000%
MEM_BLOCK_LENGTH_3100                                0        0.000%                0        0.000%
MEM_BLOCK_LENGTH_3200                                0        0.000%                0        0.000%
MEM_BLOCK_LENGTH_3300                                0        0.000%                0        0.000%
MEM_BLOCK_LENGTH_3400                                0        0.000%                0        0.000%
MEM_BLOCK_LENGTH_3500                                0        0.000%                0        0.000%
MEM_BLOCK_LENGTH_3600                                0        0.000%                0        0.000%
MEM_BLOCK_LENGTH_3700                                0        0.000%                0        0.000%
MEM_BLOCK_LENGTH_3800                                0        0.000%                0        0.000%
MEM_BLOCK_LENGTH_3900                                0        0.000%                0        0.000%
MEM_BLOCK_LENGTH_4000                                0        0.000%                0        0.000%
MEM_BLOCK_LENGTH_4100                                0        0.000%                0        0.000%
MEM_BLOCK_LENGTH_4200                                0        0.000%                0        0.000%
MEM_BLOCK_LENGTH_4300                                0        0.000%                0        0.000%
MEM_BLOCK_LENGTH_4400                                0        0.000%                0        0.000%
MEM_BLOCK_LENGTH_4500                                0        0.000%                0        0.000%
MEM_BLOCK_LENGTH_4600                                0        0.000%                0        0.000%
MEM_BLOCK_LENGTH_4700                                0        0.000%                0        0.000%
MEM_BLOCK_LENGTH_4800                                0        0.000%                0        0.000%
MEM_BLOCK_LENGTH_4900                                0        0.000%                0        0.000%
MEM_BLOCK_LENGTH_5000                                0        0.000%                0        0.000%
                                                 43871      100.000%            86294      100.000%
                                                  0.04         0.44              0.04         0.44

FUS_BUSY_ON_PATH                              14462570        1.9601         28545884        2.0031

FUS_BUSY_OFF_PATH                                  397        0.0001             4363        0.0003

FU_BUSY_MEM_STALL                              1198943        0.1625          2294624        0.1610

FUS_EMPTY                                     44565369        6.0399         85454689        5.9966

FU_UNAVAILABLE                                 1293800        0.1753          2264308        0.1589

FU_MEM_UNAVAILABLE                             1022604        0.1386          1966212        0.1380

FU_REPLAY                                            0        0.0000                0        0.0000

FU_STARVED                                    44565326        6.0399         85454419        5.9965

CHIP_UTILIZATION                                     0        0.0000                0        0.0000

CYCLES_UNDER_MEM_REQ                                 0                              0              

CYCLES_UNDER_NO_MEM_REQ                              0                              0              

CYCLES_UNDER_CRITICAL_MEM_REQ                        0                              0              

CYCLES_UNDER_NONCRITICAL_MEM_REQ                     0                              0              

CHIP_UTILIZATION_UNDER_MEM_REQ                       0          -nan                0          -nan

CHIP_UTILIZATION_UNDER_NO_MEM_REQ                    0          -nan                0          -nan

CHIP_UTILIZATION_UNDER_CRITICAL_MEM_REQ              0          -nan                0          -nan

CHIP_UTILIZATION_UNDER_NONCRITICAL_MEM_REQ             0          -nan                0          -nan

CYCLES_NOT_WAITING_FOR_OFF_CHIP                      0        0.0000                0        0.0000

FUS_BUSY_NOT_WAITING_FOR_OFF_CHIP                    0          -nan                0          -nan

CYCLES_WAITING_FOR_OFF_CHIP                          0        0.0000                0        0.0000

FUS_BUSY_WAITING_FOR_OFF_CHIP                        0          -nan                0          -nan

TOTAL_OFF_CHIP_DELAYS_LEFT                           0                              0              

WRONG_IO_SCHED                                       0                              0              

DVFS_CONFIG_SWITCH                                   0                              0              

MAP_STAGE_RECEIVED_OPS_0                             0        0.000%                0        0.000%
MAP_STAGE_RECEIVED_OPS_1                        284692       10.998%           600384       11.518%
MAP_STAGE_RECEIVED_OPS_2                        393250       15.192%           785425       15.068%
MAP_STAGE_RECEIVED_OPS_3                         34534        1.334%            61782        1.185%
MAP_STAGE_RECEIVED_OPS_4                        136475        5.272%           293505        5.631%
MAP_STAGE_RECEIVED_OPS_5                        188979        7.300%           372949        7.155%
MAP_STAGE_RECEIVED_OPS_6                       1550661       59.904%          3098614       59.444%
MAP_STAGE_RECEIVED_OPS_7                             0        0.000%                0        0.000%
MAP_STAGE_RECEIVED_OPS_8                             0        0.000%                0        0.000%
MAP_STAGE_RECEIVED_OPS_MAX                           0        0.000%                0        0.000%
                                               2588591      100.000%          5212659      100.000%
                                                  4.62         1.92              4.60         1.93

MAP_STAGE_WAIT_FOR_DECODE                            0         -nan%                0         -nan%
MAP_STAGE_CONSUME_DECODE                             0         -nan%                0         -nan%
                                                     0         -nan%                0         -nan%
                                                  -nan         -nan              -nan         -nan

MAP_STAGE_WAIT_FOR_DECODE2                           0         -nan%                0         -nan%
MAP_STAGE_CONSUME_DECODE2                            0         -nan%                0         -nan%
                                                     0         -nan%                0         -nan%
                                                  -nan         -nan              -nan         -nan

FTQ_RECOVER_EXEC                                    15                            101              

FTQ_RECOVER_DECODE                                   0                              3              

FTQ_OFFPATH_CYCLES                                6888                          32769              

FTQ_CYCLES_OFFPATH                                6873                          33199              

FTQ_CYCLES_ONPATH                              7371669                       14217418              

FTQ_FETCHED_INS_OFFPATH                           8509                          64113              

FTQ_FETCHED_INS_ONPATH                        11969184                       23986982              

FTQ_BREAK_FULL_FT_ONPATH                       7371264       99.998%         14215947       99.992%
FTQ_BREAK_MAX_CFS_TAKEN_ONPATH                      54        0.001%              171        0.001%
FTQ_BREAK_MAX_BYTES_ONPATH                         126        0.002%              986        0.007%
FTQ_BREAK_PRED_BR_ONPATH                             0        0.000%                0        0.000%
FTQ_BREAK_BAR_FETCH_ONPATH                           0        0.000%                0        0.000%
                                               7371444      100.000%         14217104      100.000%
                                                  0.00         0.01              0.00         0.02

FTQ_BREAK_FULL_FT_OFFPATH                         6888      100.000%            33014       99.132%
FTQ_BREAK_MAX_CFS_TAKEN_OFFPATH                      0        0.000%                2        0.006%
FTQ_BREAK_MAX_BYTES_OFFPATH                          0        0.000%              287        0.862%
FTQ_BREAK_PRED_BR_OFFPATH                            0        0.000%                0        0.000%
FTQ_BREAK_BAR_FETCH_OFFPATH                          0        0.000%                0        0.000%
                                                  6888      100.000%            33303      100.000%
                                                  0.00         0.00              0.02         0.18



