/* -*- Mode: c -*- */
####################################################################################################
Core 0
####################################################################################################
Cumulative:        Cycles: 14250617              Instructions: 20000000              IPC: 1.40345

Periodic:          Cycles: 7378542               Instructions: 10000000              IPC: 1.35528

DCACHE_PREF_HIT                                      0                              0              

IFETCH_WB_FIRST_SCHEDULE                             0         -nan%                0         -nan%
PREFETCH_LAST_SCHEDULE                               0         -nan%                0         -nan%
DEMAND_PASS_PREF_SCHEDULE                            0         -nan%                0         -nan%
DEMAND_PASS_LOW_OP_SCHEDULE                          0         -nan%                0         -nan%
DEMAND_LAST_SCHEDULE                                 0         -nan%                0         -nan%
                                                     0         -nan%                0         -nan%
                                                  -nan         -nan              -nan         -nan

SEND_MISS_REQ_QUEUE                             400956                         783720              

L1_DATA_EVICT                                   401039                         751079              

STREAM_BUFFER_REQ                                    0                              0              

PREF_SEND_TO_MEM_REQ                                 0         -nan%                0         -nan%
PREF_SEND_TO_MEM_REQ_FAIL                            0         -nan%                0         -nan%
                                                     0         -nan%                0         -nan%
                                                  -nan         -nan              -nan         -nan

HIT_TRAIN_STREAM                                281077       95.682%           562146       95.791%
MISS_TRAIN_STREAM                                12684        4.318%            24700        4.209%
                                                293761      100.000%           586846      100.000%
                                                  0.04         0.20              0.04         0.20

STREAM_TRAIN_CREATE                               3255                           6308              

MEM_REQ_MISS_HWP_PREF_Q                              0         -nan%                0         -nan%
MEM_REQ_MISS_SW_PREF_Q                               0         -nan%                0         -nan%
MEM_REQ_MISS_IFETCH_Q                                0         -nan%                0         -nan%
MEM_REQ_MISS_DFETCH_Q                                0         -nan%                0         -nan%
MEM_REQ_MISS_DSTORE_Q                                0         -nan%                0         -nan%
MEM_REQ_MISS_DPRF_Q                                  0         -nan%                0         -nan%
MEM_REQ_MISS_WB_Q                                    0         -nan%                0         -nan%
                                                     0         -nan%                0         -nan%
                                                  -nan         -nan              -nan         -nan

PREF_HIT_BY_DEMAND_IFETCH                            0         -nan%                0         -nan%
PREF_HIT_BY_DEMAND_DFETCH                            0         -nan%                0         -nan%
PREF_HIT_BY_DEMAND_DSTORE                            0         -nan%                0         -nan%
PREF_HIT_BY_DEMAND_IPREF                             0         -nan%                0         -nan%
PREF_HIT_BY_DEMAND_DPRF                              0         -nan%                0         -nan%
PREF_HIT_BY_DEMAND_WB                                0         -nan%                0         -nan%
PREF_HIT_BY_PREF                                     0         -nan%                0         -nan%
                                                     0         -nan%                0         -nan%
                                                  -nan         -nan              -nan         -nan

PREF_HIT_DEMAND_IFETCH                               0         -nan%                0         -nan%
PREF_HIT_DEMAND_DFETCH                               0         -nan%                0         -nan%
PREF_HIT_DEMAND_DSTORE                               0         -nan%                0         -nan%
PREF_HIT_DEMAND_IPREF                                0         -nan%                0         -nan%
PREF_HIT_DEMAND_DPRF                                 0         -nan%                0         -nan%
PREF_HIT_DEMAND_WB                                   0         -nan%                0         -nan%
                                                     0         -nan%                0         -nan%
                                                  -nan         -nan              -nan         -nan

PREF_L1_FILL                                         0         -nan%                0         -nan%
DEMAND_L1_FILL                                       0         -nan%                0         -nan%
                                                     0         -nan%                0         -nan%
                                                  -nan         -nan              -nan         -nan

TOUCH_L1_REPLACE                                     0        0.000%                0        0.000%
NO_TOUCH_L1_REPLACE                             401039      100.000%           751079      100.000%
                                                401039      100.000%           751079      100.000%
                                                  1.00         1.00              1.00         1.00

PREF_REQ_QUE_FULL                                    0                              0              

STREAM_REQ_QUEUE_HIT_BY_DEMAND                       0                              0              

L2HIT_STREAM_PREF_REQ_QUE_FULL                       0                              0              

L2HIT_HIT_TRAIN_STREAM                               0         -nan%                0         -nan%
L2HIT_MISS_TRAIN_STREAM                              0         -nan%                0         -nan%
                                                     0         -nan%                0         -nan%
                                                  -nan         -nan              -nan         -nan

L2HIT_STREAM_TRAIN_CREATE                            0                              0              

L2HIT_STREAM_BUFFER_REQ                              0                              0              

L2HIT_STREAM_PREF_DCACHE_HIT                         0         -nan%                0         -nan%
L2HIT_STREAM_PREF_DCACHE_INSERT                      0         -nan%                0         -nan%
L2HIT_STREAM_L2_MISS                                 0         -nan%                0         -nan%
                                                     0         -nan%                0         -nan%
                                                  -nan         -nan              -nan         -nan

L2HIT_STREAM_DCACHE_PORT_FULL                        0                              0              

L2HIT_STREAM_PREF_L1_PORT_FULL                       0                              0              

L2HIT_TRAIN_HIT_DEMAND                               0         -nan%                0         -nan%
L2HIT_TRAIN_MISS_REQ                                 0         -nan%                0         -nan%
                                                     0         -nan%                0         -nan%
                                                  -nan         -nan              -nan         -nan

L2HIT_TRAIN_FILTER_MISS                              0         -nan%                0         -nan%
L2HIT_TRAIN_FILTER_HIT                               0         -nan%                0         -nan%
                                                     0         -nan%                0         -nan%
                                                  -nan         -nan              -nan         -nan

L2HIT_PREF_REQ_DCACHE_HIT                            0         -nan%                0         -nan%
L2HIT_PREF_REQ_DCACHE_MISS                           0         -nan%                0         -nan%
                                                     0         -nan%                0         -nan%
                                                  -nan         -nan              -nan         -nan

L2HIT_L2SEND_Q_FULL                                  0         -nan%                0         -nan%
L2HIT_L2SEND_Q_ENTER                                 0         -nan%                0         -nan%
                                                     0         -nan%                0         -nan%
                                                  -nan         -nan              -nan         -nan

L2HIT_MEM_REQ                                        0                              0              

REMOVE_REDUNDANT_STREAM_STAT                         0                              0              

REPLACE_OLD_STREAM                                3255                           6292              

REQ_SEND_QUEUE_STALL                                 0                              0              

STREAM_ENTER_RA                                      0                              0              

CORE_STREAM_LENGTH_0                                 7        0.223%                9        0.148%
CORE_STREAM_LENGTH_10                               22        0.700%               50        0.820%
CORE_STREAM_LENGTH_20                               22        0.700%               41        0.672%
CORE_STREAM_LENGTH_30                               23        0.732%               32        0.525%
CORE_STREAM_LENGTH_40                               10        0.318%              298        4.884%
CORE_STREAM_LENGTH_50                               17        0.541%               24        0.393%
CORE_STREAM_LENGTH_60                               10        0.318%              110        1.803%
CORE_STREAM_LENGTH_70                               27        0.859%               54        0.885%
CORE_STREAM_LENGTH_80                               13        0.413%               31        0.508%
CORE_STREAM_LENGTH_90                             2889       91.889%             5246       85.986%
CORE_STREAM_LENGTH_100_P                           104        3.308%              206        3.376%
                                                  3144      100.000%             6101      100.000%
                                                  8.80         1.96              8.54         2.20

CORE_CUM_STREAM_LENGTH_0                            52        0.011%               67        0.007%
CORE_CUM_STREAM_LENGTH_10                          328        0.067%              732        0.077%
CORE_CUM_STREAM_LENGTH_20                          554        0.113%             1032        0.108%
CORE_CUM_STREAM_LENGTH_30                          818        0.166%             1150        0.121%
CORE_CUM_STREAM_LENGTH_40                          452        0.092%            14485        1.520%
CORE_CUM_STREAM_LENGTH_50                          922        0.187%             1299        0.136%
CORE_CUM_STREAM_LENGTH_60                          631        0.128%             7134        0.749%
CORE_CUM_STREAM_LENGTH_70                         1994        0.405%             3968        0.417%
CORE_CUM_STREAM_LENGTH_80                         1115        0.227%             2649        0.278%
CORE_CUM_STREAM_LENGTH_90                       280108       56.929%           508626       53.390%
CORE_CUM_STREAM_LENGTH_100_P                    205060       41.676%           411522       43.197%
                                                492034      100.000%           952664      100.000%
                                                  9.37         6.09              9.30         6.19

CORE_STREAM_TRAIN_HITS_0                            51        1.622%              100        1.639%
CORE_STREAM_TRAIN_HITS_10                           60        1.908%               95        1.557%
CORE_STREAM_TRAIN_HITS_20                           53        1.686%              110        1.803%
CORE_STREAM_TRAIN_HITS_30                         2876       91.476%             5590       91.624%
CORE_STREAM_TRAIN_HITS_40                            1        0.032%                1        0.016%
CORE_STREAM_TRAIN_HITS_50                            0        0.000%                0        0.000%
CORE_STREAM_TRAIN_HITS_60                            2        0.064%                2        0.033%
CORE_STREAM_TRAIN_HITS_70                            0        0.000%                0        0.000%
CORE_STREAM_TRAIN_HITS_80                            0        0.000%                0        0.000%
CORE_STREAM_TRAIN_HITS_90                            0        0.000%                0        0.000%
CORE_STREAM_TRAIN_HITS_100_P                       101        3.212%              203        3.327%
                                                  3144      100.000%             6101      100.000%
                                                  3.12         1.40              3.14         1.42

CORE_CUM_STREAM_TRAIN_HITS_0                       363        0.123%              708        0.121%
CORE_CUM_STREAM_TRAIN_HITS_10                      855        0.290%             1364        0.233%
CORE_CUM_STREAM_TRAIN_HITS_20                     1237        0.420%             2545        0.434%
CORE_CUM_STREAM_TRAIN_HITS_30                    94748       32.153%           184184       31.401%
CORE_CUM_STREAM_TRAIN_HITS_40                       48        0.016%               48        0.008%
CORE_CUM_STREAM_TRAIN_HITS_50                        0        0.000%                0        0.000%
CORE_CUM_STREAM_TRAIN_HITS_60                      131        0.044%              131        0.022%
CORE_CUM_STREAM_TRAIN_HITS_70                        0        0.000%                0        0.000%
CORE_CUM_STREAM_TRAIN_HITS_80                        0        0.000%                0        0.000%
CORE_CUM_STREAM_TRAIN_HITS_90                        0        0.000%                0        0.000%
CORE_CUM_STREAM_TRAIN_HITS_100_P                197294       66.953%           397570       67.781%
                                                294676      100.000%           586550      100.000%
                                                  7.67         7.10              7.73         7.16

CORE_STREAM_TRAIN_CREATE                          3255                           6308              



