/* -*- Mode: c -*- */
####################################################################################################
Core 0
####################################################################################################
Cumulative:        Cycles: 5411888               Instructions: 20000000              IPC: 3.69557

Periodic:          Cycles: 2683955               Instructions: 9999998               IPC: 3.72584

ST_OP_INV                                            0        0.000%                0        0.000%
ST_OP_NOP                                        98429        0.774%           471857        1.812%
ST_OP_CF                                        702942        5.528%          1293304        4.965%
ST_OP_MOV                                      1727395       13.584%          3589109       13.779%
ST_OP_CMOV                                       34905        0.274%            59334        0.228%
ST_OP_LDA                                       775771        6.101%          1450052        5.567%
ST_OP_ILD                                      2871310       22.579%          5760325       22.115%
ST_OP_IST                                       779871        6.133%          1609078        6.177%
ST_OP_IADD                                     3047500       23.965%          6326357       24.288%
ST_OP_IMUL                                      270978        2.131%           586692        2.252%
ST_OP_IDIV                                          17        0.000%               21        0.000%
ST_OP_ICMP                                      450313        3.541%           823990        3.163%
ST_OP_LOGIC                                     895880        7.045%          1857991        7.133%
ST_OP_SHIFT                                    1050264        8.259%          2192462        8.417%
ST_OP_FLD                                         5227        0.041%            13282        0.051%
ST_OP_FST                                         5326        0.042%            12305        0.047%
ST_OP_FCVT                                         100        0.001%              165        0.001%
ST_OP_FADD                                         144        0.001%              242        0.001%
ST_OP_FMUL                                           0        0.000%                0        0.000%
ST_OP_FMA                                            0        0.000%                0        0.000%
ST_OP_FDIV                                           0        0.000%                0        0.000%
ST_OP_FCMP                                           0        0.000%                0        0.000%
ST_OP_FCMOV                                          0        0.000%                0        0.000%
ST_OP_GATHER                                         0        0.000%                0        0.000%
ST_OP_SCATTER                                        0        0.000%                0        0.000%
ST_OP_PIPELINED_FAST                               137        0.001%              849        0.003%
ST_OP_PIPELINED_MEDIUM                               0        0.000%                0        0.000%
ST_OP_PIPELINED_SLOW                                 0        0.000%                0        0.000%
ST_OP_NOTPIPELINED_MEDIUM                            0        0.000%                0        0.000%
ST_OP_NOTPIPELINED_SLOW                              0        0.000%                0        0.000%
ST_OP_NOTPIPELINED_VERY_SLOW                         0        0.000%                0        0.000%
                                              12716509      100.000%         26047415      100.000%
                                                  7.06         3.16              7.04         3.21

ST_NOT_CF                                     12013567       94.472%         24754111       95.035%
ST_CF_BR                                         32757        0.258%            64903        0.249%
ST_CF_CBR                                       618494        4.864%          1110618        4.264%
ST_CF_CALL                                       10701        0.084%            24885        0.096%
ST_CF_IBR                                          802        0.006%             1479        0.006%
ST_CF_ICALL                                      15303        0.120%            34773        0.133%
ST_CF_ICO                                            0        0.000%                0        0.000%
ST_CF_RET                                        24885        0.196%            56646        0.217%
ST_CF_SYS                                            0        0.000%                0        0.000%
                                              12716509      100.000%         26047415      100.000%
                                                  0.12         0.55              0.11         0.55

ST_BAR_NONE                                   12716509      100.000%         26047415      100.000%
ST_BAR_FETCH                                         0        0.000%                0        0.000%
ST_BAR_ISSUE                                         0        0.000%                0        0.000%
ST_BAR_BOTH                                          0        0.000%                0        0.000%
                                              12716509      100.000%         26047415      100.000%
                                                  0.00         0.00              0.00         0.00

ST_NOT_MEM                                     9054775       71.205%         18652425       71.610%
ST_MEM_LD                                      2876303       22.619%          5773228       22.164%
ST_MEM_ST                                       785197        6.175%          1621383        6.225%
ST_MEM_PF                                          234        0.002%              379        0.001%
ST_MEM_WH                                            0        0.000%                0        0.000%
ST_MEM_EVICT                                         0        0.000%                0        0.000%
                                              12716509      100.000%         26047415      100.000%
                                                  0.35         0.51              0.35         0.51

ST_NOT_MEM_OFFPATH                             2370174       70.050%          5077797       69.658%
ST_MEM_LD_OFFPATH                               726170       21.462%          1575163       21.608%
ST_MEM_ST_OFFPATH                               286956        8.481%           636180        8.727%
ST_MEM_PF_OFFPATH                                  266        0.008%              486        0.007%
ST_MEM_WH_OFFPATH                                    0        0.000%                0        0.000%
ST_MEM_EVIC_OFFPATHT                                 0        0.000%                0        0.000%
                                               3383566      100.000%          7289626      100.000%
                                                  0.38         0.55              0.39         0.55

ST_OP_ONPATH                                  12716509                       26047415              

ST_OP_OFFPATH                                  3383566                        7289626              

ST_FAKE_OP_OFFPATH                               51598        1.525%           377259        5.175%
ST_NOT_FAKE_OP_OFFPATH                         3331968       98.475%          6912367       94.825%
                                               3383566      100.000%          7289626      100.000%
                                                  0.98         0.98              0.95         0.92

ST_FAKE_REASON_NOT_FAKE                        3331968       98.475%          6912367       94.825%
ST_FAKE_REASON_REDIRECT_TO_NOT_INSTRUMENTED         51598        1.525%           377259        5.175%
ST_FAKE_REASON_RETURN_TO_NOT_INSTRUMENTED             0        0.000%                0        0.000%
ST_FAKE_REASON_NONRET_CF_TO_NOT_INSTRUMENTED             0        0.000%                0        0.000%
ST_FAKE_REASON_NOT_TAKEN_TO_NOT_INSTRUMENTED             0        0.000%                0        0.000%
ST_FAKE_REASON_WRONG_PATH_STORE_TO_NEW_REGION             0        0.000%                0        0.000%
                                               3383566      100.000%          7289626      100.000%
                                                  0.02         0.12              0.05         0.22

ST_INST_ONPATH                                12178541                       24922554              

ST_INST_OFFPATH                                3164207                        6814014              

STATIC_PIN_NOP                                       0                              0              

DYNAMIC_PIN_REP_GREATER_256                          0                              0              

INST_MAP_UPDATE_JITTED                          146010        5.911%           315956        6.578%
INST_MAP_UPDATE_NPC_INV                              0        0.000%                0        0.000%
INST_MAP_UPDATE_NPC_NOP                              0        0.000%                0        0.000%
INST_MAP_UPDATE_NPC_CF                               0        0.000%                0        0.000%
INST_MAP_UPDATE_NPC_MOV                              0        0.000%                0        0.000%
INST_MAP_UPDATE_NPC_CMOV                             0        0.000%                0        0.000%
INST_MAP_UPDATE_NPC_LDA                              0        0.000%                0        0.000%
INST_MAP_UPDATE_NPC_IMEM                             0        0.000%                0        0.000%
INST_MAP_UPDATE_NPC_IADD                             0        0.000%                0        0.000%
INST_MAP_UPDATE_NPC_IMUL                          6183        0.250%            14067        0.293%
INST_MAP_UPDATE_NPC_IDIV                             0        0.000%                0        0.000%
INST_MAP_UPDATE_NPC_ICMP                             0        0.000%                0        0.000%
INST_MAP_UPDATE_NPC_LOGIC                            0        0.000%                0        0.000%
INST_MAP_UPDATE_NPC_SHIFT                            0        0.000%                0        0.000%
INST_MAP_UPDATE_NPC_FMEM                             0        0.000%                0        0.000%
INST_MAP_UPDATE_NPC_FCVT                             0        0.000%                0        0.000%
INST_MAP_UPDATE_NPC_FADD                             0        0.000%                0        0.000%
INST_MAP_UPDATE_NPC_FMUL                             0        0.000%                0        0.000%
INST_MAP_UPDATE_NPC_FMA                              0        0.000%                0        0.000%
INST_MAP_UPDATE_NPC_FDIV                             0        0.000%                0        0.000%
INST_MAP_UPDATE_NPC_FCMP                             0        0.000%                0        0.000%
INST_MAP_UPDATE_NPC_FCMOV                            0        0.000%                0        0.000%
INST_MAP_UPDATE_NPC_GATHER                           0        0.000%                0        0.000%
INST_MAP_UPDATE_NPC_SCATTER                          0        0.000%                0        0.000%
INST_MAP_UPDATE_NPC_PIPELINED_FAST                   0        0.000%                0        0.000%
INST_MAP_UPDATE_NPC_PIPELINED_MEDIUM                 0        0.000%                0        0.000%
INST_MAP_UPDATE_NPC_PIPELINED_SLOW                   0        0.000%                0        0.000%
INST_MAP_UPDATE_NPC_NOTPIPELINED_MEDIUM              0        0.000%                0        0.000%
INST_MAP_UPDATE_NPC_NOTPIPELINED_SLOW                0        0.000%                0        0.000%
INST_MAP_UPDATE_NPC_NOTPIPELINED_VERY_SLOW             0        0.000%                0        0.000%
INST_MAP_UPDATE_MEM_INV                              0        0.000%                0        0.000%
INST_MAP_UPDATE_MEM_NOP                              0        0.000%                0        0.000%
INST_MAP_UPDATE_MEM_CF                               0        0.000%                0        0.000%
INST_MAP_UPDATE_MEM_MOV                        2279885       92.299%          4392036       91.441%
INST_MAP_UPDATE_MEM_CMOV                             0        0.000%                0        0.000%
INST_MAP_UPDATE_MEM_LDA                              0        0.000%                0        0.000%
INST_MAP_UPDATE_MEM_IMEM                             0        0.000%                0        0.000%
INST_MAP_UPDATE_MEM_IADD                             0        0.000%                0        0.000%
INST_MAP_UPDATE_MEM_IMUL                         29719        1.203%            63949        1.331%
INST_MAP_UPDATE_MEM_IDIV                          1187        0.048%             3239        0.067%
INST_MAP_UPDATE_MEM_ICMP                             0        0.000%                0        0.000%
INST_MAP_UPDATE_MEM_LOGIC                         4379        0.177%             8477        0.176%
INST_MAP_UPDATE_MEM_SHIFT                         1721        0.070%             3600        0.075%
INST_MAP_UPDATE_MEM_FMEM                             3        0.000%                3        0.000%
INST_MAP_UPDATE_MEM_FCVT                             0        0.000%                0        0.000%
INST_MAP_UPDATE_MEM_FADD                             0        0.000%                0        0.000%
INST_MAP_UPDATE_MEM_FMUL                             0        0.000%                0        0.000%
INST_MAP_UPDATE_MEM_FMA                              0        0.000%                0        0.000%
INST_MAP_UPDATE_MEM_FDIV                             0        0.000%                0        0.000%
INST_MAP_UPDATE_MEM_FCMP                             0        0.000%                0        0.000%
INST_MAP_UPDATE_MEM_FCMOV                            0        0.000%                0        0.000%
INST_MAP_UPDATE_MEM_GATHER                           0        0.000%                0        0.000%
INST_MAP_UPDATE_MEM_SCATTER                          0        0.000%                0        0.000%
INST_MAP_UPDATE_MEM_PIPELINED_FAST                   0        0.000%                0        0.000%
INST_MAP_UPDATE_MEM_PIPELINED_MEDIUM                 0        0.000%                0        0.000%
INST_MAP_UPDATE_MEM_PIPELINED_SLOW                1028        0.042%             1828        0.038%
INST_MAP_UPDATE_MEM_NOTPIPELINED_MEDIUM              0        0.000%                0        0.000%
INST_MAP_UPDATE_MEM_NOTPIPELINED_SLOW                0        0.000%                0        0.000%
INST_MAP_UPDATE_MEM_NOTPIPELINED_VERY_SLOW             0        0.000%                0        0.000%
                                               2470115      100.000%          4803155      100.000%
                                                 31.08         2.39             30.86         2.61



