/* -*- Mode: c -*- */
####################################################################################################
Core 0
####################################################################################################
Cumulative:        Cycles: 6153612               Instructions: 20000000              IPC: 3.25012

Periodic:          Cycles: 2994204               Instructions: 10000000              IPC: 3.33979

EXECUTION_TIME                            935688750000                  1923003750000              

NODE_CYCLE                                     2994204                        6153612              

NODE_INST_COUNT                               10000000                       20000000              

NODE_INST_COUNT_FETCHED                       10000000                       20000000              

NODE_UOP_COUNT                                13135440                       26271409              

FULL_WINDOW_STALL                                   15        0.001%             1549        0.025%

FULL_WINDOW_MEM_OP                                  11      100.000%             1478      100.000%
FULL_WINDOW_FP_OP                                    0        0.000%                0        0.000%
FULL_WINDOW_OTHER_OP                                 0        0.000%                0        0.000%
                                                    11      100.000%             1478      100.000%
                                                  0.00         0.00              0.00         0.00

RET_BLOCKED_DC_MISS                             195708        6.536%           444368        7.221%

RET_BLOCKED_L1_MISS                                  0        0.000%             2475        0.040%

RET_BLOCKED_L1_MISS_BW_PREF                          0        0.000%              385        0.006%

RET_BLOCKED_L1_ACCESS                           195708        6.536%           441950        7.182%

RET_BLOCKED_MEM_STALL                                0        0.000%             2475        0.040%

RET_BLOCKED_OFFCHIP_DEMAND                           0        0.000%                0        0.000%

OP_ISSUED                                     13585801                       27547461              

OP_RETIRED                                    13135440                       26271409              

REPLAY_SIGNALED                                      0                              0              

REPLAY_COUNTED                                       0                              0              

OFF_CRITICAL_PATH                                    0         -nan%                0         -nan%
ON_CRITICAL_PATH                                     0         -nan%                0         -nan%
                                                     0         -nan%                0         -nan%
                                                  -nan         -nan              -nan         -nan

LD_NO_DEPENDENTS                                 19619        0.643%            42782        0.701%
LD_DEPENDENTS                                  3033022       99.357%          6058569       99.299%
                                               3052641      100.000%          6101351      100.000%
                                                  0.99         0.99              0.99         0.99

LD_EXEC_CYCLES_0                                     0        0.000%                0        0.000%
LD_EXEC_CYCLES_1                                     0        0.000%                0        0.000%
LD_EXEC_CYCLES_2                                     0        0.000%                0        0.000%
LD_EXEC_CYCLES_3                                 11397       52.686%            22400       52.347%
LD_EXEC_CYCLES_4                                 10235       47.314%            20391       47.653%
                                                 21632      100.000%            42791      100.000%
                                                  3.47         2.44              3.48         2.45

ICACHE_STAGE_STARVED                                51        0.002%             2604        0.046%
ICACHE_STAGE_NOT_STARVED                       2804486       99.998%          5605739       99.954%
                                               2804537      100.000%          5608343      100.000%
                                                  1.00         1.00              1.00         1.00

ICACHE_STAGE_STALLED                                15        0.001%               31        0.001%
ICACHE_STAGE_NOT_STALLED                       2804537       93.666%          5607074       91.118%
ICACHE_STAGE_OFF_PATH                           189652        6.334%           546507        8.881%
                                               2994204      100.000%          6153612      100.000%
                                                  1.06         0.36              1.09         0.43

DECODE_STAGE_STARVED                           2264971       79.363%          4569473       79.264%
DECODE_STAGE_NOT_STARVED                        588985       20.637%          1195412       20.736%
                                               2853956      100.000%          5764885      100.000%
                                                  0.21         0.37              0.21         0.37

DECODE_STAGE_STALLED                                 0        0.000%                0        0.000%
DECODE_STAGE_NOT_STALLED                       2853956       95.316%          5764885       93.683%
DECODE_STAGE_OFF_PATH                           140248        4.684%           388727        6.317%
                                               2994204      100.000%          6153612      100.000%
                                                  1.05         0.31              1.06         0.36

UOPQ_STAGE_STARVED                              663674       23.413%          1428572       25.056%
UOPQ_STAGE_NOT_STARVED                         2171006       76.587%          4273056       74.944%
                                               2834680      100.000%          5701628      100.000%
                                                  0.77         0.70              0.75         0.68

UOPQ_STAGE_STALLED                                  15        0.001%               31        0.001%
UOPQ_STAGE_NOT_STALLED                         2834680       94.672%          5701628       92.655%
UOPQ_STAGE_OFF_PATH                             159509        5.327%           451953        7.345%
                                               2994204      100.000%          6153612      100.000%
                                                  1.05         0.33              1.07         0.39

MAP_STAGE_STARVED                                52483        1.830%           151942        2.625%
MAP_STAGE_NOT_STARVED                          2814872       98.170%          5635911       97.375%
                                               2867355      100.000%          5787853      100.000%
                                                  0.98         0.97              0.97         0.96

MAP_STAGE_STALLED                                   15        0.001%               31        0.001%
MAP_STAGE_NOT_STALLED                          2867340       95.763%          5787822       94.056%
MAP_STAGE_OFF_PATH                              126849        4.236%           365759        5.944%
                                               2994204      100.000%          6153612      100.000%
                                                  1.04         0.29              1.06         0.35

EXEC_STAGE_STARVED                             1914847       63.952%          3965942       64.449%
EXEC_STAGE_NOT_STARVED                         1005441       33.580%          1975108       32.097%
EXEC_STAGE_OFF_PATH                              73916        2.469%           212562        3.454%
                                               2994204      100.000%          6153612      100.000%
                                                  0.39         0.44              0.39         0.46

FU_BUSY_0                                      2667048                        5410115              

FU_BUSY_1                                      2281042                        4598859              

FU_BUSY_2                                      1652217                        3354102              

FU_BUSY_3                                      1486102                        2991825              

FU_BUSY_4                                      1794363                        3582046              

FU_BUSY_5                                      1677630                        3348362              

FU_BUSY_6                                      1401721                        2796993              

FU_BUSY_7                                      1401132                        2796775              

FU_BUSY_8                                            0                              0              

FU_BUSY_9                                            0                              0              

FU_BUSY_10                                           0                              0              

FU_BUSY_11                                           0                              0              

FU_BUSY_12                                           0                              0              

FU_BUSY_13                                           0                              0              

FU_BUSY_14                                           0                              0              

FU_BUSY_15                                           0                              0              

FU_BUSY_16                                           0                              0              

FU_BUSY_17                                           0                              0              

FU_BUSY_18                                           0                              0              

FU_BUSY_19                                           0                              0              

FU_BUSY_20                                           0                              0              

FU_BUSY_21                                           0                              0              

FU_BUSY_22                                           0                              0              

FU_BUSY_23                                           0                              0              

FU_BUSY_24                                           0                              0              

FU_BUSY_25                                           0                              0              

FU_BUSY_26                                           0                              0              

FU_BUSY_27                                           0                              0              

FU_BUSY_28                                           0                              0              

FU_BUSY_29                                           0                              0              

FU_BUSY_30                                           0                              0              

FU_BUSY_31                                           0                              0              

FU_REJECTED_OP_INV_NOT_SIMD                          0        0.000%                0        0.000%
FU_REJECTED_OP_NOP_NOT_SIMD                          0        0.000%                0        0.000%
FU_REJECTED_OP_CF_NOT_SIMD                         370        0.045%              850        0.052%
FU_REJECTED_OP_MOV_NOT_SIMD                          8        0.001%               17        0.001%
FU_REJECTED_OP_CMOV_NOT_SIMD                         0        0.000%                0        0.000%
FU_REJECTED_OP_LDA_NOT_SIMD                         13        0.002%               39        0.002%
FU_REJECTED_OP_IMEM_NOT_SIMD                       129        0.016%              330        0.020%
FU_REJECTED_OP_IADD_NOT_SIMD                    823361       99.814%          1624547       99.749%
FU_REJECTED_OP_IMUL_NOT_SIMD                       586        0.071%             1731        0.106%
FU_REJECTED_OP_IDIV_NOT_SIMD                         0        0.000%                0        0.000%
FU_REJECTED_OP_ICMP_NOT_SIMD                         0        0.000%                0        0.000%
FU_REJECTED_OP_LOGIC_NOT_SIMD                      102        0.012%              273        0.017%
FU_REJECTED_OP_SHIFT_NOT_SIMD                      329        0.040%              841        0.052%
FU_REJECTED_OP_FMEM_NOT_SIMD                         0        0.000%                0        0.000%
FU_REJECTED_OP_FCVT_NOT_SIMD                         0        0.000%                0        0.000%
FU_REJECTED_OP_FADD_NOT_SIMD                         0        0.000%                0        0.000%
FU_REJECTED_OP_FMUL_NOT_SIMD                         0        0.000%                0        0.000%
FU_REJECTED_OP_FMA_NOT_SIMD                          0        0.000%                0        0.000%
FU_REJECTED_OP_FDIV_NOT_SIMD                         0        0.000%                0        0.000%
FU_REJECTED_OP_FCMP_NOT_SIMD                         0        0.000%                0        0.000%
FU_REJECTED_OP_FCMOV_NOT_SIMD                        0        0.000%                0        0.000%
FU_REJECTED_OP_GATHER_NOT_SIMD                       0        0.000%                0        0.000%
FU_REJECTED_OP_SCATTER_NOT_SIMD                      0        0.000%                0        0.000%
FU_REJECTED_OP_PIPELINED_FAST_NOT_SIMD               0        0.000%                0        0.000%
FU_REJECTED_OP_PIPELINED_MEDIUM_NOT_SIMD             0        0.000%                0        0.000%
FU_REJECTED_OP_PIPELINED_SLOW_NOT_SIMD               0        0.000%                0        0.000%
FU_REJECTED_OP_NOTPIPELINED_MEDIUM_NOT_SIMD             0        0.000%                0        0.000%
FU_REJECTED_OP_NOTPIPELINED_SLOW_NOT_SIMD             0        0.000%                0        0.000%
FU_REJECTED_OP_NOTPIPELINED_VERY_SLOW_NOT_SIMD             0        0.000%                0        0.000%
FU_REJECTED_OP_INV_SIMD                              0        0.000%                0        0.000%
FU_REJECTED_OP_NOP_SIMD                              0        0.000%                0        0.000%
FU_REJECTED_OP_CF_SIMD                               0        0.000%                0        0.000%
FU_REJECTED_OP_MOV_SIMD                              0        0.000%                0        0.000%
FU_REJECTED_OP_CMOV_SIMD                             0        0.000%                0        0.000%
FU_REJECTED_OP_LDA_SIMD                              0        0.000%                0        0.000%
FU_REJECTED_OP_IMEM_SIMD                             0        0.000%                0        0.000%
FU_REJECTED_OP_IADD_SIMD                             0        0.000%                0        0.000%
FU_REJECTED_OP_IMUL_SIMD                             0        0.000%                0        0.000%
FU_REJECTED_OP_IDIV_SIMD                             0        0.000%                0        0.000%
FU_REJECTED_OP_ICMP_SIMD                             0        0.000%                0        0.000%
FU_REJECTED_OP_LOGIC_SIMD                            0        0.000%                0        0.000%
FU_REJECTED_OP_SHIFT_SIMD                            0        0.000%                0        0.000%
FU_REJECTED_OP_FMEM_SIMD                             0        0.000%                0        0.000%
FU_REJECTED_OP_FCVT_SIMD                             0        0.000%                0        0.000%
FU_REJECTED_OP_FADD_SIMD                             0        0.000%                0        0.000%
FU_REJECTED_OP_FMUL_SIMD                             0        0.000%                0        0.000%
FU_REJECTED_OP_FMA_SIMD                              0        0.000%                0        0.000%
FU_REJECTED_OP_FDIV_SIMD                             0        0.000%                0        0.000%
FU_REJECTED_OP_FCMP_SIMD                             0        0.000%                0        0.000%
FU_REJECTED_OP_FCMOV_SIMD                            0        0.000%                0        0.000%
FU_REJECTED_OP_GATHER_SIMD                           0        0.000%                0        0.000%
FU_REJECTED_OP_SCATTER_SIMD                          0        0.000%                0        0.000%
FU_REJECTED_OP_PIPELINED_FAST_SIMD                   0        0.000%                0        0.000%
FU_REJECTED_OP_PIPELINED_MEDIUM_SIMD                 0        0.000%                0        0.000%
FU_REJECTED_OP_PIPELINED_SLOW_SIMD                   0        0.000%                0        0.000%
FU_REJECTED_OP_NOTPIPELINED_MEDIUM_SIMD              0        0.000%                0        0.000%
FU_REJECTED_OP_NOTPIPELINED_SLOW_SIMD                0        0.000%                0        0.000%
FU_REJECTED_OP_NOTPIPELINED_VERY_SLOW_SIMD             0        0.000%                0        0.000%
                                                824898      100.000%          1628628      100.000%
                                                  7.00         0.16              7.00         0.17

OP_WAIT_0                                      7505324                       15008038              

OP_WAIT_1                                      2679876                        5435056              

OP_WAIT_2                                      1102529                        2213498              

OP_WAIT_3                                       548447                        1085349              

OP_WAIT_4                                       354906                         699092              

OP_WAIT_5                                       256004                         499850              

OP_WAIT_6                                       178078                         345962              

OP_WAIT_7                                       128896                         250316              

OP_WAIT_8                                        96179                         186093              

OP_WAIT_9                                        68867                         134148              

OP_WAIT_10                                       51545                          98690              

OP_WAIT_11                                       35511                          68858              

OP_WAIT_12                                       27626                          52981              

OP_WAIT_13                                       20207                          38161              

OP_WAIT_14                                       15517                          29488              

OP_WAIT_15                                       12350                          23379              

OP_WAIT_16                                        9536                          18283              

OP_WAIT_17                                        7636                          14752              

OP_WAIT_18                                        6361                          11965              

OP_WAIT_19                                        5466                          10461              

OP_WAIT_20                                        4820                           9305              

OP_WAIT_21                                        4132                           7968              

OP_WAIT_22                                        3530                           6645              

OP_WAIT_23                                        2745                           5311              

OP_WAIT_24                                        2078                           4025              

OP_WAIT_25                                        1923                           3551              

OP_WAIT_26                                        1376                           2582              

OP_WAIT_27                                         965                           1867              

OP_WAIT_28                                         682                           1402              

OP_WAIT_29                                         584                           1216              

OP_WAIT_30                                         489                            864              

OP_WAIT_31                                        1255                           2253              

ROW_SIZE_0                                      603599                        1315650              

ROW_SIZE_1                                      105841                         238695              

ROW_SIZE_2                                       35051                          76561              

ROW_SIZE_3                                      127183                         277480              

ROW_SIZE_4                                       35782                          77317              

ROW_SIZE_5                                       28362                          63290              

ROW_SIZE_6                                     2048835                        4070239              

ROW_SIZE_7                                           0                              0              

ROW_SIZE_8                                           0                              0              

ROW_SIZE_9                                           0                              0              

ROW_SIZE_10                                          0                              0              

ROW_SIZE_11                                          0                              0              

ROW_SIZE_12                                          0                              0              

ROW_SIZE_13                                          0                              0              

ROW_SIZE_14                                          0                              0              

ROW_SIZE_15                                          0                              0              

ROW_SIZE_16                                          0                              0              

ROW_SIZE_17                                          0                              0              

ROW_SIZE_18                                          0                              0              

ROW_SIZE_19                                          0                              0              

ROW_SIZE_20                                          0                              0              

ROW_SIZE_21                                          0                              0              

ROW_SIZE_22                                          0                              0              

ROW_SIZE_23                                          0                              0              

ROW_SIZE_24                                          0                              0              

ROW_SIZE_25                                          0                              0              

ROW_SIZE_26                                          0                              0              

ROW_SIZE_27                                          0                              0              

ROW_SIZE_28                                          0                              0              

ROW_SIZE_29                                          0                              0              

ROW_SIZE_30                                          0                              0              

ROW_SIZE_31                                          0                              0              

RET_OP_EXEC_COUNT_0                                  0        0.000%                0        0.000%
RET_OP_EXEC_COUNT_1                           13135440      100.000%         26271409      100.000%
RET_OP_EXEC_COUNT_2                                  0        0.000%                0        0.000%
RET_OP_EXEC_COUNT_3                                  0        0.000%                0        0.000%
RET_OP_EXEC_COUNT_4                                  0        0.000%                0        0.000%
RET_OP_EXEC_COUNT_5                                  0        0.000%                0        0.000%
RET_OP_EXEC_COUNT_6                                  0        0.000%                0        0.000%
RET_OP_EXEC_COUNT_7                                  0        0.000%                0        0.000%
RET_OP_EXEC_COUNT_8                                  0        0.000%                0        0.000%
RET_OP_EXEC_COUNT_9                                  0        0.000%                0        0.000%
RET_OP_EXEC_COUNT_10                                 0        0.000%                0        0.000%
RET_OP_EXEC_COUNT_11                                 0        0.000%                0        0.000%
RET_OP_EXEC_COUNT_12                                 0        0.000%                0        0.000%
RET_OP_EXEC_COUNT_13                                 0        0.000%                0        0.000%
RET_OP_EXEC_COUNT_14                                 0        0.000%                0        0.000%
RET_OP_EXEC_COUNT_15                                 0        0.000%                0        0.000%
RET_OP_EXEC_COUNT_16                                 0        0.000%                0        0.000%
RET_OP_EXEC_COUNT_17                                 0        0.000%                0        0.000%
RET_OP_EXEC_COUNT_18                                 0        0.000%                0        0.000%
RET_OP_EXEC_COUNT_19                                 0        0.000%                0        0.000%
RET_OP_EXEC_COUNT_20                                 0        0.000%                0        0.000%
RET_OP_EXEC_COUNT_21                                 0        0.000%                0        0.000%
RET_OP_EXEC_COUNT_22                                 0        0.000%                0        0.000%
RET_OP_EXEC_COUNT_23                                 0        0.000%                0        0.000%
RET_OP_EXEC_COUNT_24                                 0        0.000%                0        0.000%
RET_OP_EXEC_COUNT_25                                 0        0.000%                0        0.000%
RET_OP_EXEC_COUNT_26                                 0        0.000%                0        0.000%
RET_OP_EXEC_COUNT_27                                 0        0.000%                0        0.000%
RET_OP_EXEC_COUNT_28                                 0        0.000%                0        0.000%
RET_OP_EXEC_COUNT_29                                 0        0.000%                0        0.000%
RET_OP_EXEC_COUNT_30                                 0        0.000%                0        0.000%
RET_OP_EXEC_COUNT_31                                 0        0.000%                0        0.000%
RET_OP_EXEC_COUNT_32                                 0        0.000%                0        0.000%
                                              13135440      100.000%         26271409      100.000%
                                                  1.00         0.00              1.00         0.00

RET_STALL_LENGTH_0                            13135440      100.000%         26271400      100.000%
RET_STALL_LENGTH_100                                 0        0.000%                6        0.000%
RET_STALL_LENGTH_200                                 0        0.000%                1        0.000%
RET_STALL_LENGTH_300                                 0        0.000%                0        0.000%
RET_STALL_LENGTH_400                                 0        0.000%                1        0.000%
RET_STALL_LENGTH_500                                 0        0.000%                0        0.000%
RET_STALL_LENGTH_600                                 0        0.000%                0        0.000%
RET_STALL_LENGTH_700                                 0        0.000%                0        0.000%
RET_STALL_LENGTH_800                                 0        0.000%                1        0.000%
RET_STALL_LENGTH_900                                 0        0.000%                0        0.000%
RET_STALL_LENGTH_1000                                0        0.000%                0        0.000%
RET_STALL_LENGTH_1100                                0        0.000%                0        0.000%
RET_STALL_LENGTH_1200                                0        0.000%                0        0.000%
RET_STALL_LENGTH_1300                                0        0.000%                0        0.000%
RET_STALL_LENGTH_1400                                0        0.000%                0        0.000%
RET_STALL_LENGTH_1500                                0        0.000%                0        0.000%
RET_STALL_LENGTH_1600                                0        0.000%                0        0.000%
RET_STALL_LENGTH_1700                                0        0.000%                0        0.000%
RET_STALL_LENGTH_1800                                0        0.000%                0        0.000%
RET_STALL_LENGTH_1900                                0        0.000%                0        0.000%
RET_STALL_LENGTH_2000                                0        0.000%                0        0.000%
RET_STALL_LENGTH_2100                                0        0.000%                0        0.000%
RET_STALL_LENGTH_2200                                0        0.000%                0        0.000%
RET_STALL_LENGTH_2300                                0        0.000%                0        0.000%
RET_STALL_LENGTH_2400                                0        0.000%                0        0.000%
RET_STALL_LENGTH_2500                                0        0.000%                0        0.000%
RET_STALL_LENGTH_2600                                0        0.000%                0        0.000%
RET_STALL_LENGTH_2700                                0        0.000%                0        0.000%
RET_STALL_LENGTH_2800                                0        0.000%                0        0.000%
RET_STALL_LENGTH_2900                                0        0.000%                0        0.000%
RET_STALL_LENGTH_3000                                0        0.000%                0        0.000%
RET_STALL_LENGTH_3100                                0        0.000%                0        0.000%
RET_STALL_LENGTH_3200                                0        0.000%                0        0.000%
RET_STALL_LENGTH_3300                                0        0.000%                0        0.000%
RET_STALL_LENGTH_3400                                0        0.000%                0        0.000%
RET_STALL_LENGTH_3500                                0        0.000%                0        0.000%
RET_STALL_LENGTH_3600                                0        0.000%                0        0.000%
RET_STALL_LENGTH_3700                                0        0.000%                0        0.000%
RET_STALL_LENGTH_3800                                0        0.000%                0        0.000%
RET_STALL_LENGTH_3900                                0        0.000%                0        0.000%
RET_STALL_LENGTH_4000                                0        0.000%                0        0.000%
RET_STALL_LENGTH_4100                                0        0.000%                0        0.000%
RET_STALL_LENGTH_4200                                0        0.000%                0        0.000%
RET_STALL_LENGTH_4300                                0        0.000%                0        0.000%
RET_STALL_LENGTH_4400                                0        0.000%                0        0.000%
RET_STALL_LENGTH_4500                                0        0.000%                0        0.000%
RET_STALL_LENGTH_4600                                0        0.000%                0        0.000%
RET_STALL_LENGTH_4700                                0        0.000%                0        0.000%
RET_STALL_LENGTH_4800                                0        0.000%                0        0.000%
RET_STALL_LENGTH_4900                                0        0.000%                0        0.000%
RET_STALL_LENGTH_5000                                0        0.000%                0        0.000%
                                              13135440      100.000%         26271409      100.000%
                                                  0.00         0.00              0.00         0.00

MEM_BLOCK_LENGTH_0                                   0         -nan%                1      100.000%
MEM_BLOCK_LENGTH_100                                 0         -nan%                0        0.000%
MEM_BLOCK_LENGTH_200                                 0         -nan%                0        0.000%
MEM_BLOCK_LENGTH_300                                 0         -nan%                0        0.000%
MEM_BLOCK_LENGTH_400                                 0         -nan%                0        0.000%
MEM_BLOCK_LENGTH_500                                 0         -nan%                0        0.000%
MEM_BLOCK_LENGTH_600                                 0         -nan%                0        0.000%
MEM_BLOCK_LENGTH_700                                 0         -nan%                0        0.000%
MEM_BLOCK_LENGTH_800                                 0         -nan%                0        0.000%
MEM_BLOCK_LENGTH_900                                 0         -nan%                0        0.000%
MEM_BLOCK_LENGTH_1000                                0         -nan%                0        0.000%
MEM_BLOCK_LENGTH_1100                                0         -nan%                0        0.000%
MEM_BLOCK_LENGTH_1200                                0         -nan%                0        0.000%
MEM_BLOCK_LENGTH_1300                                0         -nan%                0        0.000%
MEM_BLOCK_LENGTH_1400                                0         -nan%                0        0.000%
MEM_BLOCK_LENGTH_1500                                0         -nan%                0        0.000%
MEM_BLOCK_LENGTH_1600                                0         -nan%                0        0.000%
MEM_BLOCK_LENGTH_1700                                0         -nan%                0        0.000%
MEM_BLOCK_LENGTH_1800                                0         -nan%                0        0.000%
MEM_BLOCK_LENGTH_1900                                0         -nan%                0        0.000%
MEM_BLOCK_LENGTH_2000                                0         -nan%                0        0.000%
MEM_BLOCK_LENGTH_2100                                0         -nan%                0        0.000%
MEM_BLOCK_LENGTH_2200                                0         -nan%                0        0.000%
MEM_BLOCK_LENGTH_2300                                0         -nan%                0        0.000%
MEM_BLOCK_LENGTH_2400                                0         -nan%                0        0.000%
MEM_BLOCK_LENGTH_2500                                0         -nan%                0        0.000%
MEM_BLOCK_LENGTH_2600                                0         -nan%                0        0.000%
MEM_BLOCK_LENGTH_2700                                0         -nan%                0        0.000%
MEM_BLOCK_LENGTH_2800                                0         -nan%                0        0.000%
MEM_BLOCK_LENGTH_2900                                0         -nan%                0        0.000%
MEM_BLOCK_LENGTH_3000                                0         -nan%                0        0.000%
MEM_BLOCK_LENGTH_3100                                0         -nan%                0        0.000%
MEM_BLOCK_LENGTH_3200                                0         -nan%                0        0.000%
MEM_BLOCK_LENGTH_3300                                0         -nan%                0        0.000%
MEM_BLOCK_LENGTH_3400                                0         -nan%                0        0.000%
MEM_BLOCK_LENGTH_3500                                0         -nan%                0        0.000%
MEM_BLOCK_LENGTH_3600                                0         -nan%                0        0.000%
MEM_BLOCK_LENGTH_3700                                0         -nan%                0        0.000%
MEM_BLOCK_LENGTH_3800                                0         -nan%                0        0.000%
MEM_BLOCK_LENGTH_3900                                0         -nan%                0        0.000%
MEM_BLOCK_LENGTH_4000                                0         -nan%                0        0.000%
MEM_BLOCK_LENGTH_4100                                0         -nan%                0        0.000%
MEM_BLOCK_LENGTH_4200                                0         -nan%                0        0.000%
MEM_BLOCK_LENGTH_4300                                0         -nan%                0        0.000%
MEM_BLOCK_LENGTH_4400                                0         -nan%                0        0.000%
MEM_BLOCK_LENGTH_4500                                0         -nan%                0        0.000%
MEM_BLOCK_LENGTH_4600                                0         -nan%                0        0.000%
MEM_BLOCK_LENGTH_4700                                0         -nan%                0        0.000%
MEM_BLOCK_LENGTH_4800                                0         -nan%                0        0.000%
MEM_BLOCK_LENGTH_4900                                0         -nan%                0        0.000%
MEM_BLOCK_LENGTH_5000                                0         -nan%                0        0.000%
                                                     0         -nan%                1      100.000%
                                                  -nan         -nan              0.00         -nan

FUS_BUSY_ON_PATH                              14146502        4.7246         28264286        4.5931

FUS_BUSY_OFF_PATH                               214753        0.0717           614791        0.0999

FU_BUSY_MEM_STALL                              1018916        0.3403          2014174        0.3273

FUS_EMPTY                                      9592377        3.2036         20349819        3.3070

FU_UNAVAILABLE                                    1637        0.0005             4385        0.0007

FU_MEM_UNAVAILABLE                              823261        0.2750          1624243        0.2639

FU_REPLAY                                            0        0.0000                0        0.0000

FU_STARVED                                     9564482        3.1943         20269497        3.2939

CHIP_UTILIZATION                                     0        0.0000                0        0.0000

CYCLES_UNDER_MEM_REQ                                 0                              0              

CYCLES_UNDER_NO_MEM_REQ                              0                              0              

CYCLES_UNDER_CRITICAL_MEM_REQ                        0                              0              

CYCLES_UNDER_NONCRITICAL_MEM_REQ                     0                              0              

CHIP_UTILIZATION_UNDER_MEM_REQ                       0          -nan                0          -nan

CHIP_UTILIZATION_UNDER_NO_MEM_REQ                    0          -nan                0          -nan

CHIP_UTILIZATION_UNDER_CRITICAL_MEM_REQ              0          -nan                0          -nan

CHIP_UTILIZATION_UNDER_NONCRITICAL_MEM_REQ             0          -nan                0          -nan

CYCLES_NOT_WAITING_FOR_OFF_CHIP                      0        0.0000                0        0.0000

FUS_BUSY_NOT_WAITING_FOR_OFF_CHIP                    0          -nan                0          -nan

CYCLES_WAITING_FOR_OFF_CHIP                          0        0.0000                0        0.0000

FUS_BUSY_WAITING_FOR_OFF_CHIP                        0          -nan                0          -nan

TOTAL_OFF_CHIP_DELAYS_LEFT                           0                              0              

WRONG_IO_SCHED                                       0                              0              

DVFS_CONFIG_SWITCH                                   0                              0              

MAP_STAGE_RECEIVED_OPS_0                             0        0.000%                0        0.000%
MAP_STAGE_RECEIVED_OPS_1                        238199        8.483%           478084        8.514%
MAP_STAGE_RECEIVED_OPS_2                        220552        7.855%           438982        7.817%
MAP_STAGE_RECEIVED_OPS_3                        171055        6.092%           343693        6.120%
MAP_STAGE_RECEIVED_OPS_4                        195058        6.947%           387388        6.898%
MAP_STAGE_RECEIVED_OPS_5                        749272       26.684%          1509899       26.888%
MAP_STAGE_RECEIVED_OPS_6                       1233823       43.940%          2457532       43.763%
MAP_STAGE_RECEIVED_OPS_7                             0        0.000%                0        0.000%
MAP_STAGE_RECEIVED_OPS_8                             0        0.000%                0        0.000%
MAP_STAGE_RECEIVED_OPS_MAX                           0        0.000%                0        0.000%
                                               2807959      100.000%          5615578      100.000%
                                                  4.67         1.65              4.67         1.65

MAP_STAGE_WAIT_FOR_DECODE                            0         -nan%                0         -nan%
MAP_STAGE_CONSUME_DECODE                             0         -nan%                0         -nan%
                                                     0         -nan%                0         -nan%
                                                  -nan         -nan              -nan         -nan

MAP_STAGE_WAIT_FOR_DECODE2                           0         -nan%                0         -nan%
MAP_STAGE_CONSUME_DECODE2                            0         -nan%                0         -nan%
                                                     0         -nan%                0         -nan%
                                                  -nan         -nan              -nan         -nan

FTQ_RECOVER_EXEC                                  6898                          20302              

FTQ_RECOVER_DECODE                                   0                             35              

FTQ_OFFPATH_CYCLES                              514896                        1402775              

FTQ_CYCLES_OFFPATH                              508101                        1385976              

FTQ_CYCLES_ONPATH                              2486103                        4767636              

FTQ_FETCHED_INS_OFFPATH                        3088659                        9121077              

FTQ_FETCHED_INS_ONPATH                        13128178                       26251072              

FTQ_BREAK_FULL_FT_ONPATH                       2409046       97.174%          4564127       96.144%
FTQ_BREAK_MAX_CFS_TAKEN_ONPATH                   52132        2.103%           135810        2.861%
FTQ_BREAK_MAX_BYTES_ONPATH                       17916        0.723%            47251        0.995%
FTQ_BREAK_PRED_BR_ONPATH                             0        0.000%                0        0.000%
FTQ_BREAK_BAR_FETCH_ONPATH                           0        0.000%                0        0.000%
                                               2479094      100.000%          4747188      100.000%
                                                  0.04         0.22              0.05         0.25

FTQ_BREAK_FULL_FT_OFFPATH                       496498       96.408%          1328020       94.433%
FTQ_BREAK_MAX_CFS_TAKEN_OFFPATH                   9004        1.748%            37737        2.683%
FTQ_BREAK_MAX_BYTES_OFFPATH                       9497        1.844%            40556        2.884%
FTQ_BREAK_PRED_BR_OFFPATH                            0        0.000%                0        0.000%
FTQ_BREAK_BAR_FETCH_OFFPATH                          0        0.000%                0        0.000%
                                                514999      100.000%          1406313      100.000%
                                                  0.05         0.29              0.08         0.36



