               ramulator.active_cycles_0             2938490                                      # Total active cycles for level _0
                 ramulator.busy_cycles_0             2938490                                      # (All-bank refresh only. busy cycles only include refresh time in rank level) The sum of cycles that the DRAM part is active or under refresh for level _0
            ramulator.serving_requests_0             8400441                                      # The sum of read and write requests that are served in this DRAM element per memory cycle for level _0
    ramulator.average_serving_requests_0            1.525035                                      # The average of read and write requests that are served in this DRAM element per memory cycle for level _0
             ramulator.active_cycles_0_0             2938490                                      # Total active cycles for level _0_0
               ramulator.busy_cycles_0_0             3091790                                      # (All-bank refresh only. busy cycles only include refresh time in rank level) The sum of cycles that the DRAM part is active or under refresh for level _0_0
          ramulator.serving_requests_0_0             8400441                                      # The sum of read and write requests that are served in this DRAM element per memory cycle for level _0_0
  ramulator.average_serving_requests_0_0            1.525035                                      # The average of read and write requests that are served in this DRAM element per memory cycle for level _0_0
           ramulator.active_cycles_0_0_0             1368337                                      # Total active cycles for level _0_0_0
             ramulator.busy_cycles_0_0_0             1368337                                      # (All-bank refresh only. busy cycles only include refresh time in rank level) The sum of cycles that the DRAM part is active or under refresh for level _0_0_0
        ramulator.serving_requests_0_0_0             2172669                                      # The sum of read and write requests that are served in this DRAM element per memory cycle for level _0_0_0
ramulator.average_serving_requests_0_0_0            0.394431                                      # The average of read and write requests that are served in this DRAM element per memory cycle for level _0_0_0
         ramulator.active_cycles_0_0_0_0              383001                                      # Total active cycles for level _0_0_0_0
           ramulator.busy_cycles_0_0_0_0              383001                                      # (All-bank refresh only. busy cycles only include refresh time in rank level) The sum of cycles that the DRAM part is active or under refresh for level _0_0_0_0
      ramulator.serving_requests_0_0_0_0              496413                                      # The sum of read and write requests that are served in this DRAM element per memory cycle for level _0_0_0_0
ramulator.average_serving_requests_0_0_0_0            0.090120                                      # The average of read and write requests that are served in this DRAM element per memory cycle for level _0_0_0_0
         ramulator.active_cycles_0_0_0_1              404378                                      # Total active cycles for level _0_0_0_1
           ramulator.busy_cycles_0_0_0_1              404378                                      # (All-bank refresh only. busy cycles only include refresh time in rank level) The sum of cycles that the DRAM part is active or under refresh for level _0_0_0_1
      ramulator.serving_requests_0_0_0_1              525380                                      # The sum of read and write requests that are served in this DRAM element per memory cycle for level _0_0_0_1
ramulator.average_serving_requests_0_0_0_1            0.095379                                      # The average of read and write requests that are served in this DRAM element per memory cycle for level _0_0_0_1
         ramulator.active_cycles_0_0_0_2              515773                                      # Total active cycles for level _0_0_0_2
           ramulator.busy_cycles_0_0_0_2              515773                                      # (All-bank refresh only. busy cycles only include refresh time in rank level) The sum of cycles that the DRAM part is active or under refresh for level _0_0_0_2
      ramulator.serving_requests_0_0_0_2              652175                                      # The sum of read and write requests that are served in this DRAM element per memory cycle for level _0_0_0_2
ramulator.average_serving_requests_0_0_0_2            0.118397                                      # The average of read and write requests that are served in this DRAM element per memory cycle for level _0_0_0_2
         ramulator.active_cycles_0_0_0_3              369169                                      # Total active cycles for level _0_0_0_3
           ramulator.busy_cycles_0_0_0_3              369169                                      # (All-bank refresh only. busy cycles only include refresh time in rank level) The sum of cycles that the DRAM part is active or under refresh for level _0_0_0_3
      ramulator.serving_requests_0_0_0_3              498701                                      # The sum of read and write requests that are served in this DRAM element per memory cycle for level _0_0_0_3
ramulator.average_serving_requests_0_0_0_3            0.090535                                      # The average of read and write requests that are served in this DRAM element per memory cycle for level _0_0_0_3
           ramulator.active_cycles_0_0_1             1516033                                      # Total active cycles for level _0_0_1
             ramulator.busy_cycles_0_0_1             1516033                                      # (All-bank refresh only. busy cycles only include refresh time in rank level) The sum of cycles that the DRAM part is active or under refresh for level _0_0_1
        ramulator.serving_requests_0_0_1             2270113                                      # The sum of read and write requests that are served in this DRAM element per memory cycle for level _0_0_1
ramulator.average_serving_requests_0_0_1            0.412122                                      # The average of read and write requests that are served in this DRAM element per memory cycle for level _0_0_1
         ramulator.active_cycles_0_0_1_0              550334                                      # Total active cycles for level _0_0_1_0
           ramulator.busy_cycles_0_0_1_0              550334                                      # (All-bank refresh only. busy cycles only include refresh time in rank level) The sum of cycles that the DRAM part is active or under refresh for level _0_0_1_0
      ramulator.serving_requests_0_0_1_0              698771                                      # The sum of read and write requests that are served in this DRAM element per memory cycle for level _0_0_1_0
ramulator.average_serving_requests_0_0_1_0            0.126856                                      # The average of read and write requests that are served in this DRAM element per memory cycle for level _0_0_1_0
         ramulator.active_cycles_0_0_1_1              529503                                      # Total active cycles for level _0_0_1_1
           ramulator.busy_cycles_0_0_1_1              529503                                      # (All-bank refresh only. busy cycles only include refresh time in rank level) The sum of cycles that the DRAM part is active or under refresh for level _0_0_1_1
      ramulator.serving_requests_0_0_1_1              607645                                      # The sum of read and write requests that are served in this DRAM element per memory cycle for level _0_0_1_1
ramulator.average_serving_requests_0_0_1_1            0.110313                                      # The average of read and write requests that are served in this DRAM element per memory cycle for level _0_0_1_1
         ramulator.active_cycles_0_0_1_2              390055                                      # Total active cycles for level _0_0_1_2
           ramulator.busy_cycles_0_0_1_2              390055                                      # (All-bank refresh only. busy cycles only include refresh time in rank level) The sum of cycles that the DRAM part is active or under refresh for level _0_0_1_2
      ramulator.serving_requests_0_0_1_2              504775                                      # The sum of read and write requests that are served in this DRAM element per memory cycle for level _0_0_1_2
ramulator.average_serving_requests_0_0_1_2            0.091638                                      # The average of read and write requests that are served in this DRAM element per memory cycle for level _0_0_1_2
         ramulator.active_cycles_0_0_1_3              334848                                      # Total active cycles for level _0_0_1_3
           ramulator.busy_cycles_0_0_1_3              334848                                      # (All-bank refresh only. busy cycles only include refresh time in rank level) The sum of cycles that the DRAM part is active or under refresh for level _0_0_1_3
      ramulator.serving_requests_0_0_1_3              458922                                      # The sum of read and write requests that are served in this DRAM element per memory cycle for level _0_0_1_3
ramulator.average_serving_requests_0_0_1_3            0.083314                                      # The average of read and write requests that are served in this DRAM element per memory cycle for level _0_0_1_3
           ramulator.active_cycles_0_0_2             1321041                                      # Total active cycles for level _0_0_2
             ramulator.busy_cycles_0_0_2             1321041                                      # (All-bank refresh only. busy cycles only include refresh time in rank level) The sum of cycles that the DRAM part is active or under refresh for level _0_0_2
        ramulator.serving_requests_0_0_2             1990154                                      # The sum of read and write requests that are served in this DRAM element per memory cycle for level _0_0_2
ramulator.average_serving_requests_0_0_2            0.361297                                      # The average of read and write requests that are served in this DRAM element per memory cycle for level _0_0_2
         ramulator.active_cycles_0_0_2_0              340971                                      # Total active cycles for level _0_0_2_0
           ramulator.busy_cycles_0_0_2_0              340971                                      # (All-bank refresh only. busy cycles only include refresh time in rank level) The sum of cycles that the DRAM part is active or under refresh for level _0_0_2_0
      ramulator.serving_requests_0_0_2_0              449470                                      # The sum of read and write requests that are served in this DRAM element per memory cycle for level _0_0_2_0
ramulator.average_serving_requests_0_0_2_0            0.081598                                      # The average of read and write requests that are served in this DRAM element per memory cycle for level _0_0_2_0
         ramulator.active_cycles_0_0_2_1              289590                                      # Total active cycles for level _0_0_2_1
           ramulator.busy_cycles_0_0_2_1              289590                                      # (All-bank refresh only. busy cycles only include refresh time in rank level) The sum of cycles that the DRAM part is active or under refresh for level _0_0_2_1
      ramulator.serving_requests_0_0_2_1              384159                                      # The sum of read and write requests that are served in this DRAM element per memory cycle for level _0_0_2_1
ramulator.average_serving_requests_0_0_2_1            0.069741                                      # The average of read and write requests that are served in this DRAM element per memory cycle for level _0_0_2_1
         ramulator.active_cycles_0_0_2_2              444144                                      # Total active cycles for level _0_0_2_2
           ramulator.busy_cycles_0_0_2_2              444144                                      # (All-bank refresh only. busy cycles only include refresh time in rank level) The sum of cycles that the DRAM part is active or under refresh for level _0_0_2_2
      ramulator.serving_requests_0_0_2_2              552727                                      # The sum of read and write requests that are served in this DRAM element per memory cycle for level _0_0_2_2
ramulator.average_serving_requests_0_0_2_2            0.100343                                      # The average of read and write requests that are served in this DRAM element per memory cycle for level _0_0_2_2
         ramulator.active_cycles_0_0_2_3              496791                                      # Total active cycles for level _0_0_2_3
           ramulator.busy_cycles_0_0_2_3              496791                                      # (All-bank refresh only. busy cycles only include refresh time in rank level) The sum of cycles that the DRAM part is active or under refresh for level _0_0_2_3
      ramulator.serving_requests_0_0_2_3              603798                                      # The sum of read and write requests that are served in this DRAM element per memory cycle for level _0_0_2_3
ramulator.average_serving_requests_0_0_2_3            0.109615                                      # The average of read and write requests that are served in this DRAM element per memory cycle for level _0_0_2_3
           ramulator.active_cycles_0_0_3             1231079                                      # Total active cycles for level _0_0_3
             ramulator.busy_cycles_0_0_3             1231079                                      # (All-bank refresh only. busy cycles only include refresh time in rank level) The sum of cycles that the DRAM part is active or under refresh for level _0_0_3
        ramulator.serving_requests_0_0_3             1967505                                      # The sum of read and write requests that are served in this DRAM element per memory cycle for level _0_0_3
ramulator.average_serving_requests_0_0_3            0.357185                                      # The average of read and write requests that are served in this DRAM element per memory cycle for level _0_0_3
         ramulator.active_cycles_0_0_3_0              309318                                      # Total active cycles for level _0_0_3_0
           ramulator.busy_cycles_0_0_3_0              309318                                      # (All-bank refresh only. busy cycles only include refresh time in rank level) The sum of cycles that the DRAM part is active or under refresh for level _0_0_3_0
      ramulator.serving_requests_0_0_3_0              421599                                      # The sum of read and write requests that are served in this DRAM element per memory cycle for level _0_0_3_0
ramulator.average_serving_requests_0_0_3_0            0.076538                                      # The average of read and write requests that are served in this DRAM element per memory cycle for level _0_0_3_0
         ramulator.active_cycles_0_0_3_1              562606                                      # Total active cycles for level _0_0_3_1
           ramulator.busy_cycles_0_0_3_1              562606                                      # (All-bank refresh only. busy cycles only include refresh time in rank level) The sum of cycles that the DRAM part is active or under refresh for level _0_0_3_1
      ramulator.serving_requests_0_0_3_1              679134                                      # The sum of read and write requests that are served in this DRAM element per memory cycle for level _0_0_3_1
ramulator.average_serving_requests_0_0_3_1            0.123292                                      # The average of read and write requests that are served in this DRAM element per memory cycle for level _0_0_3_1
         ramulator.active_cycles_0_0_3_2              354864                                      # Total active cycles for level _0_0_3_2
           ramulator.busy_cycles_0_0_3_2              354864                                      # (All-bank refresh only. busy cycles only include refresh time in rank level) The sum of cycles that the DRAM part is active or under refresh for level _0_0_3_2
      ramulator.serving_requests_0_0_3_2              477086                                      # The sum of read and write requests that are served in this DRAM element per memory cycle for level _0_0_3_2
ramulator.average_serving_requests_0_0_3_2            0.086611                                      # The average of read and write requests that are served in this DRAM element per memory cycle for level _0_0_3_2
         ramulator.active_cycles_0_0_3_3              279676                                      # Total active cycles for level _0_0_3_3
           ramulator.busy_cycles_0_0_3_3              279676                                      # (All-bank refresh only. busy cycles only include refresh time in rank level) The sum of cycles that the DRAM part is active or under refresh for level _0_0_3_3
      ramulator.serving_requests_0_0_3_3              389686                                      # The sum of read and write requests that are served in this DRAM element per memory cycle for level _0_0_3_3
ramulator.average_serving_requests_0_0_3_3            0.070744                                      # The average of read and write requests that are served in this DRAM element per memory cycle for level _0_0_3_3
      ramulator.read_transaction_bytes_0            12820672                                      # The total byte of read transaction per channel
     ramulator.write_transaction_bytes_0             3020672                                      # The total byte of write transaction per channel
       ramulator.row_hits_channel_0_core              198926                                      # Number of row hits per channel per core
     ramulator.row_misses_channel_0_core                9106                                      # Number of row misses per channel per core
  ramulator.row_conflicts_channel_0_core               39489                                      # Number of row conflicts per channel per core
  ramulator.read_row_hits_channel_0_core              174776                                      # Number of row hits for read requests per channel per core
                                     [0]            174776.0                                      # 
ramulator.read_row_misses_channel_0_core                5632                                      # Number of row misses for read requests per channel per core
                                     [0]              5632.0                                      # 
ramulator.read_row_conflicts_channel_0_core               19915                                      # Number of row conflicts for read requests per channel per core
                                     [0]             19915.0                                      # 
 ramulator.write_row_hits_channel_0_core               24150                                      # Number of row hits for write requests per channel per core
                                     [0]             24150.0                                      # 
ramulator.write_row_misses_channel_0_core                3474                                      # Number of row misses for write requests per channel per core
                                     [0]              3474.0                                      # 
ramulator.write_row_conflicts_channel_0_core               19574                                      # Number of row conflicts for write requests per channel per core
                                     [0]             19574.0                                      # 
      ramulator.useless_activates_0_core                 379                                      # Number of useless activations. E.g, ACT -> PRE w/o RD or WR
            ramulator.read_latency_avg_0          125.200764                                      # The average memory latency cycles (in memory time domain) per request for all read requests in this channel
            ramulator.read_latency_sum_0            25088355                                      # The memory latency cycles (in memory time domain) sum for all read requests in this channel
        ramulator.req_queue_length_avg_0           17.006624                                      # Average of read and write queue length per memory cycle per channel.
        ramulator.req_queue_length_sum_0            93678573                                      # Sum of read and write queue length per memory cycle per channel.
   ramulator.read_req_queue_length_avg_0            4.471808                                      # Read queue length average per memory cycle per channel.
   ramulator.read_req_queue_length_sum_0            24632321                                      # Read queue length sum per memory cycle per channel.
  ramulator.write_req_queue_length_avg_0           12.534816                                      # Write queue length average per memory cycle per channel.
  ramulator.write_req_queue_length_sum_0            69046252                                      # Write queue length sum per memory cycle per channel.
              ramulator.record_read_hits                 0.0                                      # record read hit count for this core when it reaches request limit or to the end
                                     [0]                 0.0                                      # 
            ramulator.record_read_misses                 0.0                                      # record_read_miss count for this core when it reaches request limit or to the end
                                     [0]                 0.0                                      # 
         ramulator.record_read_conflicts                 0.0                                      # record read conflict count for this core when it reaches request limit or to the end
                                     [0]                 0.0                                      # 
             ramulator.record_write_hits                 0.0                                      # record write hit count for this core when it reaches request limit or to the end
                                     [0]                 0.0                                      # 
           ramulator.record_write_misses                 0.0                                      # record write miss count for this core when it reaches request limit or to the end
                                     [0]                 0.0                                      # 
        ramulator.record_write_conflicts                 0.0                                      # record write conflict for this core when it reaches request limit or to the end
                                     [0]                 0.0                                      # 
                 ramulator.dram_capacity          8589934592                                      # Number of bytes in simulated DRAM
                   ramulator.dram_cycles             5508358                                      # Number of DRAM cycles simulated
             ramulator.incoming_requests              247608                                      # Number of incoming requests to DRAM
                 ramulator.read_requests              200385                                      # Number of incoming read requests to DRAM per core
                                     [0]            200385.0                                      # 
                ramulator.write_requests               47223                                      # Number of incoming write requests to DRAM per core
                                     [0]             47223.0                                      # 
       ramulator.ramulator_active_cycles             2938490                                      # The total number of cycles that the DRAM part is active (serving R/W)
 ramulator.incoming_requests_per_channel            247608.0                                      # Number of incoming requests to each DRAM channel
                                     [0]            247608.0                                      # 
ramulator.incoming_read_reqs_per_channel            200385.0                                      # Number of incoming read requests to each DRAM channel
                                     [0]            200385.0                                      # 
     ramulator.physical_page_replacement                   0                                      # The number of times that physical page replacement happens.
             ramulator.maximum_bandwidth         19200000000                                      # The theoretical maximum bandwidth (Bps)
          ramulator.in_queue_req_num_sum            93678573                                      # Sum of read/write queue length
     ramulator.in_queue_read_req_num_sum            24632321                                      # Sum of read queue length
    ramulator.in_queue_write_req_num_sum            69046252                                      # Sum of write queue length
          ramulator.in_queue_req_num_avg           17.006624                                      # Average of read/write queue length per memory cycle
     ramulator.in_queue_read_req_num_avg            4.471808                                      # Average of read queue length per memory cycle
    ramulator.in_queue_write_req_num_avg           12.534816                                      # Average of write queue length per memory cycle
          ramulator.record_read_requests                 0.0                                      # record read requests for this core when it reaches request limit or to the end
                                     [0]                 0.0                                      # 
         ramulator.record_write_requests                 0.0                                      # record write requests for this core when it reaches request limit or to the end
                                     [0]                 0.0                                      # 
