Scarab gitrev: 3541854
Scarab started at Sat Oct 19 03:08:58 2024

Initialized Ramulator. 
** Heartbeat:   5% -- { 1000000 } -- 0.00 KIPS (17.24 KIPS)
** Heartbeat:  10% -- { 2000000 } -- 17.54 KIPS (17.39 KIPS)
** Heartbeat:  15% -- { 3000003 } -- 17.86 KIPS (17.54 KIPS)
** Heartbeat:  20% -- { 4000007 } -- 14.49 KIPS (16.67 KIPS)
** Heartbeat:  25% -- { 5000008 } -- 16.67 KIPS (16.67 KIPS)
** Heartbeat:  30% -- { 6000008 } -- 15.15 KIPS (16.39 KIPS)
** Heartbeat:  35% -- { 7000011 } -- 14.71 KIPS (16.13 KIPS)
** Heartbeat:  40% -- { 8000013 } -- 18.87 KIPS (16.43 KIPS)
** Heartbeat:  45% -- { 9000017 } -- 16.95 KIPS (16.48 KIPS)
** Heartbeat:  50% -- { 10000018 } -- 16.95 KIPS (16.53 KIPS)
** Heartbeat:  55% -- { 11000018 } -- 14.29 KIPS (16.30 KIPS)
** Heartbeat:  60% -- { 12000021 } -- 19.61 KIPS (16.53 KIPS)
** Heartbeat:  65% -- { 13000021 } -- 16.95 KIPS (16.56 KIPS)
** Heartbeat:  70% -- { 14000021 } -- 16.13 KIPS (16.53 KIPS)
** Heartbeat:  75% -- { 15000023 } -- 17.24 KIPS (16.57 KIPS)
** Heartbeat:  80% -- { 16000025 } -- 15.15 KIPS (16.48 KIPS)
** Heartbeat:  85% -- { 17000025 } -- 19.61 KIPS (16.63 KIPS)
** Heartbeat:  90% -- { 18000025 } -- 16.13 KIPS (16.61 KIPS)
** Heartbeat:  95% -- { 19000025 } -- 15.87 KIPS (16.56 KIPS)
** Core 0 Finished:    insts:20000000    cycles:12090682    time:3778338125000       -- 1.65 IPC (1.65 IPC) --  N/A  KIPS (16.42 KIPS)
Scarab finished at Sat Oct 19 03:29:17 2024

