/* -*- Mode: c -*- */
####################################################################################################
Core 0
####################################################################################################
Cumulative:        Cycles: 14750233              Instructions: 20000000              IPC: 1.35591

Periodic:          Cycles: 7425515               Instructions: 10000000              IPC: 1.34671

ST_OP_INV                                            0        0.000%                0        0.000%
ST_OP_NOP                                       244495        1.585%          1823647        5.678%
ST_OP_CF                                       2304313       14.942%          4509947       14.042%
ST_OP_MOV                                      1111042        7.204%          2269322        7.065%
ST_OP_CMOV                                       42259        0.274%            86168        0.268%
ST_OP_LDA                                       296359        1.922%           613077        1.909%
ST_OP_ILD                                       804226        5.215%          1671735        5.205%
ST_OP_IST                                      1261000        8.177%          2387022        7.432%
ST_OP_IADD                                     3104959       20.134%          5958028       18.550%
ST_OP_IMUL                                       29306        0.190%            61831        0.193%
ST_OP_IDIV                                           7        0.000%               16        0.000%
ST_OP_ICMP                                      920914        5.972%          1872084        5.829%
ST_OP_LOGIC                                     385489        2.500%           798480        2.486%
ST_OP_SHIFT                                      87442        0.567%           179821        0.560%
ST_OP_FLD                                      1856725       12.040%          3800715       11.833%
ST_OP_FST                                       846574        5.490%          1734537        5.400%
ST_OP_FCVT                                       22601        0.147%            45583        0.142%
ST_OP_FADD                                      559773        3.630%          1139109        3.547%
ST_OP_FMUL                                      772209        5.007%          1576014        4.907%
ST_OP_FMA                                       485805        3.150%          1002539        3.121%
ST_OP_FDIV                                      159000        1.031%           327231        1.019%
ST_OP_FCMP                                      123620        0.802%           254401        0.792%
ST_OP_FCMOV                                          0        0.000%                0        0.000%
ST_OP_GATHER                                         0        0.000%                0        0.000%
ST_OP_SCATTER                                        0        0.000%                0        0.000%
ST_OP_PIPELINED_FAST                              2908        0.019%             5973        0.019%
ST_OP_PIPELINED_MEDIUM                              24        0.000%               60        0.000%
ST_OP_PIPELINED_SLOW                                 0        0.000%                0        0.000%
ST_OP_NOTPIPELINED_MEDIUM                          496        0.003%             1025        0.003%
ST_OP_NOTPIPELINED_SLOW                              0        0.000%                0        0.000%
ST_OP_NOTPIPELINED_VERY_SLOW                         0        0.000%                0        0.000%
                                              15421546      100.000%         32118365      100.000%
                                                  9.21         5.46              8.95         5.63

ST_NOT_CF                                     13117233       85.058%         27608418       85.958%
ST_CF_BR                                         44796        0.290%            93697        0.292%
ST_CF_CBR                                      2026327       13.140%          3934545       12.250%
ST_CF_CALL                                       78799        0.511%           162782        0.507%
ST_CF_IBR                                        77810        0.505%           160208        0.499%
ST_CF_ICALL                                          0        0.000%                0        0.000%
ST_CF_ICO                                            0        0.000%                0        0.000%
ST_CF_RET                                        76581        0.497%           158715        0.494%
ST_CF_SYS                                            0        0.000%                0        0.000%
                                              15421546      100.000%         32118365      100.000%
                                                  0.34         0.83              0.32         0.82

ST_BAR_NONE                                   15421546      100.000%         32118365      100.000%
ST_BAR_FETCH                                         0        0.000%                0        0.000%
ST_BAR_ISSUE                                         0        0.000%                0        0.000%
ST_BAR_BOTH                                          0        0.000%                0        0.000%
                                              15421546      100.000%         32118365      100.000%
                                                  0.00         0.00              0.00         0.00

ST_NOT_MEM                                    10653021       69.079%         22524356       70.129%
ST_MEM_LD                                      2660951       17.255%          5472450       17.038%
ST_MEM_ST                                      2107574       13.666%          4121559       12.832%
ST_MEM_PF                                            0        0.000%                0        0.000%
ST_MEM_WH                                            0        0.000%                0        0.000%
ST_MEM_EVICT                                         0        0.000%                0        0.000%
                                              15421546      100.000%         32118365      100.000%
                                                  0.45         0.62              0.43         0.61

ST_NOT_MEM_OFFPATH                              645856       66.652%          3778078       78.737%
ST_MEM_LD_OFFPATH                               230042       23.740%           707623       14.747%
ST_MEM_ST_OFFPATH                                93102        9.608%           312658        6.516%
ST_MEM_PF_OFFPATH                                    0        0.000%                0        0.000%
ST_MEM_WH_OFFPATH                                    0        0.000%                0        0.000%
ST_MEM_EVIC_OFFPATHT                                 0        0.000%                0        0.000%
                                                969000      100.000%          4798359      100.000%
                                                  0.43         0.56              0.28         0.52

ST_OP_ONPATH                                  15421546                       32118365              

ST_OP_OFFPATH                                   969000                        4798359              

ST_FAKE_OP_OFFPATH                               27915        2.881%          1813939       37.803%
ST_NOT_FAKE_OP_OFFPATH                          941085       97.119%          2984420       62.197%
                                                969000      100.000%          4798359      100.000%
                                                  0.97         0.96              0.62         0.57

ST_FAKE_REASON_NOT_FAKE                         941085       97.119%          2984420       62.197%
ST_FAKE_REASON_REDIRECT_TO_NOT_INSTRUMENTED         27915        2.881%          1813939       37.803%
ST_FAKE_REASON_RETURN_TO_NOT_INSTRUMENTED             0        0.000%                0        0.000%
ST_FAKE_REASON_NONRET_CF_TO_NOT_INSTRUMENTED             0        0.000%                0        0.000%
ST_FAKE_REASON_NOT_TAKEN_TO_NOT_INSTRUMENTED             0        0.000%                0        0.000%
ST_FAKE_REASON_WRONG_PATH_STORE_TO_NEW_REGION             0        0.000%                0        0.000%
                                                969000      100.000%          4798359      100.000%
                                                  0.03         0.16              0.38         0.38

ST_INST_ONPATH                                10904425                       23489628              

ST_INST_OFFPATH                                 834577                        4364968              

STATIC_PIN_NOP                                       0                              0              

DYNAMIC_PIN_REP_GREATER_256                          0                              0              

INST_MAP_UPDATE_JITTED                          535384       15.230%          1069659       15.506%
INST_MAP_UPDATE_NPC_INV                              0        0.000%                0        0.000%
INST_MAP_UPDATE_NPC_NOP                              0        0.000%                0        0.000%
INST_MAP_UPDATE_NPC_CF                               0        0.000%                0        0.000%
INST_MAP_UPDATE_NPC_MOV                              0        0.000%                0        0.000%
INST_MAP_UPDATE_NPC_CMOV                             0        0.000%                0        0.000%
INST_MAP_UPDATE_NPC_LDA                              0        0.000%                0        0.000%
INST_MAP_UPDATE_NPC_IMEM                             0        0.000%                0        0.000%
INST_MAP_UPDATE_NPC_IADD                             0        0.000%                0        0.000%
INST_MAP_UPDATE_NPC_IMUL                          6428        0.183%            12843        0.186%
INST_MAP_UPDATE_NPC_IDIV                             0        0.000%                0        0.000%
INST_MAP_UPDATE_NPC_ICMP                             0        0.000%                0        0.000%
INST_MAP_UPDATE_NPC_LOGIC                            0        0.000%                0        0.000%
INST_MAP_UPDATE_NPC_SHIFT                            0        0.000%                0        0.000%
INST_MAP_UPDATE_NPC_FMEM                             0        0.000%                0        0.000%
INST_MAP_UPDATE_NPC_FCVT                             0        0.000%                0        0.000%
INST_MAP_UPDATE_NPC_FADD                             0        0.000%                0        0.000%
INST_MAP_UPDATE_NPC_FMUL                             0        0.000%                0        0.000%
INST_MAP_UPDATE_NPC_FMA                              0        0.000%                0        0.000%
INST_MAP_UPDATE_NPC_FDIV                             0        0.000%                0        0.000%
INST_MAP_UPDATE_NPC_FCMP                             0        0.000%                0        0.000%
INST_MAP_UPDATE_NPC_FCMOV                            0        0.000%                0        0.000%
INST_MAP_UPDATE_NPC_GATHER                           0        0.000%                0        0.000%
INST_MAP_UPDATE_NPC_SCATTER                          0        0.000%                0        0.000%
INST_MAP_UPDATE_NPC_PIPELINED_FAST                   0        0.000%                0        0.000%
INST_MAP_UPDATE_NPC_PIPELINED_MEDIUM                 0        0.000%                0        0.000%
INST_MAP_UPDATE_NPC_PIPELINED_SLOW                   0        0.000%                0        0.000%
INST_MAP_UPDATE_NPC_NOTPIPELINED_MEDIUM              0        0.000%                0        0.000%
INST_MAP_UPDATE_NPC_NOTPIPELINED_SLOW                0        0.000%                0        0.000%
INST_MAP_UPDATE_NPC_NOTPIPELINED_VERY_SLOW             0        0.000%                0        0.000%
INST_MAP_UPDATE_MEM_INV                              0        0.000%                0        0.000%
INST_MAP_UPDATE_MEM_NOP                              0        0.000%                0        0.000%
INST_MAP_UPDATE_MEM_CF                               0        0.000%                0        0.000%
INST_MAP_UPDATE_MEM_MOV                        2256491       64.191%          4377394       63.455%
INST_MAP_UPDATE_MEM_CMOV                            24        0.001%               35        0.001%
INST_MAP_UPDATE_MEM_LDA                              0        0.000%                0        0.000%
INST_MAP_UPDATE_MEM_IMEM                             0        0.000%                0        0.000%
INST_MAP_UPDATE_MEM_IADD                             0        0.000%                0        0.000%
INST_MAP_UPDATE_MEM_IMUL                         29736        0.846%            59123        0.857%
INST_MAP_UPDATE_MEM_IDIV                           282        0.008%              547        0.008%
INST_MAP_UPDATE_MEM_ICMP                             0        0.000%                0        0.000%
INST_MAP_UPDATE_MEM_LOGIC                        14801        0.421%            29221        0.424%
INST_MAP_UPDATE_MEM_SHIFT                           20        0.001%               37        0.001%
INST_MAP_UPDATE_MEM_FMEM                            46        0.001%               91        0.001%
INST_MAP_UPDATE_MEM_FCVT                             0        0.000%                0        0.000%
INST_MAP_UPDATE_MEM_FADD                             0        0.000%                0        0.000%
INST_MAP_UPDATE_MEM_FMUL                           232        0.007%              452        0.007%
INST_MAP_UPDATE_MEM_FMA                         255133        7.258%           509868        7.391%
INST_MAP_UPDATE_MEM_FDIV                        240535        6.843%           483793        7.013%
INST_MAP_UPDATE_MEM_FCMP                        148648        4.229%           300409        4.355%
INST_MAP_UPDATE_MEM_FCMOV                         6163        0.175%            12164        0.176%
INST_MAP_UPDATE_MEM_GATHER                        7047        0.200%            13987        0.203%
INST_MAP_UPDATE_MEM_SCATTER                          0        0.000%                0        0.000%
INST_MAP_UPDATE_MEM_PIPELINED_FAST                   0        0.000%                0        0.000%
INST_MAP_UPDATE_MEM_PIPELINED_MEDIUM                 0        0.000%                0        0.000%
INST_MAP_UPDATE_MEM_PIPELINED_SLOW               14308        0.407%            28806        0.418%
INST_MAP_UPDATE_MEM_NOTPIPELINED_MEDIUM              4        0.000%                7        0.000%
INST_MAP_UPDATE_MEM_NOTPIPELINED_SLOW                0        0.000%                0        0.000%
INST_MAP_UPDATE_MEM_NOTPIPELINED_VERY_SLOW            10        0.000%               18        0.000%
                                               3515292      100.000%          6898454      100.000%
                                                 30.88         7.83             30.86         7.92



