Scarab gitrev: 3541854
Scarab started at Sat Oct 19 04:46:24 2024

Initialized Ramulator. 
** Heartbeat:   5% -- { 1000004 } -- 0.00 KIPS (16.13 KIPS)
** Heartbeat:  10% -- { 2000007 } -- 16.39 KIPS (16.26 KIPS)
** Heartbeat:  15% -- { 3000010 } -- 20.00 KIPS (17.34 KIPS)
** Heartbeat:  20% -- { 4000011 } -- 30.30 KIPS (19.42 KIPS)
** Heartbeat:  25% -- { 5000011 } -- 16.39 KIPS (18.73 KIPS)
** Heartbeat:  30% -- { 6000011 } -- 16.67 KIPS (18.35 KIPS)
** Heartbeat:  35% -- { 7000011 } -- 18.18 KIPS (18.32 KIPS)
** Heartbeat:  40% -- { 8000014 } -- 21.74 KIPS (18.69 KIPS)
** Heartbeat:  45% -- { 9000015 } -- 29.41 KIPS (19.48 KIPS)
** Heartbeat:  50% -- { 10000015 } -- 18.52 KIPS (19.38 KIPS)
** Heartbeat:  55% -- { 11000020 } -- 15.63 KIPS (18.97 KIPS)
** Heartbeat:  60% -- { 12000022 } -- 18.52 KIPS (18.93 KIPS)
** Heartbeat:  65% -- { 13000022 } -- 21.28 KIPS (19.09 KIPS)
** Heartbeat:  70% -- { 14000024 } -- 33.33 KIPS (19.69 KIPS)
** Heartbeat:  75% -- { 15000029 } -- 20.83 KIPS (19.76 KIPS)
** Heartbeat:  80% -- { 16000033 } -- 14.08 KIPS (19.28 KIPS)
** Heartbeat:  85% -- { 17000037 } -- 19.23 KIPS (19.27 KIPS)
** Heartbeat:  90% -- { 18000037 } -- 21.28 KIPS (19.38 KIPS)
** Heartbeat:  95% -- { 19000037 } -- 34.48 KIPS (19.83 KIPS)
** Core 0 Finished:    insts:20000000    cycles:14717545    time:4599232812500       -- 1.36 IPC (1.36 IPC) --  N/A  KIPS (19.90 KIPS)
Scarab finished at Sat Oct 19 05:03:09 2024

