Scarab gitrev: 3541854
Scarab started at Sat Oct 19 02:11:45 2024

Initialized Ramulator. 
** Heartbeat:   5% -- { 1000005 } -- 0.00 KIPS (8.85 KIPS)
** Heartbeat:  10% -- { 2000006 } -- 9.09 KIPS (8.97 KIPS)
** Heartbeat:  15% -- { 3000007 } -- 9.71 KIPS (9.20 KIPS)
** Heartbeat:  20% -- { 4000008 } -- 9.35 KIPS (9.24 KIPS)
** Heartbeat:  25% -- { 5000008 } -- 9.90 KIPS (9.36 KIPS)
** Heartbeat:  30% -- { 6000009 } -- 9.17 KIPS (9.33 KIPS)
** Heartbeat:  35% -- { 7000011 } -- 10.10 KIPS (9.43 KIPS)
** Heartbeat:  40% -- { 8000013 } -- 9.62 KIPS (9.46 KIPS)
** Heartbeat:  45% -- { 9000013 } -- 9.35 KIPS (9.44 KIPS)
** Heartbeat:  50% -- { 10000013 } -- 9.80 KIPS (9.48 KIPS)
** Heartbeat:  55% -- { 11000014 } -- 9.26 KIPS (9.46 KIPS)
** Heartbeat:  60% -- { 12000015 } -- 9.62 KIPS (9.47 KIPS)
** Heartbeat:  65% -- { 13000018 } -- 9.01 KIPS (9.43 KIPS)
** Heartbeat:  70% -- { 14000019 } -- 9.80 KIPS (9.46 KIPS)
** Heartbeat:  75% -- { 15000019 } -- 9.01 KIPS (9.43 KIPS)
** Heartbeat:  80% -- { 16000023 } -- 10.10 KIPS (9.47 KIPS)
** Heartbeat:  85% -- { 17000027 } -- 9.62 KIPS (9.48 KIPS)
** Heartbeat:  90% -- { 18000027 } -- 10.00 KIPS (9.50 KIPS)
** Heartbeat:  95% -- { 19000029 } -- 10.20 KIPS (9.54 KIPS)
Warning could not fetch inst from frontend
Warning could not fetch inst from frontend
Warning could not fetch inst from frontend
Warning could not fetch inst from frontend
Warning could not fetch inst from frontend
Warning could not fetch inst from frontend
Warning could not fetch inst from frontend
Warning could not fetch inst from frontend
Warning could not fetch inst from frontend
Warning could not fetch inst from frontend
Warning could not fetch inst from frontend
Warning could not fetch inst from frontend
Warning could not fetch inst from frontend
Warning could not fetch inst from frontend
Warning could not fetch inst from frontend
Warning could not fetch inst from frontend
Warning could not fetch inst from frontend
Warning could not fetch inst from frontend
Warning could not fetch inst from frontend
Warning could not fetch inst from frontend
Warning could not fetch inst from frontend
Warning could not fetch inst from frontend
Warning could not fetch inst from frontend
Warning could not fetch inst from frontend
Warning could not fetch inst from frontend
Warning could not fetch inst from frontend
Warning could not fetch inst from frontend
Warning could not fetch inst from frontend
Warning could not fetch inst from frontend
Warning could not fetch inst from frontend
Warning could not fetch inst from frontend
Warning could not fetch inst from frontend
Warning could not fetch inst from frontend
Warning could not fetch inst from frontend
Warning could not fetch inst from frontend
Warning could not fetch inst from frontend
** Core 0 Finished:    insts:20000000    cycles:28299765    time:8843676562500       -- 0.71 IPC (0.71 IPC) --  N/A  KIPS (9.55 KIPS)
Scarab finished at Sat Oct 19 02:46:45 2024

