Scarab gitrev: 3541854
Scarab started at Sat Oct 19 06:19:56 2024

Initialized Ramulator. 
** Heartbeat:   5% -- { 1000005 } -- 0.00 KIPS (25.00 KIPS)
** Heartbeat:  10% -- { 2000009 } -- 27.03 KIPS (25.97 KIPS)
** Heartbeat:  15% -- { 3000013 } -- 20.00 KIPS (23.62 KIPS)
** Heartbeat:  20% -- { 4000015 } -- 21.28 KIPS (22.99 KIPS)
** Heartbeat:  25% -- { 5000019 } -- 21.28 KIPS (22.62 KIPS)
** Heartbeat:  30% -- { 6000020 } -- 23.81 KIPS (22.81 KIPS)
** Heartbeat:  35% -- { 7000022 } -- 22.22 KIPS (22.73 KIPS)
** Heartbeat:  40% -- { 8000024 } -- 23.26 KIPS (22.79 KIPS)
** Heartbeat:  45% -- { 9000027 } -- 20.00 KIPS (22.44 KIPS)
** Heartbeat:  50% -- { 10000028 } -- 20.41 KIPS (22.22 KIPS)
** Heartbeat:  55% -- { 11000032 } -- 25.00 KIPS (22.45 KIPS)
** Heartbeat:  60% -- { 12000037 } -- 25.64 KIPS (22.68 KIPS)
** Heartbeat:  65% -- { 13000039 } -- 27.78 KIPS (23.01 KIPS)
** Heartbeat:  70% -- { 14000039 } -- 34.48 KIPS (23.57 KIPS)
** Heartbeat:  75% -- { 15000039 } -- 33.33 KIPS (24.04 KIPS)
** Heartbeat:  80% -- { 16000041 } -- 35.71 KIPS (24.54 KIPS)
** Heartbeat:  85% -- { 17000041 } -- 34.48 KIPS (24.96 KIPS)
** Heartbeat:  90% -- { 18000041 } -- 45.45 KIPS (25.60 KIPS)
** Heartbeat:  95% -- { 19000041 } -- 83.33 KIPS (26.57 KIPS)
** Core 0 Finished:    insts:20000002    cycles:14800753    time:4625235312500       -- 1.35 IPC (1.35 IPC) --  N/A  KIPS (27.55 KIPS)
Scarab finished at Sat Oct 19 06:32:03 2024

