               ramulator.active_cycles_0             4863105                                      # Total active cycles for level _0
                 ramulator.busy_cycles_0             4863105                                      # (All-bank refresh only. busy cycles only include refresh time in rank level) The sum of cycles that the DRAM part is active or under refresh for level _0
            ramulator.serving_requests_0            17086611                                      # The sum of read and write requests that are served in this DRAM element per memory cycle for level _0
    ramulator.average_serving_requests_0            2.821090                                      # The average of read and write requests that are served in this DRAM element per memory cycle for level _0
             ramulator.active_cycles_0_0             4863105                                      # Total active cycles for level _0_0
               ramulator.busy_cycles_0_0             5028585                                      # (All-bank refresh only. busy cycles only include refresh time in rank level) The sum of cycles that the DRAM part is active or under refresh for level _0_0
          ramulator.serving_requests_0_0            17086611                                      # The sum of read and write requests that are served in this DRAM element per memory cycle for level _0_0
  ramulator.average_serving_requests_0_0            2.821090                                      # The average of read and write requests that are served in this DRAM element per memory cycle for level _0_0
           ramulator.active_cycles_0_0_0             2406760                                      # Total active cycles for level _0_0_0
             ramulator.busy_cycles_0_0_0             2406760                                      # (All-bank refresh only. busy cycles only include refresh time in rank level) The sum of cycles that the DRAM part is active or under refresh for level _0_0_0
        ramulator.serving_requests_0_0_0             4348400                                      # The sum of read and write requests that are served in this DRAM element per memory cycle for level _0_0_0
ramulator.average_serving_requests_0_0_0            0.717944                                      # The average of read and write requests that are served in this DRAM element per memory cycle for level _0_0_0
         ramulator.active_cycles_0_0_0_0              668943                                      # Total active cycles for level _0_0_0_0
           ramulator.busy_cycles_0_0_0_0              668943                                      # (All-bank refresh only. busy cycles only include refresh time in rank level) The sum of cycles that the DRAM part is active or under refresh for level _0_0_0_0
      ramulator.serving_requests_0_0_0_0             1003717                                      # The sum of read and write requests that are served in this DRAM element per memory cycle for level _0_0_0_0
ramulator.average_serving_requests_0_0_0_0            0.165719                                      # The average of read and write requests that are served in this DRAM element per memory cycle for level _0_0_0_0
         ramulator.active_cycles_0_0_0_1              705302                                      # Total active cycles for level _0_0_0_1
           ramulator.busy_cycles_0_0_0_1              705302                                      # (All-bank refresh only. busy cycles only include refresh time in rank level) The sum of cycles that the DRAM part is active or under refresh for level _0_0_0_1
      ramulator.serving_requests_0_0_0_1             1044469                                      # The sum of read and write requests that are served in this DRAM element per memory cycle for level _0_0_0_1
ramulator.average_serving_requests_0_0_0_1            0.172447                                      # The average of read and write requests that are served in this DRAM element per memory cycle for level _0_0_0_1
         ramulator.active_cycles_0_0_0_2              781610                                      # Total active cycles for level _0_0_0_2
           ramulator.busy_cycles_0_0_0_2              781610                                      # (All-bank refresh only. busy cycles only include refresh time in rank level) The sum of cycles that the DRAM part is active or under refresh for level _0_0_0_2
      ramulator.serving_requests_0_0_0_2             1162735                                      # The sum of read and write requests that are served in this DRAM element per memory cycle for level _0_0_0_2
ramulator.average_serving_requests_0_0_0_2            0.191974                                      # The average of read and write requests that are served in this DRAM element per memory cycle for level _0_0_0_2
         ramulator.active_cycles_0_0_0_3              756458                                      # Total active cycles for level _0_0_0_3
           ramulator.busy_cycles_0_0_0_3              756458                                      # (All-bank refresh only. busy cycles only include refresh time in rank level) The sum of cycles that the DRAM part is active or under refresh for level _0_0_0_3
      ramulator.serving_requests_0_0_0_3             1137479                                      # The sum of read and write requests that are served in this DRAM element per memory cycle for level _0_0_0_3
ramulator.average_serving_requests_0_0_0_3            0.187804                                      # The average of read and write requests that are served in this DRAM element per memory cycle for level _0_0_0_3
           ramulator.active_cycles_0_0_1             2446691                                      # Total active cycles for level _0_0_1
             ramulator.busy_cycles_0_0_1             2446691                                      # (All-bank refresh only. busy cycles only include refresh time in rank level) The sum of cycles that the DRAM part is active or under refresh for level _0_0_1
        ramulator.serving_requests_0_0_1             4454627                                      # The sum of read and write requests that are served in this DRAM element per memory cycle for level _0_0_1
ramulator.average_serving_requests_0_0_1            0.735483                                      # The average of read and write requests that are served in this DRAM element per memory cycle for level _0_0_1
         ramulator.active_cycles_0_0_1_0              787773                                      # Total active cycles for level _0_0_1_0
           ramulator.busy_cycles_0_0_1_0              787773                                      # (All-bank refresh only. busy cycles only include refresh time in rank level) The sum of cycles that the DRAM part is active or under refresh for level _0_0_1_0
      ramulator.serving_requests_0_0_1_0             1172764                                      # The sum of read and write requests that are served in this DRAM element per memory cycle for level _0_0_1_0
ramulator.average_serving_requests_0_0_1_0            0.193630                                      # The average of read and write requests that are served in this DRAM element per memory cycle for level _0_0_1_0
         ramulator.active_cycles_0_0_1_1              771915                                      # Total active cycles for level _0_0_1_1
           ramulator.busy_cycles_0_0_1_1              771915                                      # (All-bank refresh only. busy cycles only include refresh time in rank level) The sum of cycles that the DRAM part is active or under refresh for level _0_0_1_1
      ramulator.serving_requests_0_0_1_1             1158142                                      # The sum of read and write requests that are served in this DRAM element per memory cycle for level _0_0_1_1
ramulator.average_serving_requests_0_0_1_1            0.191215                                      # The average of read and write requests that are served in this DRAM element per memory cycle for level _0_0_1_1
         ramulator.active_cycles_0_0_1_2              699829                                      # Total active cycles for level _0_0_1_2
           ramulator.busy_cycles_0_0_1_2              699829                                      # (All-bank refresh only. busy cycles only include refresh time in rank level) The sum of cycles that the DRAM part is active or under refresh for level _0_0_1_2
      ramulator.serving_requests_0_0_1_2             1047128                                      # The sum of read and write requests that are served in this DRAM element per memory cycle for level _0_0_1_2
ramulator.average_serving_requests_0_0_1_2            0.172886                                      # The average of read and write requests that are served in this DRAM element per memory cycle for level _0_0_1_2
         ramulator.active_cycles_0_0_1_3              720470                                      # Total active cycles for level _0_0_1_3
           ramulator.busy_cycles_0_0_1_3              720470                                      # (All-bank refresh only. busy cycles only include refresh time in rank level) The sum of cycles that the DRAM part is active or under refresh for level _0_0_1_3
      ramulator.serving_requests_0_0_1_3             1076593                                      # The sum of read and write requests that are served in this DRAM element per memory cycle for level _0_0_1_3
ramulator.average_serving_requests_0_0_1_3            0.177751                                      # The average of read and write requests that are served in this DRAM element per memory cycle for level _0_0_1_3
           ramulator.active_cycles_0_0_2             2348318                                      # Total active cycles for level _0_0_2
             ramulator.busy_cycles_0_0_2             2348318                                      # (All-bank refresh only. busy cycles only include refresh time in rank level) The sum of cycles that the DRAM part is active or under refresh for level _0_0_2
        ramulator.serving_requests_0_0_2             4190865                                      # The sum of read and write requests that are served in this DRAM element per memory cycle for level _0_0_2
ramulator.average_serving_requests_0_0_2            0.691934                                      # The average of read and write requests that are served in this DRAM element per memory cycle for level _0_0_2
         ramulator.active_cycles_0_0_2_0              814182                                      # Total active cycles for level _0_0_2_0
           ramulator.busy_cycles_0_0_2_0              814182                                      # (All-bank refresh only. busy cycles only include refresh time in rank level) The sum of cycles that the DRAM part is active or under refresh for level _0_0_2_0
      ramulator.serving_requests_0_0_2_0             1204990                                      # The sum of read and write requests that are served in this DRAM element per memory cycle for level _0_0_2_0
ramulator.average_serving_requests_0_0_2_0            0.198950                                      # The average of read and write requests that are served in this DRAM element per memory cycle for level _0_0_2_0
         ramulator.active_cycles_0_0_2_1              589410                                      # Total active cycles for level _0_0_2_1
           ramulator.busy_cycles_0_0_2_1              589410                                      # (All-bank refresh only. busy cycles only include refresh time in rank level) The sum of cycles that the DRAM part is active or under refresh for level _0_0_2_1
      ramulator.serving_requests_0_0_2_1              885797                                      # The sum of read and write requests that are served in this DRAM element per memory cycle for level _0_0_2_1
ramulator.average_serving_requests_0_0_2_1            0.146250                                      # The average of read and write requests that are served in this DRAM element per memory cycle for level _0_0_2_1
         ramulator.active_cycles_0_0_2_2              667620                                      # Total active cycles for level _0_0_2_2
           ramulator.busy_cycles_0_0_2_2              667620                                      # (All-bank refresh only. busy cycles only include refresh time in rank level) The sum of cycles that the DRAM part is active or under refresh for level _0_0_2_2
      ramulator.serving_requests_0_0_2_2              996596                                      # The sum of read and write requests that are served in this DRAM element per memory cycle for level _0_0_2_2
ramulator.average_serving_requests_0_0_2_2            0.164543                                      # The average of read and write requests that are served in this DRAM element per memory cycle for level _0_0_2_2
         ramulator.active_cycles_0_0_2_3              729079                                      # Total active cycles for level _0_0_2_3
           ramulator.busy_cycles_0_0_2_3              729079                                      # (All-bank refresh only. busy cycles only include refresh time in rank level) The sum of cycles that the DRAM part is active or under refresh for level _0_0_2_3
      ramulator.serving_requests_0_0_2_3             1103480                                      # The sum of read and write requests that are served in this DRAM element per memory cycle for level _0_0_2_3
ramulator.average_serving_requests_0_0_2_3            0.182190                                      # The average of read and write requests that are served in this DRAM element per memory cycle for level _0_0_2_3
           ramulator.active_cycles_0_0_3             2292805                                      # Total active cycles for level _0_0_3
             ramulator.busy_cycles_0_0_3             2292805                                      # (All-bank refresh only. busy cycles only include refresh time in rank level) The sum of cycles that the DRAM part is active or under refresh for level _0_0_3
        ramulator.serving_requests_0_0_3             4092713                                      # The sum of read and write requests that are served in this DRAM element per memory cycle for level _0_0_3
ramulator.average_serving_requests_0_0_3            0.675729                                      # The average of read and write requests that are served in this DRAM element per memory cycle for level _0_0_3
         ramulator.active_cycles_0_0_3_0              722210                                      # Total active cycles for level _0_0_3_0
           ramulator.busy_cycles_0_0_3_0              722210                                      # (All-bank refresh only. busy cycles only include refresh time in rank level) The sum of cycles that the DRAM part is active or under refresh for level _0_0_3_0
      ramulator.serving_requests_0_0_3_0             1084699                                      # The sum of read and write requests that are served in this DRAM element per memory cycle for level _0_0_3_0
ramulator.average_serving_requests_0_0_3_0            0.179090                                      # The average of read and write requests that are served in this DRAM element per memory cycle for level _0_0_3_0
         ramulator.active_cycles_0_0_3_1              730724                                      # Total active cycles for level _0_0_3_1
           ramulator.busy_cycles_0_0_3_1              730724                                      # (All-bank refresh only. busy cycles only include refresh time in rank level) The sum of cycles that the DRAM part is active or under refresh for level _0_0_3_1
      ramulator.serving_requests_0_0_3_1             1086483                                      # The sum of read and write requests that are served in this DRAM element per memory cycle for level _0_0_3_1
ramulator.average_serving_requests_0_0_3_1            0.179384                                      # The average of read and write requests that are served in this DRAM element per memory cycle for level _0_0_3_1
         ramulator.active_cycles_0_0_3_2              610163                                      # Total active cycles for level _0_0_3_2
           ramulator.busy_cycles_0_0_3_2              610163                                      # (All-bank refresh only. busy cycles only include refresh time in rank level) The sum of cycles that the DRAM part is active or under refresh for level _0_0_3_2
      ramulator.serving_requests_0_0_3_2              915696                                      # The sum of read and write requests that are served in this DRAM element per memory cycle for level _0_0_3_2
ramulator.average_serving_requests_0_0_3_2            0.151186                                      # The average of read and write requests that are served in this DRAM element per memory cycle for level _0_0_3_2
         ramulator.active_cycles_0_0_3_3              669276                                      # Total active cycles for level _0_0_3_3
           ramulator.busy_cycles_0_0_3_3              669276                                      # (All-bank refresh only. busy cycles only include refresh time in rank level) The sum of cycles that the DRAM part is active or under refresh for level _0_0_3_3
      ramulator.serving_requests_0_0_3_3             1005835                                      # The sum of read and write requests that are served in this DRAM element per memory cycle for level _0_0_3_3
ramulator.average_serving_requests_0_0_3_3            0.166069                                      # The average of read and write requests that are served in this DRAM element per memory cycle for level _0_0_3_3
      ramulator.read_transaction_bytes_0            38817600                                      # The total byte of read transaction per channel
     ramulator.write_transaction_bytes_0            27460800                                      # The total byte of write transaction per channel
       ramulator.row_hits_channel_0_core              939008                                      # Number of row hits per channel per core
     ramulator.row_misses_channel_0_core               19331                                      # Number of row misses per channel per core
  ramulator.row_conflicts_channel_0_core               77261                                      # Number of row conflicts per channel per core
  ramulator.read_row_hits_channel_0_core              554301                                      # Number of row hits for read requests per channel per core
                                     [0]            554301.0                                      # 
ramulator.read_row_misses_channel_0_core                9802                                      # Number of row misses for read requests per channel per core
                                     [0]              9802.0                                      # 
ramulator.read_row_conflicts_channel_0_core               42422                                      # Number of row conflicts for read requests per channel per core
                                     [0]             42422.0                                      # 
 ramulator.write_row_hits_channel_0_core              384707                                      # Number of row hits for write requests per channel per core
                                     [0]            384707.0                                      # 
ramulator.write_row_misses_channel_0_core                9529                                      # Number of row misses for write requests per channel per core
                                     [0]              9529.0                                      # 
ramulator.write_row_conflicts_channel_0_core               34839                                      # Number of row conflicts for write requests per channel per core
                                     [0]             34839.0                                      # 
      ramulator.useless_activates_0_core                1150                                      # Number of useless activations. E.g, ACT -> PRE w/o RD or WR
            ramulator.read_latency_avg_0          216.455093                                      # The average memory latency cycles (in memory time domain) per request for all read requests in this channel
            ramulator.read_latency_sum_0           131289971                                      # The memory latency cycles (in memory time domain) sum for all read requests in this channel
        ramulator.req_queue_length_avg_0           35.697474                                      # Average of read and write queue length per memory cycle per channel.
        ramulator.req_queue_length_sum_0           216210316                                      # Sum of read and write queue length per memory cycle per channel.
   ramulator.read_req_queue_length_avg_0           21.506545                                      # Read queue length average per memory cycle per channel.
   ramulator.read_req_queue_length_sum_0           130259554                                      # Read queue length sum per memory cycle per channel.
  ramulator.write_req_queue_length_avg_0           14.190928                                      # Write queue length average per memory cycle per channel.
  ramulator.write_req_queue_length_sum_0            85950762                                      # Write queue length sum per memory cycle per channel.
              ramulator.record_read_hits                 0.0                                      # record read hit count for this core when it reaches request limit or to the end
                                     [0]                 0.0                                      # 
            ramulator.record_read_misses                 0.0                                      # record_read_miss count for this core when it reaches request limit or to the end
                                     [0]                 0.0                                      # 
         ramulator.record_read_conflicts                 0.0                                      # record read conflict count for this core when it reaches request limit or to the end
                                     [0]                 0.0                                      # 
             ramulator.record_write_hits                 0.0                                      # record write hit count for this core when it reaches request limit or to the end
                                     [0]                 0.0                                      # 
           ramulator.record_write_misses                 0.0                                      # record write miss count for this core when it reaches request limit or to the end
                                     [0]                 0.0                                      # 
        ramulator.record_write_conflicts                 0.0                                      # record write conflict for this core when it reaches request limit or to the end
                                     [0]                 0.0                                      # 
                 ramulator.dram_capacity          8589934592                                      # Number of bytes in simulated DRAM
                   ramulator.dram_cycles             6056740                                      # Number of DRAM cycles simulated
             ramulator.incoming_requests             1035646                                      # Number of incoming requests to DRAM
                 ramulator.read_requests              606546                                      # Number of incoming read requests to DRAM per core
                                     [0]            606546.0                                      # 
                ramulator.write_requests              429100                                      # Number of incoming write requests to DRAM per core
                                     [0]            429100.0                                      # 
       ramulator.ramulator_active_cycles             4863114                                      # The total number of cycles that the DRAM part is active (serving R/W)
 ramulator.incoming_requests_per_channel           1035646.0                                      # Number of incoming requests to each DRAM channel
                                     [0]           1035646.0                                      # 
ramulator.incoming_read_reqs_per_channel            606546.0                                      # Number of incoming read requests to each DRAM channel
                                     [0]            606546.0                                      # 
     ramulator.physical_page_replacement                   0                                      # The number of times that physical page replacement happens.
             ramulator.maximum_bandwidth         19200000000                                      # The theoretical maximum bandwidth (Bps)
          ramulator.in_queue_req_num_sum           216210316                                      # Sum of read/write queue length
     ramulator.in_queue_read_req_num_sum           130259554                                      # Sum of read queue length
    ramulator.in_queue_write_req_num_sum            85950762                                      # Sum of write queue length
          ramulator.in_queue_req_num_avg           35.697474                                      # Average of read/write queue length per memory cycle
     ramulator.in_queue_read_req_num_avg           21.506545                                      # Average of read queue length per memory cycle
    ramulator.in_queue_write_req_num_avg           14.190928                                      # Average of write queue length per memory cycle
          ramulator.record_read_requests                 0.0                                      # record read requests for this core when it reaches request limit or to the end
                                     [0]                 0.0                                      # 
         ramulator.record_write_requests                 0.0                                      # record write requests for this core when it reaches request limit or to the end
                                     [0]                 0.0                                      # 
