Scarab gitrev: 3541854
Scarab started at Sat Oct 19 02:53:07 2024

Initialized Ramulator. 
** Heartbeat:   5% -- { 1000002 } -- 0.00 KIPS (25.64 KIPS)
** Heartbeat:  10% -- { 2000006 } -- 29.41 KIPS (27.40 KIPS)
** Heartbeat:  15% -- { 3000006 } -- 27.78 KIPS (27.52 KIPS)
** Heartbeat:  20% -- { 4000007 } -- 30.30 KIPS (28.17 KIPS)
** Heartbeat:  25% -- { 5000010 } -- 27.78 KIPS (28.09 KIPS)
** Heartbeat:  30% -- { 6000010 } -- 27.78 KIPS (28.04 KIPS)
** Heartbeat:  35% -- { 7000011 } -- 28.57 KIPS (28.11 KIPS)
** Heartbeat:  40% -- { 8000011 } -- 27.78 KIPS (28.07 KIPS)
** Heartbeat:  45% -- { 9000014 } -- 27.03 KIPS (27.95 KIPS)
** Heartbeat:  50% -- { 10000014 } -- 27.03 KIPS (27.86 KIPS)
** Heartbeat:  55% -- { 11000018 } -- 27.03 KIPS (27.78 KIPS)
** Heartbeat:  60% -- { 12000020 } -- 27.03 KIPS (27.71 KIPS)
** Heartbeat:  65% -- { 13000021 } -- 28.57 KIPS (27.78 KIPS)
** Heartbeat:  70% -- { 14000025 } -- 27.03 KIPS (27.72 KIPS)
** Heartbeat:  75% -- { 15000029 } -- 27.78 KIPS (27.73 KIPS)
** Heartbeat:  80% -- { 16000032 } -- 32.26 KIPS (27.97 KIPS)
** Heartbeat:  85% -- { 17000034 } -- 32.26 KIPS (28.19 KIPS)
** Heartbeat:  90% -- { 18000039 } -- 31.25 KIPS (28.35 KIPS)
** Heartbeat:  95% -- { 19000041 } -- 27.78 KIPS (28.32 KIPS)
Warning could not fetch inst from frontend
Warning could not fetch inst from frontend
Warning could not fetch inst from frontend
Warning could not fetch inst from frontend
Warning could not fetch inst from frontend
Warning could not fetch inst from frontend
Warning could not fetch inst from frontend
Warning could not fetch inst from frontend
Warning could not fetch inst from frontend
Warning could not fetch inst from frontend
Warning could not fetch inst from frontend
Warning could not fetch inst from frontend
Warning could not fetch inst from frontend
Warning could not fetch inst from frontend
Warning could not fetch inst from frontend
Warning could not fetch inst from frontend
Warning could not fetch inst from frontend
Warning could not fetch inst from frontend
Warning could not fetch inst from frontend
Warning could not fetch inst from frontend
Warning could not fetch inst from frontend
Warning could not fetch inst from frontend
Warning could not fetch inst from frontend
Warning could not fetch inst from frontend
Warning could not fetch inst from frontend
Warning could not fetch inst from frontend
Warning could not fetch inst from frontend
Warning could not fetch inst from frontend
Warning could not fetch inst from frontend
Warning could not fetch inst from frontend
Warning could not fetch inst from frontend
Warning could not fetch inst from frontend
Warning could not fetch inst from frontend
Warning could not fetch inst from frontend
Warning could not fetch inst from frontend
Warning could not fetch inst from frontend
Warning could not fetch inst from frontend
Warning could not fetch inst from frontend
Warning could not fetch inst from frontend
Warning could not fetch inst from frontend
Warning could not fetch inst from frontend
Warning could not fetch inst from frontend
Warning could not fetch inst from frontend
Warning could not fetch inst from frontend
Warning could not fetch inst from frontend
Warning could not fetch inst from frontend
Warning could not fetch inst from frontend
Warning could not fetch inst from frontend
Warning could not fetch inst from frontend
Warning could not fetch inst from frontend
Warning could not fetch inst from frontend
Warning could not fetch inst from frontend
Warning could not fetch inst from frontend
Warning could not fetch inst from frontend
Warning could not fetch inst from frontend
Warning could not fetch inst from frontend
Warning could not fetch inst from frontend
Warning could not fetch inst from frontend
Warning could not fetch inst from frontend
Warning could not fetch inst from frontend
Warning could not fetch inst from frontend
Warning could not fetch inst from frontend
Warning could not fetch inst from frontend
Warning could not fetch inst from frontend
Warning could not fetch inst from frontend
Warning could not fetch inst from frontend
Warning could not fetch inst from frontend
Warning could not fetch inst from frontend
Warning could not fetch inst from frontend
Warning could not fetch inst from frontend
Warning could not fetch inst from frontend
Warning could not fetch inst from frontend
Warning could not fetch inst from frontend
Warning could not fetch inst from frontend
Warning could not fetch inst from frontend
Warning could not fetch inst from frontend
Warning could not fetch inst from frontend
Warning could not fetch inst from frontend
Warning could not fetch inst from frontend
Warning could not fetch inst from frontend
Warning could not fetch inst from frontend
Warning could not fetch inst from frontend
Warning could not fetch inst from frontend
Warning could not fetch inst from frontend
Warning could not fetch inst from frontend
Warning could not fetch inst from frontend
Warning could not fetch inst from frontend
Warning could not fetch inst from frontend
Warning could not fetch inst from frontend
Warning could not fetch inst from frontend
Warning could not fetch inst from frontend
Warning could not fetch inst from frontend
Warning could not fetch inst from frontend
Warning could not fetch inst from frontend
Warning could not fetch inst from frontend
Warning could not fetch inst from frontend
Warning could not fetch inst from frontend
Warning could not fetch inst from frontend
Warning could not fetch inst from frontend
Warning could not fetch inst from frontend
Warning could not fetch inst from frontend
Warning could not fetch inst from frontend
Warning could not fetch inst from frontend
Warning could not fetch inst from frontend
Warning could not fetch inst from frontend
Warning could not fetch inst from frontend
Warning could not fetch inst from frontend
Warning could not fetch inst from frontend
Warning could not fetch inst from frontend
Warning could not fetch inst from frontend
Warning could not fetch inst from frontend
Warning could not fetch inst from frontend
Warning could not fetch inst from frontend
Warning could not fetch inst from frontend
Warning could not fetch inst from frontend
Warning could not fetch inst from frontend
Warning could not fetch inst from frontend
Warning could not fetch inst from frontend
Warning could not fetch inst from frontend
Warning could not fetch inst from frontend
Warning could not fetch inst from frontend
Warning could not fetch inst from frontend
Warning could not fetch inst from frontend
Warning could not fetch inst from frontend
Warning could not fetch inst from frontend
Warning could not fetch inst from frontend
Warning could not fetch inst from frontend
Warning could not fetch inst from frontend
Warning could not fetch inst from frontend
Warning could not fetch inst from frontend
Warning could not fetch inst from frontend
Warning could not fetch inst from frontend
Warning could not fetch inst from frontend
Warning could not fetch inst from frontend
Warning could not fetch inst from frontend
Warning could not fetch inst from frontend
Warning could not fetch inst from frontend
Warning could not fetch inst from frontend
Warning could not fetch inst from frontend
Warning could not fetch inst from frontend
Warning could not fetch inst from frontend
Warning could not fetch inst from frontend
Warning could not fetch inst from frontend
Warning could not fetch inst from frontend
Warning could not fetch inst from frontend
Warning could not fetch inst from frontend
Warning could not fetch inst from frontend
Warning could not fetch inst from frontend
Warning could not fetch inst from frontend
Warning could not fetch inst from frontend
Warning could not fetch inst from frontend
Warning could not fetch inst from frontend
Warning could not fetch inst from frontend
Warning could not fetch inst from frontend
Warning could not fetch inst from frontend
Warning could not fetch inst from frontend
Warning could not fetch inst from frontend
Warning could not fetch inst from frontend
Warning could not fetch inst from frontend
Warning could not fetch inst from frontend
Warning could not fetch inst from frontend
Warning could not fetch inst from frontend
Warning could not fetch inst from frontend
Warning could not fetch inst from frontend
Warning could not fetch inst from frontend
Warning could not fetch inst from frontend
Warning could not fetch inst from frontend
Warning could not fetch inst from frontend
Warning could not fetch inst from frontend
Warning could not fetch inst from frontend
Warning could not fetch inst from frontend
Warning could not fetch inst from frontend
Warning could not fetch inst from frontend
Warning could not fetch inst from frontend
Warning could not fetch inst from frontend
Warning could not fetch inst from frontend
Warning could not fetch inst from frontend
Warning could not fetch inst from frontend
Warning could not fetch inst from frontend
Warning could not fetch inst from frontend
Warning could not fetch inst from frontend
Warning could not fetch inst from frontend
Warning could not fetch inst from frontend
Warning could not fetch inst from frontend
Warning could not fetch inst from frontend
Warning could not fetch inst from frontend
Warning could not fetch inst from frontend
Warning could not fetch inst from frontend
Warning could not fetch inst from frontend
** Core 0 Finished:    insts:20000000    cycles:6226622     time:1945819375000       -- 3.21 IPC (3.21 IPC) --  N/A  KIPS (28.41 KIPS)
Scarab finished at Sat Oct 19 03:04:52 2024

