Scarab gitrev: 3541854
Scarab started at Sat Oct 19 02:52:41 2024

Initialized Ramulator. 
** Heartbeat:   5% -- { 1000000 } -- 0.00 KIPS (10.99 KIPS)
** Heartbeat:  10% -- { 2000000 } -- 11.11 KIPS (11.05 KIPS)
** Heartbeat:  15% -- { 3000000 } -- 10.87 KIPS (10.99 KIPS)
** Heartbeat:  20% -- { 4000000 } -- 10.99 KIPS (10.99 KIPS)
** Heartbeat:  25% -- { 5000000 } -- 10.75 KIPS (10.94 KIPS)
** Heartbeat:  30% -- { 6000000 } -- 10.99 KIPS (10.95 KIPS)
** Heartbeat:  35% -- { 7000000 } -- 10.87 KIPS (10.94 KIPS)
** Heartbeat:  40% -- { 8000000 } -- 11.11 KIPS (10.96 KIPS)
** Heartbeat:  45% -- { 9000000 } -- 10.99 KIPS (10.96 KIPS)
** Heartbeat:  50% -- { 10000000 } -- 10.87 KIPS (10.95 KIPS)
** Heartbeat:  55% -- { 11000000 } -- 10.75 KIPS (10.93 KIPS)
** Heartbeat:  60% -- { 12000000 } -- 10.75 KIPS (10.92 KIPS)
** Heartbeat:  65% -- { 13000000 } -- 10.75 KIPS (10.91 KIPS)
** Heartbeat:  70% -- { 14000000 } -- 11.49 KIPS (10.95 KIPS)
** Heartbeat:  75% -- { 15000000 } -- 11.63 KIPS (10.99 KIPS)
** Heartbeat:  80% -- { 16000000 } -- 11.76 KIPS (11.03 KIPS)
** Heartbeat:  85% -- { 17000000 } -- 11.76 KIPS (11.07 KIPS)
** Heartbeat:  90% -- { 18000000 } -- 11.63 KIPS (11.10 KIPS)
** Heartbeat:  95% -- { 19000000 } -- 11.76 KIPS (11.14 KIPS)
** Heartbeat: 100% -- { 20000000 } -- 11.76 KIPS (11.17 KIPS)
** Core 0 Finished:    insts:20000000    cycles:20337745    time:6355545312500       -- 0.98 IPC (0.98 IPC) --  N/A  KIPS (11.16 KIPS)
Scarab finished at Sat Oct 19 03:22:33 2024

