Scarab gitrev: 3541854
Scarab started at Sat Oct 19 05:01:55 2024

Initialized Ramulator. 
** Heartbeat:   5% -- { 1000000 } -- 0.00 KIPS (14.08 KIPS)
** Heartbeat:  10% -- { 2000000 } -- 17.54 KIPS (15.62 KIPS)
** Heartbeat:  15% -- { 3000000 } -- 17.54 KIPS (16.22 KIPS)
** Heartbeat:  20% -- { 4000004 } -- 16.95 KIPS (16.39 KIPS)
** Heartbeat:  25% -- { 5000005 } -- 16.39 KIPS (16.39 KIPS)
** Heartbeat:  30% -- { 6000005 } -- 15.38 KIPS (16.22 KIPS)
** Heartbeat:  35% -- { 7000009 } -- 16.67 KIPS (16.28 KIPS)
** Heartbeat:  40% -- { 8000009 } -- 16.39 KIPS (16.29 KIPS)
** Heartbeat:  45% -- { 9000013 } -- 16.39 KIPS (16.30 KIPS)
** Heartbeat:  50% -- { 10000015 } -- 16.67 KIPS (16.34 KIPS)
** Heartbeat:  55% -- { 11000016 } -- 17.24 KIPS (16.42 KIPS)
** Heartbeat:  60% -- { 12000016 } -- 17.24 KIPS (16.48 KIPS)
** Heartbeat:  65% -- { 13000019 } -- 16.39 KIPS (16.48 KIPS)
** Heartbeat:  70% -- { 14000019 } -- 16.95 KIPS (16.51 KIPS)
** Heartbeat:  75% -- { 15000020 } -- 16.95 KIPS (16.54 KIPS)
** Heartbeat:  80% -- { 16000022 } -- 16.13 KIPS (16.51 KIPS)
** Heartbeat:  85% -- { 17000022 } -- 16.67 KIPS (16.52 KIPS)
** Heartbeat:  90% -- { 18000027 } -- 16.67 KIPS (16.53 KIPS)
** Heartbeat:  95% -- { 19000027 } -- 16.67 KIPS (16.54 KIPS)
Warning could not fetch inst from frontend
Warning could not fetch inst from frontend
Warning could not fetch inst from frontend
Warning could not fetch inst from frontend
Warning could not fetch inst from frontend
Warning could not fetch inst from frontend
Warning could not fetch inst from frontend
Warning could not fetch inst from frontend
Warning could not fetch inst from frontend
Warning could not fetch inst from frontend
Warning could not fetch inst from frontend
Warning could not fetch inst from frontend
Warning could not fetch inst from frontend
Warning could not fetch inst from frontend
Warning could not fetch inst from frontend
** Core 0 Finished:    insts:20000000    cycles:8744888     time:2732777500000       -- 2.29 IPC (2.29 IPC) --  N/A  KIPS (16.57 KIPS)
Scarab finished at Sat Oct 19 05:22:05 2024

