/* -*- Mode: c -*- */
####################################################################################################
Core 0
####################################################################################################
Cumulative:        Cycles: 5400770               Instructions: 20000000              IPC: 3.70318

Periodic:          Cycles: 2675533               Instructions: 9999999               IPC: 3.73757

MISS_WAIT_TIME                              3262445351                     4636293383              

ICACHE_STAGE_MISS                                  834                           2532              

ICACHE_CYCLE                                   2675533                        5400770              

TCACHE_CYCLE                                         0                              0              

ICACHE_CYCLE_ONPATH                            2309751       86.329%          4625443       85.644%
ICACHE_CYCLE_OFFPATH                            365782       13.671%           775327       14.356%
                                               2675533      100.000%          5400770      100.000%
                                                  0.14         0.32              0.14         0.33

FETCH_ON_PATH                                  2115192       86.817%          4248257       86.135%
FETCH_OFF_PATH                                  321184       13.183%           683858       13.865%
                                               2436376      100.000%          4932115      100.000%
                                                  0.13         0.32              0.14         0.32

FETCHED_OPS_ON_PATH                                  0         -nan%                0         -nan%
FETCHED_OPS_OFF_PATH                                 0         -nan%                0         -nan%
                                                     0         -nan%                0         -nan%
                                                  -nan         -nan              -nan         -nan

INST_LOST_FETCH                               10373851       65.795%         20763750       65.466%
INST_LOST_OFF_PATH                             1548234        9.819%          3292596       10.381%
INST_LOST_FULL_WINDOW                            29610        0.188%            62334        0.197%
INST_LOST_ROB_STALL_OTHER                       384588        2.439%           777948        2.453%
INST_LOST_ROB_STALL_WAIT_FOR_RECOVERY             1446        0.009%             3174        0.010%
INST_LOST_ROB_STALL_WAIT_FOR_REDIRECT                0        0.000%                0        0.000%
INST_LOST_ROB_STALL_WAIT_FOR_GAP_FILL                0        0.000%                0        0.000%
INST_LOST_ROB_STALL_WAIT_FOR_L1_MISS                 0        0.000%                0        0.000%
INST_LOST_ROB_STALL_WAIT_FOR_MEMORY                 30        0.000%              168        0.001%
INST_LOST_ROB_STALL_WAIT_FOR_DC_MISS           1019268        6.465%          1968306        6.206%
INST_LOST_ROB_BLOCK_ISSUE_FULL                       0        0.000%                0        0.000%
INST_LOST_ROB_BLOCK_ISSUE_GAP_TOO_LARGE              0        0.000%                0        0.000%
INST_LOST_BREAK_DONT                                 0        0.000%                0        0.000%
INST_LOST_BREAK_RENAME                               0        0.000%                0        0.000%
INST_LOST_BREAK_FT_UNAVAILABLE                     485        0.003%              485        0.002%
INST_LOST_BREAK_ICACHE_TO_UOP_CACHE_SWITCH         64194        0.407%           141286        0.445%
INST_LOST_BREAK_ICACHE_MISS_REQ_SUCCESS           3313        0.021%             9863        0.031%
INST_LOST_BREAK_ICACHE_MISS_REQ_FAILURE            556        0.004%              725        0.002%
INST_LOST_BREAK_WAIT_FOR_MISS                    63640        0.404%           321615        1.014%
INST_LOST_BREAK_UOP_CACHE_READ_LIMIT           2245310       14.241%          4303888       13.570%
INST_LOST_BREAK_UOP_CACHE_READ_LIMIT_AND_ISSUE_WIDTH             0        0.000%                0        0.000%
INST_LOST_BREAK_ICACHE_READ_LIMIT                32476        0.206%            70794        0.223%
INST_LOST_BREAK_ICACHE_READ_LIMIT_AND_ISSUE_WIDTH             0        0.000%                0        0.000%
INST_LOST_BREAK_ISSUE_WIDTH                          0        0.000%                0        0.000%
INST_LOST_BREAK_BARRIERT                             0        0.000%                0        0.000%
INST_LOST_BREAK_WAIT_FOR_EMPTY_ROB                   0        0.000%                0        0.000%
INST_LOST_BREAK_APP_EXIT                             3        0.000%                3        0.000%
INST_LOST_BREAK_STALL                                0        0.000%                0        0.000%
                                              15767004      100.000%         31716935      100.000%
                                                  3.64         6.18              3.62         6.17

INST_LOST_TOTAL                               15767004                       31716935              

INST_LOST_WAIT_FOR_ICACHE_MISS_NOT_PREFETCHED          5460       10.082%            75735       26.250%
INST_LOST_WAIT_FOR_ICACHE_MISS_PREFETCHED_AND_EVICTED_BY_IFETCH             0        0.000%                0        0.000%
INST_LOST_WAIT_FOR_ICACHE_MISS_PREFETCHED_AND_EVICTED_BY_FDIP             0        0.000%                0        0.000%
INST_LOST_WAIT_FOR_ICACHE_MISS_MSHR_HIT_PREF_OFFPATH           990        1.828%             3065        1.062%
INST_LOST_WAIT_FOR_ICACHE_MISS_MSHR_HIT_PREF_ONPATH         47705       88.090%           209715       72.688%
                                                 54155      100.000%           288515      100.000%
                                                  3.58         3.38              2.94         2.66

FETCH_0_OPS                                     266244        9.900%           601577       11.002%
FETCH_1_OPS                                     192758        7.168%           383107        7.007%
FETCH_2_OPS                                      88806        3.302%           163838        2.996%
FETCH_3_OPS                                     209094        7.775%           396315        7.248%
FETCH_4_OPS                                     141615        5.266%           293830        5.374%
FETCH_5_OPS                                     386173       14.360%           793338       14.509%
FETCH_6_OPS                                    1404518       52.228%          2835768       51.863%
FETCH_7_OPS                                          0        0.000%                0        0.000%
FETCH_8_OPS                                          0        0.000%                0        0.000%
FETCH_9_OPS                                          0        0.000%                0        0.000%
FETCH_10_OPS                                         0        0.000%                0        0.000%
FETCH_11_OPS                                         0        0.000%                0        0.000%
FETCH_12_OPS                                         0        0.000%                0        0.000%
FETCH_13_OPS                                         0        0.000%                0        0.000%
FETCH_14_OPS                                         0        0.000%                0        0.000%
FETCH_15_OPS                                         0        0.000%                0        0.000%
FETCH_16_OPS                                         0        0.000%                0        0.000%
                                               2689208      100.000%          5467773      100.000%
                                                  4.43         1.59              4.40         1.59

ST_BREAK_DONT                                        0        0.000%                0        0.000%
ST_BREAK_RENAME                                      0        0.000%                0        0.000%
ST_BREAK_FT_UNAVAILABLE                             97        0.004%               97        0.002%
ST_BREAK_ICACHE_TO_UOP_CACHE_SWITCH              24393        1.001%            53527        1.085%
ST_BREAK_ICACHE_MISS_REQ_SUCCESS                   834        0.034%             2532        0.051%
ST_BREAK_ICACHE_MISS_REQ_FAILURE                   113        0.005%              148        0.003%
ST_BREAK_WAIT_FOR_MISS                           12728        0.522%            64323        1.304%
ST_BREAK_UOP_CACHE_READ_LIMIT                   745664       30.605%          1408662       28.561%
ST_BREAK_UOP_CACHE_READ_LIMIT_AND_ISSUE_WIDTH        177302        7.277%           336279        6.818%
ST_BREAK_ICACHE_READ_LIMIT                       14894        0.611%            32361        0.656%
ST_BREAK_ICACHE_READ_LIMIT_AND_ISSUE_WIDTH          5117        0.210%            11072        0.224%
ST_BREAK_ISSUE_WIDTH                           1455233       59.729%          3023113       61.294%
ST_BREAK_BARRIERT                                    0        0.000%                0        0.000%
ST_BREAK_WAIT_FOR_EMPTY_ROB                          0        0.000%                0        0.000%
ST_BREAK_APP_EXIT                                    1        0.000%                1        0.000%
ST_BREAK_STALL                                       0        0.000%                0        0.000%
                                               2436376      100.000%          4932115      100.000%
                                                  9.43         1.98              9.48         1.99

ORACLE_ON_PATH_INST                           10373851       87.014%         20763750       86.313%
ORACLE_OFF_PATH_INST                           1548234       12.986%          3292596       13.687%
                                              11922085      100.000%         24056346      100.000%
                                                  0.13         0.32              0.14         0.32

ORACLE_ON_PATH_INST_MEM                        2983034       25.021%          5872548       24.412%
ORACLE_ON_PATH_INST_NOTMEM                     7390817       61.993%         14891202       61.901%
ORACLE_OFF_PATH_INST_MEM                        474355        3.979%          1027895        4.273%
ORACLE_OFF_PATH_INST_NOTMEM                    1073879        9.007%          2264701        9.414%
                                              11922085      100.000%         24056346      100.000%
                                                  0.97         0.71              0.99         0.72

ICACHE_CYCLE_NONRA_ONPATH                            0         -nan%                0         -nan%
ICACHE_CYCLE_NONRA_OFFPATH                           0         -nan%                0         -nan%
ICACHE_CYCLE_RA_ONPATH                               0         -nan%                0         -nan%
ICACHE_CYCLE_RA_OFFPATH                              0         -nan%                0         -nan%
                                                     0         -nan%                0         -nan%
                                                  -nan         -nan              -nan         -nan

ICACHE_CYCLE_ONPATH_NONRA                            0         -nan%                0         -nan%
ICACHE_CYCLE_OFFPATH_NONRA                           0         -nan%                0         -nan%
                                                     0         -nan%                0         -nan%
                                                  -nan         -nan              -nan         -nan

ICACHE_CYCLE_ONPATH_RA                               0         -nan%                0         -nan%
ICACHE_CYCLE_OFFPATH_RA                              0         -nan%                0         -nan%
                                                     0         -nan%                0         -nan%
                                                  -nan         -nan              -nan         -nan

INACCURATE_OFFPATH_CYCLES                            0        0.0000                0        0.0000

FETCH_ALL_INST                                11922085                       24056346              

EXEC_ALL_INST                                 10651631                       21356778              

RET_ALL_INST                                  10374252                       20763750              

EXEC_ON_PATH_INST                             10374230       97.396%         20763750       97.223%
EXEC_OFF_PATH_INST                              277401        2.604%           593028        2.777%
                                              10651631      100.000%         21356778      100.000%
                                                  0.03         0.16              0.03         0.16

EXEC_ON_PATH_INST_MEM                          2983115       28.006%          5872548       27.497%
EXEC_ON_PATH_INST_NOTMEM                       7391115       69.390%         14891202       69.726%
EXEC_OFF_PATH_INST_MEM                          115525        1.085%           241013        1.129%
EXEC_OFF_PATH_INST_NOTMEM                       161876        1.520%           352015        1.648%
                                              10651631      100.000%         21356778      100.000%
                                                  0.76         0.38              0.77         0.38

EXEC_RA_INST                                         0         -nan%                0         -nan%
EXEC_NONRA_INST                                      0         -nan%                0         -nan%
                                                     0         -nan%                0         -nan%
                                                  -nan         -nan              -nan         -nan

EXEC_ON_PATH_INST_RA                                 0         -nan%                0         -nan%
EXEC_OFF_PATH_INST_RA                                0         -nan%                0         -nan%
                                                     0         -nan%                0         -nan%
                                                  -nan         -nan              -nan         -nan

EXEC_ON_PATH_INST_NONRA                              0         -nan%                0         -nan%
EXEC_OFF_PATH_INST_NONRA                             0         -nan%                0         -nan%
                                                     0         -nan%                0         -nan%
                                                  -nan         -nan              -nan         -nan

EXEC_RA_ON_PATH_INST                                 0         -nan%                0         -nan%
EXEC_RA_OFF_PATH_INST                                0         -nan%                0         -nan%
EXEC_NONRA_ON_PATH_INST                              0         -nan%                0         -nan%
EXEC_NONRA_OFF_PATH_INST                             0         -nan%                0         -nan%
                                                     0         -nan%                0         -nan%
                                                  -nan         -nan              -nan         -nan

ICACHE_THROTTLE_CYCLE                                0                              0              

FETCH_ENABLE_THROTTLE_OFF_PATH                       0         -nan%                0         -nan%
FETCH_ENABLE_THROTTLE_ON_PATH                        0         -nan%                0         -nan%
                                                     0         -nan%                0         -nan%
                                                  -nan         -nan              -nan         -nan

FETCH_DISABLE_THROTTLE_OFF_PATH                      0         -nan%                0         -nan%
FETCH_DISABLE_THROTTLE_ON_PATH                       0         -nan%                0         -nan%
                                                     0         -nan%                0         -nan%
                                                  -nan         -nan              -nan         -nan

FETCH_TH_ADJUST__0                                   0         -nan%                0         -nan%
FETCH_TH_ADJUST__1                                   0         -nan%                0         -nan%
FETCH_TH_ADJUST__2                                   0         -nan%                0         -nan%
FETCH_TH_ADJUST__3                                   0         -nan%                0         -nan%
FETCH_TH_ADJUST__4                                   0         -nan%                0         -nan%
FETCH_TH_ADJUST__5                                   0         -nan%                0         -nan%
FETCH_TH_ADJUST__6                                   0         -nan%                0         -nan%
FETCH_TH_ADJUST__7                                   0         -nan%                0         -nan%
FETCH_TH_ADJUST__8                                   0         -nan%                0         -nan%
FETCH_TH_ADJUST__9                                   0         -nan%                0         -nan%
FETCH_TH_ADJUST__MAX                                 0         -nan%                0         -nan%
                                                     0         -nan%                0         -nan%
                                                  -nan         -nan              -nan         -nan

FETCH_TH_ADJUST_UP                                   0         -nan%                0         -nan%
FETCH_TH_ADJUST_DOWN                                 0         -nan%                0         -nan%
FETCH_TH_ADJUST_SAME                                 0         -nan%                0         -nan%
                                                     0         -nan%                0         -nan%
                                                  -nan         -nan              -nan         -nan

THROTTLE_ADJUST_CACHE_MISS_INFO                      0                              0              

LOW_CONF_COUNT_BP_MIS_0                              0         -nan%                0         -nan%
LOW_CONF_COUNT_BP_MIS_1                              0         -nan%                0         -nan%
LOW_CONF_COUNT_BP_MIS_2                              0         -nan%                0         -nan%
LOW_CONF_COUNT_BP_MIS_3                              0         -nan%                0         -nan%
LOW_CONF_COUNT_BP_MIS_4                              0         -nan%                0         -nan%
LOW_CONF_COUNT_BP_MIS_5                              0         -nan%                0         -nan%
LOW_CONF_COUNT_BP_MIS_6                              0         -nan%                0         -nan%
LOW_CONF_COUNT_BP_MIS_7                              0         -nan%                0         -nan%
LOW_CONF_COUNT_BP_MIS_8                              0         -nan%                0         -nan%
LOW_CONF_COUNT_BP_MIS_9                              0         -nan%                0         -nan%
LOW_CONF_COUNT_BP_MIS_10                             0         -nan%                0         -nan%
LOW_CONF_COUNT_BP_MIS_11                             0         -nan%                0         -nan%
LOW_CONF_COUNT_BP_MIS_12                             0         -nan%                0         -nan%
LOW_CONF_COUNT_BP_MIS_13                             0         -nan%                0         -nan%
LOW_CONF_COUNT_BP_MIS_14                             0         -nan%                0         -nan%
LOW_CONF_COUNT_BP_MIS_15                             0         -nan%                0         -nan%
LOW_CONF_COUNT_BP_MIS_16                             0         -nan%                0         -nan%
LOW_CONF_COUNT_BP_MIS_17                             0         -nan%                0         -nan%
LOW_CONF_COUNT_BP_MIS_18                             0         -nan%                0         -nan%
LOW_CONF_COUNT_BP_MIS_19                             0         -nan%                0         -nan%
LOW_CONF_COUNT_BP_MIS_20                             0         -nan%                0         -nan%
                                                     0         -nan%                0         -nan%
                                                  -nan         -nan              -nan         -nan

LOW_CONF_COUNT_RET_0                                 0         -nan%                0         -nan%
LOW_CONF_COUNT_RET_1                                 0         -nan%                0         -nan%
LOW_CONF_COUNT_RET_2                                 0         -nan%                0         -nan%
LOW_CONF_COUNT_RET_3                                 0         -nan%                0         -nan%
LOW_CONF_COUNT_RET_4                                 0         -nan%                0         -nan%
LOW_CONF_COUNT_RET_5                                 0         -nan%                0         -nan%
LOW_CONF_COUNT_RET_6                                 0         -nan%                0         -nan%
LOW_CONF_COUNT_RET_7                                 0         -nan%                0         -nan%
LOW_CONF_COUNT_RET_8                                 0         -nan%                0         -nan%
LOW_CONF_COUNT_RET_9                                 0         -nan%                0         -nan%
LOW_CONF_COUNT_RET_10                                0         -nan%                0         -nan%
LOW_CONF_COUNT_RET_11                                0         -nan%                0         -nan%
LOW_CONF_COUNT_RET_12                                0         -nan%                0         -nan%
LOW_CONF_COUNT_RET_13                                0         -nan%                0         -nan%
LOW_CONF_COUNT_RET_14                                0         -nan%                0         -nan%
LOW_CONF_COUNT_RET_15                                0         -nan%                0         -nan%
LOW_CONF_COUNT_RET_16                                0         -nan%                0         -nan%
LOW_CONF_COUNT_RET_17                                0         -nan%                0         -nan%
LOW_CONF_COUNT_RET_18                                0         -nan%                0         -nan%
LOW_CONF_COUNT_RET_19                                0         -nan%                0         -nan%
LOW_CONF_COUNT_RET_20                                0         -nan%                0         -nan%
                                                     0         -nan%                0         -nan%
                                                  -nan         -nan              -nan         -nan

CYCLES_RESTEER_MISPRED                               0         -nan%                0         -nan%
CYCLES_RESTEER_MISFETCH                              0         -nan%                0         -nan%
CYCLES_RESTEER_BTB_MISS                              0         -nan%                0         -nan%
                                                     0         -nan%                0         -nan%
                                                  -nan         -nan              -nan         -nan

CYCLES_RESTEER_MISPRED_SAVED_UC_FETCH                0         -nan%                0         -nan%
CYCLES_RESTEER_MISPRED_COULD_BE_SAVED_UC_FETCH             0         -nan%                0         -nan%
CYCLES_RESTEER_MISFETCH_SAVED_UC_FETCH               0         -nan%                0         -nan%
CYCLES_RESTEER_MISFETCH_COULD_BE_SAVED_UC_FETCH             0         -nan%                0         -nan%
CYCLES_RESTEER_BTB_MISS_SAVED_UC_FETCH               0         -nan%                0         -nan%
CYCLES_RESTEER_BTB_MISS_COULD_BE_SAVED_UC_FETCH             0         -nan%                0         -nan%
                                                     0         -nan%                0         -nan%
                                                  -nan         -nan              -nan         -nan

CYCLES_UOC_IC_SWITCH                                 0                              0              



