/* -*- Mode: c -*- */
####################################################################################################
Core 0
####################################################################################################
Cumulative:        Cycles: 12681284              Instructions: 20000000              IPC: 1.57713

Periodic:          Cycles: 6226213               Instructions: 9999996               IPC: 1.60611

MISS_WAIT_TIME                               521005922                      784932099              

ICACHE_STAGE_MISS                                   56                            438              

ICACHE_CYCLE                                   6226213                       12681284              

TCACHE_CYCLE                                         0                              0              

ICACHE_CYCLE_ONPATH                            2983863       47.924%          5931407       46.773%
ICACHE_CYCLE_OFFPATH                           3242350       52.076%          6749877       53.227%
                                               6226213      100.000%         12681284      100.000%
                                                  0.52         0.51              0.53         0.52

FETCH_ON_PATH                                  2746702       47.672%          5513275       47.195%
FETCH_OFF_PATH                                 3014979       52.328%          6168620       52.805%
                                               5761681      100.000%         11681895      100.000%
                                                  0.52         0.51              0.53         0.51

FETCHED_OPS_ON_PATH                                  0         -nan%                0         -nan%
FETCHED_OPS_OFF_PATH                                 0         -nan%                0         -nan%
                                                     0         -nan%                0         -nan%
                                                  -nan         -nan              -nan         -nan

INST_LOST_FETCH                               12242818       33.856%         24482518       33.225%
INST_LOST_OFF_PATH                            13510050       37.360%         27605457       37.463%
INST_LOST_FULL_WINDOW                             5868        0.016%            19764        0.027%
INST_LOST_ROB_STALL_OTHER                      2340294        6.472%          4328454        5.874%
INST_LOST_ROB_STALL_WAIT_FOR_RECOVERY             2592        0.007%             5586        0.008%
INST_LOST_ROB_STALL_WAIT_FOR_REDIRECT                0        0.000%                0        0.000%
INST_LOST_ROB_STALL_WAIT_FOR_GAP_FILL                0        0.000%                0        0.000%
INST_LOST_ROB_STALL_WAIT_FOR_L1_MISS                 0        0.000%                0        0.000%
INST_LOST_ROB_STALL_WAIT_FOR_MEMORY                  0        0.000%             1380        0.002%
INST_LOST_ROB_STALL_WAIT_FOR_DC_MISS            438438        1.212%          1641150        2.227%
INST_LOST_ROB_BLOCK_ISSUE_FULL                       0        0.000%                0        0.000%
INST_LOST_ROB_BLOCK_ISSUE_GAP_TOO_LARGE              0        0.000%                0        0.000%
INST_LOST_BREAK_DONT                                 0        0.000%                0        0.000%
INST_LOST_BREAK_RENAME                               0        0.000%                0        0.000%
INST_LOST_BREAK_FT_UNAVAILABLE                     255        0.001%              255        0.000%
INST_LOST_BREAK_ICACHE_TO_UOP_CACHE_SWITCH        563879        1.559%          1124967        1.527%
INST_LOST_BREAK_ICACHE_MISS_REQ_SUCCESS            219        0.001%             1704        0.002%
INST_LOST_BREAK_ICACHE_MISS_REQ_FAILURE              0        0.000%             1635        0.002%
INST_LOST_BREAK_WAIT_FOR_MISS                     2400        0.007%            91280        0.124%
INST_LOST_BREAK_UOP_CACHE_READ_LIMIT           6665641       18.433%         13611135       18.471%
INST_LOST_BREAK_UOP_CACHE_READ_LIMIT_AND_ISSUE_WIDTH             0        0.000%                0        0.000%
INST_LOST_BREAK_ICACHE_READ_LIMIT               389181        1.076%           772660        1.049%
INST_LOST_BREAK_ICACHE_READ_LIMIT_AND_ISSUE_WIDTH             0        0.000%                0        0.000%
INST_LOST_BREAK_ISSUE_WIDTH                          0        0.000%                0        0.000%
INST_LOST_BREAK_BARRIERT                             0        0.000%                0        0.000%
INST_LOST_BREAK_WAIT_FOR_EMPTY_ROB                   0        0.000%                0        0.000%
INST_LOST_BREAK_APP_EXIT                             1        0.000%                1        0.000%
INST_LOST_BREAK_STALL                                0        0.000%                0        0.000%
                                              36161636      100.000%         73687946      100.000%
                                                  4.64         6.92              4.73         6.93

INST_LOST_TOTAL                               36161636                       73687946              

INST_LOST_WAIT_FOR_ICACHE_MISS_NOT_PREFETCHED             0        0.000%            14470       18.464%
INST_LOST_WAIT_FOR_ICACHE_MISS_PREFETCHED_AND_EVICTED_BY_IFETCH             0        0.000%                0        0.000%
INST_LOST_WAIT_FOR_ICACHE_MISS_PREFETCHED_AND_EVICTED_BY_FDIP             0        0.000%                0        0.000%
INST_LOST_WAIT_FOR_ICACHE_MISS_MSHR_HIT_PREF_OFFPATH            55        2.865%             3625        4.625%
INST_LOST_WAIT_FOR_ICACHE_MISS_MSHR_HIT_PREF_ONPATH          1865       97.135%            60275       76.911%
                                                  1920      100.000%            78370      100.000%
                                                  3.97         3.92              3.22         2.90

FETCH_0_OPS                                     465626        7.478%          1037245        8.167%
FETCH_1_OPS                                     635431       10.205%          1294208       10.190%
FETCH_2_OPS                                     374216        6.010%           781790        6.156%
FETCH_3_OPS                                     729704       11.719%          1461378       11.507%
FETCH_4_OPS                                     384520        6.175%           779994        6.142%
FETCH_5_OPS                                    1181699       18.978%          2348063       18.488%
FETCH_6_OPS                                    2455553       39.436%          4997627       39.350%
FETCH_7_OPS                                          0        0.000%                0        0.000%
FETCH_8_OPS                                          0        0.000%                0        0.000%
FETCH_9_OPS                                          0        0.000%                0        0.000%
FETCH_10_OPS                                         0        0.000%                0        0.000%
FETCH_11_OPS                                         0        0.000%                0        0.000%
FETCH_12_OPS                                         0        0.000%                0        0.000%
FETCH_13_OPS                                         0        0.000%                0        0.000%
FETCH_14_OPS                                         0        0.000%                0        0.000%
FETCH_15_OPS                                         0        0.000%                0        0.000%
FETCH_16_OPS                                         0        0.000%                0        0.000%
                                               6226749      100.000%         12700305      100.000%
                                                  4.14         1.72              4.10         1.72

ST_BREAK_DONT                                        0        0.000%                0        0.000%
ST_BREAK_RENAME                                      0        0.000%                0        0.000%
ST_BREAK_FT_UNAVAILABLE                             51        0.001%               51        0.000%
ST_BREAK_ICACHE_TO_UOP_CACHE_SWITCH             204121        3.543%           407702        3.490%
ST_BREAK_ICACHE_MISS_REQ_SUCCESS                    56        0.001%              438        0.004%
ST_BREAK_ICACHE_MISS_REQ_FAILURE                     0        0.000%              327        0.003%
ST_BREAK_WAIT_FOR_MISS                             480        0.008%            18256        0.156%
ST_BREAK_UOP_CACHE_READ_LIMIT                  2110486       36.630%          4284510       36.676%
ST_BREAK_UOP_CACHE_READ_LIMIT_AND_ISSUE_WIDTH        473952        8.226%           950572        8.137%
ST_BREAK_ICACHE_READ_LIMIT                      164518        2.855%           326552        2.795%
ST_BREAK_ICACHE_READ_LIMIT_AND_ISSUE_WIDTH         49485        0.859%            97579        0.835%
ST_BREAK_ISSUE_WIDTH                           2758531       47.877%          5595907       47.902%
ST_BREAK_BARRIERT                                    0        0.000%                0        0.000%
ST_BREAK_WAIT_FOR_EMPTY_ROB                          0        0.000%                0        0.000%
ST_BREAK_APP_EXIT                                    1        0.000%                1        0.000%
ST_BREAK_STALL                                       0        0.000%                0        0.000%
                                               5761681      100.000%         11681895      100.000%
                                                  8.94         2.18              8.94         2.18

ORACLE_ON_PATH_INST                           12242818       47.540%         24482518       47.002%
ORACLE_OFF_PATH_INST                          13510050       52.460%         27605457       52.998%
                                              25752868      100.000%         52087975      100.000%
                                                  0.52         0.51              0.53         0.52

ORACLE_ON_PATH_INST_MEM                        3641297       14.139%          7298490       14.012%
ORACLE_ON_PATH_INST_NOTMEM                     8601521       33.400%         17184028       32.990%
ORACLE_OFF_PATH_INST_MEM                       4263227       16.554%          8691529       16.686%
ORACLE_OFF_PATH_INST_NOTMEM                    9246823       35.906%         18913928       36.312%
                                              25752868      100.000%         52087975      100.000%
                                                  1.74         1.36              1.75         1.37

ICACHE_CYCLE_NONRA_ONPATH                            0         -nan%                0         -nan%
ICACHE_CYCLE_NONRA_OFFPATH                           0         -nan%                0         -nan%
ICACHE_CYCLE_RA_ONPATH                               0         -nan%                0         -nan%
ICACHE_CYCLE_RA_OFFPATH                              0         -nan%                0         -nan%
                                                     0         -nan%                0         -nan%
                                                  -nan         -nan              -nan         -nan

ICACHE_CYCLE_ONPATH_NONRA                            0         -nan%                0         -nan%
ICACHE_CYCLE_OFFPATH_NONRA                           0         -nan%                0         -nan%
                                                     0         -nan%                0         -nan%
                                                  -nan         -nan              -nan         -nan

ICACHE_CYCLE_ONPATH_RA                               0         -nan%                0         -nan%
ICACHE_CYCLE_OFFPATH_RA                              0         -nan%                0         -nan%
                                                     0         -nan%                0         -nan%
                                                  -nan         -nan              -nan         -nan

INACCURATE_OFFPATH_CYCLES                            0        0.0000                0        0.0000

FETCH_ALL_INST                                25752868                       52087975              

EXEC_ALL_INST                                 16320161                       32866002              

RET_ALL_INST                                  12243019                       24482518              

EXEC_ON_PATH_INST                             12242939       75.017%         24482518       74.492%
EXEC_OFF_PATH_INST                             4077222       24.983%          8383484       25.508%
                                              16320161      100.000%         32866002      100.000%
                                                  0.25         0.40              0.26         0.40

EXEC_ON_PATH_INST_MEM                          3641326       22.312%          7298490       22.207%
EXEC_ON_PATH_INST_NOTMEM                       8601613       52.705%         17184028       52.285%
EXEC_OFF_PATH_INST_MEM                         1483411        9.089%          3038679        9.246%
EXEC_OFF_PATH_INST_NOTMEM                      2593811       15.893%          5344805       16.262%
                                              16320161      100.000%         32866002      100.000%
                                                  1.19         0.91              1.20         0.92

EXEC_RA_INST                                         0         -nan%                0         -nan%
EXEC_NONRA_INST                                      0         -nan%                0         -nan%
                                                     0         -nan%                0         -nan%
                                                  -nan         -nan              -nan         -nan

EXEC_ON_PATH_INST_RA                                 0         -nan%                0         -nan%
EXEC_OFF_PATH_INST_RA                                0         -nan%                0         -nan%
                                                     0         -nan%                0         -nan%
                                                  -nan         -nan              -nan         -nan

EXEC_ON_PATH_INST_NONRA                              0         -nan%                0         -nan%
EXEC_OFF_PATH_INST_NONRA                             0         -nan%                0         -nan%
                                                     0         -nan%                0         -nan%
                                                  -nan         -nan              -nan         -nan

EXEC_RA_ON_PATH_INST                                 0         -nan%                0         -nan%
EXEC_RA_OFF_PATH_INST                                0         -nan%                0         -nan%
EXEC_NONRA_ON_PATH_INST                              0         -nan%                0         -nan%
EXEC_NONRA_OFF_PATH_INST                             0         -nan%                0         -nan%
                                                     0         -nan%                0         -nan%
                                                  -nan         -nan              -nan         -nan

ICACHE_THROTTLE_CYCLE                                0                              0              

FETCH_ENABLE_THROTTLE_OFF_PATH                       0         -nan%                0         -nan%
FETCH_ENABLE_THROTTLE_ON_PATH                        0         -nan%                0         -nan%
                                                     0         -nan%                0         -nan%
                                                  -nan         -nan              -nan         -nan

FETCH_DISABLE_THROTTLE_OFF_PATH                      0         -nan%                0         -nan%
FETCH_DISABLE_THROTTLE_ON_PATH                       0         -nan%                0         -nan%
                                                     0         -nan%                0         -nan%
                                                  -nan         -nan              -nan         -nan

FETCH_TH_ADJUST__0                                   0         -nan%                0         -nan%
FETCH_TH_ADJUST__1                                   0         -nan%                0         -nan%
FETCH_TH_ADJUST__2                                   0         -nan%                0         -nan%
FETCH_TH_ADJUST__3                                   0         -nan%                0         -nan%
FETCH_TH_ADJUST__4                                   0         -nan%                0         -nan%
FETCH_TH_ADJUST__5                                   0         -nan%                0         -nan%
FETCH_TH_ADJUST__6                                   0         -nan%                0         -nan%
FETCH_TH_ADJUST__7                                   0         -nan%                0         -nan%
FETCH_TH_ADJUST__8                                   0         -nan%                0         -nan%
FETCH_TH_ADJUST__9                                   0         -nan%                0         -nan%
FETCH_TH_ADJUST__MAX                                 0         -nan%                0         -nan%
                                                     0         -nan%                0         -nan%
                                                  -nan         -nan              -nan         -nan

FETCH_TH_ADJUST_UP                                   0         -nan%                0         -nan%
FETCH_TH_ADJUST_DOWN                                 0         -nan%                0         -nan%
FETCH_TH_ADJUST_SAME                                 0         -nan%                0         -nan%
                                                     0         -nan%                0         -nan%
                                                  -nan         -nan              -nan         -nan

THROTTLE_ADJUST_CACHE_MISS_INFO                      0                              0              

LOW_CONF_COUNT_BP_MIS_0                              0         -nan%                0         -nan%
LOW_CONF_COUNT_BP_MIS_1                              0         -nan%                0         -nan%
LOW_CONF_COUNT_BP_MIS_2                              0         -nan%                0         -nan%
LOW_CONF_COUNT_BP_MIS_3                              0         -nan%                0         -nan%
LOW_CONF_COUNT_BP_MIS_4                              0         -nan%                0         -nan%
LOW_CONF_COUNT_BP_MIS_5                              0         -nan%                0         -nan%
LOW_CONF_COUNT_BP_MIS_6                              0         -nan%                0         -nan%
LOW_CONF_COUNT_BP_MIS_7                              0         -nan%                0         -nan%
LOW_CONF_COUNT_BP_MIS_8                              0         -nan%                0         -nan%
LOW_CONF_COUNT_BP_MIS_9                              0         -nan%                0         -nan%
LOW_CONF_COUNT_BP_MIS_10                             0         -nan%                0         -nan%
LOW_CONF_COUNT_BP_MIS_11                             0         -nan%                0         -nan%
LOW_CONF_COUNT_BP_MIS_12                             0         -nan%                0         -nan%
LOW_CONF_COUNT_BP_MIS_13                             0         -nan%                0         -nan%
LOW_CONF_COUNT_BP_MIS_14                             0         -nan%                0         -nan%
LOW_CONF_COUNT_BP_MIS_15                             0         -nan%                0         -nan%
LOW_CONF_COUNT_BP_MIS_16                             0         -nan%                0         -nan%
LOW_CONF_COUNT_BP_MIS_17                             0         -nan%                0         -nan%
LOW_CONF_COUNT_BP_MIS_18                             0         -nan%                0         -nan%
LOW_CONF_COUNT_BP_MIS_19                             0         -nan%                0         -nan%
LOW_CONF_COUNT_BP_MIS_20                             0         -nan%                0         -nan%
                                                     0         -nan%                0         -nan%
                                                  -nan         -nan              -nan         -nan

LOW_CONF_COUNT_RET_0                                 0         -nan%                0         -nan%
LOW_CONF_COUNT_RET_1                                 0         -nan%                0         -nan%
LOW_CONF_COUNT_RET_2                                 0         -nan%                0         -nan%
LOW_CONF_COUNT_RET_3                                 0         -nan%                0         -nan%
LOW_CONF_COUNT_RET_4                                 0         -nan%                0         -nan%
LOW_CONF_COUNT_RET_5                                 0         -nan%                0         -nan%
LOW_CONF_COUNT_RET_6                                 0         -nan%                0         -nan%
LOW_CONF_COUNT_RET_7                                 0         -nan%                0         -nan%
LOW_CONF_COUNT_RET_8                                 0         -nan%                0         -nan%
LOW_CONF_COUNT_RET_9                                 0         -nan%                0         -nan%
LOW_CONF_COUNT_RET_10                                0         -nan%                0         -nan%
LOW_CONF_COUNT_RET_11                                0         -nan%                0         -nan%
LOW_CONF_COUNT_RET_12                                0         -nan%                0         -nan%
LOW_CONF_COUNT_RET_13                                0         -nan%                0         -nan%
LOW_CONF_COUNT_RET_14                                0         -nan%                0         -nan%
LOW_CONF_COUNT_RET_15                                0         -nan%                0         -nan%
LOW_CONF_COUNT_RET_16                                0         -nan%                0         -nan%
LOW_CONF_COUNT_RET_17                                0         -nan%                0         -nan%
LOW_CONF_COUNT_RET_18                                0         -nan%                0         -nan%
LOW_CONF_COUNT_RET_19                                0         -nan%                0         -nan%
LOW_CONF_COUNT_RET_20                                0         -nan%                0         -nan%
                                                     0         -nan%                0         -nan%
                                                  -nan         -nan              -nan         -nan

CYCLES_RESTEER_MISPRED                               0         -nan%                0         -nan%
CYCLES_RESTEER_MISFETCH                              0         -nan%                0         -nan%
CYCLES_RESTEER_BTB_MISS                              0         -nan%                0         -nan%
                                                     0         -nan%                0         -nan%
                                                  -nan         -nan              -nan         -nan

CYCLES_RESTEER_MISPRED_SAVED_UC_FETCH                0         -nan%                0         -nan%
CYCLES_RESTEER_MISPRED_COULD_BE_SAVED_UC_FETCH             0         -nan%                0         -nan%
CYCLES_RESTEER_MISFETCH_SAVED_UC_FETCH               0         -nan%                0         -nan%
CYCLES_RESTEER_MISFETCH_COULD_BE_SAVED_UC_FETCH             0         -nan%                0         -nan%
CYCLES_RESTEER_BTB_MISS_SAVED_UC_FETCH               0         -nan%                0         -nan%
CYCLES_RESTEER_BTB_MISS_COULD_BE_SAVED_UC_FETCH             0         -nan%                0         -nan%
                                                     0         -nan%                0         -nan%
                                                  -nan         -nan              -nan         -nan

CYCLES_UOC_IC_SWITCH                                 0                              0              



