/* -*- Mode: c -*- */
####################################################################################################
Core 0
####################################################################################################
Cumulative:        Cycles: 12681284              Instructions: 20000000              IPC: 1.57713

Periodic:          Cycles: 6226213               Instructions: 9999996               IPC: 1.60611

DCACHE_PREF_HIT                                      0                              0              

IFETCH_WB_FIRST_SCHEDULE                             0         -nan%                0         -nan%
PREFETCH_LAST_SCHEDULE                               0         -nan%                0         -nan%
DEMAND_PASS_PREF_SCHEDULE                            0         -nan%                0         -nan%
DEMAND_PASS_LOW_OP_SCHEDULE                          0         -nan%                0         -nan%
DEMAND_LAST_SCHEDULE                                 0         -nan%                0         -nan%
                                                     0         -nan%                0         -nan%
                                                  -nan         -nan              -nan         -nan

SEND_MISS_REQ_QUEUE                                336                           4782              

L1_DATA_EVICT                                        0                              0              

STREAM_BUFFER_REQ                                    0                              0              

PREF_SEND_TO_MEM_REQ                                 0         -nan%                0         -nan%
PREF_SEND_TO_MEM_REQ_FAIL                            0         -nan%                0         -nan%
                                                     0         -nan%                0         -nan%
                                                  -nan         -nan              -nan         -nan

HIT_TRAIN_STREAM                                     0        0.000%              875       26.644%
MISS_TRAIN_STREAM                                  336      100.000%             2409       73.356%
                                                   336      100.000%             3284      100.000%
                                                  1.00         1.00              0.73         0.67

STREAM_TRAIN_CREATE                                317                           1840              

MEM_REQ_MISS_HWP_PREF_Q                              0         -nan%                0         -nan%
MEM_REQ_MISS_SW_PREF_Q                               0         -nan%                0         -nan%
MEM_REQ_MISS_IFETCH_Q                                0         -nan%                0         -nan%
MEM_REQ_MISS_DFETCH_Q                                0         -nan%                0         -nan%
MEM_REQ_MISS_DSTORE_Q                                0         -nan%                0         -nan%
MEM_REQ_MISS_DPRF_Q                                  0         -nan%                0         -nan%
MEM_REQ_MISS_WB_Q                                    0         -nan%                0         -nan%
                                                     0         -nan%                0         -nan%
                                                  -nan         -nan              -nan         -nan

PREF_HIT_BY_DEMAND_IFETCH                            0         -nan%                0         -nan%
PREF_HIT_BY_DEMAND_DFETCH                            0         -nan%                0         -nan%
PREF_HIT_BY_DEMAND_DSTORE                            0         -nan%                0         -nan%
PREF_HIT_BY_DEMAND_IPREF                             0         -nan%                0         -nan%
PREF_HIT_BY_DEMAND_DPRF                              0         -nan%                0         -nan%
PREF_HIT_BY_DEMAND_WB                                0         -nan%                0         -nan%
PREF_HIT_BY_PREF                                     0         -nan%                0         -nan%
                                                     0         -nan%                0         -nan%
                                                  -nan         -nan              -nan         -nan

PREF_HIT_DEMAND_IFETCH                               0         -nan%                0         -nan%
PREF_HIT_DEMAND_DFETCH                               0         -nan%                0         -nan%
PREF_HIT_DEMAND_DSTORE                               0         -nan%                0         -nan%
PREF_HIT_DEMAND_IPREF                                0         -nan%                0         -nan%
PREF_HIT_DEMAND_DPRF                                 0         -nan%                0         -nan%
PREF_HIT_DEMAND_WB                                   0         -nan%                0         -nan%
                                                     0         -nan%                0         -nan%
                                                  -nan         -nan              -nan         -nan

PREF_L1_FILL                                         0         -nan%                0         -nan%
DEMAND_L1_FILL                                       0         -nan%                0         -nan%
                                                     0         -nan%                0         -nan%
                                                  -nan         -nan              -nan         -nan

TOUCH_L1_REPLACE                                     0         -nan%                0         -nan%
NO_TOUCH_L1_REPLACE                                  0         -nan%                0         -nan%
                                                     0         -nan%                0         -nan%
                                                  -nan         -nan              -nan         -nan

PREF_REQ_QUE_FULL                                    0                              0              

STREAM_REQ_QUEUE_HIT_BY_DEMAND                       0                              0              

L2HIT_STREAM_PREF_REQ_QUE_FULL                       0                              0              

L2HIT_HIT_TRAIN_STREAM                               0         -nan%                0         -nan%
L2HIT_MISS_TRAIN_STREAM                              0         -nan%                0         -nan%
                                                     0         -nan%                0         -nan%
                                                  -nan         -nan              -nan         -nan

L2HIT_STREAM_TRAIN_CREATE                            0                              0              

L2HIT_STREAM_BUFFER_REQ                              0                              0              

L2HIT_STREAM_PREF_DCACHE_HIT                         0         -nan%                0         -nan%
L2HIT_STREAM_PREF_DCACHE_INSERT                      0         -nan%                0         -nan%
L2HIT_STREAM_L2_MISS                                 0         -nan%                0         -nan%
                                                     0         -nan%                0         -nan%
                                                  -nan         -nan              -nan         -nan

L2HIT_STREAM_DCACHE_PORT_FULL                        0                              0              

L2HIT_STREAM_PREF_L1_PORT_FULL                       0                              0              

L2HIT_TRAIN_HIT_DEMAND                               0         -nan%                0         -nan%
L2HIT_TRAIN_MISS_REQ                                 0         -nan%                0         -nan%
                                                     0         -nan%                0         -nan%
                                                  -nan         -nan              -nan         -nan

L2HIT_TRAIN_FILTER_MISS                              0         -nan%                0         -nan%
L2HIT_TRAIN_FILTER_HIT                               0         -nan%                0         -nan%
                                                     0         -nan%                0         -nan%
                                                  -nan         -nan              -nan         -nan

L2HIT_PREF_REQ_DCACHE_HIT                            0         -nan%                0         -nan%
L2HIT_PREF_REQ_DCACHE_MISS                           0         -nan%                0         -nan%
                                                     0         -nan%                0         -nan%
                                                  -nan         -nan              -nan         -nan

L2HIT_L2SEND_Q_FULL                                  0         -nan%                0         -nan%
L2HIT_L2SEND_Q_ENTER                                 0         -nan%                0         -nan%
                                                     0         -nan%                0         -nan%
                                                  -nan         -nan              -nan         -nan

L2HIT_MEM_REQ                                        0                              0              

REMOVE_REDUNDANT_STREAM_STAT                         0                              0              

REPLACE_OLD_STREAM                                 317                           1824              

REQ_SEND_QUEUE_STALL                                 0                              0              

STREAM_ENTER_RA                                      0                              0              

CORE_STREAM_LENGTH_0                                 0         -nan%               10       16.667%
CORE_STREAM_LENGTH_10                                0         -nan%               18       30.000%
CORE_STREAM_LENGTH_20                                0         -nan%               13       21.667%
CORE_STREAM_LENGTH_30                                0         -nan%                4        6.667%
CORE_STREAM_LENGTH_40                                0         -nan%                9       15.000%
CORE_STREAM_LENGTH_50                                0         -nan%                1        1.667%
CORE_STREAM_LENGTH_60                                0         -nan%                0        0.000%
CORE_STREAM_LENGTH_70                                0         -nan%                1        1.667%
CORE_STREAM_LENGTH_80                                0         -nan%                1        1.667%
CORE_STREAM_LENGTH_90                                0         -nan%                1        1.667%
CORE_STREAM_LENGTH_100_P                             0         -nan%                2        3.333%
                                                     0         -nan%               60      100.000%
                                                  -nan         -nan              2.35         2.23

CORE_CUM_STREAM_LENGTH_0                             0         -nan%               67        3.659%
CORE_CUM_STREAM_LENGTH_10                            0         -nan%              267       14.582%
CORE_CUM_STREAM_LENGTH_20                            0         -nan%              315       17.204%
CORE_CUM_STREAM_LENGTH_30                            0         -nan%              139        7.591%
CORE_CUM_STREAM_LENGTH_40                            0         -nan%              375       20.481%
CORE_CUM_STREAM_LENGTH_50                            0         -nan%               50        2.731%
CORE_CUM_STREAM_LENGTH_60                            0         -nan%                0        0.000%
CORE_CUM_STREAM_LENGTH_70                            0         -nan%               71        3.878%
CORE_CUM_STREAM_LENGTH_80                            0         -nan%               85        4.642%
CORE_CUM_STREAM_LENGTH_90                            0         -nan%               94        5.134%
CORE_CUM_STREAM_LENGTH_100_P                         0         -nan%              368       20.098%
                                                     0         -nan%             1831      100.000%
                                                  -nan         -nan              4.79         3.93

CORE_STREAM_TRAIN_HITS_0                             0         -nan%               29       48.333%
CORE_STREAM_TRAIN_HITS_10                            0         -nan%               16       26.667%
CORE_STREAM_TRAIN_HITS_20                            0         -nan%               10       16.667%
CORE_STREAM_TRAIN_HITS_30                            0         -nan%                0        0.000%
CORE_STREAM_TRAIN_HITS_40                            0         -nan%                1        1.667%
CORE_STREAM_TRAIN_HITS_50                            0         -nan%                1        1.667%
CORE_STREAM_TRAIN_HITS_60                            0         -nan%                0        0.000%
CORE_STREAM_TRAIN_HITS_70                            0         -nan%                1        1.667%
CORE_STREAM_TRAIN_HITS_80                            0         -nan%                0        0.000%
CORE_STREAM_TRAIN_HITS_90                            0         -nan%                0        0.000%
CORE_STREAM_TRAIN_HITS_100_P                         0         -nan%                2        3.333%
                                                     0         -nan%               60      100.000%
                                                  -nan         -nan              1.20         1.93

CORE_CUM_STREAM_TRAIN_HITS_0                         0         -nan%              170       15.247%
CORE_CUM_STREAM_TRAIN_HITS_10                        0         -nan%              214       19.193%
CORE_CUM_STREAM_TRAIN_HITS_20                        0         -nan%              220       19.731%
CORE_CUM_STREAM_TRAIN_HITS_30                        0         -nan%                0        0.000%
CORE_CUM_STREAM_TRAIN_HITS_40                        0         -nan%               41        3.677%
CORE_CUM_STREAM_TRAIN_HITS_50                        0         -nan%               55        4.933%
CORE_CUM_STREAM_TRAIN_HITS_60                        0         -nan%                0        0.000%
CORE_CUM_STREAM_TRAIN_HITS_70                        0         -nan%               79        7.085%
CORE_CUM_STREAM_TRAIN_HITS_80                        0         -nan%                0        0.000%
CORE_CUM_STREAM_TRAIN_HITS_90                        0         -nan%                0        0.000%
CORE_CUM_STREAM_TRAIN_HITS_100_P                     0         -nan%              336       30.135%
                                                     0         -nan%             1115      100.000%
                                                  -nan         -nan              4.49         4.39

CORE_STREAM_TRAIN_CREATE                           317                           1840              



