Scarab gitrev: 3541854
Scarab started at Sat Oct 19 04:52:47 2024

Initialized Ramulator. 
** Heartbeat:   5% -- { 1000004 } -- 0.00 KIPS (16.67 KIPS)
** Heartbeat:  10% -- { 2000007 } -- 16.67 KIPS (16.67 KIPS)
** Heartbeat:  15% -- { 3000010 } -- 20.83 KIPS (17.86 KIPS)
** Heartbeat:  20% -- { 4000011 } -- 31.25 KIPS (20.00 KIPS)
** Heartbeat:  25% -- { 5000011 } -- 16.95 KIPS (19.31 KIPS)
** Heartbeat:  30% -- { 6000011 } -- 16.67 KIPS (18.81 KIPS)
** Heartbeat:  35% -- { 7000011 } -- 18.52 KIPS (18.77 KIPS)
** Heartbeat:  40% -- { 8000014 } -- 23.26 KIPS (19.23 KIPS)
** Heartbeat:  45% -- { 9000015 } -- 31.25 KIPS (20.09 KIPS)
** Heartbeat:  50% -- { 10000015 } -- 18.87 KIPS (19.96 KIPS)
** Heartbeat:  55% -- { 11000020 } -- 15.63 KIPS (19.47 KIPS)
** Heartbeat:  60% -- { 12000020 } -- 18.52 KIPS (19.39 KIPS)
** Heartbeat:  65% -- { 13000022 } -- 22.22 KIPS (19.58 KIPS)
** Heartbeat:  70% -- { 14000024 } -- 34.48 KIPS (20.20 KIPS)
** Heartbeat:  75% -- { 15000029 } -- 22.22 KIPS (20.33 KIPS)
** Heartbeat:  80% -- { 16000031 } -- 14.71 KIPS (19.85 KIPS)
** Heartbeat:  85% -- { 17000031 } -- 19.23 KIPS (19.81 KIPS)
** Heartbeat:  90% -- { 18000032 } -- 21.74 KIPS (19.91 KIPS)
** Heartbeat:  95% -- { 19000035 } -- 35.71 KIPS (20.39 KIPS)
** Core 0 Finished:    insts:20000000    cycles:14553218    time:4547880625000       -- 1.37 IPC (1.37 IPC) --  N/A  KIPS (20.49 KIPS)
Scarab finished at Sat Oct 19 05:09:04 2024

