               ramulator.active_cycles_0             5062481                                      # Total active cycles for level _0
                 ramulator.busy_cycles_0             5062481                                      # (All-bank refresh only. busy cycles only include refresh time in rank level) The sum of cycles that the DRAM part is active or under refresh for level _0
            ramulator.serving_requests_0            18163760                                      # The sum of read and write requests that are served in this DRAM element per memory cycle for level _0
    ramulator.average_serving_requests_0            2.956930                                      # The average of read and write requests that are served in this DRAM element per memory cycle for level _0
             ramulator.active_cycles_0_0             5062481                                      # Total active cycles for level _0_0
               ramulator.busy_cycles_0_0             5220401                                      # (All-bank refresh only. busy cycles only include refresh time in rank level) The sum of cycles that the DRAM part is active or under refresh for level _0_0
          ramulator.serving_requests_0_0            18163760                                      # The sum of read and write requests that are served in this DRAM element per memory cycle for level _0_0
  ramulator.average_serving_requests_0_0            2.956930                                      # The average of read and write requests that are served in this DRAM element per memory cycle for level _0_0
           ramulator.active_cycles_0_0_0             2574390                                      # Total active cycles for level _0_0_0
             ramulator.busy_cycles_0_0_0             2574390                                      # (All-bank refresh only. busy cycles only include refresh time in rank level) The sum of cycles that the DRAM part is active or under refresh for level _0_0_0
        ramulator.serving_requests_0_0_0             4621851                                      # The sum of read and write requests that are served in this DRAM element per memory cycle for level _0_0_0
ramulator.average_serving_requests_0_0_0            0.752404                                      # The average of read and write requests that are served in this DRAM element per memory cycle for level _0_0_0
         ramulator.active_cycles_0_0_0_0              725142                                      # Total active cycles for level _0_0_0_0
           ramulator.busy_cycles_0_0_0_0              725142                                      # (All-bank refresh only. busy cycles only include refresh time in rank level) The sum of cycles that the DRAM part is active or under refresh for level _0_0_0_0
      ramulator.serving_requests_0_0_0_0             1060626                                      # The sum of read and write requests that are served in this DRAM element per memory cycle for level _0_0_0_0
ramulator.average_serving_requests_0_0_0_0            0.172662                                      # The average of read and write requests that are served in this DRAM element per memory cycle for level _0_0_0_0
         ramulator.active_cycles_0_0_0_1              776619                                      # Total active cycles for level _0_0_0_1
           ramulator.busy_cycles_0_0_0_1              776619                                      # (All-bank refresh only. busy cycles only include refresh time in rank level) The sum of cycles that the DRAM part is active or under refresh for level _0_0_0_1
      ramulator.serving_requests_0_0_0_1             1116945                                      # The sum of read and write requests that are served in this DRAM element per memory cycle for level _0_0_0_1
ramulator.average_serving_requests_0_0_0_1            0.181831                                      # The average of read and write requests that are served in this DRAM element per memory cycle for level _0_0_0_1
         ramulator.active_cycles_0_0_0_2              847937                                      # Total active cycles for level _0_0_0_2
           ramulator.busy_cycles_0_0_0_2              847937                                      # (All-bank refresh only. busy cycles only include refresh time in rank level) The sum of cycles that the DRAM part is active or under refresh for level _0_0_0_2
      ramulator.serving_requests_0_0_0_2             1231931                                      # The sum of read and write requests that are served in this DRAM element per memory cycle for level _0_0_0_2
ramulator.average_serving_requests_0_0_0_2            0.200550                                      # The average of read and write requests that are served in this DRAM element per memory cycle for level _0_0_0_2
         ramulator.active_cycles_0_0_0_3              831740                                      # Total active cycles for level _0_0_0_3
           ramulator.busy_cycles_0_0_0_3              831740                                      # (All-bank refresh only. busy cycles only include refresh time in rank level) The sum of cycles that the DRAM part is active or under refresh for level _0_0_0_3
      ramulator.serving_requests_0_0_0_3             1212349                                      # The sum of read and write requests that are served in this DRAM element per memory cycle for level _0_0_0_3
ramulator.average_serving_requests_0_0_0_3            0.197362                                      # The average of read and write requests that are served in this DRAM element per memory cycle for level _0_0_0_3
           ramulator.active_cycles_0_0_1             2642607                                      # Total active cycles for level _0_0_1
             ramulator.busy_cycles_0_0_1             2642607                                      # (All-bank refresh only. busy cycles only include refresh time in rank level) The sum of cycles that the DRAM part is active or under refresh for level _0_0_1
        ramulator.serving_requests_0_0_1             4769723                                      # The sum of read and write requests that are served in this DRAM element per memory cycle for level _0_0_1
ramulator.average_serving_requests_0_0_1            0.776477                                      # The average of read and write requests that are served in this DRAM element per memory cycle for level _0_0_1
         ramulator.active_cycles_0_0_1_0              876767                                      # Total active cycles for level _0_0_1_0
           ramulator.busy_cycles_0_0_1_0              876767                                      # (All-bank refresh only. busy cycles only include refresh time in rank level) The sum of cycles that the DRAM part is active or under refresh for level _0_0_1_0
      ramulator.serving_requests_0_0_1_0             1262881                                      # The sum of read and write requests that are served in this DRAM element per memory cycle for level _0_0_1_0
ramulator.average_serving_requests_0_0_1_0            0.205588                                      # The average of read and write requests that are served in this DRAM element per memory cycle for level _0_0_1_0
         ramulator.active_cycles_0_0_1_1              855931                                      # Total active cycles for level _0_0_1_1
           ramulator.busy_cycles_0_0_1_1              855931                                      # (All-bank refresh only. busy cycles only include refresh time in rank level) The sum of cycles that the DRAM part is active or under refresh for level _0_0_1_1
      ramulator.serving_requests_0_0_1_1             1240519                                      # The sum of read and write requests that are served in this DRAM element per memory cycle for level _0_0_1_1
ramulator.average_serving_requests_0_0_1_1            0.201948                                      # The average of read and write requests that are served in this DRAM element per memory cycle for level _0_0_1_1
         ramulator.active_cycles_0_0_1_2              770780                                      # Total active cycles for level _0_0_1_2
           ramulator.busy_cycles_0_0_1_2              770780                                      # (All-bank refresh only. busy cycles only include refresh time in rank level) The sum of cycles that the DRAM part is active or under refresh for level _0_0_1_2
      ramulator.serving_requests_0_0_1_2             1119053                                      # The sum of read and write requests that are served in this DRAM element per memory cycle for level _0_0_1_2
ramulator.average_serving_requests_0_0_1_2            0.182174                                      # The average of read and write requests that are served in this DRAM element per memory cycle for level _0_0_1_2
         ramulator.active_cycles_0_0_1_3              790069                                      # Total active cycles for level _0_0_1_3
           ramulator.busy_cycles_0_0_1_3              790069                                      # (All-bank refresh only. busy cycles only include refresh time in rank level) The sum of cycles that the DRAM part is active or under refresh for level _0_0_1_3
      ramulator.serving_requests_0_0_1_3             1147270                                      # The sum of read and write requests that are served in this DRAM element per memory cycle for level _0_0_1_3
ramulator.average_serving_requests_0_0_1_3            0.186767                                      # The average of read and write requests that are served in this DRAM element per memory cycle for level _0_0_1_3
           ramulator.active_cycles_0_0_2             2507008                                      # Total active cycles for level _0_0_2
             ramulator.busy_cycles_0_0_2             2507008                                      # (All-bank refresh only. busy cycles only include refresh time in rank level) The sum of cycles that the DRAM part is active or under refresh for level _0_0_2
        ramulator.serving_requests_0_0_2             4430286                                      # The sum of read and write requests that are served in this DRAM element per memory cycle for level _0_0_2
ramulator.average_serving_requests_0_0_2            0.721219                                      # The average of read and write requests that are served in this DRAM element per memory cycle for level _0_0_2
         ramulator.active_cycles_0_0_2_0              882395                                      # Total active cycles for level _0_0_2_0
           ramulator.busy_cycles_0_0_2_0              882395                                      # (All-bank refresh only. busy cycles only include refresh time in rank level) The sum of cycles that the DRAM part is active or under refresh for level _0_0_2_0
      ramulator.serving_requests_0_0_2_0             1274060                                      # The sum of read and write requests that are served in this DRAM element per memory cycle for level _0_0_2_0
ramulator.average_serving_requests_0_0_2_0            0.207408                                      # The average of read and write requests that are served in this DRAM element per memory cycle for level _0_0_2_0
         ramulator.active_cycles_0_0_2_1              636356                                      # Total active cycles for level _0_0_2_1
           ramulator.busy_cycles_0_0_2_1              636356                                      # (All-bank refresh only. busy cycles only include refresh time in rank level) The sum of cycles that the DRAM part is active or under refresh for level _0_0_2_1
      ramulator.serving_requests_0_0_2_1              930569                                      # The sum of read and write requests that are served in this DRAM element per memory cycle for level _0_0_2_1
ramulator.average_serving_requests_0_0_2_1            0.151490                                      # The average of read and write requests that are served in this DRAM element per memory cycle for level _0_0_2_1
         ramulator.active_cycles_0_0_2_2              724329                                      # Total active cycles for level _0_0_2_2
           ramulator.busy_cycles_0_0_2_2              724329                                      # (All-bank refresh only. busy cycles only include refresh time in rank level) The sum of cycles that the DRAM part is active or under refresh for level _0_0_2_2
      ramulator.serving_requests_0_0_2_2             1051461                                      # The sum of read and write requests that are served in this DRAM element per memory cycle for level _0_0_2_2
ramulator.average_serving_requests_0_0_2_2            0.171170                                      # The average of read and write requests that are served in this DRAM element per memory cycle for level _0_0_2_2
         ramulator.active_cycles_0_0_2_3              800894                                      # Total active cycles for level _0_0_2_3
           ramulator.busy_cycles_0_0_2_3              800894                                      # (All-bank refresh only. busy cycles only include refresh time in rank level) The sum of cycles that the DRAM part is active or under refresh for level _0_0_2_3
      ramulator.serving_requests_0_0_2_3             1174196                                      # The sum of read and write requests that are served in this DRAM element per memory cycle for level _0_0_2_3
ramulator.average_serving_requests_0_0_2_3            0.191151                                      # The average of read and write requests that are served in this DRAM element per memory cycle for level _0_0_2_3
           ramulator.active_cycles_0_0_3             2454403                                      # Total active cycles for level _0_0_3
             ramulator.busy_cycles_0_0_3             2454403                                      # (All-bank refresh only. busy cycles only include refresh time in rank level) The sum of cycles that the DRAM part is active or under refresh for level _0_0_3
        ramulator.serving_requests_0_0_3             4341900                                      # The sum of read and write requests that are served in this DRAM element per memory cycle for level _0_0_3
ramulator.average_serving_requests_0_0_3            0.706830                                      # The average of read and write requests that are served in this DRAM element per memory cycle for level _0_0_3
         ramulator.active_cycles_0_0_3_0              791148                                      # Total active cycles for level _0_0_3_0
           ramulator.busy_cycles_0_0_3_0              791148                                      # (All-bank refresh only. busy cycles only include refresh time in rank level) The sum of cycles that the DRAM part is active or under refresh for level _0_0_3_0
      ramulator.serving_requests_0_0_3_0             1153054                                      # The sum of read and write requests that are served in this DRAM element per memory cycle for level _0_0_3_0
ramulator.average_serving_requests_0_0_3_0            0.187709                                      # The average of read and write requests that are served in this DRAM element per memory cycle for level _0_0_3_0
         ramulator.active_cycles_0_0_3_1              788400                                      # Total active cycles for level _0_0_3_1
           ramulator.busy_cycles_0_0_3_1              788400                                      # (All-bank refresh only. busy cycles only include refresh time in rank level) The sum of cycles that the DRAM part is active or under refresh for level _0_0_3_1
      ramulator.serving_requests_0_0_3_1             1146298                                      # The sum of read and write requests that are served in this DRAM element per memory cycle for level _0_0_3_1
ramulator.average_serving_requests_0_0_3_1            0.186609                                      # The average of read and write requests that are served in this DRAM element per memory cycle for level _0_0_3_1
         ramulator.active_cycles_0_0_3_2              660966                                      # Total active cycles for level _0_0_3_2
           ramulator.busy_cycles_0_0_3_2              660966                                      # (All-bank refresh only. busy cycles only include refresh time in rank level) The sum of cycles that the DRAM part is active or under refresh for level _0_0_3_2
      ramulator.serving_requests_0_0_3_2              967132                                      # The sum of read and write requests that are served in this DRAM element per memory cycle for level _0_0_3_2
ramulator.average_serving_requests_0_0_3_2            0.157442                                      # The average of read and write requests that are served in this DRAM element per memory cycle for level _0_0_3_2
         ramulator.active_cycles_0_0_3_3              738059                                      # Total active cycles for level _0_0_3_3
           ramulator.busy_cycles_0_0_3_3              738059                                      # (All-bank refresh only. busy cycles only include refresh time in rank level) The sum of cycles that the DRAM part is active or under refresh for level _0_0_3_3
      ramulator.serving_requests_0_0_3_3             1075416                                      # The sum of read and write requests that are served in this DRAM element per memory cycle for level _0_0_3_3
ramulator.average_serving_requests_0_0_3_3            0.175070                                      # The average of read and write requests that are served in this DRAM element per memory cycle for level _0_0_3_3
      ramulator.read_transaction_bytes_0            38814016                                      # The total byte of read transaction per channel
     ramulator.write_transaction_bytes_0            27458752                                      # The total byte of write transaction per channel
       ramulator.row_hits_channel_0_core              918739                                      # Number of row hits per channel per core
     ramulator.row_misses_channel_0_core               21367                                      # Number of row misses per channel per core
  ramulator.row_conflicts_channel_0_core               95406                                      # Number of row conflicts per channel per core
  ramulator.read_row_hits_channel_0_core              542299                                      # Number of row hits for read requests per channel per core
                                     [0]            542299.0                                      # 
ramulator.read_row_misses_channel_0_core               11102                                      # Number of row misses for read requests per channel per core
                                     [0]             11102.0                                      # 
ramulator.read_row_conflicts_channel_0_core               53068                                      # Number of row conflicts for read requests per channel per core
                                     [0]             53068.0                                      # 
 ramulator.write_row_hits_channel_0_core              376440                                      # Number of row hits for write requests per channel per core
                                     [0]            376440.0                                      # 
ramulator.write_row_misses_channel_0_core               10265                                      # Number of row misses for write requests per channel per core
                                     [0]             10265.0                                      # 
ramulator.write_row_conflicts_channel_0_core               42338                                      # Number of row conflicts for write requests per channel per core
                                     [0]             42338.0                                      # 
      ramulator.useless_activates_0_core                1551                                      # Number of useless activations. E.g, ACT -> PRE w/o RD or WR
            ramulator.read_latency_avg_0          209.386124                                      # The average memory latency cycles (in memory time domain) per request for all read requests in this channel
            ramulator.read_latency_sum_0           126991009                                      # The memory latency cycles (in memory time domain) sum for all read requests in this channel
        ramulator.req_queue_length_avg_0           34.625084                                      # Average of read and write queue length per memory cycle per channel.
        ramulator.req_queue_length_sum_0           212694168                                      # Sum of read and write queue length per memory cycle per channel.
   ramulator.read_req_queue_length_avg_0           20.464995                                      # Read queue length average per memory cycle per channel.
   ramulator.read_req_queue_length_sum_0           125711901                                      # Read queue length sum per memory cycle per channel.
  ramulator.write_req_queue_length_avg_0           14.160089                                      # Write queue length average per memory cycle per channel.
  ramulator.write_req_queue_length_sum_0            86982267                                      # Write queue length sum per memory cycle per channel.
              ramulator.record_read_hits                 0.0                                      # record read hit count for this core when it reaches request limit or to the end
                                     [0]                 0.0                                      # 
            ramulator.record_read_misses                 0.0                                      # record_read_miss count for this core when it reaches request limit or to the end
                                     [0]                 0.0                                      # 
         ramulator.record_read_conflicts                 0.0                                      # record read conflict count for this core when it reaches request limit or to the end
                                     [0]                 0.0                                      # 
             ramulator.record_write_hits                 0.0                                      # record write hit count for this core when it reaches request limit or to the end
                                     [0]                 0.0                                      # 
           ramulator.record_write_misses                 0.0                                      # record write miss count for this core when it reaches request limit or to the end
                                     [0]                 0.0                                      # 
        ramulator.record_write_conflicts                 0.0                                      # record write conflict for this core when it reaches request limit or to the end
                                     [0]                 0.0                                      # 
                 ramulator.dram_capacity          8589934592                                      # Number of bytes in simulated DRAM
                   ramulator.dram_cycles             6142777                                      # Number of DRAM cycles simulated
             ramulator.incoming_requests             1035549                                      # Number of incoming requests to DRAM
                 ramulator.read_requests              606492                                      # Number of incoming read requests to DRAM per core
                                     [0]            606492.0                                      # 
                ramulator.write_requests              429057                                      # Number of incoming write requests to DRAM per core
                                     [0]            429057.0                                      # 
       ramulator.ramulator_active_cycles             5062486                                      # The total number of cycles that the DRAM part is active (serving R/W)
 ramulator.incoming_requests_per_channel           1035549.0                                      # Number of incoming requests to each DRAM channel
                                     [0]           1035549.0                                      # 
ramulator.incoming_read_reqs_per_channel            606492.0                                      # Number of incoming read requests to each DRAM channel
                                     [0]            606492.0                                      # 
     ramulator.physical_page_replacement                   0                                      # The number of times that physical page replacement happens.
             ramulator.maximum_bandwidth         19200000000                                      # The theoretical maximum bandwidth (Bps)
          ramulator.in_queue_req_num_sum           212694168                                      # Sum of read/write queue length
     ramulator.in_queue_read_req_num_sum           125711901                                      # Sum of read queue length
    ramulator.in_queue_write_req_num_sum            86982267                                      # Sum of write queue length
          ramulator.in_queue_req_num_avg           34.625084                                      # Average of read/write queue length per memory cycle
     ramulator.in_queue_read_req_num_avg           20.464995                                      # Average of read queue length per memory cycle
    ramulator.in_queue_write_req_num_avg           14.160089                                      # Average of write queue length per memory cycle
          ramulator.record_read_requests                 0.0                                      # record read requests for this core when it reaches request limit or to the end
                                     [0]                 0.0                                      # 
         ramulator.record_write_requests                 0.0                                      # record write requests for this core when it reaches request limit or to the end
                                     [0]                 0.0                                      # 
