/* -*- Mode: c -*- */
####################################################################################################
Core 0
####################################################################################################
Cumulative:        Cycles: 27952788              Instructions: 20000000              IPC: 0.71549

Periodic:          Cycles: 12734723              Instructions: 9999997               IPC: 0.78525

MISS_WAIT_TIME                             27552944780                    40570020858              

ICACHE_STAGE_MISS                                 1372                           3607              

ICACHE_CYCLE                                  12734723                       27952788              

TCACHE_CYCLE                                         0                              0              

ICACHE_CYCLE_ONPATH                           10257588       80.548%         23569752       84.320%
ICACHE_CYCLE_OFFPATH                           2477135       19.452%          4383036       15.680%
                                              12734723      100.000%         27952788      100.000%
                                                  0.19         0.37              0.16         0.34

FETCH_ON_PATH                                  2922657       83.086%          5836660       84.073%
FETCH_OFF_PATH                                  594960       16.914%          1105731       15.927%
                                               3517617      100.000%          6942391      100.000%
                                                  0.17         0.35              0.16         0.34

FETCHED_OPS_ON_PATH                                  0         -nan%                0         -nan%
FETCHED_OPS_OFF_PATH                                 0         -nan%                0         -nan%
                                                     0         -nan%                0         -nan%
                                                  -nan         -nan              -nan         -nan

INST_LOST_FETCH                               12101436       15.887%         24173226       14.459%
INST_LOST_OFF_PATH                             2762030        3.626%          5017284        3.001%
INST_LOST_FULL_WINDOW                            29436        0.039%            61134        0.037%
INST_LOST_ROB_STALL_OTHER                      1157760        1.520%          2445378        1.463%
INST_LOST_ROB_STALL_WAIT_FOR_RECOVERY              594        0.001%             2688        0.002%
INST_LOST_ROB_STALL_WAIT_FOR_REDIRECT                0        0.000%                0        0.000%
INST_LOST_ROB_STALL_WAIT_FOR_GAP_FILL                0        0.000%                0        0.000%
INST_LOST_ROB_STALL_WAIT_FOR_L1_MISS                 0        0.000%                0        0.000%
INST_LOST_ROB_STALL_WAIT_FOR_MEMORY               2400        0.003%             2418        0.001%
INST_LOST_ROB_STALL_WAIT_FOR_DC_MISS          54112446       71.042%        123550764       73.902%
INST_LOST_ROB_BLOCK_ISSUE_FULL                       0        0.000%                0        0.000%
INST_LOST_ROB_BLOCK_ISSUE_GAP_TOO_LARGE              0        0.000%                0        0.000%
INST_LOST_BREAK_DONT                                 0        0.000%                0        0.000%
INST_LOST_BREAK_RENAME                               0        0.000%                0        0.000%
INST_LOST_BREAK_FT_UNAVAILABLE                    2360        0.003%             2360        0.001%
INST_LOST_BREAK_ICACHE_TO_UOP_CACHE_SWITCH         69782        0.092%           128316        0.077%
INST_LOST_BREAK_ICACHE_MISS_REQ_SUCCESS           4789        0.006%            13183        0.008%
INST_LOST_BREAK_ICACHE_MISS_REQ_FAILURE              5        0.000%              258        0.000%
INST_LOST_BREAK_WAIT_FOR_MISS                   300260        0.394%           887215        0.531%
INST_LOST_BREAK_UOP_CACHE_READ_LIMIT           5585018        7.332%         10817502        6.470%
INST_LOST_BREAK_UOP_CACHE_READ_LIMIT_AND_ISSUE_WIDTH             0        0.000%                0        0.000%
INST_LOST_BREAK_ICACHE_READ_LIMIT                41790        0.055%            81108        0.049%
INST_LOST_BREAK_ICACHE_READ_LIMIT_AND_ISSUE_WIDTH             0        0.000%                0        0.000%
INST_LOST_BREAK_ISSUE_WIDTH                          0        0.000%                0        0.000%
INST_LOST_BREAK_BARRIERT                             0        0.000%                0        0.000%
INST_LOST_BREAK_WAIT_FOR_EMPTY_ROB                   0        0.000%                0        0.000%
INST_LOST_BREAK_APP_EXIT                             0        0.000%                0        0.000%
INST_LOST_BREAK_STALL                                0        0.000%                0        0.000%
                                              76170106      100.000%        167182834      100.000%
                                                  7.97         3.52              8.07         3.30

INST_LOST_TOTAL                               76170106                      167182834              

INST_LOST_WAIT_FOR_ICACHE_MISS_NOT_PREFETCHED          1390        0.502%           103615       13.821%
INST_LOST_WAIT_FOR_ICACHE_MISS_PREFETCHED_AND_EVICTED_BY_IFETCH             0        0.000%                0        0.000%
INST_LOST_WAIT_FOR_ICACHE_MISS_PREFETCHED_AND_EVICTED_BY_FDIP             0        0.000%                0        0.000%
INST_LOST_WAIT_FOR_ICACHE_MISS_MSHR_HIT_PREF_OFFPATH          8955        3.235%            25440        3.393%
INST_LOST_WAIT_FOR_ICACHE_MISS_MSHR_HIT_PREF_ONPATH        266490       96.263%           620635       82.786%
                                                276835      100.000%           749690      100.000%
                                                  3.95         3.88              3.41         3.15

FETCH_0_OPS                                    9339568       72.987%         21370825       75.961%
FETCH_1_OPS                                     498157        3.893%           947433        3.368%
FETCH_2_OPS                                     179992        1.407%           355800        1.265%
FETCH_3_OPS                                     128113        1.001%           265988        0.945%
FETCH_4_OPS                                     937696        7.328%          1812921        6.444%
FETCH_5_OPS                                     405530        3.169%           803721        2.857%
FETCH_6_OPS                                    1307092       10.215%          2577204        9.160%
FETCH_7_OPS                                          0        0.000%                0        0.000%
FETCH_8_OPS                                          0        0.000%                0        0.000%
FETCH_9_OPS                                          0        0.000%                0        0.000%
FETCH_10_OPS                                         0        0.000%                0        0.000%
FETCH_11_OPS                                         0        0.000%                0        0.000%
FETCH_12_OPS                                         0        0.000%                0        0.000%
FETCH_13_OPS                                         0        0.000%                0        0.000%
FETCH_14_OPS                                         0        0.000%                0        0.000%
FETCH_15_OPS                                         0        0.000%                0        0.000%
FETCH_16_OPS                                         0        0.000%                0        0.000%
                                              12796148      100.000%         28133892      100.000%
                                                  1.16         1.87              1.04         1.82

ST_BREAK_DONT                                        0        0.000%                0        0.000%
ST_BREAK_RENAME                                      0        0.000%                0        0.000%
ST_BREAK_FT_UNAVAILABLE                            472        0.013%              472        0.007%
ST_BREAK_ICACHE_TO_UOP_CACHE_SWITCH              24473        0.696%            44650        0.643%
ST_BREAK_ICACHE_MISS_REQ_SUCCESS                  1372        0.039%             3607        0.052%
ST_BREAK_ICACHE_MISS_REQ_FAILURE                     1        0.000%               54        0.001%
ST_BREAK_WAIT_FOR_MISS                           60052        1.707%           177443        2.556%
ST_BREAK_UOP_CACHE_READ_LIMIT                  1972293       56.069%          3831293       55.187%
ST_BREAK_UOP_CACHE_READ_LIMIT_AND_ISSUE_WIDTH        171603        4.878%           350797        5.053%
ST_BREAK_ICACHE_READ_LIMIT                       35605        1.012%            66529        0.958%
ST_BREAK_ICACHE_READ_LIMIT_AND_ISSUE_WIDTH          9459        0.269%            17971        0.259%
ST_BREAK_ISSUE_WIDTH                           1242286       35.316%          2449574       35.284%
ST_BREAK_BARRIERT                                    0        0.000%                0        0.000%
ST_BREAK_WAIT_FOR_EMPTY_ROB                          0        0.000%                0        0.000%
ST_BREAK_APP_EXIT                                    1        0.000%                1        0.000%
ST_BREAK_STALL                                       0        0.000%                0        0.000%
                                               3517617      100.000%          6942391      100.000%
                                                  8.44         1.95              8.44         1.96

ORACLE_ON_PATH_INST                           12101436       81.417%         24173226       82.812%
ORACLE_OFF_PATH_INST                           2762030       18.583%          5017284       17.188%
                                              14863466      100.000%         29190510      100.000%
                                                  0.19         0.36              0.17         0.35

ORACLE_ON_PATH_INST_MEM                        3221912       21.677%          6436170       22.049%
ORACLE_ON_PATH_INST_NOTMEM                     8879524       59.741%         17737056       60.763%
ORACLE_OFF_PATH_INST_MEM                        714143        4.805%          1289272        4.417%
ORACLE_OFF_PATH_INST_NOTMEM                    2047887       13.778%          3728012       12.771%
                                              14863466      100.000%         29190510      100.000%
                                                  1.11         0.84              1.08         0.81

ICACHE_CYCLE_NONRA_ONPATH                            0         -nan%                0         -nan%
ICACHE_CYCLE_NONRA_OFFPATH                           0         -nan%                0         -nan%
ICACHE_CYCLE_RA_ONPATH                               0         -nan%                0         -nan%
ICACHE_CYCLE_RA_OFFPATH                              0         -nan%                0         -nan%
                                                     0         -nan%                0         -nan%
                                                  -nan         -nan              -nan         -nan

ICACHE_CYCLE_ONPATH_NONRA                            0         -nan%                0         -nan%
ICACHE_CYCLE_OFFPATH_NONRA                           0         -nan%                0         -nan%
                                                     0         -nan%                0         -nan%
                                                  -nan         -nan              -nan         -nan

ICACHE_CYCLE_ONPATH_RA                               0         -nan%                0         -nan%
ICACHE_CYCLE_OFFPATH_RA                              0         -nan%                0         -nan%
                                                     0         -nan%                0         -nan%
                                                  -nan         -nan              -nan         -nan

INACCURATE_OFFPATH_CYCLES                            0        0.0000                0        0.0000

FETCH_ALL_INST                                14863466                       29190510              

EXEC_ALL_INST                                 13624184                       26844448              

RET_ALL_INST                                  12101818                       24173226              

EXEC_ON_PATH_INST                             12101635       88.825%         24173226       90.049%
EXEC_OFF_PATH_INST                             1522549       11.175%          2671222        9.951%
                                              13624184      100.000%         26844448      100.000%
                                                  0.11         0.30              0.10         0.29

EXEC_ON_PATH_INST_MEM                          3221955       23.649%          6436170       23.976%
EXEC_ON_PATH_INST_NOTMEM                       8879680       65.176%         17737056       66.073%
EXEC_OFF_PATH_INST_MEM                          432669        3.176%           753098        2.805%
EXEC_OFF_PATH_INST_NOTMEM                      1089880        8.000%          1918124        7.145%
                                              13624184      100.000%         26844448      100.000%
                                                  0.96         0.67              0.93         0.63

EXEC_RA_INST                                         0         -nan%                0         -nan%
EXEC_NONRA_INST                                      0         -nan%                0         -nan%
                                                     0         -nan%                0         -nan%
                                                  -nan         -nan              -nan         -nan

EXEC_ON_PATH_INST_RA                                 0         -nan%                0         -nan%
EXEC_OFF_PATH_INST_RA                                0         -nan%                0         -nan%
                                                     0         -nan%                0         -nan%
                                                  -nan         -nan              -nan         -nan

EXEC_ON_PATH_INST_NONRA                              0         -nan%                0         -nan%
EXEC_OFF_PATH_INST_NONRA                             0         -nan%                0         -nan%
                                                     0         -nan%                0         -nan%
                                                  -nan         -nan              -nan         -nan

EXEC_RA_ON_PATH_INST                                 0         -nan%                0         -nan%
EXEC_RA_OFF_PATH_INST                                0         -nan%                0         -nan%
EXEC_NONRA_ON_PATH_INST                              0         -nan%                0         -nan%
EXEC_NONRA_OFF_PATH_INST                             0         -nan%                0         -nan%
                                                     0         -nan%                0         -nan%
                                                  -nan         -nan              -nan         -nan

ICACHE_THROTTLE_CYCLE                                0                              0              

FETCH_ENABLE_THROTTLE_OFF_PATH                       0         -nan%                0         -nan%
FETCH_ENABLE_THROTTLE_ON_PATH                        0         -nan%                0         -nan%
                                                     0         -nan%                0         -nan%
                                                  -nan         -nan              -nan         -nan

FETCH_DISABLE_THROTTLE_OFF_PATH                      0         -nan%                0         -nan%
FETCH_DISABLE_THROTTLE_ON_PATH                       0         -nan%                0         -nan%
                                                     0         -nan%                0         -nan%
                                                  -nan         -nan              -nan         -nan

FETCH_TH_ADJUST__0                                   0         -nan%                0         -nan%
FETCH_TH_ADJUST__1                                   0         -nan%                0         -nan%
FETCH_TH_ADJUST__2                                   0         -nan%                0         -nan%
FETCH_TH_ADJUST__3                                   0         -nan%                0         -nan%
FETCH_TH_ADJUST__4                                   0         -nan%                0         -nan%
FETCH_TH_ADJUST__5                                   0         -nan%                0         -nan%
FETCH_TH_ADJUST__6                                   0         -nan%                0         -nan%
FETCH_TH_ADJUST__7                                   0         -nan%                0         -nan%
FETCH_TH_ADJUST__8                                   0         -nan%                0         -nan%
FETCH_TH_ADJUST__9                                   0         -nan%                0         -nan%
FETCH_TH_ADJUST__MAX                                 0         -nan%                0         -nan%
                                                     0         -nan%                0         -nan%
                                                  -nan         -nan              -nan         -nan

FETCH_TH_ADJUST_UP                                   0         -nan%                0         -nan%
FETCH_TH_ADJUST_DOWN                                 0         -nan%                0         -nan%
FETCH_TH_ADJUST_SAME                                 0         -nan%                0         -nan%
                                                     0         -nan%                0         -nan%
                                                  -nan         -nan              -nan         -nan

THROTTLE_ADJUST_CACHE_MISS_INFO                      0                              0              

LOW_CONF_COUNT_BP_MIS_0                              0         -nan%                0         -nan%
LOW_CONF_COUNT_BP_MIS_1                              0         -nan%                0         -nan%
LOW_CONF_COUNT_BP_MIS_2                              0         -nan%                0         -nan%
LOW_CONF_COUNT_BP_MIS_3                              0         -nan%                0         -nan%
LOW_CONF_COUNT_BP_MIS_4                              0         -nan%                0         -nan%
LOW_CONF_COUNT_BP_MIS_5                              0         -nan%                0         -nan%
LOW_CONF_COUNT_BP_MIS_6                              0         -nan%                0         -nan%
LOW_CONF_COUNT_BP_MIS_7                              0         -nan%                0         -nan%
LOW_CONF_COUNT_BP_MIS_8                              0         -nan%                0         -nan%
LOW_CONF_COUNT_BP_MIS_9                              0         -nan%                0         -nan%
LOW_CONF_COUNT_BP_MIS_10                             0         -nan%                0         -nan%
LOW_CONF_COUNT_BP_MIS_11                             0         -nan%                0         -nan%
LOW_CONF_COUNT_BP_MIS_12                             0         -nan%                0         -nan%
LOW_CONF_COUNT_BP_MIS_13                             0         -nan%                0         -nan%
LOW_CONF_COUNT_BP_MIS_14                             0         -nan%                0         -nan%
LOW_CONF_COUNT_BP_MIS_15                             0         -nan%                0         -nan%
LOW_CONF_COUNT_BP_MIS_16                             0         -nan%                0         -nan%
LOW_CONF_COUNT_BP_MIS_17                             0         -nan%                0         -nan%
LOW_CONF_COUNT_BP_MIS_18                             0         -nan%                0         -nan%
LOW_CONF_COUNT_BP_MIS_19                             0         -nan%                0         -nan%
LOW_CONF_COUNT_BP_MIS_20                             0         -nan%                0         -nan%
                                                     0         -nan%                0         -nan%
                                                  -nan         -nan              -nan         -nan

LOW_CONF_COUNT_RET_0                                 0         -nan%                0         -nan%
LOW_CONF_COUNT_RET_1                                 0         -nan%                0         -nan%
LOW_CONF_COUNT_RET_2                                 0         -nan%                0         -nan%
LOW_CONF_COUNT_RET_3                                 0         -nan%                0         -nan%
LOW_CONF_COUNT_RET_4                                 0         -nan%                0         -nan%
LOW_CONF_COUNT_RET_5                                 0         -nan%                0         -nan%
LOW_CONF_COUNT_RET_6                                 0         -nan%                0         -nan%
LOW_CONF_COUNT_RET_7                                 0         -nan%                0         -nan%
LOW_CONF_COUNT_RET_8                                 0         -nan%                0         -nan%
LOW_CONF_COUNT_RET_9                                 0         -nan%                0         -nan%
LOW_CONF_COUNT_RET_10                                0         -nan%                0         -nan%
LOW_CONF_COUNT_RET_11                                0         -nan%                0         -nan%
LOW_CONF_COUNT_RET_12                                0         -nan%                0         -nan%
LOW_CONF_COUNT_RET_13                                0         -nan%                0         -nan%
LOW_CONF_COUNT_RET_14                                0         -nan%                0         -nan%
LOW_CONF_COUNT_RET_15                                0         -nan%                0         -nan%
LOW_CONF_COUNT_RET_16                                0         -nan%                0         -nan%
LOW_CONF_COUNT_RET_17                                0         -nan%                0         -nan%
LOW_CONF_COUNT_RET_18                                0         -nan%                0         -nan%
LOW_CONF_COUNT_RET_19                                0         -nan%                0         -nan%
LOW_CONF_COUNT_RET_20                                0         -nan%                0         -nan%
                                                     0         -nan%                0         -nan%
                                                  -nan         -nan              -nan         -nan

CYCLES_RESTEER_MISPRED                               0         -nan%                0         -nan%
CYCLES_RESTEER_MISFETCH                              0         -nan%                0         -nan%
CYCLES_RESTEER_BTB_MISS                              0         -nan%                0         -nan%
                                                     0         -nan%                0         -nan%
                                                  -nan         -nan              -nan         -nan

CYCLES_RESTEER_MISPRED_SAVED_UC_FETCH                0         -nan%                0         -nan%
CYCLES_RESTEER_MISPRED_COULD_BE_SAVED_UC_FETCH             0         -nan%                0         -nan%
CYCLES_RESTEER_MISFETCH_SAVED_UC_FETCH               0         -nan%                0         -nan%
CYCLES_RESTEER_MISFETCH_COULD_BE_SAVED_UC_FETCH             0         -nan%                0         -nan%
CYCLES_RESTEER_BTB_MISS_SAVED_UC_FETCH               0         -nan%                0         -nan%
CYCLES_RESTEER_BTB_MISS_COULD_BE_SAVED_UC_FETCH             0         -nan%                0         -nan%
                                                     0         -nan%                0         -nan%
                                                  -nan         -nan              -nan         -nan

CYCLES_UOC_IC_SWITCH                                 0                              0              



