/* -*- Mode: c -*- */
####################################################################################################
Core 0
####################################################################################################
Cumulative:        Cycles: 27952788              Instructions: 20000000              IPC: 0.71549

Periodic:          Cycles: 12734723              Instructions: 9999997               IPC: 0.78525

DCACHE_PREF_HIT                                      0                              0              

IFETCH_WB_FIRST_SCHEDULE                             0         -nan%                0         -nan%
PREFETCH_LAST_SCHEDULE                               0         -nan%                0         -nan%
DEMAND_PASS_PREF_SCHEDULE                            0         -nan%                0         -nan%
DEMAND_PASS_LOW_OP_SCHEDULE                          0         -nan%                0         -nan%
DEMAND_LAST_SCHEDULE                                 0         -nan%                0         -nan%
                                                     0         -nan%                0         -nan%
                                                  -nan         -nan              -nan         -nan

SEND_MISS_REQ_QUEUE                             447193                         854771              

L1_DATA_EVICT                                   447203                         822021              

STREAM_BUFFER_REQ                                    0                              0              

PREF_SEND_TO_MEM_REQ                                 0         -nan%                0         -nan%
PREF_SEND_TO_MEM_REQ_FAIL                            0         -nan%                0         -nan%
                                                     0         -nan%                0         -nan%
                                                  -nan         -nan              -nan         -nan

HIT_TRAIN_STREAM                                160821       72.707%           287981       61.203%
MISS_TRAIN_STREAM                                60371       27.293%           182551       38.797%
                                                221192      100.000%           470532      100.000%
                                                  0.27         0.41              0.39         0.45

STREAM_TRAIN_CREATE                              20016                          61639              

MEM_REQ_MISS_HWP_PREF_Q                              0         -nan%                0         -nan%
MEM_REQ_MISS_SW_PREF_Q                               0         -nan%                0         -nan%
MEM_REQ_MISS_IFETCH_Q                                0         -nan%                0         -nan%
MEM_REQ_MISS_DFETCH_Q                                0         -nan%                0         -nan%
MEM_REQ_MISS_DSTORE_Q                                0         -nan%                0         -nan%
MEM_REQ_MISS_DPRF_Q                                  0         -nan%                0         -nan%
MEM_REQ_MISS_WB_Q                                    0         -nan%                0         -nan%
                                                     0         -nan%                0         -nan%
                                                  -nan         -nan              -nan         -nan

PREF_HIT_BY_DEMAND_IFETCH                            0         -nan%                0         -nan%
PREF_HIT_BY_DEMAND_DFETCH                            0         -nan%                0         -nan%
PREF_HIT_BY_DEMAND_DSTORE                            0         -nan%                0         -nan%
PREF_HIT_BY_DEMAND_IPREF                             0         -nan%                0         -nan%
PREF_HIT_BY_DEMAND_DPRF                              0         -nan%                0         -nan%
PREF_HIT_BY_DEMAND_WB                                0         -nan%                0         -nan%
PREF_HIT_BY_PREF                                     0         -nan%                0         -nan%
                                                     0         -nan%                0         -nan%
                                                  -nan         -nan              -nan         -nan

PREF_HIT_DEMAND_IFETCH                               0         -nan%                0         -nan%
PREF_HIT_DEMAND_DFETCH                               0         -nan%                0         -nan%
PREF_HIT_DEMAND_DSTORE                               0         -nan%                0         -nan%
PREF_HIT_DEMAND_IPREF                                0         -nan%                0         -nan%
PREF_HIT_DEMAND_DPRF                                 0         -nan%                0         -nan%
PREF_HIT_DEMAND_WB                                   0         -nan%                0         -nan%
                                                     0         -nan%                0         -nan%
                                                  -nan         -nan              -nan         -nan

PREF_L1_FILL                                         0         -nan%                0         -nan%
DEMAND_L1_FILL                                       0         -nan%                0         -nan%
                                                     0         -nan%                0         -nan%
                                                  -nan         -nan              -nan         -nan

TOUCH_L1_REPLACE                                     0        0.000%                0        0.000%
NO_TOUCH_L1_REPLACE                             447203      100.000%           822021      100.000%
                                                447203      100.000%           822021      100.000%
                                                  1.00         1.00              1.00         1.00

PREF_REQ_QUE_FULL                                    0                              0              

STREAM_REQ_QUEUE_HIT_BY_DEMAND                       0                              0              

L2HIT_STREAM_PREF_REQ_QUE_FULL                       0                              0              

L2HIT_HIT_TRAIN_STREAM                               0         -nan%                0         -nan%
L2HIT_MISS_TRAIN_STREAM                              0         -nan%                0         -nan%
                                                     0         -nan%                0         -nan%
                                                  -nan         -nan              -nan         -nan

L2HIT_STREAM_TRAIN_CREATE                            0                              0              

L2HIT_STREAM_BUFFER_REQ                              0                              0              

L2HIT_STREAM_PREF_DCACHE_HIT                         0         -nan%                0         -nan%
L2HIT_STREAM_PREF_DCACHE_INSERT                      0         -nan%                0         -nan%
L2HIT_STREAM_L2_MISS                                 0         -nan%                0         -nan%
                                                     0         -nan%                0         -nan%
                                                  -nan         -nan              -nan         -nan

L2HIT_STREAM_DCACHE_PORT_FULL                        0                              0              

L2HIT_STREAM_PREF_L1_PORT_FULL                       0                              0              

L2HIT_TRAIN_HIT_DEMAND                               0         -nan%                0         -nan%
L2HIT_TRAIN_MISS_REQ                                 0         -nan%                0         -nan%
                                                     0         -nan%                0         -nan%
                                                  -nan         -nan              -nan         -nan

L2HIT_TRAIN_FILTER_MISS                              0         -nan%                0         -nan%
L2HIT_TRAIN_FILTER_HIT                               0         -nan%                0         -nan%
                                                     0         -nan%                0         -nan%
                                                  -nan         -nan              -nan         -nan

L2HIT_PREF_REQ_DCACHE_HIT                            0         -nan%                0         -nan%
L2HIT_PREF_REQ_DCACHE_MISS                           0         -nan%                0         -nan%
                                                     0         -nan%                0         -nan%
                                                  -nan         -nan              -nan         -nan

L2HIT_L2SEND_Q_FULL                                  0         -nan%                0         -nan%
L2HIT_L2SEND_Q_ENTER                                 0         -nan%                0         -nan%
                                                     0         -nan%                0         -nan%
                                                  -nan         -nan              -nan         -nan

L2HIT_MEM_REQ                                        0                              0              

REMOVE_REDUNDANT_STREAM_STAT                         0                              0              

REPLACE_OLD_STREAM                               20016                          61623              

REQ_SEND_QUEUE_STALL                                 0                              0              

STREAM_ENTER_RA                                      0                              0              

CORE_STREAM_LENGTH_0                              2913       27.083%            13357       43.562%
CORE_STREAM_LENGTH_10                             2495       23.196%             7379       24.066%
CORE_STREAM_LENGTH_20                             1370       12.737%             3340       10.893%
CORE_STREAM_LENGTH_30                              388        3.607%              742        2.420%
CORE_STREAM_LENGTH_40                              599        5.569%             1005        3.278%
CORE_STREAM_LENGTH_50                              381        3.542%              682        2.224%
CORE_STREAM_LENGTH_60                              352        3.273%              603        1.967%
CORE_STREAM_LENGTH_70                              334        3.105%              540        1.761%
CORE_STREAM_LENGTH_80                              266        2.473%              427        1.393%
CORE_STREAM_LENGTH_90                              259        2.408%              390        1.272%
CORE_STREAM_LENGTH_100_P                          1399       13.007%             2197        7.165%
                                                 10756      100.000%            30662      100.000%
                                                  3.12         3.31              1.96         2.72

CORE_CUM_STREAM_LENGTH_0                         16634        3.641%            75617        8.817%
CORE_CUM_STREAM_LENGTH_10                        36466        7.983%           107963       12.588%
CORE_CUM_STREAM_LENGTH_20                        32743        7.168%            78097        9.106%
CORE_CUM_STREAM_LENGTH_30                        13196        2.889%            25376        2.959%
CORE_CUM_STREAM_LENGTH_40                        26846        5.877%            44955        5.242%
CORE_CUM_STREAM_LENGTH_50                        20848        4.564%            37239        4.342%
CORE_CUM_STREAM_LENGTH_60                        22687        4.966%            38757        4.519%
CORE_CUM_STREAM_LENGTH_70                        24670        5.400%            39929        4.656%
CORE_CUM_STREAM_LENGTH_80                        22451        4.915%            36098        4.209%
CORE_CUM_STREAM_LENGTH_90                        24384        5.338%            36773        4.288%
CORE_CUM_STREAM_LENGTH_100_P                    215894       47.260%           336860       39.276%
                                                456819      100.000%           857664      100.000%
                                                  7.05         5.82              6.07         5.14

CORE_STREAM_TRAIN_HITS_0                          5553       51.627%            21210       69.174%
CORE_STREAM_TRAIN_HITS_10                         2468       22.945%             4985       16.258%
CORE_STREAM_TRAIN_HITS_20                          786        7.308%             1279        4.171%
CORE_STREAM_TRAIN_HITS_30                          539        5.011%              894        2.916%
CORE_STREAM_TRAIN_HITS_40                          414        3.849%              685        2.234%
CORE_STREAM_TRAIN_HITS_50                          289        2.687%              474        1.546%
CORE_STREAM_TRAIN_HITS_60                          198        1.841%              328        1.070%
CORE_STREAM_TRAIN_HITS_70                          164        1.525%              260        0.848%
CORE_STREAM_TRAIN_HITS_80                          101        0.939%              167        0.545%
CORE_STREAM_TRAIN_HITS_90                           75        0.697%              120        0.391%
CORE_STREAM_TRAIN_HITS_100_P                       169        1.571%              260        0.848%
                                                 10756      100.000%            30662      100.000%
                                                  1.33         1.94              0.79         1.61

CORE_CUM_STREAM_TRAIN_HITS_0                     34468       16.908%           125072       30.459%
CORE_CUM_STREAM_TRAIN_HITS_10                    33025       16.200%            64560       15.722%
CORE_CUM_STREAM_TRAIN_HITS_20                    19299        9.467%            31359        7.637%
CORE_CUM_STREAM_TRAIN_HITS_30                    18501        9.075%            30713        7.480%
CORE_CUM_STREAM_TRAIN_HITS_40                    18282        8.968%            30289        7.376%
CORE_CUM_STREAM_TRAIN_HITS_50                    15706        7.704%            25776        6.277%
CORE_CUM_STREAM_TRAIN_HITS_60                    12749        6.254%            21090        5.136%
CORE_CUM_STREAM_TRAIN_HITS_70                    12162        5.966%            19320        4.705%
CORE_CUM_STREAM_TRAIN_HITS_80                     8474        4.157%            14015        3.413%
CORE_CUM_STREAM_TRAIN_HITS_90                     7071        3.469%            11317        2.756%
CORE_CUM_STREAM_TRAIN_HITS_100_P                 24124       11.834%            37118        9.039%
                                                203861      100.000%           410629      100.000%
                                                  3.99         3.24              3.21         3.00

CORE_STREAM_TRAIN_CREATE                         20016                          61639              



