/* -*- Mode: c -*- */
####################################################################################################
Core 0
####################################################################################################
Cumulative:        Cycles: 20809675              Instructions: 20000000              IPC: 0.96109

Periodic:          Cycles: 10336331              Instructions: 10000000              IPC: 0.96746

ST_OP_INV                                            0        0.000%                0        0.000%
ST_OP_NOP                                       102143        0.260%           530475        0.670%
ST_OP_CF                                       9712884       24.759%         19540874       24.675%
ST_OP_MOV                                        90300        0.230%           153917        0.194%
ST_OP_CMOV                                        2066        0.005%             4014        0.005%
ST_OP_LDA                                        29865        0.076%            53046        0.067%
ST_OP_ILD                                       228669        0.583%           397434        0.502%
ST_OP_IST                                      9653858       24.608%         19446056       24.556%
ST_OP_IADD                                    19246086       49.060%         38781159       48.971%
ST_OP_IMUL                                        1169        0.003%             2028        0.003%
ST_OP_IDIV                                         116        0.000%              233        0.000%
ST_OP_ICMP                                       60025        0.153%           104157        0.132%
ST_OP_LOGIC                                      89151        0.227%           153732        0.194%
ST_OP_SHIFT                                      10303        0.026%            18103        0.023%
ST_OP_FLD                                          981        0.003%             2130        0.003%
ST_OP_FST                                         2154        0.005%             4646        0.006%
ST_OP_FCVT                                           0        0.000%                0        0.000%
ST_OP_FADD                                           0        0.000%                0        0.000%
ST_OP_FMUL                                           0        0.000%                0        0.000%
ST_OP_FMA                                            0        0.000%                0        0.000%
ST_OP_FDIV                                           0        0.000%                0        0.000%
ST_OP_FCMP                                           0        0.000%                0        0.000%
ST_OP_FCMOV                                          0        0.000%                0        0.000%
ST_OP_GATHER                                         0        0.000%                0        0.000%
ST_OP_SCATTER                                        0        0.000%                0        0.000%
ST_OP_PIPELINED_FAST                                14        0.000%               22        0.000%
ST_OP_PIPELINED_MEDIUM                               0        0.000%                0        0.000%
ST_OP_PIPELINED_SLOW                                 0        0.000%                0        0.000%
ST_OP_NOTPIPELINED_MEDIUM                           14        0.000%               24        0.000%
ST_OP_NOTPIPELINED_SLOW                              0        0.000%                0        0.000%
ST_OP_NOTPIPELINED_VERY_SLOW                         0        0.000%                0        0.000%
                                              39229798      100.000%         79192050      100.000%
                                                  6.24         2.52              6.22         2.53

ST_NOT_CF                                     29516914       75.241%         59651176       75.325%
ST_CF_BR                                         12207        0.031%            20102        0.025%
ST_CF_CBR                                      9658199       24.620%         19448121       24.558%
ST_CF_CALL                                       18908        0.048%            32277        0.041%
ST_CF_IBR                                         3072        0.008%             5472        0.007%
ST_CF_ICALL                                        809        0.002%             1364        0.002%
ST_CF_ICO                                            0        0.000%                0        0.000%
ST_CF_RET                                        19689        0.050%            33538        0.042%
ST_CF_SYS                                            0        0.000%                0        0.000%
                                              39229798      100.000%         79192050      100.000%
                                                  0.50         0.76              0.50         0.76

ST_BAR_NONE                                   39229798      100.000%         79192050      100.000%
ST_BAR_FETCH                                         0        0.000%                0        0.000%
ST_BAR_ISSUE                                         0        0.000%                0        0.000%
ST_BAR_BOTH                                          0        0.000%                0        0.000%
                                              39229798      100.000%         79192050      100.000%
                                                  0.00         0.00              0.00         0.00

ST_NOT_MEM                                    29344136       74.801%         59341784       74.934%
ST_MEM_LD                                       229650        0.585%           399564        0.505%
ST_MEM_ST                                      9656012       24.614%         19450702       24.561%
ST_MEM_PF                                            0        0.000%                0        0.000%
ST_MEM_WH                                            0        0.000%                0        0.000%
ST_MEM_EVICT                                         0        0.000%                0        0.000%
                                              39229798      100.000%         79192050      100.000%
                                                  0.50         0.75              0.50         0.75

ST_NOT_MEM_OFFPATH                              442459       68.947%          1362337       76.841%
ST_MEM_LD_OFFPATH                               130600       20.351%           265668       14.985%
ST_MEM_ST_OFFPATH                                68680       10.702%           144926        8.174%
ST_MEM_PF_OFFPATH                                    0        0.000%                0        0.000%
ST_MEM_WH_OFFPATH                                    0        0.000%                0        0.000%
ST_MEM_EVIC_OFFPATHT                                 0        0.000%                0        0.000%
                                                641739      100.000%          1772931      100.000%
                                                  0.42         0.58              0.31         0.55

ST_OP_ONPATH                                  39229798                       79192050              

ST_OP_OFFPATH                                   641739                        1772931              

ST_FAKE_OP_OFFPATH                               80959       12.616%           627007       35.366%
ST_NOT_FAKE_OP_OFFPATH                          560780       87.384%          1145924       64.634%
                                                641739      100.000%          1772931      100.000%
                                                  0.87         0.83              0.65         0.59

ST_FAKE_REASON_NOT_FAKE                         560780       87.384%          1145924       64.634%
ST_FAKE_REASON_REDIRECT_TO_NOT_INSTRUMENTED         80959       12.616%           627007       35.366%
ST_FAKE_REASON_RETURN_TO_NOT_INSTRUMENTED             0        0.000%                0        0.000%
ST_FAKE_REASON_NONRET_CF_TO_NOT_INSTRUMENTED             0        0.000%                0        0.000%
ST_FAKE_REASON_NOT_TAKEN_TO_NOT_INSTRUMENTED             0        0.000%                0        0.000%
ST_FAKE_REASON_WRONG_PATH_STORE_TO_NEW_REGION             0        0.000%                0        0.000%
                                                641739      100.000%          1772931      100.000%
                                                  0.13         0.31              0.35         0.38

ST_INST_ONPATH                                10400704                       21093479              

ST_INST_OFFPATH                                 518135                        1522414              

STATIC_PIN_NOP                                       0                              0              

DYNAMIC_PIN_REP_GREATER_256                          0                              0              

INST_MAP_UPDATE_JITTED                           23224        0.241%            37284        0.192%
INST_MAP_UPDATE_NPC_INV                              0        0.000%                0        0.000%
INST_MAP_UPDATE_NPC_NOP                              0        0.000%                0        0.000%
INST_MAP_UPDATE_NPC_CF                               0        0.000%                0        0.000%
INST_MAP_UPDATE_NPC_MOV                              0        0.000%                0        0.000%
INST_MAP_UPDATE_NPC_CMOV                             0        0.000%                0        0.000%
INST_MAP_UPDATE_NPC_LDA                              0        0.000%                0        0.000%
INST_MAP_UPDATE_NPC_IMEM                             0        0.000%                0        0.000%
INST_MAP_UPDATE_NPC_IADD                             0        0.000%                0        0.000%
INST_MAP_UPDATE_NPC_IMUL                          1220        0.013%             1864        0.010%
INST_MAP_UPDATE_NPC_IDIV                             0        0.000%                0        0.000%
INST_MAP_UPDATE_NPC_ICMP                             0        0.000%                0        0.000%
INST_MAP_UPDATE_NPC_LOGIC                            0        0.000%                0        0.000%
INST_MAP_UPDATE_NPC_SHIFT                            0        0.000%                0        0.000%
INST_MAP_UPDATE_NPC_FMEM                             0        0.000%                0        0.000%
INST_MAP_UPDATE_NPC_FCVT                             0        0.000%                0        0.000%
INST_MAP_UPDATE_NPC_FADD                             0        0.000%                0        0.000%
INST_MAP_UPDATE_NPC_FMUL                             0        0.000%                0        0.000%
INST_MAP_UPDATE_NPC_FMA                              0        0.000%                0        0.000%
INST_MAP_UPDATE_NPC_FDIV                             0        0.000%                0        0.000%
INST_MAP_UPDATE_NPC_FCMP                             0        0.000%                0        0.000%
INST_MAP_UPDATE_NPC_FCMOV                            0        0.000%                0        0.000%
INST_MAP_UPDATE_NPC_GATHER                           0        0.000%                0        0.000%
INST_MAP_UPDATE_NPC_SCATTER                          0        0.000%                0        0.000%
INST_MAP_UPDATE_NPC_PIPELINED_FAST                   0        0.000%                0        0.000%
INST_MAP_UPDATE_NPC_PIPELINED_MEDIUM                 0        0.000%                0        0.000%
INST_MAP_UPDATE_NPC_PIPELINED_SLOW                   0        0.000%                0        0.000%
INST_MAP_UPDATE_NPC_NOTPIPELINED_MEDIUM              0        0.000%                0        0.000%
INST_MAP_UPDATE_NPC_NOTPIPELINED_SLOW                0        0.000%                0        0.000%
INST_MAP_UPDATE_NPC_NOTPIPELINED_VERY_SLOW             0        0.000%                0        0.000%
INST_MAP_UPDATE_MEM_INV                              0        0.000%                0        0.000%
INST_MAP_UPDATE_MEM_NOP                              0        0.000%                0        0.000%
INST_MAP_UPDATE_MEM_CF                               0        0.000%                0        0.000%
INST_MAP_UPDATE_MEM_MOV                        9577078       99.388%         19305314       99.499%
INST_MAP_UPDATE_MEM_CMOV                             7        0.000%                9        0.000%
INST_MAP_UPDATE_MEM_LDA                              0        0.000%                0        0.000%
INST_MAP_UPDATE_MEM_IMEM                             0        0.000%                0        0.000%
INST_MAP_UPDATE_MEM_IADD                             0        0.000%                0        0.000%
INST_MAP_UPDATE_MEM_IMUL                         26788        0.278%            46468        0.239%
INST_MAP_UPDATE_MEM_IDIV                             0        0.000%                0        0.000%
INST_MAP_UPDATE_MEM_ICMP                             0        0.000%                0        0.000%
INST_MAP_UPDATE_MEM_LOGIC                         6497        0.067%             9506        0.049%
INST_MAP_UPDATE_MEM_SHIFT                          796        0.008%             1330        0.007%
INST_MAP_UPDATE_MEM_FMEM                            84        0.001%              128        0.001%
INST_MAP_UPDATE_MEM_FCVT                             0        0.000%                0        0.000%
INST_MAP_UPDATE_MEM_FADD                             0        0.000%                0        0.000%
INST_MAP_UPDATE_MEM_FMUL                             0        0.000%                0        0.000%
INST_MAP_UPDATE_MEM_FMA                              0        0.000%                0        0.000%
INST_MAP_UPDATE_MEM_FDIV                             0        0.000%                0        0.000%
INST_MAP_UPDATE_MEM_FCMP                             0        0.000%                0        0.000%
INST_MAP_UPDATE_MEM_FCMOV                            0        0.000%                0        0.000%
INST_MAP_UPDATE_MEM_GATHER                           0        0.000%                0        0.000%
INST_MAP_UPDATE_MEM_SCATTER                          0        0.000%                0        0.000%
INST_MAP_UPDATE_MEM_PIPELINED_FAST                   0        0.000%                0        0.000%
INST_MAP_UPDATE_MEM_PIPELINED_MEDIUM                 0        0.000%                0        0.000%
INST_MAP_UPDATE_MEM_PIPELINED_SLOW                 357        0.004%              607        0.003%
INST_MAP_UPDATE_MEM_NOTPIPELINED_MEDIUM              0        0.000%                0        0.000%
INST_MAP_UPDATE_MEM_NOTPIPELINED_SLOW                0        0.000%                0        0.000%
INST_MAP_UPDATE_MEM_NOTPIPELINED_VERY_SLOW             0        0.000%                0        0.000%
                                               9636051      100.000%         19402510      100.000%
                                                 32.94         0.47             32.95         0.41



