Scarab gitrev: 3541854
Scarab started at Sat Oct 19 01:34:30 2024

Initialized Ramulator. 
** Heartbeat:   5% -- { 1000000 } -- 0.00 KIPS (10.20 KIPS)
** Heartbeat:  10% -- { 2000000 } -- 11.24 KIPS (10.70 KIPS)
** Heartbeat:  15% -- { 3000000 } -- 10.99 KIPS (10.79 KIPS)
** Heartbeat:  20% -- { 4000000 } -- 11.24 KIPS (10.90 KIPS)
** Heartbeat:  25% -- { 5000000 } -- 11.11 KIPS (10.94 KIPS)
** Heartbeat:  30% -- { 6000000 } -- 11.24 KIPS (10.99 KIPS)
** Heartbeat:  35% -- { 7000000 } -- 11.11 KIPS (11.01 KIPS)
** Heartbeat:  40% -- { 8000000 } -- 11.24 KIPS (11.03 KIPS)
** Heartbeat:  45% -- { 9000000 } -- 11.49 KIPS (11.08 KIPS)
** Heartbeat:  50% -- { 10000000 } -- 11.24 KIPS (11.10 KIPS)
** Heartbeat:  55% -- { 11000000 } -- 11.24 KIPS (11.11 KIPS)
** Heartbeat:  60% -- { 12000000 } -- 10.99 KIPS (11.10 KIPS)
** Heartbeat:  65% -- { 13000000 } -- 10.53 KIPS (11.05 KIPS)
** Heartbeat:  70% -- { 14000000 } -- 11.11 KIPS (11.06 KIPS)
** Heartbeat:  75% -- { 15000000 } -- 10.99 KIPS (11.05 KIPS)
** Heartbeat:  80% -- { 16000000 } -- 12.05 KIPS (11.11 KIPS)
** Heartbeat:  85% -- { 17000000 } -- 12.05 KIPS (11.16 KIPS)
** Heartbeat:  90% -- { 18000005 } -- 11.63 KIPS (11.19 KIPS)
** Heartbeat:  95% -- { 19000009 } -- 11.90 KIPS (11.22 KIPS)
** Core 0 Finished:    insts:20000000    cycles:20809675    time:6503023437500       -- 0.96 IPC (0.96 IPC) --  N/A  KIPS (11.25 KIPS)
Scarab finished at Sat Oct 19 02:04:08 2024

