/* -*- Mode: c -*- */
####################################################################################################
Core 0
####################################################################################################
Cumulative:        Cycles: 4792473               Instructions: 20000000              IPC: 4.17321

Periodic:          Cycles: 2392732               Instructions: 9999998               IPC: 4.17932

EXECUTION_TIME                            747728750000                  1497647812500              

NODE_CYCLE                                     2392732                        4792473              

NODE_INST_COUNT                                9999998                       20000000              

NODE_INST_COUNT_FETCHED                        9999998                       20000000              

NODE_UOP_COUNT                                10021203                       20042575              

FULL_WINDOW_STALL                               346998       14.502%           700009       14.606%

FULL_WINDOW_MEM_OP                              113322       46.505%           221241       45.248%
FULL_WINDOW_FP_OP                               130353       53.495%           267710       54.752%
FULL_WINDOW_OTHER_OP                                 0        0.000%                0        0.000%
                                                243675      100.000%           488951      100.000%
                                                  0.53         0.34              0.55         0.33

RET_BLOCKED_DC_MISS                             198786        8.308%           397206        8.288%

RET_BLOCKED_L1_MISS                              88655        3.705%           158857        3.315%

RET_BLOCKED_L1_MISS_BW_PREF                          0        0.000%                0        0.000%

RET_BLOCKED_L1_ACCESS                           110131        4.603%           238351        4.973%

RET_BLOCKED_MEM_STALL                            88655        3.705%           158857        3.315%

RET_BLOCKED_OFFCHIP_DEMAND                           0        0.000%                0        0.000%

OP_ISSUED                                     10025772                       20054024              

OP_RETIRED                                    10021203                       20042575              

REPLAY_SIGNALED                                      0                              0              

REPLAY_COUNTED                                       0                              0              

OFF_CRITICAL_PATH                                    0         -nan%                0         -nan%
ON_CRITICAL_PATH                                     0         -nan%                0         -nan%
                                                     0         -nan%                0         -nan%
                                                  -nan         -nan              -nan         -nan

LD_NO_DEPENDENTS                                   105        0.005%              209        0.005%
LD_DEPENDENTS                                  2087223       99.995%          4174537       99.995%
                                               2087328      100.000%          4174746      100.000%
                                                  1.00         1.00              1.00         1.00

LD_EXEC_CYCLES_0                                     0        0.000%                0        0.000%
LD_EXEC_CYCLES_1                                     0        0.000%                0        0.000%
LD_EXEC_CYCLES_2                                     0        0.000%                0        0.000%
LD_EXEC_CYCLES_3                                 60237       48.355%           119628       48.238%
LD_EXEC_CYCLES_4                                 64336       51.645%           128367       51.762%
                                                124573      100.000%           247995      100.000%
                                                  3.52         2.58              3.52         2.58

ICACHE_STAGE_STARVED                                98        0.005%             2534        0.061%
ICACHE_STAGE_NOT_STARVED                       2085622       99.995%          4171366       99.939%
                                               2085720      100.000%          4173900      100.000%
                                                  1.00         1.00              1.00         1.00

ICACHE_STAGE_STALLED                            305493       12.768%           615451       12.842%
ICACHE_STAGE_NOT_STALLED                       2085720       87.169%          4172686       87.067%
ICACHE_STAGE_OFF_PATH                             1519        0.063%             4336        0.090%
                                               2392732      100.000%          4792473      100.000%
                                                  0.87         0.12              0.87         0.13

DECODE_STAGE_STARVED                           2392471       99.999%          4790722       99.997%
DECODE_STAGE_NOT_STARVED                            30        0.001%              120        0.003%
                                               2392501      100.000%          4790842      100.000%
                                                  0.00         0.00              0.00         0.01

DECODE_STAGE_STALLED                                 0        0.000%                2        0.000%
DECODE_STAGE_NOT_STALLED                       2392501       99.990%          4790840       99.966%
DECODE_STAGE_OFF_PATH                              231        0.010%             1631        0.034%
                                               2392732      100.000%          4792473      100.000%
                                                  1.00         0.01              1.00         0.03

UOPQ_STAGE_STARVED                                5068        0.243%            11393        0.273%
UOPQ_STAGE_NOT_STARVED                         2080776       99.757%          4161977       99.727%
                                               2085844      100.000%          4173370      100.000%
                                                  1.00         1.00              1.00         1.00

UOPQ_STAGE_STALLED                              305495       12.768%           615518       12.843%
UOPQ_STAGE_NOT_STALLED                         2085844       87.174%          4173370       87.082%
UOPQ_STAGE_OFF_PATH                               1393        0.058%             3585        0.075%
                                               2392732      100.000%          4792473      100.000%
                                                  0.87         0.12              0.87         0.13

MAP_STAGE_STARVED                                  155        0.006%             1609        0.034%
MAP_STAGE_NOT_STARVED                          2391253       99.994%          4787223       99.966%
                                               2391408      100.000%          4788832      100.000%
                                                  1.00         1.00              1.00         1.00

MAP_STAGE_STALLED                               305590       12.772%           615761       12.849%
MAP_STAGE_NOT_STALLED                          2085818       87.173%          4173071       87.076%
MAP_STAGE_OFF_PATH                                1324        0.055%             3641        0.076%
                                               2392732      100.000%          4792473      100.000%
                                                  0.87         0.12              0.87         0.13

EXEC_STAGE_STARVED                              340922       14.248%           696534       14.534%
EXEC_STAGE_NOT_STARVED                         2051254       85.729%          4094518       85.436%
EXEC_STAGE_OFF_PATH                                556        0.023%             1421        0.030%
                                               2392732      100.000%          4792473      100.000%
                                                  0.86         0.13              0.85         0.14

FU_BUSY_0                                      2253479                        4499694              

FU_BUSY_1                                      2151283                        4301495              

FU_BUSY_2                                      1161585                        2321058              

FU_BUSY_3                                       926512                        1854952              

FU_BUSY_4                                      2067681                        4138327              

FU_BUSY_5                                      1461212                        2928667              

FU_BUSY_6                                          522                           1030              

FU_BUSY_7                                          601                           1135              

FU_BUSY_8                                            0                              0              

FU_BUSY_9                                            0                              0              

FU_BUSY_10                                           0                              0              

FU_BUSY_11                                           0                              0              

FU_BUSY_12                                           0                              0              

FU_BUSY_13                                           0                              0              

FU_BUSY_14                                           0                              0              

FU_BUSY_15                                           0                              0              

FU_BUSY_16                                           0                              0              

FU_BUSY_17                                           0                              0              

FU_BUSY_18                                           0                              0              

FU_BUSY_19                                           0                              0              

FU_BUSY_20                                           0                              0              

FU_BUSY_21                                           0                              0              

FU_BUSY_22                                           0                              0              

FU_BUSY_23                                           0                              0              

FU_BUSY_24                                           0                              0              

FU_BUSY_25                                           0                              0              

FU_BUSY_26                                           0                              0              

FU_BUSY_27                                           0                              0              

FU_BUSY_28                                           0                              0              

FU_BUSY_29                                           0                              0              

FU_BUSY_30                                           0                              0              

FU_BUSY_31                                           0                              0              

FU_REJECTED_OP_INV_NOT_SIMD                          0        0.000%                0        0.000%
FU_REJECTED_OP_NOP_NOT_SIMD                          0        0.000%                0        0.000%
FU_REJECTED_OP_CF_NOT_SIMD                           0        0.000%                0        0.000%
FU_REJECTED_OP_MOV_NOT_SIMD                          0        0.000%                0        0.000%
FU_REJECTED_OP_CMOV_NOT_SIMD                         0        0.000%                0        0.000%
FU_REJECTED_OP_LDA_NOT_SIMD                          0        0.000%                0        0.000%
FU_REJECTED_OP_IMEM_NOT_SIMD                         0        0.000%                0        0.000%
FU_REJECTED_OP_IADD_NOT_SIMD                         2      100.000%                7       87.500%
FU_REJECTED_OP_IMUL_NOT_SIMD                         0        0.000%                0        0.000%
FU_REJECTED_OP_IDIV_NOT_SIMD                         0        0.000%                0        0.000%
FU_REJECTED_OP_ICMP_NOT_SIMD                         0        0.000%                0        0.000%
FU_REJECTED_OP_LOGIC_NOT_SIMD                        0        0.000%                0        0.000%
FU_REJECTED_OP_SHIFT_NOT_SIMD                        0        0.000%                0        0.000%
FU_REJECTED_OP_FMEM_NOT_SIMD                         0        0.000%                0        0.000%
FU_REJECTED_OP_FCVT_NOT_SIMD                         0        0.000%                0        0.000%
FU_REJECTED_OP_FADD_NOT_SIMD                         0        0.000%                0        0.000%
FU_REJECTED_OP_FMUL_NOT_SIMD                         0        0.000%                0        0.000%
FU_REJECTED_OP_FMA_NOT_SIMD                          0        0.000%                0        0.000%
FU_REJECTED_OP_FDIV_NOT_SIMD                         0        0.000%                0        0.000%
FU_REJECTED_OP_FCMP_NOT_SIMD                         0        0.000%                0        0.000%
FU_REJECTED_OP_FCMOV_NOT_SIMD                        0        0.000%                0        0.000%
FU_REJECTED_OP_GATHER_NOT_SIMD                       0        0.000%                0        0.000%
FU_REJECTED_OP_SCATTER_NOT_SIMD                      0        0.000%                0        0.000%
FU_REJECTED_OP_PIPELINED_FAST_NOT_SIMD               0        0.000%                0        0.000%
FU_REJECTED_OP_PIPELINED_MEDIUM_NOT_SIMD             0        0.000%                0        0.000%
FU_REJECTED_OP_PIPELINED_SLOW_NOT_SIMD               0        0.000%                0        0.000%
FU_REJECTED_OP_NOTPIPELINED_MEDIUM_NOT_SIMD             0        0.000%                0        0.000%
FU_REJECTED_OP_NOTPIPELINED_SLOW_NOT_SIMD             0        0.000%                0        0.000%
FU_REJECTED_OP_NOTPIPELINED_VERY_SLOW_NOT_SIMD             0        0.000%                0        0.000%
FU_REJECTED_OP_INV_SIMD                              0        0.000%                0        0.000%
FU_REJECTED_OP_NOP_SIMD                              0        0.000%                0        0.000%
FU_REJECTED_OP_CF_SIMD                               0        0.000%                0        0.000%
FU_REJECTED_OP_MOV_SIMD                              0        0.000%                0        0.000%
FU_REJECTED_OP_CMOV_SIMD                             0        0.000%                0        0.000%
FU_REJECTED_OP_LDA_SIMD                              0        0.000%                0        0.000%
FU_REJECTED_OP_IMEM_SIMD                             0        0.000%                0        0.000%
FU_REJECTED_OP_IADD_SIMD                             0        0.000%                0        0.000%
FU_REJECTED_OP_IMUL_SIMD                             0        0.000%                0        0.000%
FU_REJECTED_OP_IDIV_SIMD                             0        0.000%                0        0.000%
FU_REJECTED_OP_ICMP_SIMD                             0        0.000%                0        0.000%
FU_REJECTED_OP_LOGIC_SIMD                            0        0.000%                0        0.000%
FU_REJECTED_OP_SHIFT_SIMD                            0        0.000%                0        0.000%
FU_REJECTED_OP_FMEM_SIMD                             0        0.000%                0        0.000%
FU_REJECTED_OP_FCVT_SIMD                             0        0.000%                0        0.000%
FU_REJECTED_OP_FADD_SIMD                             0        0.000%                0        0.000%
FU_REJECTED_OP_FMUL_SIMD                             0        0.000%                0        0.000%
FU_REJECTED_OP_FMA_SIMD                              0        0.000%                1       12.500%
FU_REJECTED_OP_FDIV_SIMD                             0        0.000%                0        0.000%
FU_REJECTED_OP_FCMP_SIMD                             0        0.000%                0        0.000%
FU_REJECTED_OP_FCMOV_SIMD                            0        0.000%                0        0.000%
FU_REJECTED_OP_GATHER_SIMD                           0        0.000%                0        0.000%
FU_REJECTED_OP_SCATTER_SIMD                          0        0.000%                0        0.000%
FU_REJECTED_OP_PIPELINED_FAST_SIMD                   0        0.000%                0        0.000%
FU_REJECTED_OP_PIPELINED_MEDIUM_SIMD                 0        0.000%                0        0.000%
FU_REJECTED_OP_PIPELINED_SLOW_SIMD                   0        0.000%                0        0.000%
FU_REJECTED_OP_NOTPIPELINED_MEDIUM_SIMD              0        0.000%                0        0.000%
FU_REJECTED_OP_NOTPIPELINED_SLOW_SIMD                0        0.000%                0        0.000%
FU_REJECTED_OP_NOTPIPELINED_VERY_SLOW_SIMD             0        0.000%                0        0.000%
                                                     2      100.000%                8      100.000%
                                                  7.00         0.00             11.88        13.79

OP_WAIT_0                                      5185903                       10358972              

OP_WAIT_1                                      1492560                        2983628              

OP_WAIT_2                                       939275                        1880788              

OP_WAIT_3                                       523790                        1048973              

OP_WAIT_4                                       372196                         744047              

OP_WAIT_5                                       313228                         626373              

OP_WAIT_6                                       280571                         565345              

OP_WAIT_7                                       259907                         524210              

OP_WAIT_8                                       135061                         271948              

OP_WAIT_9                                       116444                         231695              

OP_WAIT_10                                      100745                         200282              

OP_WAIT_11                                       56561                         113870              

OP_WAIT_12                                       61292                         122551              

OP_WAIT_13                                       48721                          98599              

OP_WAIT_14                                       30414                          60990              

OP_WAIT_15                                       13897                          27387              

OP_WAIT_16                                       22841                          45252              

OP_WAIT_17                                        8230                          16341              

OP_WAIT_18                                        5030                          10680              

OP_WAIT_19                                         501                           1135              

OP_WAIT_20                                        1802                           3487              

OP_WAIT_21                                         776                           1499              

OP_WAIT_22                                        1234                           1884              

OP_WAIT_23                                         836                           1398              

OP_WAIT_24                                         832                           1311              

OP_WAIT_25                                         377                            565              

OP_WAIT_26                                         462                            852              

OP_WAIT_27                                         491                            879              

OP_WAIT_28                                         315                            516              

OP_WAIT_29                                         290                            454              

OP_WAIT_30                                         701                           1333              

OP_WAIT_31                                       45920                          95331              

ROW_SIZE_0                                      537822                        1080045              

ROW_SIZE_1                                      155588                         312351              

ROW_SIZE_2                                       30902                          62875              

ROW_SIZE_3                                        3406                           6461              

ROW_SIZE_4                                       49404                          98960              

ROW_SIZE_5                                       96933                         195345              

ROW_SIZE_6                                     1518552                        3035421              

ROW_SIZE_7                                           0                              0              

ROW_SIZE_8                                           0                              0              

ROW_SIZE_9                                           0                              0              

ROW_SIZE_10                                          0                              0              

ROW_SIZE_11                                          0                              0              

ROW_SIZE_12                                          0                              0              

ROW_SIZE_13                                          0                              0              

ROW_SIZE_14                                          0                              0              

ROW_SIZE_15                                          0                              0              

ROW_SIZE_16                                          0                              0              

ROW_SIZE_17                                          0                              0              

ROW_SIZE_18                                          0                              0              

ROW_SIZE_19                                          0                              0              

ROW_SIZE_20                                          0                              0              

ROW_SIZE_21                                          0                              0              

ROW_SIZE_22                                          0                              0              

ROW_SIZE_23                                          0                              0              

ROW_SIZE_24                                          0                              0              

ROW_SIZE_25                                          0                              0              

ROW_SIZE_26                                          0                              0              

ROW_SIZE_27                                          0                              0              

ROW_SIZE_28                                          0                              0              

ROW_SIZE_29                                          0                              0              

ROW_SIZE_30                                          0                              0              

ROW_SIZE_31                                          0                              0              

RET_OP_EXEC_COUNT_0                                  0        0.000%                0        0.000%
RET_OP_EXEC_COUNT_1                           10021203      100.000%         20042575      100.000%
RET_OP_EXEC_COUNT_2                                  0        0.000%                0        0.000%
RET_OP_EXEC_COUNT_3                                  0        0.000%                0        0.000%
RET_OP_EXEC_COUNT_4                                  0        0.000%                0        0.000%
RET_OP_EXEC_COUNT_5                                  0        0.000%                0        0.000%
RET_OP_EXEC_COUNT_6                                  0        0.000%                0        0.000%
RET_OP_EXEC_COUNT_7                                  0        0.000%                0        0.000%
RET_OP_EXEC_COUNT_8                                  0        0.000%                0        0.000%
RET_OP_EXEC_COUNT_9                                  0        0.000%                0        0.000%
RET_OP_EXEC_COUNT_10                                 0        0.000%                0        0.000%
RET_OP_EXEC_COUNT_11                                 0        0.000%                0        0.000%
RET_OP_EXEC_COUNT_12                                 0        0.000%                0        0.000%
RET_OP_EXEC_COUNT_13                                 0        0.000%                0        0.000%
RET_OP_EXEC_COUNT_14                                 0        0.000%                0        0.000%
RET_OP_EXEC_COUNT_15                                 0        0.000%                0        0.000%
RET_OP_EXEC_COUNT_16                                 0        0.000%                0        0.000%
RET_OP_EXEC_COUNT_17                                 0        0.000%                0        0.000%
RET_OP_EXEC_COUNT_18                                 0        0.000%                0        0.000%
RET_OP_EXEC_COUNT_19                                 0        0.000%                0        0.000%
RET_OP_EXEC_COUNT_20                                 0        0.000%                0        0.000%
RET_OP_EXEC_COUNT_21                                 0        0.000%                0        0.000%
RET_OP_EXEC_COUNT_22                                 0        0.000%                0        0.000%
RET_OP_EXEC_COUNT_23                                 0        0.000%                0        0.000%
RET_OP_EXEC_COUNT_24                                 0        0.000%                0        0.000%
RET_OP_EXEC_COUNT_25                                 0        0.000%                0        0.000%
RET_OP_EXEC_COUNT_26                                 0        0.000%                0        0.000%
RET_OP_EXEC_COUNT_27                                 0        0.000%                0        0.000%
RET_OP_EXEC_COUNT_28                                 0        0.000%                0        0.000%
RET_OP_EXEC_COUNT_29                                 0        0.000%                0        0.000%
RET_OP_EXEC_COUNT_30                                 0        0.000%                0        0.000%
RET_OP_EXEC_COUNT_31                                 0        0.000%                0        0.000%
RET_OP_EXEC_COUNT_32                                 0        0.000%                0        0.000%
                                              10021203      100.000%         20042575      100.000%
                                                  1.00         0.00              1.00         0.00

RET_STALL_LENGTH_0                            10020449       99.992%         20041417       99.994%
RET_STALL_LENGTH_100                               732        0.007%             1102        0.005%
RET_STALL_LENGTH_200                                 6        0.000%               23        0.000%
RET_STALL_LENGTH_300                                 7        0.000%               13        0.000%
RET_STALL_LENGTH_400                                 1        0.000%                4        0.000%
RET_STALL_LENGTH_500                                 6        0.000%               11        0.000%
RET_STALL_LENGTH_600                                 2        0.000%                3        0.000%
RET_STALL_LENGTH_700                                 0        0.000%                0        0.000%
RET_STALL_LENGTH_800                                 0        0.000%                0        0.000%
RET_STALL_LENGTH_900                                 0        0.000%                0        0.000%
RET_STALL_LENGTH_1000                                0        0.000%                1        0.000%
RET_STALL_LENGTH_1100                                0        0.000%                0        0.000%
RET_STALL_LENGTH_1200                                0        0.000%                1        0.000%
RET_STALL_LENGTH_1300                                0        0.000%                0        0.000%
RET_STALL_LENGTH_1400                                0        0.000%                0        0.000%
RET_STALL_LENGTH_1500                                0        0.000%                0        0.000%
RET_STALL_LENGTH_1600                                0        0.000%                0        0.000%
RET_STALL_LENGTH_1700                                0        0.000%                0        0.000%
RET_STALL_LENGTH_1800                                0        0.000%                0        0.000%
RET_STALL_LENGTH_1900                                0        0.000%                0        0.000%
RET_STALL_LENGTH_2000                                0        0.000%                0        0.000%
RET_STALL_LENGTH_2100                                0        0.000%                0        0.000%
RET_STALL_LENGTH_2200                                0        0.000%                0        0.000%
RET_STALL_LENGTH_2300                                0        0.000%                0        0.000%
RET_STALL_LENGTH_2400                                0        0.000%                0        0.000%
RET_STALL_LENGTH_2500                                0        0.000%                0        0.000%
RET_STALL_LENGTH_2600                                0        0.000%                0        0.000%
RET_STALL_LENGTH_2700                                0        0.000%                0        0.000%
RET_STALL_LENGTH_2800                                0        0.000%                0        0.000%
RET_STALL_LENGTH_2900                                0        0.000%                0        0.000%
RET_STALL_LENGTH_3000                                0        0.000%                0        0.000%
RET_STALL_LENGTH_3100                                0        0.000%                0        0.000%
RET_STALL_LENGTH_3200                                0        0.000%                0        0.000%
RET_STALL_LENGTH_3300                                0        0.000%                0        0.000%
RET_STALL_LENGTH_3400                                0        0.000%                0        0.000%
RET_STALL_LENGTH_3500                                0        0.000%                0        0.000%
RET_STALL_LENGTH_3600                                0        0.000%                0        0.000%
RET_STALL_LENGTH_3700                                0        0.000%                0        0.000%
RET_STALL_LENGTH_3800                                0        0.000%                0        0.000%
RET_STALL_LENGTH_3900                                0        0.000%                0        0.000%
RET_STALL_LENGTH_4000                                0        0.000%                0        0.000%
RET_STALL_LENGTH_4100                                0        0.000%                0        0.000%
RET_STALL_LENGTH_4200                                0        0.000%                0        0.000%
RET_STALL_LENGTH_4300                                0        0.000%                0        0.000%
RET_STALL_LENGTH_4400                                0        0.000%                0        0.000%
RET_STALL_LENGTH_4500                                0        0.000%                0        0.000%
RET_STALL_LENGTH_4600                                0        0.000%                0        0.000%
RET_STALL_LENGTH_4700                                0        0.000%                0        0.000%
RET_STALL_LENGTH_4800                                0        0.000%                0        0.000%
RET_STALL_LENGTH_4900                                0        0.000%                0        0.000%
RET_STALL_LENGTH_5000                                0        0.000%                0        0.000%
                                              10021203      100.000%         20042575      100.000%
                                                  0.00         0.01              0.00         0.01

MEM_BLOCK_LENGTH_0                                   0         -nan%                0         -nan%
MEM_BLOCK_LENGTH_100                                 0         -nan%                0         -nan%
MEM_BLOCK_LENGTH_200                                 0         -nan%                0         -nan%
MEM_BLOCK_LENGTH_300                                 0         -nan%                0         -nan%
MEM_BLOCK_LENGTH_400                                 0         -nan%                0         -nan%
MEM_BLOCK_LENGTH_500                                 0         -nan%                0         -nan%
MEM_BLOCK_LENGTH_600                                 0         -nan%                0         -nan%
MEM_BLOCK_LENGTH_700                                 0         -nan%                0         -nan%
MEM_BLOCK_LENGTH_800                                 0         -nan%                0         -nan%
MEM_BLOCK_LENGTH_900                                 0         -nan%                0         -nan%
MEM_BLOCK_LENGTH_1000                                0         -nan%                0         -nan%
MEM_BLOCK_LENGTH_1100                                0         -nan%                0         -nan%
MEM_BLOCK_LENGTH_1200                                0         -nan%                0         -nan%
MEM_BLOCK_LENGTH_1300                                0         -nan%                0         -nan%
MEM_BLOCK_LENGTH_1400                                0         -nan%                0         -nan%
MEM_BLOCK_LENGTH_1500                                0         -nan%                0         -nan%
MEM_BLOCK_LENGTH_1600                                0         -nan%                0         -nan%
MEM_BLOCK_LENGTH_1700                                0         -nan%                0         -nan%
MEM_BLOCK_LENGTH_1800                                0         -nan%                0         -nan%
MEM_BLOCK_LENGTH_1900                                0         -nan%                0         -nan%
MEM_BLOCK_LENGTH_2000                                0         -nan%                0         -nan%
MEM_BLOCK_LENGTH_2100                                0         -nan%                0         -nan%
MEM_BLOCK_LENGTH_2200                                0         -nan%                0         -nan%
MEM_BLOCK_LENGTH_2300                                0         -nan%                0         -nan%
MEM_BLOCK_LENGTH_2400                                0         -nan%                0         -nan%
MEM_BLOCK_LENGTH_2500                                0         -nan%                0         -nan%
MEM_BLOCK_LENGTH_2600                                0         -nan%                0         -nan%
MEM_BLOCK_LENGTH_2700                                0         -nan%                0         -nan%
MEM_BLOCK_LENGTH_2800                                0         -nan%                0         -nan%
MEM_BLOCK_LENGTH_2900                                0         -nan%                0         -nan%
MEM_BLOCK_LENGTH_3000                                0         -nan%                0         -nan%
MEM_BLOCK_LENGTH_3100                                0         -nan%                0         -nan%
MEM_BLOCK_LENGTH_3200                                0         -nan%                0         -nan%
MEM_BLOCK_LENGTH_3300                                0         -nan%                0         -nan%
MEM_BLOCK_LENGTH_3400                                0         -nan%                0         -nan%
MEM_BLOCK_LENGTH_3500                                0         -nan%                0         -nan%
MEM_BLOCK_LENGTH_3600                                0         -nan%                0         -nan%
MEM_BLOCK_LENGTH_3700                                0         -nan%                0         -nan%
MEM_BLOCK_LENGTH_3800                                0         -nan%                0         -nan%
MEM_BLOCK_LENGTH_3900                                0         -nan%                0         -nan%
MEM_BLOCK_LENGTH_4000                                0         -nan%                0         -nan%
MEM_BLOCK_LENGTH_4100                                0         -nan%                0         -nan%
MEM_BLOCK_LENGTH_4200                                0         -nan%                0         -nan%
MEM_BLOCK_LENGTH_4300                                0         -nan%                0         -nan%
MEM_BLOCK_LENGTH_4400                                0         -nan%                0         -nan%
MEM_BLOCK_LENGTH_4500                                0         -nan%                0         -nan%
MEM_BLOCK_LENGTH_4600                                0         -nan%                0         -nan%
MEM_BLOCK_LENGTH_4700                                0         -nan%                0         -nan%
MEM_BLOCK_LENGTH_4800                                0         -nan%                0         -nan%
MEM_BLOCK_LENGTH_4900                                0         -nan%                0         -nan%
MEM_BLOCK_LENGTH_5000                                0         -nan%                0         -nan%
                                                     0         -nan%                0         -nan%
                                                  -nan         -nan              -nan         -nan

FUS_BUSY_ON_PATH                              10021190        4.1882         20042663        4.1821

FUS_BUSY_OFF_PATH                                 1685        0.0007             3695        0.0008

FU_BUSY_MEM_STALL                                   62        0.0000              108        0.0000

FUS_EMPTY                                      9118981        3.8111         18293426        3.8171

FU_UNAVAILABLE                                       0        0.0000                1        0.0000

FU_MEM_UNAVAILABLE                                   2        0.0000                7        0.0000

FU_REPLAY                                            0        0.0000                0        0.0000

FU_STARVED                                     9118878        3.8111         18293203        3.8171

CHIP_UTILIZATION                                     0        0.0000                0        0.0000

CYCLES_UNDER_MEM_REQ                                 0                              0              

CYCLES_UNDER_NO_MEM_REQ                              0                              0              

CYCLES_UNDER_CRITICAL_MEM_REQ                        0                              0              

CYCLES_UNDER_NONCRITICAL_MEM_REQ                     0                              0              

CHIP_UTILIZATION_UNDER_MEM_REQ                       0          -nan                0          -nan

CHIP_UTILIZATION_UNDER_NO_MEM_REQ                    0          -nan                0          -nan

CHIP_UTILIZATION_UNDER_CRITICAL_MEM_REQ              0          -nan                0          -nan

CHIP_UTILIZATION_UNDER_NONCRITICAL_MEM_REQ             0          -nan                0          -nan

CYCLES_NOT_WAITING_FOR_OFF_CHIP                      0        0.0000                0        0.0000

FUS_BUSY_NOT_WAITING_FOR_OFF_CHIP                    0          -nan                0          -nan

CYCLES_WAITING_FOR_OFF_CHIP                          0        0.0000                0        0.0000

FUS_BUSY_WAITING_FOR_OFF_CHIP                        0          -nan                0          -nan

TOTAL_OFF_CHIP_DELAYS_LEFT                           0                              0              

WRONG_IO_SCHED                                       0                              0              

DVFS_CONFIG_SWITCH                                   0                              0              

MAP_STAGE_RECEIVED_OPS_0                             0        0.000%                0        0.000%
MAP_STAGE_RECEIVED_OPS_1                           164        0.008%              281        0.007%
MAP_STAGE_RECEIVED_OPS_2                          6923        0.332%            13797        0.331%
MAP_STAGE_RECEIVED_OPS_3                        818981       39.268%          1637985       39.267%
MAP_STAGE_RECEIVED_OPS_4                           338        0.016%              733        0.018%
MAP_STAGE_RECEIVED_OPS_5                          6916        0.332%            13908        0.333%
MAP_STAGE_RECEIVED_OPS_6                       1252318       60.045%          2504696       60.044%
MAP_STAGE_RECEIVED_OPS_7                             0        0.000%                0        0.000%
MAP_STAGE_RECEIVED_OPS_8                             0        0.000%                0        0.000%
MAP_STAGE_RECEIVED_OPS_MAX                           0        0.000%                0        0.000%
                                               2085640      100.000%          4171400      100.000%
                                                  4.80         1.47              4.80         1.47

MAP_STAGE_WAIT_FOR_DECODE                            0         -nan%                0         -nan%
MAP_STAGE_CONSUME_DECODE                             0         -nan%                0         -nan%
                                                     0         -nan%                0         -nan%
                                                  -nan         -nan              -nan         -nan

MAP_STAGE_WAIT_FOR_DECODE2                           0         -nan%                0         -nan%
MAP_STAGE_CONSUME_DECODE2                            0         -nan%                0         -nan%
                                                     0         -nan%                0         -nan%
                                                  -nan         -nan              -nan         -nan

FTQ_RECOVER_EXEC                                    23                             62              

FTQ_RECOVER_DECODE                                   0                              0              

FTQ_OFFPATH_CYCLES                                2673                           9213              

FTQ_CYCLES_OFFPATH                                2753                           9507              

FTQ_CYCLES_ONPATH                              2389979                        4782966              

FTQ_FETCHED_INS_OFFPATH                          12728                          38903              

FTQ_FETCHED_INS_ONPATH                        10020392                       20042513              

FTQ_BREAK_FULL_FT_ONPATH                       2389538       99.990%          4782176       99.989%
FTQ_BREAK_MAX_CFS_TAKEN_ONPATH                      62        0.003%              136        0.003%
FTQ_BREAK_MAX_BYTES_ONPATH                         170        0.007%              406        0.008%
FTQ_BREAK_PRED_BR_ONPATH                             0        0.000%                0        0.000%
FTQ_BREAK_BAR_FETCH_ONPATH                           0        0.000%                0        0.000%
                                               2389770      100.000%          4782718      100.000%
                                                  0.00         0.02              0.00         0.02

FTQ_BREAK_FULL_FT_OFFPATH                         2676       96.398%             9172       95.851%
FTQ_BREAK_MAX_CFS_TAKEN_OFFPATH                     51        1.837%               98        1.024%
FTQ_BREAK_MAX_BYTES_OFFPATH                         49        1.765%              299        3.125%
FTQ_BREAK_PRED_BR_OFFPATH                            0        0.000%                0        0.000%
FTQ_BREAK_BAR_FETCH_OFFPATH                          0        0.000%                0        0.000%
                                                  2776      100.000%             9569      100.000%
                                                  0.05         0.29              0.07         0.35



