Scarab gitrev: 3541854
Scarab started at Sat Oct 19 03:07:58 2024

Initialized Ramulator. 
** Heartbeat:   5% -- { 1000000 } -- 0.00 KIPS (17.24 KIPS)
** Heartbeat:  10% -- { 2000000 } -- 17.24 KIPS (17.24 KIPS)
** Heartbeat:  15% -- { 3000003 } -- 17.54 KIPS (17.34 KIPS)
** Heartbeat:  20% -- { 4000007 } -- 14.29 KIPS (16.46 KIPS)
** Heartbeat:  25% -- { 5000007 } -- 16.39 KIPS (16.45 KIPS)
** Heartbeat:  30% -- { 6000012 } -- 14.93 KIPS (16.17 KIPS)
** Heartbeat:  35% -- { 7000016 } -- 14.93 KIPS (15.98 KIPS)
** Heartbeat:  40% -- { 8000016 } -- 17.54 KIPS (16.16 KIPS)
** Heartbeat:  45% -- { 9000017 } -- 16.67 KIPS (16.22 KIPS)
** Heartbeat:  50% -- { 10000018 } -- 16.39 KIPS (16.23 KIPS)
** Heartbeat:  55% -- { 11000018 } -- 13.89 KIPS (15.99 KIPS)
** Heartbeat:  60% -- { 12000018 } -- 19.61 KIPS (16.24 KIPS)
** Heartbeat:  65% -- { 13000018 } -- 15.87 KIPS (16.21 KIPS)
** Heartbeat:  70% -- { 14000019 } -- 15.38 KIPS (16.15 KIPS)
** Heartbeat:  75% -- { 15000023 } -- 16.95 KIPS (16.20 KIPS)
** Heartbeat:  80% -- { 16000026 } -- 14.93 KIPS (16.11 KIPS)
** Heartbeat:  85% -- { 17000026 } -- 18.87 KIPS (16.25 KIPS)
** Heartbeat:  90% -- { 18000026 } -- 15.62 KIPS (16.22 KIPS)
** Heartbeat:  95% -- { 19000026 } -- 15.87 KIPS (16.20 KIPS)
** Core 0 Finished:    insts:20000003    cycles:12191064    time:3809707500000       -- 1.64 IPC (1.64 IPC) --  N/A  KIPS (16.05 KIPS)
Scarab finished at Sat Oct 19 03:28:45 2024

