/* -*- Mode: c -*- */
####################################################################################################
Core 0
####################################################################################################
Cumulative:        Cycles: 12191064              Instructions: 20000003              IPC: 1.64055

Periodic:          Cycles: 6169295               Instructions: 10000000              IPC: 1.62093

DCACHE_PREF_HIT                                      0                              0              

IFETCH_WB_FIRST_SCHEDULE                             0         -nan%                0         -nan%
PREFETCH_LAST_SCHEDULE                               0         -nan%                0         -nan%
DEMAND_PASS_PREF_SCHEDULE                            0         -nan%                0         -nan%
DEMAND_PASS_LOW_OP_SCHEDULE                          0         -nan%                0         -nan%
DEMAND_LAST_SCHEDULE                                 0         -nan%                0         -nan%
                                                     0         -nan%                0         -nan%
                                                  -nan         -nan              -nan         -nan

SEND_MISS_REQ_QUEUE                              32506                          91146              

L1_DATA_EVICT                                    32375                          59009              

STREAM_BUFFER_REQ                                    0                              0              

PREF_SEND_TO_MEM_REQ                                 0         -nan%                0         -nan%
PREF_SEND_TO_MEM_REQ_FAIL                            0         -nan%                0         -nan%
                                                     0         -nan%                0         -nan%
                                                  -nan         -nan              -nan         -nan

HIT_TRAIN_STREAM                                 66482       97.703%           132770       96.835%
MISS_TRAIN_STREAM                                 1563        2.297%             4340        3.165%
                                                 68045      100.000%           137110      100.000%
                                                  0.02         0.15              0.03         0.17

STREAM_TRAIN_CREATE                                809                           2246              

MEM_REQ_MISS_HWP_PREF_Q                              0         -nan%                0         -nan%
MEM_REQ_MISS_SW_PREF_Q                               0         -nan%                0         -nan%
MEM_REQ_MISS_IFETCH_Q                                0         -nan%                0         -nan%
MEM_REQ_MISS_DFETCH_Q                                0         -nan%                0         -nan%
MEM_REQ_MISS_DSTORE_Q                                0         -nan%                0         -nan%
MEM_REQ_MISS_DPRF_Q                                  0         -nan%                0         -nan%
MEM_REQ_MISS_WB_Q                                    0         -nan%                0         -nan%
                                                     0         -nan%                0         -nan%
                                                  -nan         -nan              -nan         -nan

PREF_HIT_BY_DEMAND_IFETCH                            0         -nan%                0         -nan%
PREF_HIT_BY_DEMAND_DFETCH                            0         -nan%                0         -nan%
PREF_HIT_BY_DEMAND_DSTORE                            0         -nan%                0         -nan%
PREF_HIT_BY_DEMAND_IPREF                             0         -nan%                0         -nan%
PREF_HIT_BY_DEMAND_DPRF                              0         -nan%                0         -nan%
PREF_HIT_BY_DEMAND_WB                                0         -nan%                0         -nan%
PREF_HIT_BY_PREF                                     0         -nan%                0         -nan%
                                                     0         -nan%                0         -nan%
                                                  -nan         -nan              -nan         -nan

PREF_HIT_DEMAND_IFETCH                               0         -nan%                0         -nan%
PREF_HIT_DEMAND_DFETCH                               0         -nan%                0         -nan%
PREF_HIT_DEMAND_DSTORE                               0         -nan%                0         -nan%
PREF_HIT_DEMAND_IPREF                                0         -nan%                0         -nan%
PREF_HIT_DEMAND_DPRF                                 0         -nan%                0         -nan%
PREF_HIT_DEMAND_WB                                   0         -nan%                0         -nan%
                                                     0         -nan%                0         -nan%
                                                  -nan         -nan              -nan         -nan

PREF_L1_FILL                                         0         -nan%                0         -nan%
DEMAND_L1_FILL                                       0         -nan%                0         -nan%
                                                     0         -nan%                0         -nan%
                                                  -nan         -nan              -nan         -nan

TOUCH_L1_REPLACE                                     0        0.000%                0        0.000%
NO_TOUCH_L1_REPLACE                              32375      100.000%            59009      100.000%
                                                 32375      100.000%            59009      100.000%
                                                  1.00         1.00              1.00         1.00

PREF_REQ_QUE_FULL                                    0                              0              

STREAM_REQ_QUEUE_HIT_BY_DEMAND                       0                              0              

L2HIT_STREAM_PREF_REQ_QUE_FULL                       0                              0              

L2HIT_HIT_TRAIN_STREAM                               0         -nan%                0         -nan%
L2HIT_MISS_TRAIN_STREAM                              0         -nan%                0         -nan%
                                                     0         -nan%                0         -nan%
                                                  -nan         -nan              -nan         -nan

L2HIT_STREAM_TRAIN_CREATE                            0                              0              

L2HIT_STREAM_BUFFER_REQ                              0                              0              

L2HIT_STREAM_PREF_DCACHE_HIT                         0         -nan%                0         -nan%
L2HIT_STREAM_PREF_DCACHE_INSERT                      0         -nan%                0         -nan%
L2HIT_STREAM_L2_MISS                                 0         -nan%                0         -nan%
                                                     0         -nan%                0         -nan%
                                                  -nan         -nan              -nan         -nan

L2HIT_STREAM_DCACHE_PORT_FULL                        0                              0              

L2HIT_STREAM_PREF_L1_PORT_FULL                       0                              0              

L2HIT_TRAIN_HIT_DEMAND                               0         -nan%                0         -nan%
L2HIT_TRAIN_MISS_REQ                                 0         -nan%                0         -nan%
                                                     0         -nan%                0         -nan%
                                                  -nan         -nan              -nan         -nan

L2HIT_TRAIN_FILTER_MISS                              0         -nan%                0         -nan%
L2HIT_TRAIN_FILTER_HIT                               0         -nan%                0         -nan%
                                                     0         -nan%                0         -nan%
                                                  -nan         -nan              -nan         -nan

L2HIT_PREF_REQ_DCACHE_HIT                            0         -nan%                0         -nan%
L2HIT_PREF_REQ_DCACHE_MISS                           0         -nan%                0         -nan%
                                                     0         -nan%                0         -nan%
                                                  -nan         -nan              -nan         -nan

L2HIT_L2SEND_Q_FULL                                  0         -nan%                0         -nan%
L2HIT_L2SEND_Q_ENTER                                 0         -nan%                0         -nan%
                                                     0         -nan%                0         -nan%
                                                  -nan         -nan              -nan         -nan

L2HIT_MEM_REQ                                        0                              0              

REMOVE_REDUNDANT_STREAM_STAT                         0                              0              

REPLACE_OLD_STREAM                                 809                           2230              

REQ_SEND_QUEUE_STALL                                 0                              0              

STREAM_ENTER_RA                                      0                              0              

CORE_STREAM_LENGTH_0                                17       12.782%               66       18.082%
CORE_STREAM_LENGTH_10                               33       24.812%              133       36.438%
CORE_STREAM_LENGTH_20                               18       13.534%               41       11.233%
CORE_STREAM_LENGTH_30                                8        6.015%               16        4.384%
CORE_STREAM_LENGTH_40                                3        2.256%                9        2.466%
CORE_STREAM_LENGTH_50                                1        0.752%                3        0.822%
CORE_STREAM_LENGTH_60                                1        0.752%                8        2.192%
CORE_STREAM_LENGTH_70                                2        1.504%                2        0.548%
CORE_STREAM_LENGTH_80                                3        2.256%                5        1.370%
CORE_STREAM_LENGTH_90                                7        5.263%                8        2.192%
CORE_STREAM_LENGTH_100_P                            40       30.075%               74       20.274%
                                                   133      100.000%              365      100.000%
                                                  4.64         4.59              3.36         3.84

CORE_CUM_STREAM_LENGTH_0                           141        0.164%              509        0.356%
CORE_CUM_STREAM_LENGTH_10                          462        0.537%             1811        1.268%
CORE_CUM_STREAM_LENGTH_20                          447        0.519%              994        0.696%
CORE_CUM_STREAM_LENGTH_30                          280        0.325%              548        0.384%
CORE_CUM_STREAM_LENGTH_40                          134        0.156%              397        0.278%
CORE_CUM_STREAM_LENGTH_50                           58        0.067%              161        0.113%
CORE_CUM_STREAM_LENGTH_60                           62        0.072%              508        0.356%
CORE_CUM_STREAM_LENGTH_70                          154        0.179%              154        0.108%
CORE_CUM_STREAM_LENGTH_80                          257        0.298%              423        0.296%
CORE_CUM_STREAM_LENGTH_90                          676        0.785%              774        0.542%
CORE_CUM_STREAM_LENGTH_100_P                     83431       96.898%           136545       95.604%
                                                 86102      100.000%           142824      100.000%
                                                  9.84         9.74              9.72         9.60

CORE_STREAM_TRAIN_HITS_0                            72       54.135%              232       63.562%
CORE_STREAM_TRAIN_HITS_10                           11        8.271%               33        9.041%
CORE_STREAM_TRAIN_HITS_20                            8        6.015%               17        4.658%
CORE_STREAM_TRAIN_HITS_30                            3        2.256%                8        2.192%
CORE_STREAM_TRAIN_HITS_40                            4        3.008%                7        1.918%
CORE_STREAM_TRAIN_HITS_50                            0        0.000%                0        0.000%
CORE_STREAM_TRAIN_HITS_60                            0        0.000%                1        0.274%
CORE_STREAM_TRAIN_HITS_70                            0        0.000%                0        0.000%
CORE_STREAM_TRAIN_HITS_80                            0        0.000%                0        0.000%
CORE_STREAM_TRAIN_HITS_90                            0        0.000%                0        0.000%
CORE_STREAM_TRAIN_HITS_100_P                        35       26.316%               67       18.356%
                                                   133      100.000%              365      100.000%
                                                  3.02         3.97              2.18         3.52

CORE_CUM_STREAM_TRAIN_HITS_0                       459        0.568%             1492        1.112%
CORE_CUM_STREAM_TRAIN_HITS_10                      147        0.182%              411        0.306%
CORE_CUM_STREAM_TRAIN_HITS_20                      212        0.262%              426        0.317%
CORE_CUM_STREAM_TRAIN_HITS_30                       93        0.115%              273        0.203%
CORE_CUM_STREAM_TRAIN_HITS_40                      190        0.235%              323        0.241%
CORE_CUM_STREAM_TRAIN_HITS_50                        0        0.000%                0        0.000%
CORE_CUM_STREAM_TRAIN_HITS_60                        0        0.000%               66        0.049%
CORE_CUM_STREAM_TRAIN_HITS_70                        0        0.000%                0        0.000%
CORE_CUM_STREAM_TRAIN_HITS_80                        0        0.000%                0        0.000%
CORE_CUM_STREAM_TRAIN_HITS_90                        0        0.000%                0        0.000%
CORE_CUM_STREAM_TRAIN_HITS_100_P                 79748       98.638%           131239       97.772%
                                                 80849      100.000%           134230      100.000%
                                                  9.88         9.84              9.81         9.73

CORE_STREAM_TRAIN_CREATE                           809                           2246              



