Scarab gitrev: 3541854
Scarab started at Sat Oct 19 06:02:03 2024

Initialized Ramulator. 
** Heartbeat:   5% -- { 1000001 } -- 0.00 KIPS (22.73 KIPS)
** Heartbeat:  10% -- { 2000002 } -- 22.22 KIPS (22.47 KIPS)
** Heartbeat:  15% -- { 3000007 } -- 21.74 KIPS (22.22 KIPS)
** Heartbeat:  20% -- { 4000007 } -- 21.28 KIPS (21.98 KIPS)
** Heartbeat:  25% -- { 5000007 } -- 22.22 KIPS (22.03 KIPS)
** Heartbeat:  30% -- { 6000008 } -- 21.28 KIPS (21.90 KIPS)
** Heartbeat:  35% -- { 7000008 } -- 21.74 KIPS (21.88 KIPS)
** Heartbeat:  40% -- { 8000009 } -- 21.28 KIPS (21.80 KIPS)
** Heartbeat:  45% -- { 9000010 } -- 21.74 KIPS (21.79 KIPS)
** Heartbeat:  50% -- { 10000013 } -- 21.74 KIPS (21.79 KIPS)
** Heartbeat:  55% -- { 11000017 } -- 21.28 KIPS (21.74 KIPS)
** Heartbeat:  60% -- { 12000021 } -- 21.28 KIPS (21.70 KIPS)
** Heartbeat:  65% -- { 13000025 } -- 21.74 KIPS (21.70 KIPS)
** Heartbeat:  70% -- { 14000026 } -- 21.28 KIPS (21.67 KIPS)
** Heartbeat:  75% -- { 15000030 } -- 21.74 KIPS (21.68 KIPS)
** Heartbeat:  80% -- { 16000031 } -- 21.28 KIPS (21.65 KIPS)
** Heartbeat:  85% -- { 17000032 } -- 21.74 KIPS (21.66 KIPS)
** Heartbeat:  90% -- { 18000034 } -- 21.28 KIPS (21.63 KIPS)
** Heartbeat:  95% -- { 19000038 } -- 21.28 KIPS (21.62 KIPS)
Warning could not fetch inst from frontend
Warning could not fetch inst from frontend
Warning could not fetch inst from frontend
Warning could not fetch inst from frontend
Warning could not fetch inst from frontend
Warning could not fetch inst from frontend
Warning could not fetch inst from frontend
Warning could not fetch inst from frontend
Warning could not fetch inst from frontend
Warning could not fetch inst from frontend
Warning could not fetch inst from frontend
Warning could not fetch inst from frontend
Warning could not fetch inst from frontend
Warning could not fetch inst from frontend
Warning could not fetch inst from frontend
Warning could not fetch inst from frontend
Warning could not fetch inst from frontend
Warning could not fetch inst from frontend
Warning could not fetch inst from frontend
Warning could not fetch inst from frontend
Warning could not fetch inst from frontend
Warning could not fetch inst from frontend
Warning could not fetch inst from frontend
Warning could not fetch inst from frontend
Warning could not fetch inst from frontend
Warning could not fetch inst from frontend
Warning could not fetch inst from frontend
Warning could not fetch inst from frontend
Warning could not fetch inst from frontend
Warning could not fetch inst from frontend
Warning could not fetch inst from frontend
Warning could not fetch inst from frontend
Warning could not fetch inst from frontend
Warning could not fetch inst from frontend
Warning could not fetch inst from frontend
Warning could not fetch inst from frontend
Warning could not fetch inst from frontend
Warning could not fetch inst from frontend
Warning could not fetch inst from frontend
Warning could not fetch inst from frontend
Warning could not fetch inst from frontend
Warning could not fetch inst from frontend
Warning could not fetch inst from frontend
Warning could not fetch inst from frontend
Warning could not fetch inst from frontend
Warning could not fetch inst from frontend
Warning could not fetch inst from frontend
Warning could not fetch inst from frontend
Warning could not fetch inst from frontend
Warning could not fetch inst from frontend
Warning could not fetch inst from frontend
Warning could not fetch inst from frontend
Warning could not fetch inst from frontend
Warning could not fetch inst from frontend
Warning could not fetch inst from frontend
Warning could not fetch inst from frontend
Warning could not fetch inst from frontend
Warning could not fetch inst from frontend
Warning could not fetch inst from frontend
Warning could not fetch inst from frontend
Warning could not fetch inst from frontend
Warning could not fetch inst from frontend
Warning could not fetch inst from frontend
Warning could not fetch inst from frontend
Warning could not fetch inst from frontend
Warning could not fetch inst from frontend
Warning could not fetch inst from frontend
Warning could not fetch inst from frontend
Warning could not fetch inst from frontend
Warning could not fetch inst from frontend
Warning could not fetch inst from frontend
Warning could not fetch inst from frontend
Warning could not fetch inst from frontend
Warning could not fetch inst from frontend
Warning could not fetch inst from frontend
Warning could not fetch inst from frontend
Warning could not fetch inst from frontend
Warning could not fetch inst from frontend
Warning could not fetch inst from frontend
Warning could not fetch inst from frontend
Warning could not fetch inst from frontend
Warning could not fetch inst from frontend
Warning could not fetch inst from frontend
Warning could not fetch inst from frontend
Warning could not fetch inst from frontend
Warning could not fetch inst from frontend
Warning could not fetch inst from frontend
Warning could not fetch inst from frontend
Warning could not fetch inst from frontend
Warning could not fetch inst from frontend
Warning could not fetch inst from frontend
Warning could not fetch inst from frontend
Warning could not fetch inst from frontend
Warning could not fetch inst from frontend
Warning could not fetch inst from frontend
Warning could not fetch inst from frontend
Warning could not fetch inst from frontend
Warning could not fetch inst from frontend
Warning could not fetch inst from frontend
Warning could not fetch inst from frontend
Warning could not fetch inst from frontend
Warning could not fetch inst from frontend
Warning could not fetch inst from frontend
Warning could not fetch inst from frontend
Warning could not fetch inst from frontend
Warning could not fetch inst from frontend
Warning could not fetch inst from frontend
Warning could not fetch inst from frontend
Warning could not fetch inst from frontend
Warning could not fetch inst from frontend
Warning could not fetch inst from frontend
Warning could not fetch inst from frontend
Warning could not fetch inst from frontend
Warning could not fetch inst from frontend
Warning could not fetch inst from frontend
Warning could not fetch inst from frontend
Warning could not fetch inst from frontend
Warning could not fetch inst from frontend
Warning could not fetch inst from frontend
Warning could not fetch inst from frontend
Warning could not fetch inst from frontend
Warning could not fetch inst from frontend
Warning could not fetch inst from frontend
Warning could not fetch inst from frontend
Warning could not fetch inst from frontend
Warning could not fetch inst from frontend
Warning could not fetch inst from frontend
Warning could not fetch inst from frontend
Warning could not fetch inst from frontend
Warning could not fetch inst from frontend
Warning could not fetch inst from frontend
Warning could not fetch inst from frontend
Warning could not fetch inst from frontend
Warning could not fetch inst from frontend
Warning could not fetch inst from frontend
Warning could not fetch inst from frontend
Warning could not fetch inst from frontend
Warning could not fetch inst from frontend
Warning could not fetch inst from frontend
Warning could not fetch inst from frontend
Warning could not fetch inst from frontend
Warning could not fetch inst from frontend
Warning could not fetch inst from frontend
Warning could not fetch inst from frontend
Warning could not fetch inst from frontend
Warning could not fetch inst from frontend
Warning could not fetch inst from frontend
Warning could not fetch inst from frontend
Warning could not fetch inst from frontend
Warning could not fetch inst from frontend
Warning could not fetch inst from frontend
Warning could not fetch inst from frontend
Warning could not fetch inst from frontend
Warning could not fetch inst from frontend
Warning could not fetch inst from frontend
Warning could not fetch inst from frontend
Warning could not fetch inst from frontend
Warning could not fetch inst from frontend
Warning could not fetch inst from frontend
Warning could not fetch inst from frontend
Warning could not fetch inst from frontend
Warning could not fetch inst from frontend
Warning could not fetch inst from frontend
Warning could not fetch inst from frontend
Warning could not fetch inst from frontend
Warning could not fetch inst from frontend
Warning could not fetch inst from frontend
Warning could not fetch inst from frontend
Warning could not fetch inst from frontend
Warning could not fetch inst from frontend
Warning could not fetch inst from frontend
Warning could not fetch inst from frontend
Warning could not fetch inst from frontend
Warning could not fetch inst from frontend
Warning could not fetch inst from frontend
Warning could not fetch inst from frontend
Warning could not fetch inst from frontend
Warning could not fetch inst from frontend
Warning could not fetch inst from frontend
Warning could not fetch inst from frontend
Warning could not fetch inst from frontend
Warning could not fetch inst from frontend
Warning could not fetch inst from frontend
Warning could not fetch inst from frontend
Warning could not fetch inst from frontend
Warning could not fetch inst from frontend
Warning could not fetch inst from frontend
Warning could not fetch inst from frontend
Warning could not fetch inst from frontend
Warning could not fetch inst from frontend
Warning could not fetch inst from frontend
Warning could not fetch inst from frontend
Warning could not fetch inst from frontend
Warning could not fetch inst from frontend
Warning could not fetch inst from frontend
Warning could not fetch inst from frontend
Warning could not fetch inst from frontend
Warning could not fetch inst from frontend
Warning could not fetch inst from frontend
Warning could not fetch inst from frontend
Warning could not fetch inst from frontend
Warning could not fetch inst from frontend
Warning could not fetch inst from frontend
Warning could not fetch inst from frontend
Warning could not fetch inst from frontend
Warning could not fetch inst from frontend
Warning could not fetch inst from frontend
Warning could not fetch inst from frontend
Warning could not fetch inst from frontend
Warning could not fetch inst from frontend
Warning could not fetch inst from frontend
Warning could not fetch inst from frontend
Warning could not fetch inst from frontend
Warning could not fetch inst from frontend
Warning could not fetch inst from frontend
Warning could not fetch inst from frontend
Warning could not fetch inst from frontend
** Core 0 Finished:    insts:20000000    cycles:12105040    time:3782825000000       -- 1.65 IPC (1.65 IPC) --  N/A  KIPS (21.62 KIPS)
Scarab finished at Sat Oct 19 06:17:28 2024

