/* -*- Mode: c -*- */
####################################################################################################
Core 0
####################################################################################################
Cumulative:        Cycles: 6116606               Instructions: 20000000              IPC: 3.26979

Periodic:          Cycles: 2982309               Instructions: 10000000              IPC: 3.35311

EXECUTION_TIME                            931971562500                  1911439375000              

NODE_CYCLE                                     2982309                        6116606              

NODE_INST_COUNT                               10000000                       20000000              

NODE_INST_COUNT_FETCHED                       10000000                       20000000              

NODE_UOP_COUNT                                13135440                       26271409              

FULL_WINDOW_STALL                                    0        0.000%              657        0.011%

FULL_WINDOW_MEM_OP                                   0         -nan%              606      100.000%
FULL_WINDOW_FP_OP                                    0         -nan%                0        0.000%
FULL_WINDOW_OTHER_OP                                 0         -nan%                0        0.000%
                                                     0         -nan%              606      100.000%
                                                  -nan         -nan              0.00         0.00

RET_BLOCKED_DC_MISS                             188427        6.318%           402939        6.588%

RET_BLOCKED_L1_MISS                                  0        0.000%             1670        0.027%

RET_BLOCKED_L1_MISS_BW_PREF                          0        0.000%              328        0.005%

RET_BLOCKED_L1_ACCESS                           188427        6.318%           401332        6.561%

RET_BLOCKED_MEM_STALL                                0        0.000%             1670        0.027%

RET_BLOCKED_OFFCHIP_DEMAND                           0        0.000%                0        0.000%

OP_ISSUED                                     13531295                       27379640              

OP_RETIRED                                    13135440                       26271409              

REPLAY_SIGNALED                                      0                              0              

REPLAY_COUNTED                                       0                              0              

OFF_CRITICAL_PATH                                    0         -nan%                0         -nan%
ON_CRITICAL_PATH                                     0         -nan%                0         -nan%
                                                     0         -nan%                0         -nan%
                                                  -nan         -nan              -nan         -nan

LD_NO_DEPENDENTS                                 24227        0.794%            52046        0.853%
LD_DEPENDENTS                                  3028414       99.206%          6049305       99.147%
                                               3052641      100.000%          6101351      100.000%
                                                  0.99         0.99              0.99         0.99

LD_EXEC_CYCLES_0                                     0        0.000%                0        0.000%
LD_EXEC_CYCLES_1                                     0        0.000%                0        0.000%
LD_EXEC_CYCLES_2                                     0        0.000%                0        0.000%
LD_EXEC_CYCLES_3                                  1330       45.346%             2674       45.040%
LD_EXEC_CYCLES_4                                  1603       54.654%             3263       54.960%
                                                  2933      100.000%             5937      100.000%
                                                  3.55         2.67              3.55         2.68

ICACHE_STAGE_STARVED                                32        0.001%             2549        0.045%
ICACHE_STAGE_NOT_STARVED                       2804168       99.999%          5604933       99.955%
                                               2804200      100.000%          5607482      100.000%
                                                  1.00         1.00              1.00         1.00

ICACHE_STAGE_STALLED                                 0        0.000%                0        0.000%
ICACHE_STAGE_NOT_STALLED                       2804200       94.028%          5606231       91.656%
ICACHE_STAGE_OFF_PATH                           178109        5.972%           510375        8.344%
                                               2982309      100.000%          6116606      100.000%
                                                  1.06         0.35              1.08         0.42

DECODE_STAGE_STARVED                           2267276       79.461%          4574350       79.390%
DECODE_STAGE_NOT_STARVED                        586032       20.539%          1187520       20.610%
                                               2853308      100.000%          5761870      100.000%
                                                  0.21         0.37              0.21         0.37

DECODE_STAGE_STALLED                                 0        0.000%                0        0.000%
DECODE_STAGE_NOT_STALLED                       2853308       95.674%          5761870       94.200%
DECODE_STAGE_OFF_PATH                           129001        4.326%           354736        5.800%
                                               2982309      100.000%          6116606      100.000%
                                                  1.04         0.30              1.06         0.35

UOPQ_STAGE_STARVED                              662648       23.377%          1427065       25.030%
UOPQ_STAGE_NOT_STARVED                         2171967       76.623%          4274251       74.970%
                                               2834615      100.000%          5701316      100.000%
                                                  0.77         0.70              0.75         0.68

UOPQ_STAGE_STALLED                                   0        0.000%                0        0.000%
UOPQ_STAGE_NOT_STALLED                         2834615       95.048%          5701316       93.210%
UOPQ_STAGE_OFF_PATH                             147694        4.952%           415290        6.790%
                                               2982309      100.000%          6116606      100.000%
                                                  1.05         0.32              1.07         0.38

MAP_STAGE_STARVED                                52401        1.828%           151730        2.622%
MAP_STAGE_NOT_STARVED                          2814537       98.172%          5635076       97.378%
                                               2866938      100.000%          5786806      100.000%
                                                  0.98         0.97              0.97         0.96

MAP_STAGE_STALLED                                    0        0.000%                0        0.000%
MAP_STAGE_NOT_STALLED                          2866938       96.131%          5786806       94.608%
MAP_STAGE_OFF_PATH                              115371        3.869%           329800        5.392%
                                               2982309      100.000%          6116606      100.000%
                                                  1.04         0.28              1.05         0.33

EXEC_STAGE_STARVED                             1976317       66.268%          4074439       66.613%
EXEC_STAGE_NOT_STARVED                          942254       31.595%          1860580       30.419%
EXEC_STAGE_OFF_PATH                              63738        2.137%           181587        2.969%
                                               2982309      100.000%          6116606      100.000%
                                                  0.36         0.44              0.36         0.45

FU_BUSY_0                                      2754355                        5569800              

FU_BUSY_1                                      2359361                        4749169              

FU_BUSY_2                                      1670296                        3380221              

FU_BUSY_3                                      1459034                        2937573              

FU_BUSY_4                                      1731524                        3461491              

FU_BUSY_5                                      1564294                        3121268              

FU_BUSY_6                                      1342486                        2680373              

FU_BUSY_7                                      1372627                        2743154              

FU_BUSY_8                                            0                              0              

FU_BUSY_9                                            0                              0              

FU_BUSY_10                                           0                              0              

FU_BUSY_11                                           0                              0              

FU_BUSY_12                                           0                              0              

FU_BUSY_13                                           0                              0              

FU_BUSY_14                                           0                              0              

FU_BUSY_15                                           0                              0              

FU_BUSY_16                                           0                              0              

FU_BUSY_17                                           0                              0              

FU_BUSY_18                                           0                              0              

FU_BUSY_19                                           0                              0              

FU_BUSY_20                                           0                              0              

FU_BUSY_21                                           0                              0              

FU_BUSY_22                                           0                              0              

FU_BUSY_23                                           0                              0              

FU_BUSY_24                                           0                              0              

FU_BUSY_25                                           0                              0              

FU_BUSY_26                                           0                              0              

FU_BUSY_27                                           0                              0              

FU_BUSY_28                                           0                              0              

FU_BUSY_29                                           0                              0              

FU_BUSY_30                                           0                              0              

FU_BUSY_31                                           0                              0              

FU_REJECTED_OP_INV_NOT_SIMD                          0        0.000%                0        0.000%
FU_REJECTED_OP_NOP_NOT_SIMD                          0        0.000%                0        0.000%
FU_REJECTED_OP_CF_NOT_SIMD                         262        0.035%              544        0.036%
FU_REJECTED_OP_MOV_NOT_SIMD                          1        0.000%                2        0.000%
FU_REJECTED_OP_CMOV_NOT_SIMD                         0        0.000%                0        0.000%
FU_REJECTED_OP_LDA_NOT_SIMD                          6        0.001%               11        0.001%
FU_REJECTED_OP_IMEM_NOT_SIMD                        69        0.009%              213        0.014%
FU_REJECTED_OP_IADD_NOT_SIMD                    753603       99.872%          1494907       99.826%
FU_REJECTED_OP_IMUL_NOT_SIMD                       362        0.048%             1171        0.078%
FU_REJECTED_OP_IDIV_NOT_SIMD                         0        0.000%                0        0.000%
FU_REJECTED_OP_ICMP_NOT_SIMD                         0        0.000%                0        0.000%
FU_REJECTED_OP_LOGIC_NOT_SIMD                       35        0.005%               98        0.007%
FU_REJECTED_OP_SHIFT_NOT_SIMD                      228        0.030%              570        0.038%
FU_REJECTED_OP_FMEM_NOT_SIMD                         0        0.000%                0        0.000%
FU_REJECTED_OP_FCVT_NOT_SIMD                         0        0.000%                0        0.000%
FU_REJECTED_OP_FADD_NOT_SIMD                         0        0.000%                0        0.000%
FU_REJECTED_OP_FMUL_NOT_SIMD                         0        0.000%                0        0.000%
FU_REJECTED_OP_FMA_NOT_SIMD                          0        0.000%                0        0.000%
FU_REJECTED_OP_FDIV_NOT_SIMD                         0        0.000%                0        0.000%
FU_REJECTED_OP_FCMP_NOT_SIMD                         0        0.000%                0        0.000%
FU_REJECTED_OP_FCMOV_NOT_SIMD                        0        0.000%                0        0.000%
FU_REJECTED_OP_GATHER_NOT_SIMD                       0        0.000%                0        0.000%
FU_REJECTED_OP_SCATTER_NOT_SIMD                      0        0.000%                0        0.000%
FU_REJECTED_OP_PIPELINED_FAST_NOT_SIMD               0        0.000%                0        0.000%
FU_REJECTED_OP_PIPELINED_MEDIUM_NOT_SIMD             0        0.000%                0        0.000%
FU_REJECTED_OP_PIPELINED_SLOW_NOT_SIMD               0        0.000%                0        0.000%
FU_REJECTED_OP_NOTPIPELINED_MEDIUM_NOT_SIMD             0        0.000%                0        0.000%
FU_REJECTED_OP_NOTPIPELINED_SLOW_NOT_SIMD             0        0.000%                0        0.000%
FU_REJECTED_OP_NOTPIPELINED_VERY_SLOW_NOT_SIMD             0        0.000%                0        0.000%
FU_REJECTED_OP_INV_SIMD                              0        0.000%                0        0.000%
FU_REJECTED_OP_NOP_SIMD                              0        0.000%                0        0.000%
FU_REJECTED_OP_CF_SIMD                               0        0.000%                0        0.000%
FU_REJECTED_OP_MOV_SIMD                              0        0.000%                0        0.000%
FU_REJECTED_OP_CMOV_SIMD                             0        0.000%                0        0.000%
FU_REJECTED_OP_LDA_SIMD                              0        0.000%                0        0.000%
FU_REJECTED_OP_IMEM_SIMD                             0        0.000%                0        0.000%
FU_REJECTED_OP_IADD_SIMD                             0        0.000%                0        0.000%
FU_REJECTED_OP_IMUL_SIMD                             0        0.000%                0        0.000%
FU_REJECTED_OP_IDIV_SIMD                             0        0.000%                0        0.000%
FU_REJECTED_OP_ICMP_SIMD                             0        0.000%                0        0.000%
FU_REJECTED_OP_LOGIC_SIMD                            0        0.000%                0        0.000%
FU_REJECTED_OP_SHIFT_SIMD                            0        0.000%                0        0.000%
FU_REJECTED_OP_FMEM_SIMD                             0        0.000%                0        0.000%
FU_REJECTED_OP_FCVT_SIMD                             0        0.000%                0        0.000%
FU_REJECTED_OP_FADD_SIMD                             0        0.000%                0        0.000%
FU_REJECTED_OP_FMUL_SIMD                             0        0.000%                0        0.000%
FU_REJECTED_OP_FMA_SIMD                              0        0.000%                0        0.000%
FU_REJECTED_OP_FDIV_SIMD                             0        0.000%                0        0.000%
FU_REJECTED_OP_FCMP_SIMD                             0        0.000%                0        0.000%
FU_REJECTED_OP_FCMOV_SIMD                            0        0.000%                0        0.000%
FU_REJECTED_OP_GATHER_SIMD                           0        0.000%                0        0.000%
FU_REJECTED_OP_SCATTER_SIMD                          0        0.000%                0        0.000%
FU_REJECTED_OP_PIPELINED_FAST_SIMD                   0        0.000%                0        0.000%
FU_REJECTED_OP_PIPELINED_MEDIUM_SIMD                 0        0.000%                0        0.000%
FU_REJECTED_OP_PIPELINED_SLOW_SIMD                   0        0.000%                0        0.000%
FU_REJECTED_OP_NOTPIPELINED_MEDIUM_SIMD              0        0.000%                0        0.000%
FU_REJECTED_OP_NOTPIPELINED_SLOW_SIMD                0        0.000%                0        0.000%
FU_REJECTED_OP_NOTPIPELINED_VERY_SLOW_SIMD             0        0.000%                0        0.000%
                                                754566      100.000%          1497516      100.000%
                                                  7.00         0.13              7.00         0.14

OP_WAIT_0                                      7711867                       15414829              

OP_WAIT_1                                      2735962                        5525168              

OP_WAIT_2                                      1122015                        2244425              

OP_WAIT_3                                       549670                        1090865              

OP_WAIT_4                                       331591                         658148              

OP_WAIT_5                                       225230                         441771              

OP_WAIT_6                                       141753                         274382              

OP_WAIT_7                                        90446                         176859              

OP_WAIT_8                                        61753                         120750              

OP_WAIT_9                                        43860                          85203              

OP_WAIT_10                                       30873                          59949              

OP_WAIT_11                                       23938                          47082              

OP_WAIT_12                                       19124                          38222              

OP_WAIT_13                                       12814                          25129              

OP_WAIT_14                                        8158                          15890              

OP_WAIT_15                                        6189                          12145              

OP_WAIT_16                                        4646                           8992              

OP_WAIT_17                                        3355                           6639              

OP_WAIT_18                                        2665                           5328              

OP_WAIT_19                                        2221                           4581              

OP_WAIT_20                                        1976                           4099              

OP_WAIT_21                                        1424                           2963              

OP_WAIT_22                                        1220                           2488              

OP_WAIT_23                                         748                           1616              

OP_WAIT_24                                         644                           1240              

OP_WAIT_25                                         424                            862              

OP_WAIT_26                                         276                            595              

OP_WAIT_27                                         200                            404              

OP_WAIT_28                                         132                            263              

OP_WAIT_29                                          78                            158              

OP_WAIT_30                                          64                            113              

OP_WAIT_31                                         124                            251              

ROW_SIZE_0                                      590829                        1276187              

ROW_SIZE_1                                      100081                         225986              

ROW_SIZE_2                                       35112                          75143              

ROW_SIZE_3                                      129247                         284333              

ROW_SIZE_4                                       37641                          79112              

ROW_SIZE_5                                       33832                          73150              

ROW_SIZE_6                                     2042945                        4059990              

ROW_SIZE_7                                           0                              0              

ROW_SIZE_8                                           0                              0              

ROW_SIZE_9                                           0                              0              

ROW_SIZE_10                                          0                              0              

ROW_SIZE_11                                          0                              0              

ROW_SIZE_12                                          0                              0              

ROW_SIZE_13                                          0                              0              

ROW_SIZE_14                                          0                              0              

ROW_SIZE_15                                          0                              0              

ROW_SIZE_16                                          0                              0              

ROW_SIZE_17                                          0                              0              

ROW_SIZE_18                                          0                              0              

ROW_SIZE_19                                          0                              0              

ROW_SIZE_20                                          0                              0              

ROW_SIZE_21                                          0                              0              

ROW_SIZE_22                                          0                              0              

ROW_SIZE_23                                          0                              0              

ROW_SIZE_24                                          0                              0              

ROW_SIZE_25                                          0                              0              

ROW_SIZE_26                                          0                              0              

ROW_SIZE_27                                          0                              0              

ROW_SIZE_28                                          0                              0              

ROW_SIZE_29                                          0                              0              

ROW_SIZE_30                                          0                              0              

ROW_SIZE_31                                          0                              0              

RET_OP_EXEC_COUNT_0                                  0        0.000%                0        0.000%
RET_OP_EXEC_COUNT_1                           13135440      100.000%         26271409      100.000%
RET_OP_EXEC_COUNT_2                                  0        0.000%                0        0.000%
RET_OP_EXEC_COUNT_3                                  0        0.000%                0        0.000%
RET_OP_EXEC_COUNT_4                                  0        0.000%                0        0.000%
RET_OP_EXEC_COUNT_5                                  0        0.000%                0        0.000%
RET_OP_EXEC_COUNT_6                                  0        0.000%                0        0.000%
RET_OP_EXEC_COUNT_7                                  0        0.000%                0        0.000%
RET_OP_EXEC_COUNT_8                                  0        0.000%                0        0.000%
RET_OP_EXEC_COUNT_9                                  0        0.000%                0        0.000%
RET_OP_EXEC_COUNT_10                                 0        0.000%                0        0.000%
RET_OP_EXEC_COUNT_11                                 0        0.000%                0        0.000%
RET_OP_EXEC_COUNT_12                                 0        0.000%                0        0.000%
RET_OP_EXEC_COUNT_13                                 0        0.000%                0        0.000%
RET_OP_EXEC_COUNT_14                                 0        0.000%                0        0.000%
RET_OP_EXEC_COUNT_15                                 0        0.000%                0        0.000%
RET_OP_EXEC_COUNT_16                                 0        0.000%                0        0.000%
RET_OP_EXEC_COUNT_17                                 0        0.000%                0        0.000%
RET_OP_EXEC_COUNT_18                                 0        0.000%                0        0.000%
RET_OP_EXEC_COUNT_19                                 0        0.000%                0        0.000%
RET_OP_EXEC_COUNT_20                                 0        0.000%                0        0.000%
RET_OP_EXEC_COUNT_21                                 0        0.000%                0        0.000%
RET_OP_EXEC_COUNT_22                                 0        0.000%                0        0.000%
RET_OP_EXEC_COUNT_23                                 0        0.000%                0        0.000%
RET_OP_EXEC_COUNT_24                                 0        0.000%                0        0.000%
RET_OP_EXEC_COUNT_25                                 0        0.000%                0        0.000%
RET_OP_EXEC_COUNT_26                                 0        0.000%                0        0.000%
RET_OP_EXEC_COUNT_27                                 0        0.000%                0        0.000%
RET_OP_EXEC_COUNT_28                                 0        0.000%                0        0.000%
RET_OP_EXEC_COUNT_29                                 0        0.000%                0        0.000%
RET_OP_EXEC_COUNT_30                                 0        0.000%                0        0.000%
RET_OP_EXEC_COUNT_31                                 0        0.000%                0        0.000%
RET_OP_EXEC_COUNT_32                                 0        0.000%                0        0.000%
                                              13135440      100.000%         26271409      100.000%
                                                  1.00         0.00              1.00         0.00

RET_STALL_LENGTH_0                            13135440      100.000%         26271400      100.000%
RET_STALL_LENGTH_100                                 0        0.000%                7        0.000%
RET_STALL_LENGTH_200                                 0        0.000%                1        0.000%
RET_STALL_LENGTH_300                                 0        0.000%                0        0.000%
RET_STALL_LENGTH_400                                 0        0.000%                1        0.000%
RET_STALL_LENGTH_500                                 0        0.000%                0        0.000%
RET_STALL_LENGTH_600                                 0        0.000%                0        0.000%
RET_STALL_LENGTH_700                                 0        0.000%                0        0.000%
RET_STALL_LENGTH_800                                 0        0.000%                0        0.000%
RET_STALL_LENGTH_900                                 0        0.000%                0        0.000%
RET_STALL_LENGTH_1000                                0        0.000%                0        0.000%
RET_STALL_LENGTH_1100                                0        0.000%                0        0.000%
RET_STALL_LENGTH_1200                                0        0.000%                0        0.000%
RET_STALL_LENGTH_1300                                0        0.000%                0        0.000%
RET_STALL_LENGTH_1400                                0        0.000%                0        0.000%
RET_STALL_LENGTH_1500                                0        0.000%                0        0.000%
RET_STALL_LENGTH_1600                                0        0.000%                0        0.000%
RET_STALL_LENGTH_1700                                0        0.000%                0        0.000%
RET_STALL_LENGTH_1800                                0        0.000%                0        0.000%
RET_STALL_LENGTH_1900                                0        0.000%                0        0.000%
RET_STALL_LENGTH_2000                                0        0.000%                0        0.000%
RET_STALL_LENGTH_2100                                0        0.000%                0        0.000%
RET_STALL_LENGTH_2200                                0        0.000%                0        0.000%
RET_STALL_LENGTH_2300                                0        0.000%                0        0.000%
RET_STALL_LENGTH_2400                                0        0.000%                0        0.000%
RET_STALL_LENGTH_2500                                0        0.000%                0        0.000%
RET_STALL_LENGTH_2600                                0        0.000%                0        0.000%
RET_STALL_LENGTH_2700                                0        0.000%                0        0.000%
RET_STALL_LENGTH_2800                                0        0.000%                0        0.000%
RET_STALL_LENGTH_2900                                0        0.000%                0        0.000%
RET_STALL_LENGTH_3000                                0        0.000%                0        0.000%
RET_STALL_LENGTH_3100                                0        0.000%                0        0.000%
RET_STALL_LENGTH_3200                                0        0.000%                0        0.000%
RET_STALL_LENGTH_3300                                0        0.000%                0        0.000%
RET_STALL_LENGTH_3400                                0        0.000%                0        0.000%
RET_STALL_LENGTH_3500                                0        0.000%                0        0.000%
RET_STALL_LENGTH_3600                                0        0.000%                0        0.000%
RET_STALL_LENGTH_3700                                0        0.000%                0        0.000%
RET_STALL_LENGTH_3800                                0        0.000%                0        0.000%
RET_STALL_LENGTH_3900                                0        0.000%                0        0.000%
RET_STALL_LENGTH_4000                                0        0.000%                0        0.000%
RET_STALL_LENGTH_4100                                0        0.000%                0        0.000%
RET_STALL_LENGTH_4200                                0        0.000%                0        0.000%
RET_STALL_LENGTH_4300                                0        0.000%                0        0.000%
RET_STALL_LENGTH_4400                                0        0.000%                0        0.000%
RET_STALL_LENGTH_4500                                0        0.000%                0        0.000%
RET_STALL_LENGTH_4600                                0        0.000%                0        0.000%
RET_STALL_LENGTH_4700                                0        0.000%                0        0.000%
RET_STALL_LENGTH_4800                                0        0.000%                0        0.000%
RET_STALL_LENGTH_4900                                0        0.000%                0        0.000%
RET_STALL_LENGTH_5000                                0        0.000%                0        0.000%
                                              13135440      100.000%         26271409      100.000%
                                                  0.00         0.00              0.00         0.00

MEM_BLOCK_LENGTH_0                                   0         -nan%                1      100.000%
MEM_BLOCK_LENGTH_100                                 0         -nan%                0        0.000%
MEM_BLOCK_LENGTH_200                                 0         -nan%                0        0.000%
MEM_BLOCK_LENGTH_300                                 0         -nan%                0        0.000%
MEM_BLOCK_LENGTH_400                                 0         -nan%                0        0.000%
MEM_BLOCK_LENGTH_500                                 0         -nan%                0        0.000%
MEM_BLOCK_LENGTH_600                                 0         -nan%                0        0.000%
MEM_BLOCK_LENGTH_700                                 0         -nan%                0        0.000%
MEM_BLOCK_LENGTH_800                                 0         -nan%                0        0.000%
MEM_BLOCK_LENGTH_900                                 0         -nan%                0        0.000%
MEM_BLOCK_LENGTH_1000                                0         -nan%                0        0.000%
MEM_BLOCK_LENGTH_1100                                0         -nan%                0        0.000%
MEM_BLOCK_LENGTH_1200                                0         -nan%                0        0.000%
MEM_BLOCK_LENGTH_1300                                0         -nan%                0        0.000%
MEM_BLOCK_LENGTH_1400                                0         -nan%                0        0.000%
MEM_BLOCK_LENGTH_1500                                0         -nan%                0        0.000%
MEM_BLOCK_LENGTH_1600                                0         -nan%                0        0.000%
MEM_BLOCK_LENGTH_1700                                0         -nan%                0        0.000%
MEM_BLOCK_LENGTH_1800                                0         -nan%                0        0.000%
MEM_BLOCK_LENGTH_1900                                0         -nan%                0        0.000%
MEM_BLOCK_LENGTH_2000                                0         -nan%                0        0.000%
MEM_BLOCK_LENGTH_2100                                0         -nan%                0        0.000%
MEM_BLOCK_LENGTH_2200                                0         -nan%                0        0.000%
MEM_BLOCK_LENGTH_2300                                0         -nan%                0        0.000%
MEM_BLOCK_LENGTH_2400                                0         -nan%                0        0.000%
MEM_BLOCK_LENGTH_2500                                0         -nan%                0        0.000%
MEM_BLOCK_LENGTH_2600                                0         -nan%                0        0.000%
MEM_BLOCK_LENGTH_2700                                0         -nan%                0        0.000%
MEM_BLOCK_LENGTH_2800                                0         -nan%                0        0.000%
MEM_BLOCK_LENGTH_2900                                0         -nan%                0        0.000%
MEM_BLOCK_LENGTH_3000                                0         -nan%                0        0.000%
MEM_BLOCK_LENGTH_3100                                0         -nan%                0        0.000%
MEM_BLOCK_LENGTH_3200                                0         -nan%                0        0.000%
MEM_BLOCK_LENGTH_3300                                0         -nan%                0        0.000%
MEM_BLOCK_LENGTH_3400                                0         -nan%                0        0.000%
MEM_BLOCK_LENGTH_3500                                0         -nan%                0        0.000%
MEM_BLOCK_LENGTH_3600                                0         -nan%                0        0.000%
MEM_BLOCK_LENGTH_3700                                0         -nan%                0        0.000%
MEM_BLOCK_LENGTH_3800                                0         -nan%                0        0.000%
MEM_BLOCK_LENGTH_3900                                0         -nan%                0        0.000%
MEM_BLOCK_LENGTH_4000                                0         -nan%                0        0.000%
MEM_BLOCK_LENGTH_4100                                0         -nan%                0        0.000%
MEM_BLOCK_LENGTH_4200                                0         -nan%                0        0.000%
MEM_BLOCK_LENGTH_4300                                0         -nan%                0        0.000%
MEM_BLOCK_LENGTH_4400                                0         -nan%                0        0.000%
MEM_BLOCK_LENGTH_4500                                0         -nan%                0        0.000%
MEM_BLOCK_LENGTH_4600                                0         -nan%                0        0.000%
MEM_BLOCK_LENGTH_4700                                0         -nan%                0        0.000%
MEM_BLOCK_LENGTH_4800                                0         -nan%                0        0.000%
MEM_BLOCK_LENGTH_4900                                0         -nan%                0        0.000%
MEM_BLOCK_LENGTH_5000                                0         -nan%                0        0.000%
                                                     0         -nan%                1      100.000%
                                                  -nan         -nan              0.00         -nan

FUS_BUSY_ON_PATH                              14062790        4.7154         28107734        4.5953

FUS_BUSY_OFF_PATH                               191187        0.0641           535315        0.0875

FU_BUSY_MEM_STALL                               932870        0.3128          1850829        0.3026

FUS_EMPTY                                      9604495        3.2205         20289799        3.3172

FU_UNAVAILABLE                                    1017        0.0003             2810        0.0005

FU_MEM_UNAVAILABLE                              753549        0.2527          1494706        0.2444

FU_REPLAY                                            0        0.0000                0        0.0000

FU_STARVED                                     9576145        3.2110         20209086        3.3040

CHIP_UTILIZATION                                     0        0.0000                0        0.0000

CYCLES_UNDER_MEM_REQ                                 0                              0              

CYCLES_UNDER_NO_MEM_REQ                              0                              0              

CYCLES_UNDER_CRITICAL_MEM_REQ                        0                              0              

CYCLES_UNDER_NONCRITICAL_MEM_REQ                     0                              0              

CHIP_UTILIZATION_UNDER_MEM_REQ                       0          -nan                0          -nan

CHIP_UTILIZATION_UNDER_NO_MEM_REQ                    0          -nan                0          -nan

CHIP_UTILIZATION_UNDER_CRITICAL_MEM_REQ              0          -nan                0          -nan

CHIP_UTILIZATION_UNDER_NONCRITICAL_MEM_REQ             0          -nan                0          -nan

CYCLES_NOT_WAITING_FOR_OFF_CHIP                      0        0.0000                0        0.0000

FUS_BUSY_NOT_WAITING_FOR_OFF_CHIP                    0          -nan                0          -nan

CYCLES_WAITING_FOR_OFF_CHIP                          0        0.0000                0        0.0000

FUS_BUSY_WAITING_FOR_OFF_CHIP                        0          -nan                0          -nan

TOTAL_OFF_CHIP_DELAYS_LEFT                           0                              0              

WRONG_IO_SCHED                                       0                              0              

DVFS_CONFIG_SWITCH                                   0                              0              

MAP_STAGE_RECEIVED_OPS_0                             0        0.000%                0        0.000%
MAP_STAGE_RECEIVED_OPS_1                        238296        8.487%           478219        8.517%
MAP_STAGE_RECEIVED_OPS_2                        220628        7.858%           439463        7.827%
MAP_STAGE_RECEIVED_OPS_3                        170725        6.081%           342768        6.105%
MAP_STAGE_RECEIVED_OPS_4                        195134        6.950%           387450        6.901%
MAP_STAGE_RECEIVED_OPS_5                        747400       26.620%          1505138       26.807%
MAP_STAGE_RECEIVED_OPS_6                       1235456       44.003%          2461736       43.844%
MAP_STAGE_RECEIVED_OPS_7                             0        0.000%                0        0.000%
MAP_STAGE_RECEIVED_OPS_8                             0        0.000%                0        0.000%
MAP_STAGE_RECEIVED_OPS_MAX                           0        0.000%                0        0.000%
                                               2807639      100.000%          5614774      100.000%
                                                  4.67         1.65              4.67         1.65

MAP_STAGE_WAIT_FOR_DECODE                            0         -nan%                0         -nan%
MAP_STAGE_CONSUME_DECODE                             0         -nan%                0         -nan%
                                                     0         -nan%                0         -nan%
                                                  -nan         -nan              -nan         -nan

MAP_STAGE_WAIT_FOR_DECODE2                           0         -nan%                0         -nan%
MAP_STAGE_CONSUME_DECODE2                            0         -nan%                0         -nan%
                                                     0         -nan%                0         -nan%
                                                  -nan         -nan              -nan         -nan

FTQ_RECOVER_EXEC                                  6898                          20302              

FTQ_RECOVER_DECODE                                   0                             35              

FTQ_OFFPATH_CYCLES                              503329                        1366512              

FTQ_CYCLES_OFFPATH                              496534                        1349633              

FTQ_CYCLES_ONPATH                              2485775                        4766973              

FTQ_FETCHED_INS_OFFPATH                        3043934                        8978566              

FTQ_FETCHED_INS_ONPATH                        13128219                       26251072              

FTQ_BREAK_FULL_FT_ONPATH                       2408736       97.174%          4563481       96.143%
FTQ_BREAK_MAX_CFS_TAKEN_ONPATH                   52129        2.103%           135810        2.861%
FTQ_BREAK_MAX_BYTES_ONPATH                       17920        0.723%            47253        0.996%
FTQ_BREAK_PRED_BR_ONPATH                             0        0.000%                0        0.000%
FTQ_BREAK_BAR_FETCH_ONPATH                           0        0.000%                0        0.000%
                                               2478785      100.000%          4746544      100.000%
                                                  0.04         0.22              0.05         0.25

FTQ_BREAK_FULL_FT_OFFPATH                       484940       96.327%          1291692       94.286%
FTQ_BREAK_MAX_CFS_TAKEN_OFFPATH                   8999        1.788%            37728        2.754%
FTQ_BREAK_MAX_BYTES_OFFPATH                       9493        1.886%            40550        2.960%
FTQ_BREAK_PRED_BR_OFFPATH                            0        0.000%                0        0.000%
FTQ_BREAK_BAR_FETCH_OFFPATH                          0        0.000%                0        0.000%
                                                503432      100.000%          1369970      100.000%
                                                  0.06         0.30              0.09         0.36



