/* -*- Mode: c -*- */
####################################################################################################
Core 0
####################################################################################################
Cumulative:        Cycles: 8094997               Instructions: 20000000              IPC: 2.47066

Periodic:          Cycles: 3870631               Instructions: 10000000              IPC: 2.58356

EXECUTION_TIME                           1209572187500                  2529686562500              

NODE_CYCLE                                     3870631                        8094997              

NODE_INST_COUNT                               10000000                       20000000              

NODE_INST_COUNT_FETCHED                       10000000                       20000000              

NODE_UOP_COUNT                                12931172                       25864365              

FULL_WINDOW_STALL                               463761       11.982%           942892       11.648%

FULL_WINDOW_MEM_OP                              144517       42.159%           339862       47.725%
FULL_WINDOW_FP_OP                               192284       56.093%           361001       50.693%
FULL_WINDOW_OTHER_OP                              5991        1.748%            11264        1.582%
                                                342792      100.000%           712127      100.000%
                                                  0.60         0.36              0.54         0.38

RET_BLOCKED_DC_MISS                             496133       12.818%          1181413       14.594%

RET_BLOCKED_L1_MISS                              12162        0.314%           107896        1.333%

RET_BLOCKED_L1_MISS_BW_PREF                         53        0.001%             2229        0.028%

RET_BLOCKED_L1_ACCESS                           483971       12.504%          1073679       13.263%

RET_BLOCKED_MEM_STALL                            12162        0.314%           107931        1.333%

RET_BLOCKED_OFFCHIP_DEMAND                           0        0.000%                0        0.000%

OP_ISSUED                                     14976133                       30938462              

OP_RETIRED                                    12931172                       25864365              

REPLAY_SIGNALED                                      0                              0              

REPLAY_COUNTED                                       0                              0              

OFF_CRITICAL_PATH                                    0         -nan%                0         -nan%
ON_CRITICAL_PATH                                     0         -nan%                0         -nan%
                                                     0         -nan%                0         -nan%
                                                  -nan         -nan              -nan         -nan

LD_NO_DEPENDENTS                                113988        3.189%           229730        3.213%
LD_DEPENDENTS                                  3460716       96.811%          6919459       96.787%
                                               3574704      100.000%          7149189      100.000%
                                                  0.97         0.95              0.97         0.95

LD_EXEC_CYCLES_0                                     0        0.000%                0        0.000%
LD_EXEC_CYCLES_1                                     0        0.000%                0        0.000%
LD_EXEC_CYCLES_2                                     0        0.000%                0        0.000%
LD_EXEC_CYCLES_3                                 11745       49.382%            23040       49.702%
LD_EXEC_CYCLES_4                                 12039       50.618%            23316       50.298%
                                                 23784      100.000%            46356      100.000%
                                                  3.51         2.54              3.50         2.53

ICACHE_STAGE_STARVED                             31821        1.122%           118157        2.063%
ICACHE_STAGE_NOT_STARVED                       2805243       98.878%          5609423       97.937%
                                               2837064      100.000%          5727580      100.000%
                                                  0.99         0.98              0.98         0.97

ICACHE_STAGE_STALLED                            334394        8.639%           618197        7.637%
ICACHE_STAGE_NOT_STALLED                       2821675       72.900%          5669604       70.038%
ICACHE_STAGE_OFF_PATH                           714562       18.461%          1807196       22.325%
                                               3870631      100.000%          8094997      100.000%
                                                  1.10         0.62              1.15         0.69

DECODE_STAGE_STARVED                           2869751       82.215%          5872266       82.597%
DECODE_STAGE_NOT_STARVED                        620794       17.785%          1237272       17.403%
                                               3490545      100.000%          7109538      100.000%
                                                  0.18         0.35              0.17         0.35

DECODE_STAGE_STALLED                            156670        4.048%           297331        3.673%
DECODE_STAGE_NOT_STALLED                       3333875       86.133%          6812207       84.153%
DECODE_STAGE_OFF_PATH                           380086        9.820%           985459       12.174%
                                               3870631      100.000%          8094997      100.000%
                                                  1.06         0.45              1.09         0.50

UOPQ_STAGE_STARVED                              841001       28.002%          1855451       30.319%
UOPQ_STAGE_NOT_STARVED                         2162318       71.998%          4264267       69.681%
                                               3003319      100.000%          6119718      100.000%
                                                  0.72         0.66              0.70         0.63

UOPQ_STAGE_STALLED                              265876        6.869%           488090        6.030%
UOPQ_STAGE_NOT_STALLED                         3003319       77.592%          6119718       75.599%
UOPQ_STAGE_OFF_PATH                             601436       15.538%          1487189       18.372%
                                               3870631      100.000%          8094997      100.000%
                                                  1.09         0.56              1.12         0.62

MAP_STAGE_STARVED                                96994        2.955%           265400        4.025%
MAP_STAGE_NOT_STARVED                          3185149       97.045%          6327711       95.975%
                                               3282143      100.000%          6593111      100.000%
                                                  0.97         0.96              0.96         0.94

MAP_STAGE_STALLED                               359396        9.285%           666449        8.233%
MAP_STAGE_NOT_STALLED                          2922747       75.511%          5926662       73.214%
MAP_STAGE_OFF_PATH                              588488       15.204%          1501886       18.553%
                                               3870631      100.000%          8094997      100.000%
                                                  1.06         0.55              1.10         0.62

EXEC_STAGE_STARVED                             1832544       47.345%          3820288       47.193%
EXEC_STAGE_NOT_STARVED                         1603380       41.424%          3137172       38.754%
EXEC_STAGE_OFF_PATH                             434707       11.231%          1137537       14.052%
                                               3870631      100.000%          8094997      100.000%
                                                  0.64         0.55              0.67         0.60

FU_BUSY_0                                      3343213                        6856645              

FU_BUSY_1                                      2492799                        5079613              

FU_BUSY_2                                      2049240                        4208551              

FU_BUSY_3                                      1908373                        3912790              

FU_BUSY_4                                      1653049                        3350058              

FU_BUSY_5                                      1630150                        3320244              

FU_BUSY_6                                      1145084                        2341020              

FU_BUSY_7                                      1147346                        2344911              

FU_BUSY_8                                            0                              0              

FU_BUSY_9                                            0                              0              

FU_BUSY_10                                           0                              0              

FU_BUSY_11                                           0                              0              

FU_BUSY_12                                           0                              0              

FU_BUSY_13                                           0                              0              

FU_BUSY_14                                           0                              0              

FU_BUSY_15                                           0                              0              

FU_BUSY_16                                           0                              0              

FU_BUSY_17                                           0                              0              

FU_BUSY_18                                           0                              0              

FU_BUSY_19                                           0                              0              

FU_BUSY_20                                           0                              0              

FU_BUSY_21                                           0                              0              

FU_BUSY_22                                           0                              0              

FU_BUSY_23                                           0                              0              

FU_BUSY_24                                           0                              0              

FU_BUSY_25                                           0                              0              

FU_BUSY_26                                           0                              0              

FU_BUSY_27                                           0                              0              

FU_BUSY_28                                           0                              0              

FU_BUSY_29                                           0                              0              

FU_BUSY_30                                           0                              0              

FU_BUSY_31                                           0                              0              

FU_REJECTED_OP_INV_NOT_SIMD                          0        0.000%                0        0.000%
FU_REJECTED_OP_NOP_NOT_SIMD                      15458        1.403%            32069        1.441%
FU_REJECTED_OP_CF_NOT_SIMD                      165925       15.058%           334383       15.023%
FU_REJECTED_OP_MOV_NOT_SIMD                      50959        4.625%           100648        4.522%
FU_REJECTED_OP_CMOV_NOT_SIMD                         5        0.000%               23        0.001%
FU_REJECTED_OP_LDA_NOT_SIMD                       7285        0.661%            14074        0.632%
FU_REJECTED_OP_IMEM_NOT_SIMD                        66        0.006%              286        0.013%
FU_REJECTED_OP_IADD_NOT_SIMD                    405849       36.832%           823937       37.016%
FU_REJECTED_OP_IMUL_NOT_SIMD                    139201       12.633%           281288       12.637%
FU_REJECTED_OP_IDIV_NOT_SIMD                         0        0.000%                3        0.000%
FU_REJECTED_OP_ICMP_NOT_SIMD                         0        0.000%                0        0.000%
FU_REJECTED_OP_LOGIC_NOT_SIMD                     4990        0.453%            10141        0.456%
FU_REJECTED_OP_SHIFT_NOT_SIMD                    30745        2.790%            61957        2.783%
FU_REJECTED_OP_FMEM_NOT_SIMD                      5136        0.466%            10175        0.457%
FU_REJECTED_OP_FCVT_NOT_SIMD                         0        0.000%                0        0.000%
FU_REJECTED_OP_FADD_NOT_SIMD                         0        0.000%                0        0.000%
FU_REJECTED_OP_FMUL_NOT_SIMD                         0        0.000%                0        0.000%
FU_REJECTED_OP_FMA_NOT_SIMD                          0        0.000%                0        0.000%
FU_REJECTED_OP_FDIV_NOT_SIMD                         0        0.000%                0        0.000%
FU_REJECTED_OP_FCMP_NOT_SIMD                         0        0.000%                0        0.000%
FU_REJECTED_OP_FCMOV_NOT_SIMD                        0        0.000%                0        0.000%
FU_REJECTED_OP_GATHER_NOT_SIMD                       0        0.000%                0        0.000%
FU_REJECTED_OP_SCATTER_NOT_SIMD                      0        0.000%                0        0.000%
FU_REJECTED_OP_PIPELINED_FAST_NOT_SIMD               0        0.000%                0        0.000%
FU_REJECTED_OP_PIPELINED_MEDIUM_NOT_SIMD             0        0.000%                0        0.000%
FU_REJECTED_OP_PIPELINED_SLOW_NOT_SIMD               0        0.000%                0        0.000%
FU_REJECTED_OP_NOTPIPELINED_MEDIUM_NOT_SIMD             0        0.000%                0        0.000%
FU_REJECTED_OP_NOTPIPELINED_SLOW_NOT_SIMD             0        0.000%                0        0.000%
FU_REJECTED_OP_NOTPIPELINED_VERY_SLOW_NOT_SIMD             0        0.000%                0        0.000%
FU_REJECTED_OP_INV_SIMD                              0        0.000%                0        0.000%
FU_REJECTED_OP_NOP_SIMD                              0        0.000%                0        0.000%
FU_REJECTED_OP_CF_SIMD                               0        0.000%                0        0.000%
FU_REJECTED_OP_MOV_SIMD                           2777        0.252%             5816        0.261%
FU_REJECTED_OP_CMOV_SIMD                             0        0.000%                0        0.000%
FU_REJECTED_OP_LDA_SIMD                              0        0.000%                0        0.000%
FU_REJECTED_OP_IMEM_SIMD                             0        0.000%                0        0.000%
FU_REJECTED_OP_IADD_SIMD                             0        0.000%                0        0.000%
FU_REJECTED_OP_IMUL_SIMD                             0        0.000%                0        0.000%
FU_REJECTED_OP_IDIV_SIMD                             0        0.000%                0        0.000%
FU_REJECTED_OP_ICMP_SIMD                             0        0.000%                0        0.000%
FU_REJECTED_OP_LOGIC_SIMD                         4293        0.390%             8563        0.385%
FU_REJECTED_OP_SHIFT_SIMD                         4522        0.410%             9290        0.417%
FU_REJECTED_OP_FMEM_SIMD                             0        0.000%                0        0.000%
FU_REJECTED_OP_FCVT_SIMD                           152        0.014%              653        0.029%
FU_REJECTED_OP_FADD_SIMD                        163976       14.881%           337762       15.174%
FU_REJECTED_OP_FMUL_SIMD                          1649        0.150%             3036        0.136%
FU_REJECTED_OP_FMA_SIMD                           5499        0.499%            11198        0.503%
FU_REJECTED_OP_FDIV_SIMD                          9612        0.872%            19266        0.866%
FU_REJECTED_OP_FCMP_SIMD                         18041        1.637%            36453        1.638%
FU_REJECTED_OP_FCMOV_SIMD                        65229        5.920%           123883        5.566%
FU_REJECTED_OP_GATHER_SIMD                         524        0.048%              963        0.043%
FU_REJECTED_OP_SCATTER_SIMD                          0        0.000%                0        0.000%
FU_REJECTED_OP_PIPELINED_FAST_SIMD                   0        0.000%                0        0.000%
FU_REJECTED_OP_PIPELINED_MEDIUM_SIMD                 0        0.000%                0        0.000%
FU_REJECTED_OP_PIPELINED_SLOW_SIMD                   0        0.000%                0        0.000%
FU_REJECTED_OP_NOTPIPELINED_MEDIUM_SIMD              0        0.000%                0        0.000%
FU_REJECTED_OP_NOTPIPELINED_SLOW_SIMD                0        0.000%                0        0.000%
FU_REJECTED_OP_NOTPIPELINED_VERY_SLOW_SIMD             0        0.000%                0        0.000%
                                               1101893      100.000%          2225867      100.000%
                                                 15.90        17.26             15.86        17.21

OP_WAIT_0                                      7984125                       15991915              

OP_WAIT_1                                      2089549                        4243768              

OP_WAIT_2                                       876348                        1756210              

OP_WAIT_3                                       463829                         922285              

OP_WAIT_4                                       301765                         591257              

OP_WAIT_5                                       218956                         428615              

OP_WAIT_6                                       153641                         303981              

OP_WAIT_7                                       107287                         210774              

OP_WAIT_8                                        84377                         163449              

OP_WAIT_9                                        67648                         131123              

OP_WAIT_10                                       53213                         104738              

OP_WAIT_11                                       42871                          84650              

OP_WAIT_12                                       35287                          69916              

OP_WAIT_13                                       30058                          59828              

OP_WAIT_14                                       27676                          54936              

OP_WAIT_15                                       24112                          48292              

OP_WAIT_16                                       21852                          43481              

OP_WAIT_17                                       19922                          39354              

OP_WAIT_18                                       18347                          35183              

OP_WAIT_19                                       16392                          31519              

OP_WAIT_20                                       15523                          29108              

OP_WAIT_21                                       14238                          27048              

OP_WAIT_22                                       13513                          25374              

OP_WAIT_23                                       11398                          21233              

OP_WAIT_24                                       10237                          19531              

OP_WAIT_25                                        9594                          18226              

OP_WAIT_26                                        8323                          15665              

OP_WAIT_27                                        7746                          14868              

OP_WAIT_28                                        7227                          13575              

OP_WAIT_29                                        6831                          12958              

OP_WAIT_30                                        6515                          12673              

OP_WAIT_31                                      182772                         338832              

ROW_SIZE_0                                     1316746                        2885750              

ROW_SIZE_1                                      241383                         515415              

ROW_SIZE_2                                      113790                         242471              

ROW_SIZE_3                                       77301                         163822              

ROW_SIZE_4                                       76047                         156823              

ROW_SIZE_5                                       52036                         107762              

ROW_SIZE_6                                     1944323                        3867740              

ROW_SIZE_7                                           0                              0              

ROW_SIZE_8                                           0                              0              

ROW_SIZE_9                                           0                              0              

ROW_SIZE_10                                          0                              0              

ROW_SIZE_11                                          0                              0              

ROW_SIZE_12                                          0                              0              

ROW_SIZE_13                                          0                              0              

ROW_SIZE_14                                          0                              0              

ROW_SIZE_15                                          0                              0              

ROW_SIZE_16                                          0                              0              

ROW_SIZE_17                                          0                              0              

ROW_SIZE_18                                          0                              0              

ROW_SIZE_19                                          0                              0              

ROW_SIZE_20                                          0                              0              

ROW_SIZE_21                                          0                              0              

ROW_SIZE_22                                          0                              0              

ROW_SIZE_23                                          0                              0              

ROW_SIZE_24                                          0                              0              

ROW_SIZE_25                                          0                              0              

ROW_SIZE_26                                          0                              0              

ROW_SIZE_27                                          0                              0              

ROW_SIZE_28                                          0                              0              

ROW_SIZE_29                                          0                              0              

ROW_SIZE_30                                          0                              0              

ROW_SIZE_31                                          0                              0              

RET_OP_EXEC_COUNT_0                                  0        0.000%                0        0.000%
RET_OP_EXEC_COUNT_1                           12931172      100.000%         25864365      100.000%
RET_OP_EXEC_COUNT_2                                  0        0.000%                0        0.000%
RET_OP_EXEC_COUNT_3                                  0        0.000%                0        0.000%
RET_OP_EXEC_COUNT_4                                  0        0.000%                0        0.000%
RET_OP_EXEC_COUNT_5                                  0        0.000%                0        0.000%
RET_OP_EXEC_COUNT_6                                  0        0.000%                0        0.000%
RET_OP_EXEC_COUNT_7                                  0        0.000%                0        0.000%
RET_OP_EXEC_COUNT_8                                  0        0.000%                0        0.000%
RET_OP_EXEC_COUNT_9                                  0        0.000%                0        0.000%
RET_OP_EXEC_COUNT_10                                 0        0.000%                0        0.000%
RET_OP_EXEC_COUNT_11                                 0        0.000%                0        0.000%
RET_OP_EXEC_COUNT_12                                 0        0.000%                0        0.000%
RET_OP_EXEC_COUNT_13                                 0        0.000%                0        0.000%
RET_OP_EXEC_COUNT_14                                 0        0.000%                0        0.000%
RET_OP_EXEC_COUNT_15                                 0        0.000%                0        0.000%
RET_OP_EXEC_COUNT_16                                 0        0.000%                0        0.000%
RET_OP_EXEC_COUNT_17                                 0        0.000%                0        0.000%
RET_OP_EXEC_COUNT_18                                 0        0.000%                0        0.000%
RET_OP_EXEC_COUNT_19                                 0        0.000%                0        0.000%
RET_OP_EXEC_COUNT_20                                 0        0.000%                0        0.000%
RET_OP_EXEC_COUNT_21                                 0        0.000%                0        0.000%
RET_OP_EXEC_COUNT_22                                 0        0.000%                0        0.000%
RET_OP_EXEC_COUNT_23                                 0        0.000%                0        0.000%
RET_OP_EXEC_COUNT_24                                 0        0.000%                0        0.000%
RET_OP_EXEC_COUNT_25                                 0        0.000%                0        0.000%
RET_OP_EXEC_COUNT_26                                 0        0.000%                0        0.000%
RET_OP_EXEC_COUNT_27                                 0        0.000%                0        0.000%
RET_OP_EXEC_COUNT_28                                 0        0.000%                0        0.000%
RET_OP_EXEC_COUNT_29                                 0        0.000%                0        0.000%
RET_OP_EXEC_COUNT_30                                 0        0.000%                0        0.000%
RET_OP_EXEC_COUNT_31                                 0        0.000%                0        0.000%
RET_OP_EXEC_COUNT_32                                 0        0.000%                0        0.000%
                                              12931172      100.000%         25864365      100.000%
                                                  1.00         0.00              1.00         0.00

RET_STALL_LENGTH_0                            12931083       99.999%         25863619       99.997%
RET_STALL_LENGTH_100                                86        0.001%              680        0.003%
RET_STALL_LENGTH_200                                 0        0.000%               38        0.000%
RET_STALL_LENGTH_300                                 0        0.000%                6        0.000%
RET_STALL_LENGTH_400                                 0        0.000%                5        0.000%
RET_STALL_LENGTH_500                                 1        0.000%                5        0.000%
RET_STALL_LENGTH_600                                 0        0.000%                2        0.000%
RET_STALL_LENGTH_700                                 1        0.000%                1        0.000%
RET_STALL_LENGTH_800                                 0        0.000%                0        0.000%
RET_STALL_LENGTH_900                                 0        0.000%                0        0.000%
RET_STALL_LENGTH_1000                                0        0.000%                1        0.000%
RET_STALL_LENGTH_1100                                0        0.000%                1        0.000%
RET_STALL_LENGTH_1200                                1        0.000%                7        0.000%
RET_STALL_LENGTH_1300                                0        0.000%                0        0.000%
RET_STALL_LENGTH_1400                                0        0.000%                0        0.000%
RET_STALL_LENGTH_1500                                0        0.000%                0        0.000%
RET_STALL_LENGTH_1600                                0        0.000%                0        0.000%
RET_STALL_LENGTH_1700                                0        0.000%                0        0.000%
RET_STALL_LENGTH_1800                                0        0.000%                0        0.000%
RET_STALL_LENGTH_1900                                0        0.000%                0        0.000%
RET_STALL_LENGTH_2000                                0        0.000%                0        0.000%
RET_STALL_LENGTH_2100                                0        0.000%                0        0.000%
RET_STALL_LENGTH_2200                                0        0.000%                0        0.000%
RET_STALL_LENGTH_2300                                0        0.000%                0        0.000%
RET_STALL_LENGTH_2400                                0        0.000%                0        0.000%
RET_STALL_LENGTH_2500                                0        0.000%                0        0.000%
RET_STALL_LENGTH_2600                                0        0.000%                0        0.000%
RET_STALL_LENGTH_2700                                0        0.000%                0        0.000%
RET_STALL_LENGTH_2800                                0        0.000%                0        0.000%
RET_STALL_LENGTH_2900                                0        0.000%                0        0.000%
RET_STALL_LENGTH_3000                                0        0.000%                0        0.000%
RET_STALL_LENGTH_3100                                0        0.000%                0        0.000%
RET_STALL_LENGTH_3200                                0        0.000%                0        0.000%
RET_STALL_LENGTH_3300                                0        0.000%                0        0.000%
RET_STALL_LENGTH_3400                                0        0.000%                0        0.000%
RET_STALL_LENGTH_3500                                0        0.000%                0        0.000%
RET_STALL_LENGTH_3600                                0        0.000%                0        0.000%
RET_STALL_LENGTH_3700                                0        0.000%                0        0.000%
RET_STALL_LENGTH_3800                                0        0.000%                0        0.000%
RET_STALL_LENGTH_3900                                0        0.000%                0        0.000%
RET_STALL_LENGTH_4000                                0        0.000%                0        0.000%
RET_STALL_LENGTH_4100                                0        0.000%                0        0.000%
RET_STALL_LENGTH_4200                                0        0.000%                0        0.000%
RET_STALL_LENGTH_4300                                0        0.000%                0        0.000%
RET_STALL_LENGTH_4400                                0        0.000%                0        0.000%
RET_STALL_LENGTH_4500                                0        0.000%                0        0.000%
RET_STALL_LENGTH_4600                                0        0.000%                0        0.000%
RET_STALL_LENGTH_4700                                0        0.000%                0        0.000%
RET_STALL_LENGTH_4800                                0        0.000%                0        0.000%
RET_STALL_LENGTH_4900                                0        0.000%                0        0.000%
RET_STALL_LENGTH_5000                                0        0.000%                0        0.000%
                                              12931172      100.000%         25864365      100.000%
                                                  0.00         0.00              0.00         0.01

MEM_BLOCK_LENGTH_0                                   0         -nan%               37       94.872%
MEM_BLOCK_LENGTH_100                                 0         -nan%                2        5.128%
MEM_BLOCK_LENGTH_200                                 0         -nan%                0        0.000%
MEM_BLOCK_LENGTH_300                                 0         -nan%                0        0.000%
MEM_BLOCK_LENGTH_400                                 0         -nan%                0        0.000%
MEM_BLOCK_LENGTH_500                                 0         -nan%                0        0.000%
MEM_BLOCK_LENGTH_600                                 0         -nan%                0        0.000%
MEM_BLOCK_LENGTH_700                                 0         -nan%                0        0.000%
MEM_BLOCK_LENGTH_800                                 0         -nan%                0        0.000%
MEM_BLOCK_LENGTH_900                                 0         -nan%                0        0.000%
MEM_BLOCK_LENGTH_1000                                0         -nan%                0        0.000%
MEM_BLOCK_LENGTH_1100                                0         -nan%                0        0.000%
MEM_BLOCK_LENGTH_1200                                0         -nan%                0        0.000%
MEM_BLOCK_LENGTH_1300                                0         -nan%                0        0.000%
MEM_BLOCK_LENGTH_1400                                0         -nan%                0        0.000%
MEM_BLOCK_LENGTH_1500                                0         -nan%                0        0.000%
MEM_BLOCK_LENGTH_1600                                0         -nan%                0        0.000%
MEM_BLOCK_LENGTH_1700                                0         -nan%                0        0.000%
MEM_BLOCK_LENGTH_1800                                0         -nan%                0        0.000%
MEM_BLOCK_LENGTH_1900                                0         -nan%                0        0.000%
MEM_BLOCK_LENGTH_2000                                0         -nan%                0        0.000%
MEM_BLOCK_LENGTH_2100                                0         -nan%                0        0.000%
MEM_BLOCK_LENGTH_2200                                0         -nan%                0        0.000%
MEM_BLOCK_LENGTH_2300                                0         -nan%                0        0.000%
MEM_BLOCK_LENGTH_2400                                0         -nan%                0        0.000%
MEM_BLOCK_LENGTH_2500                                0         -nan%                0        0.000%
MEM_BLOCK_LENGTH_2600                                0         -nan%                0        0.000%
MEM_BLOCK_LENGTH_2700                                0         -nan%                0        0.000%
MEM_BLOCK_LENGTH_2800                                0         -nan%                0        0.000%
MEM_BLOCK_LENGTH_2900                                0         -nan%                0        0.000%
MEM_BLOCK_LENGTH_3000                                0         -nan%                0        0.000%
MEM_BLOCK_LENGTH_3100                                0         -nan%                0        0.000%
MEM_BLOCK_LENGTH_3200                                0         -nan%                0        0.000%
MEM_BLOCK_LENGTH_3300                                0         -nan%                0        0.000%
MEM_BLOCK_LENGTH_3400                                0         -nan%                0        0.000%
MEM_BLOCK_LENGTH_3500                                0         -nan%                0        0.000%
MEM_BLOCK_LENGTH_3600                                0         -nan%                0        0.000%
MEM_BLOCK_LENGTH_3700                                0         -nan%                0        0.000%
MEM_BLOCK_LENGTH_3800                                0         -nan%                0        0.000%
MEM_BLOCK_LENGTH_3900                                0         -nan%                0        0.000%
MEM_BLOCK_LENGTH_4000                                0         -nan%                0        0.000%
MEM_BLOCK_LENGTH_4100                                0         -nan%                0        0.000%
MEM_BLOCK_LENGTH_4200                                0         -nan%                0        0.000%
MEM_BLOCK_LENGTH_4300                                0         -nan%                0        0.000%
MEM_BLOCK_LENGTH_4400                                0         -nan%                0        0.000%
MEM_BLOCK_LENGTH_4500                                0         -nan%                0        0.000%
MEM_BLOCK_LENGTH_4600                                0         -nan%                0        0.000%
MEM_BLOCK_LENGTH_4700                                0         -nan%                0        0.000%
MEM_BLOCK_LENGTH_4800                                0         -nan%                0        0.000%
MEM_BLOCK_LENGTH_4900                                0         -nan%                0        0.000%
MEM_BLOCK_LENGTH_5000                                0         -nan%                0        0.000%
                                                     0         -nan%               39      100.000%
                                                  -nan         -nan              0.05         0.22

FUS_BUSY_ON_PATH                              14185083        3.6648         28380077        3.5059

FUS_BUSY_OFF_PATH                              1184171        0.3059          3033755        0.3748

FU_BUSY_MEM_STALL                               761746        0.1968          1551992        0.1917

FUS_EMPTY                                     15595794        4.0293         33346144        4.1194

FU_UNAVAILABLE                                  532235        0.1375          1064031        0.1314

FU_MEM_UNAVAILABLE                              569658        0.1472          1161836        0.1435

FU_REPLAY                                            0        0.0000                0        0.0000

FU_STARVED                                    15546661        4.0166         33220809        4.1039

CHIP_UTILIZATION                                     0        0.0000                0        0.0000

CYCLES_UNDER_MEM_REQ                                 0                              0              

CYCLES_UNDER_NO_MEM_REQ                              0                              0              

CYCLES_UNDER_CRITICAL_MEM_REQ                        0                              0              

CYCLES_UNDER_NONCRITICAL_MEM_REQ                     0                              0              

CHIP_UTILIZATION_UNDER_MEM_REQ                       0          -nan                0          -nan

CHIP_UTILIZATION_UNDER_NO_MEM_REQ                    0          -nan                0          -nan

CHIP_UTILIZATION_UNDER_CRITICAL_MEM_REQ              0          -nan                0          -nan

CHIP_UTILIZATION_UNDER_NONCRITICAL_MEM_REQ             0          -nan                0          -nan

CYCLES_NOT_WAITING_FOR_OFF_CHIP                      0        0.0000                0        0.0000

FUS_BUSY_NOT_WAITING_FOR_OFF_CHIP                    0          -nan                0          -nan

CYCLES_WAITING_FOR_OFF_CHIP                          0        0.0000                0        0.0000

FUS_BUSY_WAITING_FOR_OFF_CHIP                        0          -nan                0          -nan

TOTAL_OFF_CHIP_DELAYS_LEFT                           0                              0              

WRONG_IO_SCHED                                       0                              0              

DVFS_CONFIG_SWITCH                                   0                              0              

MAP_STAGE_RECEIVED_OPS_0                             0        0.000%                0        0.000%
MAP_STAGE_RECEIVED_OPS_1                        142815        5.075%           286352        5.086%
MAP_STAGE_RECEIVED_OPS_2                        230551        8.193%           465790        8.272%
MAP_STAGE_RECEIVED_OPS_3                        323120       11.483%           646022       11.473%
MAP_STAGE_RECEIVED_OPS_4                        302125       10.737%           604469       10.735%
MAP_STAGE_RECEIVED_OPS_5                        751065       26.690%          1502390       26.682%
MAP_STAGE_RECEIVED_OPS_6                       1064308       37.822%          2125637       37.751%
MAP_STAGE_RECEIVED_OPS_7                             0        0.000%                0        0.000%
MAP_STAGE_RECEIVED_OPS_8                             0        0.000%                0        0.000%
MAP_STAGE_RECEIVED_OPS_MAX                           0        0.000%                0        0.000%
                                               2813984      100.000%          5630660      100.000%
                                                  4.59         1.53              4.59         1.53

MAP_STAGE_WAIT_FOR_DECODE                            0         -nan%                0         -nan%
MAP_STAGE_CONSUME_DECODE                             0         -nan%                0         -nan%
                                                     0         -nan%                0         -nan%
                                                  -nan         -nan              -nan         -nan

MAP_STAGE_WAIT_FOR_DECODE2                           0         -nan%                0         -nan%
MAP_STAGE_CONSUME_DECODE2                            0         -nan%                0         -nan%
                                                     0         -nan%                0         -nan%
                                                  -nan         -nan              -nan         -nan

FTQ_RECOVER_EXEC                                 11774                          30639              

FTQ_RECOVER_DECODE                                   3                            257              

FTQ_OFFPATH_CYCLES                              621390                        1645205              

FTQ_CYCLES_OFFPATH                             1166758                        2860281              

FTQ_CYCLES_ONPATH                              2703873                        5234716              

FTQ_FETCHED_INS_OFFPATH                        5854037                       14953221              

FTQ_FETCHED_INS_ONPATH                        12918711                       25833469              

FTQ_BREAK_FULL_FT_ONPATH                       2591357       96.262%          4970852       95.525%
FTQ_BREAK_MAX_CFS_TAKEN_ONPATH                   80990        3.009%           189302        3.638%
FTQ_BREAK_MAX_BYTES_ONPATH                       19625        0.729%            43542        0.837%
FTQ_BREAK_PRED_BR_ONPATH                             0        0.000%                0        0.000%
FTQ_BREAK_BAR_FETCH_ONPATH                           0        0.000%                0        0.000%
                                               2691972      100.000%          5203696      100.000%
                                                  0.04         0.24              0.05         0.25

FTQ_BREAK_FULL_FT_OFFPATH                      1111355       94.300%          2681640       92.753%
FTQ_BREAK_MAX_CFS_TAKEN_OFFPATH                  52317        4.439%           164867        5.702%
FTQ_BREAK_MAX_BYTES_OFFPATH                      14863        1.261%            44670        1.545%
FTQ_BREAK_PRED_BR_OFFPATH                            0        0.000%                0        0.000%
FTQ_BREAK_BAR_FETCH_OFFPATH                          0        0.000%                0        0.000%
                                               1178535      100.000%          2891177      100.000%
                                                  0.07         0.29              0.09         0.32



