Scarab gitrev: 3541854
Scarab started at Sat Oct 19 06:17:29 2024

Initialized Ramulator. 
** Heartbeat:   5% -- { 1000005 } -- 0.00 KIPS (23.81 KIPS)
** Heartbeat:  10% -- { 2000010 } -- 25.64 KIPS (24.69 KIPS)
** Heartbeat:  15% -- { 3000013 } -- 19.23 KIPS (22.56 KIPS)
** Heartbeat:  20% -- { 4000015 } -- 19.61 KIPS (21.74 KIPS)
** Heartbeat:  25% -- { 5000019 } -- 19.23 KIPS (21.19 KIPS)
** Heartbeat:  30% -- { 6000020 } -- 21.74 KIPS (21.28 KIPS)
** Heartbeat:  35% -- { 7000022 } -- 20.83 KIPS (21.21 KIPS)
** Heartbeat:  40% -- { 8000024 } -- 20.83 KIPS (21.16 KIPS)
** Heartbeat:  45% -- { 9000027 } -- 15.38 KIPS (20.32 KIPS)
** Heartbeat:  50% -- { 10000028 } -- 14.49 KIPS (19.53 KIPS)
** Heartbeat:  55% -- { 11000028 } -- 20.83 KIPS (19.64 KIPS)
** Heartbeat:  60% -- { 12000031 } -- 22.73 KIPS (19.87 KIPS)
** Heartbeat:  65% -- { 13000031 } -- 27.03 KIPS (20.28 KIPS)
** Heartbeat:  70% -- { 14000031 } -- 27.03 KIPS (20.65 KIPS)
** Heartbeat:  75% -- { 15000036 } -- 27.03 KIPS (20.98 KIPS)
** Heartbeat:  80% -- { 16000041 } -- 32.26 KIPS (21.45 KIPS)
** Heartbeat:  85% -- { 17000041 } -- 30.30 KIPS (21.82 KIPS)
** Heartbeat:  90% -- { 18000041 } -- 35.71 KIPS (22.30 KIPS)
** Heartbeat:  95% -- { 19000041 } -- 41.67 KIPS (22.86 KIPS)
** Core 0 Finished:    insts:20000002    cycles:16012488    time:5003902500000       -- 1.25 IPC (1.25 IPC) --  N/A  KIPS (23.45 KIPS)
Scarab finished at Sat Oct 19 06:31:43 2024

