Scarab gitrev: 3541854
Scarab started at Sat Oct 19 01:51:34 2024

Initialized Ramulator. 
** Heartbeat:   5% -- { 1000000 } -- 0.00 KIPS (9.80 KIPS)
** Heartbeat:  10% -- { 2000000 } -- 10.64 KIPS (10.20 KIPS)
** Heartbeat:  15% -- { 3000000 } -- 10.42 KIPS (10.27 KIPS)
** Heartbeat:  20% -- { 4000000 } -- 10.75 KIPS (10.39 KIPS)
** Heartbeat:  25% -- { 5000000 } -- 10.53 KIPS (10.42 KIPS)
** Heartbeat:  30% -- { 6000000 } -- 10.75 KIPS (10.47 KIPS)
** Heartbeat:  35% -- { 7000000 } -- 10.64 KIPS (10.49 KIPS)
** Heartbeat:  40% -- { 8000000 } -- 10.75 KIPS (10.53 KIPS)
** Heartbeat:  45% -- { 9000000 } -- 10.87 KIPS (10.56 KIPS)
** Heartbeat:  50% -- { 10000000 } -- 10.75 KIPS (10.58 KIPS)
** Heartbeat:  55% -- { 11000000 } -- 10.75 KIPS (10.60 KIPS)
** Heartbeat:  60% -- { 12000000 } -- 10.75 KIPS (10.61 KIPS)
** Heartbeat:  65% -- { 13000000 } -- 10.64 KIPS (10.61 KIPS)
** Heartbeat:  70% -- { 14000000 } -- 11.11 KIPS (10.65 KIPS)
** Heartbeat:  75% -- { 15000000 } -- 10.75 KIPS (10.65 KIPS)
** Heartbeat:  80% -- { 16000000 } -- 10.87 KIPS (10.67 KIPS)
** Heartbeat:  85% -- { 17000000 } -- 10.99 KIPS (10.69 KIPS)
** Heartbeat:  90% -- { 18000005 } -- 10.75 KIPS (10.69 KIPS)
** Heartbeat:  95% -- { 19000009 } -- 10.75 KIPS (10.69 KIPS)
** Core 0 Finished:    insts:20000000    cycles:20702110    time:6469409375000       -- 0.97 IPC (0.97 IPC) --  N/A  KIPS (10.71 KIPS)
Scarab finished at Sat Oct 19 02:22:43 2024

