/* -*- Mode: c -*- */
####################################################################################################
Core 0
####################################################################################################
Cumulative:        Cycles: 12456834              Instructions: 20000000              IPC: 1.60554

Periodic:          Cycles: 6231143               Instructions: 9999997               IPC: 1.60484

EXECUTION_TIME                           1947232187500                  3892760625000              

NODE_CYCLE                                     6231143                       12456834              

NODE_INST_COUNT                                9999997                       20000000              

NODE_INST_COUNT_FETCHED                        9999997                       20000000              

NODE_UOP_COUNT                                14411993                       28823983              

FULL_WINDOW_STALL                              3190602       51.204%          6373355       51.164%

FULL_WINDOW_MEM_OP                              324306       13.249%           643054       13.155%
FULL_WINDOW_FP_OP                              2123387       86.751%          4245369       86.845%
FULL_WINDOW_OTHER_OP                                 0        0.000%               33        0.001%
                                               2447693      100.000%          4888456      100.000%
                                                  0.87         0.12              0.87         0.12

RET_BLOCKED_DC_MISS                             120757        1.938%           245089        1.968%

RET_BLOCKED_L1_MISS                               8603        0.138%            19506        0.157%

RET_BLOCKED_L1_MISS_BW_PREF                       3390        0.054%             6824        0.055%

RET_BLOCKED_L1_ACCESS                           112154        1.800%           225591        1.811%

RET_BLOCKED_MEM_STALL                            26820        0.430%            54605        0.438%

RET_BLOCKED_OFFCHIP_DEMAND                           0        0.000%                0        0.000%

OP_ISSUED                                     14411915                       28827205              

OP_RETIRED                                    14411993                       28823983              

REPLAY_SIGNALED                                      0                              0              

REPLAY_COUNTED                                       0                              0              

OFF_CRITICAL_PATH                                    0         -nan%                0         -nan%
ON_CRITICAL_PATH                                     0         -nan%                0         -nan%
                                                     0         -nan%                0         -nan%
                                                  -nan         -nan              -nan         -nan

LD_NO_DEPENDENTS                                     0        0.000%                4        0.000%
LD_DEPENDENTS                                  7821985      100.000%         15643959      100.000%
                                               7821985      100.000%         15643963      100.000%
                                                  1.00         1.00              1.00         1.00

LD_EXEC_CYCLES_0                                     0        0.000%                0        0.000%
LD_EXEC_CYCLES_1                                     0        0.000%                0        0.000%
LD_EXEC_CYCLES_2                                     0        0.000%                0        0.000%
LD_EXEC_CYCLES_3                                 10100       48.955%            20035       49.221%
LD_EXEC_CYCLES_4                                 10531       51.045%            20669       50.779%
                                                 20631      100.000%            40704      100.000%
                                                  3.51         2.56              3.51         2.55

ICACHE_STAGE_STARVED                               175        0.006%             2371        0.038%
ICACHE_STAGE_NOT_STARVED                       3093188       99.994%          6186512       99.962%
                                               3093363      100.000%          6188883      100.000%
                                                  1.00         1.00              1.00         1.00

ICACHE_STAGE_STALLED                           3137641       50.354%          6266246       50.304%
ICACHE_STAGE_NOT_STALLED                       3093363       49.644%          6187788       49.674%
ICACHE_STAGE_OFF_PATH                              139        0.002%             2800        0.022%
                                               6231143      100.000%         12456834      100.000%
                                                  0.50         0.35              0.50         0.36

DECODE_STAGE_STARVED                           6231140      100.000%         12454938       99.999%
DECODE_STAGE_NOT_STARVED                             3        0.000%              147        0.001%
                                               6231143      100.000%         12455085      100.000%
                                                  0.00         0.00              0.00         0.00

DECODE_STAGE_STALLED                                 0        0.000%               26        0.000%
DECODE_STAGE_NOT_STALLED                       6231143      100.000%         12455059       99.986%
DECODE_STAGE_OFF_PATH                                0        0.000%             1749        0.014%
                                               6231143      100.000%         12456834      100.000%
                                                  1.00         0.00              1.00         0.02

UOPQ_STAGE_STARVED                                 277        0.009%             3007        0.049%
UOPQ_STAGE_NOT_STARVED                         3093092       99.991%          6185860       99.951%
                                               3093369      100.000%          6188867      100.000%
                                                  1.00         1.00              1.00         1.00

UOPQ_STAGE_STALLED                             3137641       50.354%          6266430       50.305%
UOPQ_STAGE_NOT_STALLED                         3093369       49.644%          6188867       49.683%
UOPQ_STAGE_OFF_PATH                                133        0.002%             1537        0.012%
                                               6231143      100.000%         12456834      100.000%
                                                  0.50         0.35              0.50         0.35

MAP_STAGE_STARVED                                  169        0.003%             1431        0.011%
MAP_STAGE_NOT_STARVED                          6230910       99.997%         12453419       99.989%
                                               6231079      100.000%         12454850      100.000%
                                                  1.00         1.00              1.00         1.00

MAP_STAGE_STALLED                              3137722       50.355%          6266868       50.309%
MAP_STAGE_NOT_STALLED                          3093357       49.643%          6187982       49.675%
MAP_STAGE_OFF_PATH                                  64        0.001%             1984        0.016%
                                               6231143      100.000%         12456834      100.000%
                                                  0.50         0.35              0.50         0.36

EXEC_STAGE_STARVED                             2684399       43.080%          5368338       43.096%
EXEC_STAGE_NOT_STARVED                         3546700       56.919%          7086861       56.891%
EXEC_STAGE_OFF_PATH                                 44        0.001%             1635        0.013%
                                               6231143      100.000%         12456834      100.000%
                                                  0.57         0.33              0.57         0.33

FU_BUSY_0                                      3952073                        7907837              

FU_BUSY_1                                      1955591                        3910056              

FU_BUSY_2                                      4691864                        9371684              

FU_BUSY_3                                      4567306                        9123751              

FU_BUSY_4                                       513429                        1025465              

FU_BUSY_5                                       155647                         311617              

FU_BUSY_6                                       397194                         793469              

FU_BUSY_7                                       383750                         764011              

FU_BUSY_8                                            0                              0              

FU_BUSY_9                                            0                              0              

FU_BUSY_10                                           0                              0              

FU_BUSY_11                                           0                              0              

FU_BUSY_12                                           0                              0              

FU_BUSY_13                                           0                              0              

FU_BUSY_14                                           0                              0              

FU_BUSY_15                                           0                              0              

FU_BUSY_16                                           0                              0              

FU_BUSY_17                                           0                              0              

FU_BUSY_18                                           0                              0              

FU_BUSY_19                                           0                              0              

FU_BUSY_20                                           0                              0              

FU_BUSY_21                                           0                              0              

FU_BUSY_22                                           0                              0              

FU_BUSY_23                                           0                              0              

FU_BUSY_24                                           0                              0              

FU_BUSY_25                                           0                              0              

FU_BUSY_26                                           0                              0              

FU_BUSY_27                                           0                              0              

FU_BUSY_28                                           0                              0              

FU_BUSY_29                                           0                              0              

FU_BUSY_30                                           0                              0              

FU_BUSY_31                                           0                              0              

FU_REJECTED_OP_INV_NOT_SIMD                          0        0.000%                0        0.000%
FU_REJECTED_OP_NOP_NOT_SIMD                       1043        0.051%             2132        0.053%
FU_REJECTED_OP_CF_NOT_SIMD                           0        0.000%                0        0.000%
FU_REJECTED_OP_MOV_NOT_SIMD                      21951        1.075%            43520        1.072%
FU_REJECTED_OP_CMOV_NOT_SIMD                         0        0.000%                0        0.000%
FU_REJECTED_OP_LDA_NOT_SIMD                       9998        0.489%            19909        0.490%
FU_REJECTED_OP_IMEM_NOT_SIMD                    411797       20.160%           813170       20.033%
FU_REJECTED_OP_IADD_NOT_SIMD                     27551        1.349%            51506        1.269%
FU_REJECTED_OP_IMUL_NOT_SIMD                     42841        2.097%            85493        2.106%
FU_REJECTED_OP_IDIV_NOT_SIMD                    201563        9.868%           403518        9.941%
FU_REJECTED_OP_ICMP_NOT_SIMD                    186861        9.148%           373707        9.206%
FU_REJECTED_OP_LOGIC_NOT_SIMD                    13748        0.673%            27340        0.674%
FU_REJECTED_OP_SHIFT_NOT_SIMD                     7620        0.373%            15379        0.379%
FU_REJECTED_OP_FMEM_NOT_SIMD                         0        0.000%                0        0.000%
FU_REJECTED_OP_FCVT_NOT_SIMD                         0        0.000%                0        0.000%
FU_REJECTED_OP_FADD_NOT_SIMD                         0        0.000%                0        0.000%
FU_REJECTED_OP_FMUL_NOT_SIMD                         0        0.000%                0        0.000%
FU_REJECTED_OP_FMA_NOT_SIMD                          0        0.000%                0        0.000%
FU_REJECTED_OP_FDIV_NOT_SIMD                         0        0.000%                0        0.000%
FU_REJECTED_OP_FCMP_NOT_SIMD                         0        0.000%                0        0.000%
FU_REJECTED_OP_FCMOV_NOT_SIMD                        0        0.000%                0        0.000%
FU_REJECTED_OP_GATHER_NOT_SIMD                       0        0.000%                0        0.000%
FU_REJECTED_OP_SCATTER_NOT_SIMD                      0        0.000%                0        0.000%
FU_REJECTED_OP_PIPELINED_FAST_NOT_SIMD               0        0.000%                0        0.000%
FU_REJECTED_OP_PIPELINED_MEDIUM_NOT_SIMD             0        0.000%                0        0.000%
FU_REJECTED_OP_PIPELINED_SLOW_NOT_SIMD               0        0.000%                0        0.000%
FU_REJECTED_OP_NOTPIPELINED_MEDIUM_NOT_SIMD             0        0.000%                0        0.000%
FU_REJECTED_OP_NOTPIPELINED_SLOW_NOT_SIMD             0        0.000%                0        0.000%
FU_REJECTED_OP_NOTPIPELINED_VERY_SLOW_NOT_SIMD             0        0.000%                0        0.000%
FU_REJECTED_OP_INV_SIMD                              0        0.000%                0        0.000%
FU_REJECTED_OP_NOP_SIMD                              0        0.000%                0        0.000%
FU_REJECTED_OP_CF_SIMD                               0        0.000%                0        0.000%
FU_REJECTED_OP_MOV_SIMD                           2864        0.140%             5851        0.144%
FU_REJECTED_OP_CMOV_SIMD                             0        0.000%                0        0.000%
FU_REJECTED_OP_LDA_SIMD                              0        0.000%                0        0.000%
FU_REJECTED_OP_IMEM_SIMD                             0        0.000%                0        0.000%
FU_REJECTED_OP_IADD_SIMD                             0        0.000%                0        0.000%
FU_REJECTED_OP_IMUL_SIMD                             0        0.000%                0        0.000%
FU_REJECTED_OP_IDIV_SIMD                             0        0.000%                0        0.000%
FU_REJECTED_OP_ICMP_SIMD                             0        0.000%                0        0.000%
FU_REJECTED_OP_LOGIC_SIMD                            0        0.000%                0        0.000%
FU_REJECTED_OP_SHIFT_SIMD                         3103        0.152%             6258        0.154%
FU_REJECTED_OP_FMEM_SIMD                             0        0.000%                0        0.000%
FU_REJECTED_OP_FCVT_SIMD                       1015138       49.697%          2017361       49.698%
FU_REJECTED_OP_FADD_SIMD                         12292        0.602%            25440        0.627%
FU_REJECTED_OP_FMUL_SIMD                             0        0.000%                0        0.000%
FU_REJECTED_OP_FMA_SIMD                              0        0.000%                0        0.000%
FU_REJECTED_OP_FDIV_SIMD                             0        0.000%                0        0.000%
FU_REJECTED_OP_FCMP_SIMD                         84302        4.127%           168627        4.154%
FU_REJECTED_OP_FCMOV_SIMD                            0        0.000%                0        0.000%
FU_REJECTED_OP_GATHER_SIMD                           0        0.000%                0        0.000%
FU_REJECTED_OP_SCATTER_SIMD                          0        0.000%                0        0.000%
FU_REJECTED_OP_PIPELINED_FAST_SIMD                   0        0.000%                0        0.000%
FU_REJECTED_OP_PIPELINED_MEDIUM_SIMD                 0        0.000%                0        0.000%
FU_REJECTED_OP_PIPELINED_SLOW_SIMD                   0        0.000%                0        0.000%
FU_REJECTED_OP_NOTPIPELINED_MEDIUM_SIMD              0        0.000%                0        0.000%
FU_REJECTED_OP_NOTPIPELINED_SLOW_SIMD                0        0.000%                0        0.000%
FU_REJECTED_OP_NOTPIPELINED_VERY_SLOW_SIMD             0        0.000%                0        0.000%
                                               2042672      100.000%          4059211      100.000%
                                                 27.17        17.87             27.20        17.86

OP_WAIT_0                                      6348451                       12697385              

OP_WAIT_1                                      2077151                        4154667              

OP_WAIT_2                                      1184572                        2367743              

OP_WAIT_3                                       842099                        1682728              

OP_WAIT_4                                       436613                         872840              

OP_WAIT_5                                       354403                         709715              

OP_WAIT_6                                       313264                         627384              

OP_WAIT_7                                       243879                         487653              

OP_WAIT_8                                       294426                         587850              

OP_WAIT_9                                       263045                         526598              

OP_WAIT_10                                      202538                         406537              

OP_WAIT_11                                      180974                         362324              

OP_WAIT_12                                      180045                         359768              

OP_WAIT_13                                      133499                         267102              

OP_WAIT_14                                      113689                         227621              

OP_WAIT_15                                      126662                         252948              

OP_WAIT_16                                       94880                         189723              

OP_WAIT_17                                      101389                         202579              

OP_WAIT_18                                       99122                         198660              

OP_WAIT_19                                       83672                         167140              

OP_WAIT_20                                       77811                         156247              

OP_WAIT_21                                       52645                         106059              

OP_WAIT_22                                       56900                         113798              

OP_WAIT_23                                       41757                          83907              

OP_WAIT_24                                       31764                          64071              

OP_WAIT_25                                       27994                          56604              

OP_WAIT_26                                       22858                          46589              

OP_WAIT_27                                       19260                          39143              

OP_WAIT_28                                       17233                          34707              

OP_WAIT_29                                       16320                          32782              

OP_WAIT_30                                       16221                          32540              

OP_WAIT_31                                      356857                         708571              

ROW_SIZE_0                                     3391082                        6776181              

ROW_SIZE_1                                       19342                          38343              

ROW_SIZE_2                                      569292                        1137956              

ROW_SIZE_3                                       16880                          34015              

ROW_SIZE_4                                       15025                          30119              

ROW_SIZE_5                                      173805                         347573              

ROW_SIZE_6                                     2045717                        4091557              

ROW_SIZE_7                                           0                              0              

ROW_SIZE_8                                           0                              0              

ROW_SIZE_9                                           0                              0              

ROW_SIZE_10                                          0                              0              

ROW_SIZE_11                                          0                              0              

ROW_SIZE_12                                          0                              0              

ROW_SIZE_13                                          0                              0              

ROW_SIZE_14                                          0                              0              

ROW_SIZE_15                                          0                              0              

ROW_SIZE_16                                          0                              0              

ROW_SIZE_17                                          0                              0              

ROW_SIZE_18                                          0                              0              

ROW_SIZE_19                                          0                              0              

ROW_SIZE_20                                          0                              0              

ROW_SIZE_21                                          0                              0              

ROW_SIZE_22                                          0                              0              

ROW_SIZE_23                                          0                              0              

ROW_SIZE_24                                          0                              0              

ROW_SIZE_25                                          0                              0              

ROW_SIZE_26                                          0                              0              

ROW_SIZE_27                                          0                              0              

ROW_SIZE_28                                          0                              0              

ROW_SIZE_29                                          0                              0              

ROW_SIZE_30                                          0                              0              

ROW_SIZE_31                                          0                              0              

RET_OP_EXEC_COUNT_0                                  0        0.000%                0        0.000%
RET_OP_EXEC_COUNT_1                           14411993      100.000%         28823983      100.000%
RET_OP_EXEC_COUNT_2                                  0        0.000%                0        0.000%
RET_OP_EXEC_COUNT_3                                  0        0.000%                0        0.000%
RET_OP_EXEC_COUNT_4                                  0        0.000%                0        0.000%
RET_OP_EXEC_COUNT_5                                  0        0.000%                0        0.000%
RET_OP_EXEC_COUNT_6                                  0        0.000%                0        0.000%
RET_OP_EXEC_COUNT_7                                  0        0.000%                0        0.000%
RET_OP_EXEC_COUNT_8                                  0        0.000%                0        0.000%
RET_OP_EXEC_COUNT_9                                  0        0.000%                0        0.000%
RET_OP_EXEC_COUNT_10                                 0        0.000%                0        0.000%
RET_OP_EXEC_COUNT_11                                 0        0.000%                0        0.000%
RET_OP_EXEC_COUNT_12                                 0        0.000%                0        0.000%
RET_OP_EXEC_COUNT_13                                 0        0.000%                0        0.000%
RET_OP_EXEC_COUNT_14                                 0        0.000%                0        0.000%
RET_OP_EXEC_COUNT_15                                 0        0.000%                0        0.000%
RET_OP_EXEC_COUNT_16                                 0        0.000%                0        0.000%
RET_OP_EXEC_COUNT_17                                 0        0.000%                0        0.000%
RET_OP_EXEC_COUNT_18                                 0        0.000%                0        0.000%
RET_OP_EXEC_COUNT_19                                 0        0.000%                0        0.000%
RET_OP_EXEC_COUNT_20                                 0        0.000%                0        0.000%
RET_OP_EXEC_COUNT_21                                 0        0.000%                0        0.000%
RET_OP_EXEC_COUNT_22                                 0        0.000%                0        0.000%
RET_OP_EXEC_COUNT_23                                 0        0.000%                0        0.000%
RET_OP_EXEC_COUNT_24                                 0        0.000%                0        0.000%
RET_OP_EXEC_COUNT_25                                 0        0.000%                0        0.000%
RET_OP_EXEC_COUNT_26                                 0        0.000%                0        0.000%
RET_OP_EXEC_COUNT_27                                 0        0.000%                0        0.000%
RET_OP_EXEC_COUNT_28                                 0        0.000%                0        0.000%
RET_OP_EXEC_COUNT_29                                 0        0.000%                0        0.000%
RET_OP_EXEC_COUNT_30                                 0        0.000%                0        0.000%
RET_OP_EXEC_COUNT_31                                 0        0.000%                0        0.000%
RET_OP_EXEC_COUNT_32                                 0        0.000%                0        0.000%
                                              14411993      100.000%         28823983      100.000%
                                                  1.00         0.00              1.00         0.00

RET_STALL_LENGTH_0                            14411738       99.998%         28823492       99.998%
RET_STALL_LENGTH_100                               166        0.001%              321        0.001%
RET_STALL_LENGTH_200                                44        0.000%               88        0.000%
RET_STALL_LENGTH_300                                14        0.000%               29        0.000%
RET_STALL_LENGTH_400                                25        0.000%               43        0.000%
RET_STALL_LENGTH_500                                 1        0.000%                1        0.000%
RET_STALL_LENGTH_600                                 3        0.000%                4        0.000%
RET_STALL_LENGTH_700                                 0        0.000%                0        0.000%
RET_STALL_LENGTH_800                                 0        0.000%                0        0.000%
RET_STALL_LENGTH_900                                 0        0.000%                0        0.000%
RET_STALL_LENGTH_1000                                1        0.000%                1        0.000%
RET_STALL_LENGTH_1100                                0        0.000%                1        0.000%
RET_STALL_LENGTH_1200                                0        0.000%                1        0.000%
RET_STALL_LENGTH_1300                                0        0.000%                0        0.000%
RET_STALL_LENGTH_1400                                1        0.000%                2        0.000%
RET_STALL_LENGTH_1500                                0        0.000%                0        0.000%
RET_STALL_LENGTH_1600                                0        0.000%                0        0.000%
RET_STALL_LENGTH_1700                                0        0.000%                0        0.000%
RET_STALL_LENGTH_1800                                0        0.000%                0        0.000%
RET_STALL_LENGTH_1900                                0        0.000%                0        0.000%
RET_STALL_LENGTH_2000                                0        0.000%                0        0.000%
RET_STALL_LENGTH_2100                                0        0.000%                0        0.000%
RET_STALL_LENGTH_2200                                0        0.000%                0        0.000%
RET_STALL_LENGTH_2300                                0        0.000%                0        0.000%
RET_STALL_LENGTH_2400                                0        0.000%                0        0.000%
RET_STALL_LENGTH_2500                                0        0.000%                0        0.000%
RET_STALL_LENGTH_2600                                0        0.000%                0        0.000%
RET_STALL_LENGTH_2700                                0        0.000%                0        0.000%
RET_STALL_LENGTH_2800                                0        0.000%                0        0.000%
RET_STALL_LENGTH_2900                                0        0.000%                0        0.000%
RET_STALL_LENGTH_3000                                0        0.000%                0        0.000%
RET_STALL_LENGTH_3100                                0        0.000%                0        0.000%
RET_STALL_LENGTH_3200                                0        0.000%                0        0.000%
RET_STALL_LENGTH_3300                                0        0.000%                0        0.000%
RET_STALL_LENGTH_3400                                0        0.000%                0        0.000%
RET_STALL_LENGTH_3500                                0        0.000%                0        0.000%
RET_STALL_LENGTH_3600                                0        0.000%                0        0.000%
RET_STALL_LENGTH_3700                                0        0.000%                0        0.000%
RET_STALL_LENGTH_3800                                0        0.000%                0        0.000%
RET_STALL_LENGTH_3900                                0        0.000%                0        0.000%
RET_STALL_LENGTH_4000                                0        0.000%                0        0.000%
RET_STALL_LENGTH_4100                                0        0.000%                0        0.000%
RET_STALL_LENGTH_4200                                0        0.000%                0        0.000%
RET_STALL_LENGTH_4300                                0        0.000%                0        0.000%
RET_STALL_LENGTH_4400                                0        0.000%                0        0.000%
RET_STALL_LENGTH_4500                                0        0.000%                0        0.000%
RET_STALL_LENGTH_4600                                0        0.000%                0        0.000%
RET_STALL_LENGTH_4700                                0        0.000%                0        0.000%
RET_STALL_LENGTH_4800                                0        0.000%                0        0.000%
RET_STALL_LENGTH_4900                                0        0.000%                0        0.000%
RET_STALL_LENGTH_5000                                0        0.000%                0        0.000%
                                              14411993      100.000%         28823983      100.000%
                                                  0.00         0.01              0.00         0.01

MEM_BLOCK_LENGTH_0                               18035       91.090%            36634       91.663%
MEM_BLOCK_LENGTH_100                              1227        6.197%             2283        5.712%
MEM_BLOCK_LENGTH_200                               236        1.192%              438        1.096%
MEM_BLOCK_LENGTH_300                               112        0.566%              232        0.580%
MEM_BLOCK_LENGTH_400                                69        0.349%              149        0.373%
MEM_BLOCK_LENGTH_500                                49        0.247%               96        0.240%
MEM_BLOCK_LENGTH_600                                52        0.263%               98        0.245%
MEM_BLOCK_LENGTH_700                                19        0.096%               36        0.090%
MEM_BLOCK_LENGTH_800                                 0        0.000%                0        0.000%
MEM_BLOCK_LENGTH_900                                 0        0.000%                0        0.000%
MEM_BLOCK_LENGTH_1000                                0        0.000%                0        0.000%
MEM_BLOCK_LENGTH_1100                                0        0.000%                0        0.000%
MEM_BLOCK_LENGTH_1200                                0        0.000%                0        0.000%
MEM_BLOCK_LENGTH_1300                                0        0.000%                0        0.000%
MEM_BLOCK_LENGTH_1400                                0        0.000%                0        0.000%
MEM_BLOCK_LENGTH_1500                                0        0.000%                0        0.000%
MEM_BLOCK_LENGTH_1600                                0        0.000%                0        0.000%
MEM_BLOCK_LENGTH_1700                                0        0.000%                0        0.000%
MEM_BLOCK_LENGTH_1800                                0        0.000%                0        0.000%
MEM_BLOCK_LENGTH_1900                                0        0.000%                0        0.000%
MEM_BLOCK_LENGTH_2000                                0        0.000%                0        0.000%
MEM_BLOCK_LENGTH_2100                                0        0.000%                0        0.000%
MEM_BLOCK_LENGTH_2200                                0        0.000%                0        0.000%
MEM_BLOCK_LENGTH_2300                                0        0.000%                0        0.000%
MEM_BLOCK_LENGTH_2400                                0        0.000%                0        0.000%
MEM_BLOCK_LENGTH_2500                                0        0.000%                0        0.000%
MEM_BLOCK_LENGTH_2600                                0        0.000%                0        0.000%
MEM_BLOCK_LENGTH_2700                                0        0.000%                0        0.000%
MEM_BLOCK_LENGTH_2800                                0        0.000%                0        0.000%
MEM_BLOCK_LENGTH_2900                                0        0.000%                0        0.000%
MEM_BLOCK_LENGTH_3000                                0        0.000%                0        0.000%
MEM_BLOCK_LENGTH_3100                                0        0.000%                0        0.000%
MEM_BLOCK_LENGTH_3200                                0        0.000%                0        0.000%
MEM_BLOCK_LENGTH_3300                                0        0.000%                0        0.000%
MEM_BLOCK_LENGTH_3400                                0        0.000%                0        0.000%
MEM_BLOCK_LENGTH_3500                                0        0.000%                0        0.000%
MEM_BLOCK_LENGTH_3600                                0        0.000%                0        0.000%
MEM_BLOCK_LENGTH_3700                                0        0.000%                0        0.000%
MEM_BLOCK_LENGTH_3800                                0        0.000%                0        0.000%
MEM_BLOCK_LENGTH_3900                                0        0.000%                0        0.000%
MEM_BLOCK_LENGTH_4000                                0        0.000%                0        0.000%
MEM_BLOCK_LENGTH_4100                                0        0.000%                0        0.000%
MEM_BLOCK_LENGTH_4200                                0        0.000%                0        0.000%
MEM_BLOCK_LENGTH_4300                                0        0.000%                0        0.000%
MEM_BLOCK_LENGTH_4400                                0        0.000%                0        0.000%
MEM_BLOCK_LENGTH_4500                                0        0.000%                0        0.000%
MEM_BLOCK_LENGTH_4600                                0        0.000%                0        0.000%
MEM_BLOCK_LENGTH_4700                                0        0.000%                0        0.000%
MEM_BLOCK_LENGTH_4800                                0        0.000%                0        0.000%
MEM_BLOCK_LENGTH_4900                                0        0.000%                0        0.000%
MEM_BLOCK_LENGTH_5000                                0        0.000%                0        0.000%
                                                 19799      100.000%            39966      100.000%
                                                  0.15         0.61              0.14         0.60

FUS_BUSY_ON_PATH                              16616716        2.6667         33205803        2.6657

FUS_BUSY_OFF_PATH                                  138        0.0000             2087        0.0002

FU_BUSY_MEM_STALL                              1564816        0.2511          3101619        0.2490

FUS_EMPTY                                     33232290        5.3333         66446782        5.3342

FU_UNAVAILABLE                                  575894        0.0924          1151735        0.0925

FU_MEM_UNAVAILABLE                             1466778        0.2354          2907476        0.2334

FU_REPLAY                                            0        0.0000                0        0.0000

FU_STARVED                                    33232284        5.3333         66446697        5.3342

CHIP_UTILIZATION                                     0        0.0000                0        0.0000

CYCLES_UNDER_MEM_REQ                                 0                              0              

CYCLES_UNDER_NO_MEM_REQ                              0                              0              

CYCLES_UNDER_CRITICAL_MEM_REQ                        0                              0              

CYCLES_UNDER_NONCRITICAL_MEM_REQ                     0                              0              

CHIP_UTILIZATION_UNDER_MEM_REQ                       0          -nan                0          -nan

CHIP_UTILIZATION_UNDER_NO_MEM_REQ                    0          -nan                0          -nan

CHIP_UTILIZATION_UNDER_CRITICAL_MEM_REQ              0          -nan                0          -nan

CHIP_UTILIZATION_UNDER_NONCRITICAL_MEM_REQ             0          -nan                0          -nan

CYCLES_NOT_WAITING_FOR_OFF_CHIP                      0        0.0000                0        0.0000

FUS_BUSY_NOT_WAITING_FOR_OFF_CHIP                    0          -nan                0          -nan

CYCLES_WAITING_FOR_OFF_CHIP                          0        0.0000                0        0.0000

FUS_BUSY_WAITING_FOR_OFF_CHIP                        0          -nan                0          -nan

TOTAL_OFF_CHIP_DELAYS_LEFT                           0                              0              

WRONG_IO_SCHED                                       0                              0              

DVFS_CONFIG_SWITCH                                   0                              0              

MAP_STAGE_RECEIVED_OPS_0                             0        0.000%                0        0.000%
MAP_STAGE_RECEIVED_OPS_1                        351666       11.369%           703337       11.369%
MAP_STAGE_RECEIVED_OPS_2                        451214       14.587%           902448       14.587%
MAP_STAGE_RECEIVED_OPS_3                        100239        3.241%           200476        3.241%
MAP_STAGE_RECEIVED_OPS_4                         99963        3.232%           199942        3.232%
MAP_STAGE_RECEIVED_OPS_5                         83674        2.705%           167452        2.707%
MAP_STAGE_RECEIVED_OPS_6                       2006442       64.866%          4012879       64.865%
MAP_STAGE_RECEIVED_OPS_7                             0        0.000%                0        0.000%
MAP_STAGE_RECEIVED_OPS_8                             0        0.000%                0        0.000%
MAP_STAGE_RECEIVED_OPS_MAX                           0        0.000%                0        0.000%
                                               3093198      100.000%          6186534      100.000%
                                                  4.66         1.96              4.66         1.96

MAP_STAGE_WAIT_FOR_DECODE                            0         -nan%                0         -nan%
MAP_STAGE_CONSUME_DECODE                             0         -nan%                0         -nan%
                                                     0         -nan%                0         -nan%
                                                  -nan         -nan              -nan         -nan

MAP_STAGE_WAIT_FOR_DECODE2                           0         -nan%                0         -nan%
MAP_STAGE_CONSUME_DECODE2                            0         -nan%                0         -nan%
                                                     0         -nan%                0         -nan%
                                                  -nan         -nan              -nan         -nan

FTQ_RECOVER_EXEC                                     2                             29              

FTQ_RECOVER_DECODE                                   0                              1              

FTQ_OFFPATH_CYCLES                                 477                           5936              

FTQ_CYCLES_OFFPATH                                 475                           6590              

FTQ_CYCLES_ONPATH                              6230668                       12450244              

FTQ_FETCHED_INS_OFFPATH                           1203                          19650              

FTQ_FETCHED_INS_ONPATH                        14411228                       28823953              

FTQ_BREAK_FULL_FT_ONPATH                       6230282      100.000%         12449625       99.998%
FTQ_BREAK_MAX_CFS_TAKEN_ONPATH                       6        0.000%               52        0.000%
FTQ_BREAK_MAX_BYTES_ONPATH                          22        0.000%              181        0.001%
FTQ_BREAK_PRED_BR_ONPATH                             0        0.000%                0        0.000%
FTQ_BREAK_BAR_FETCH_ONPATH                           0        0.000%                0        0.000%
                                               6230310      100.000%         12449858      100.000%
                                                  0.00         0.00              0.00         0.01

FTQ_BREAK_FULL_FT_OFFPATH                          477      100.000%             6419       96.964%
FTQ_BREAK_MAX_CFS_TAKEN_OFFPATH                      0        0.000%               10        0.151%
FTQ_BREAK_MAX_BYTES_OFFPATH                          0        0.000%              191        2.885%
FTQ_BREAK_PRED_BR_OFFPATH                            0        0.000%                0        0.000%
FTQ_BREAK_BAR_FETCH_OFFPATH                          0        0.000%                0        0.000%
                                                   477      100.000%             6620      100.000%
                                                  0.00         0.00              0.06         0.33



