/* -*- Mode: c -*- */
####################################################################################################
Core 0
####################################################################################################
Cumulative:        Cycles: 9151404               Instructions: 20000000              IPC: 2.18546

Periodic:          Cycles: 4479039               Instructions: 10000000              IPC: 2.23262

ST_OP_INV                                            0        0.000%                0        0.000%
ST_OP_NOP                                       396361        1.871%           878315        2.045%
ST_OP_CF                                       2560445       12.089%          5156939       12.005%
ST_OP_MOV                                      2668342       12.598%          5345615       12.444%
ST_OP_CMOV                                       67358        0.318%           136130        0.317%
ST_OP_LDA                                      1210483        5.715%          2435198        5.669%
ST_OP_ILD                                      4362339       20.597%          8844815       20.590%
ST_OP_IST                                      2160700       10.202%          4426500       10.305%
ST_OP_IADD                                     2419816       11.425%          4975182       11.582%
ST_OP_IMUL                                      220280        1.040%           440068        1.024%
ST_OP_IDIV                                        9895        0.047%            21257        0.049%
ST_OP_ICMP                                     1137760        5.372%          2277536        5.302%
ST_OP_LOGIC                                    2798792       13.214%          5651169       13.155%
ST_OP_SHIFT                                    1100645        5.197%          2228605        5.188%
ST_OP_FLD                                         7167        0.034%            14822        0.035%
ST_OP_FST                                        19727        0.093%            42088        0.098%
ST_OP_FCVT                                           0        0.000%                0        0.000%
ST_OP_FADD                                           0        0.000%                0        0.000%
ST_OP_FMUL                                           0        0.000%                0        0.000%
ST_OP_FMA                                            0        0.000%                0        0.000%
ST_OP_FDIV                                           0        0.000%                0        0.000%
ST_OP_FCMP                                           0        0.000%                0        0.000%
ST_OP_FCMOV                                          0        0.000%                0        0.000%
ST_OP_GATHER                                         0        0.000%                0        0.000%
ST_OP_SCATTER                                        0        0.000%                0        0.000%
ST_OP_PIPELINED_FAST                                 0        0.000%                0        0.000%
ST_OP_PIPELINED_MEDIUM                           39836        0.188%            82632        0.192%
ST_OP_PIPELINED_SLOW                                 0        0.000%                0        0.000%
ST_OP_NOTPIPELINED_MEDIUM                            0        0.000%                0        0.000%
ST_OP_NOTPIPELINED_SLOW                              0        0.000%                0        0.000%
ST_OP_NOTPIPELINED_VERY_SLOW                         0        0.000%                0        0.000%
                                              21179946      100.000%         42956871      100.000%
                                                  6.82         3.62              6.82         3.62

ST_NOT_CF                                     18619501       87.911%         37799932       87.995%
ST_CF_BR                                        177479        0.838%           362240        0.843%
ST_CF_CBR                                      1724586        8.143%          3456618        8.047%
ST_CF_CALL                                      329965        1.558%           670313        1.560%
ST_CF_IBR                                         1989        0.009%             4230        0.010%
ST_CF_ICALL                                          0        0.000%                0        0.000%
ST_CF_ICO                                            0        0.000%                0        0.000%
ST_CF_RET                                       326426        1.541%           663538        1.545%
ST_CF_SYS                                            0        0.000%                0        0.000%
                                              21179946      100.000%         42956871      100.000%
                                                  0.33         1.02              0.32         1.02

ST_BAR_NONE                                   21179946      100.000%         42956871      100.000%
ST_BAR_FETCH                                         0        0.000%                0        0.000%
ST_BAR_ISSUE                                         0        0.000%                0        0.000%
ST_BAR_BOTH                                          0        0.000%                0        0.000%
                                              21179946      100.000%         42956871      100.000%
                                                  0.00         0.00              0.00         0.00

ST_NOT_MEM                                    14630013       69.075%         29628646       68.973%
ST_MEM_LD                                      4369506       20.630%          8859637       20.624%
ST_MEM_ST                                      2180427       10.295%          4468588       10.402%
ST_MEM_PF                                            0        0.000%                0        0.000%
ST_MEM_WH                                            0        0.000%                0        0.000%
ST_MEM_EVICT                                         0        0.000%                0        0.000%
                                              21179946      100.000%         42956871      100.000%
                                                  0.41         0.58              0.41         0.58

ST_NOT_MEM_OFFPATH                             7240658       69.259%         15315350       69.218%
ST_MEM_LD_OFFPATH                              2171964       20.775%          4582843       20.712%
ST_MEM_ST_OFFPATH                              1041866        9.966%          2228084       10.070%
ST_MEM_PF_OFFPATH                                    0        0.000%                0        0.000%
ST_MEM_WH_OFFPATH                                    0        0.000%                0        0.000%
ST_MEM_EVIC_OFFPATHT                                 0        0.000%                0        0.000%
                                              10454488      100.000%         22126277      100.000%
                                                  0.41         0.57              0.41         0.57

ST_OP_ONPATH                                  21179946                       42956871              

ST_OP_OFFPATH                                 10454488                       22126277              

ST_FAKE_OP_OFFPATH                                2581        0.025%           140008        0.633%
ST_NOT_FAKE_OP_OFFPATH                        10451907       99.975%         21986269       99.367%
                                              10454488      100.000%         22126277      100.000%
                                                  1.00         1.00              0.99         0.99

ST_FAKE_REASON_NOT_FAKE                       10451907       99.975%         21986269       99.367%
ST_FAKE_REASON_REDIRECT_TO_NOT_INSTRUMENTED          2581        0.025%           140008        0.633%
ST_FAKE_REASON_RETURN_TO_NOT_INSTRUMENTED             0        0.000%                0        0.000%
ST_FAKE_REASON_NONRET_CF_TO_NOT_INSTRUMENTED             0        0.000%                0        0.000%
ST_FAKE_REASON_NOT_TAKEN_TO_NOT_INSTRUMENTED             0        0.000%                0        0.000%
ST_FAKE_REASON_WRONG_PATH_STORE_TO_NEW_REGION             0        0.000%                0        0.000%
                                              10454488      100.000%         22126277      100.000%
                                                  0.00         0.02              0.01         0.08

ST_INST_ONPATH                                17594740                       35647522              

ST_INST_OFFPATH                                8769717                       18540063              

STATIC_PIN_NOP                                       0                              0              

DYNAMIC_PIN_REP_GREATER_256                          0                              0              

INST_MAP_UPDATE_JITTED                          456026       24.150%           928595       23.963%
INST_MAP_UPDATE_NPC_INV                              0        0.000%                0        0.000%
INST_MAP_UPDATE_NPC_NOP                              0        0.000%                0        0.000%
INST_MAP_UPDATE_NPC_CF                               0        0.000%                0        0.000%
INST_MAP_UPDATE_NPC_MOV                              0        0.000%                0        0.000%
INST_MAP_UPDATE_NPC_CMOV                             0        0.000%                0        0.000%
INST_MAP_UPDATE_NPC_LDA                              0        0.000%                0        0.000%
INST_MAP_UPDATE_NPC_IMEM                             0        0.000%                0        0.000%
INST_MAP_UPDATE_NPC_IADD                             0        0.000%                0        0.000%
INST_MAP_UPDATE_NPC_IMUL                         17883        0.947%            37673        0.972%
INST_MAP_UPDATE_NPC_IDIV                             0        0.000%                0        0.000%
INST_MAP_UPDATE_NPC_ICMP                             0        0.000%                0        0.000%
INST_MAP_UPDATE_NPC_LOGIC                            0        0.000%                0        0.000%
INST_MAP_UPDATE_NPC_SHIFT                            0        0.000%                0        0.000%
INST_MAP_UPDATE_NPC_FMEM                             0        0.000%                0        0.000%
INST_MAP_UPDATE_NPC_FCVT                             0        0.000%                0        0.000%
INST_MAP_UPDATE_NPC_FADD                             0        0.000%                0        0.000%
INST_MAP_UPDATE_NPC_FMUL                             0        0.000%                0        0.000%
INST_MAP_UPDATE_NPC_FMA                              0        0.000%                0        0.000%
INST_MAP_UPDATE_NPC_FDIV                             0        0.000%                0        0.000%
INST_MAP_UPDATE_NPC_FCMP                             0        0.000%                0        0.000%
INST_MAP_UPDATE_NPC_FCMOV                            0        0.000%                0        0.000%
INST_MAP_UPDATE_NPC_GATHER                           0        0.000%                0        0.000%
INST_MAP_UPDATE_NPC_SCATTER                          0        0.000%                0        0.000%
INST_MAP_UPDATE_NPC_PIPELINED_FAST                   0        0.000%                0        0.000%
INST_MAP_UPDATE_NPC_PIPELINED_MEDIUM                 0        0.000%                0        0.000%
INST_MAP_UPDATE_NPC_PIPELINED_SLOW                   0        0.000%                0        0.000%
INST_MAP_UPDATE_NPC_NOTPIPELINED_MEDIUM              0        0.000%                0        0.000%
INST_MAP_UPDATE_NPC_NOTPIPELINED_SLOW                0        0.000%                0        0.000%
INST_MAP_UPDATE_NPC_NOTPIPELINED_VERY_SLOW             0        0.000%                0        0.000%
INST_MAP_UPDATE_MEM_INV                              0        0.000%                0        0.000%
INST_MAP_UPDATE_MEM_NOP                              0        0.000%                0        0.000%
INST_MAP_UPDATE_MEM_CF                               0        0.000%                0        0.000%
INST_MAP_UPDATE_MEM_MOV                         872747       46.219%          1780799       45.955%
INST_MAP_UPDATE_MEM_CMOV                           274        0.015%              631        0.016%
INST_MAP_UPDATE_MEM_LDA                              0        0.000%                0        0.000%
INST_MAP_UPDATE_MEM_IMEM                             0        0.000%                0        0.000%
INST_MAP_UPDATE_MEM_IADD                             0        0.000%                0        0.000%
INST_MAP_UPDATE_MEM_IMUL                        414516       21.952%           868939       22.423%
INST_MAP_UPDATE_MEM_IDIV                           608        0.032%              836        0.022%
INST_MAP_UPDATE_MEM_ICMP                             0        0.000%                0        0.000%
INST_MAP_UPDATE_MEM_LOGIC                        32241        1.707%            67541        1.743%
INST_MAP_UPDATE_MEM_SHIFT                        93981        4.977%           190119        4.906%
INST_MAP_UPDATE_MEM_FMEM                             0        0.000%                0        0.000%
INST_MAP_UPDATE_MEM_FCVT                             0        0.000%                0        0.000%
INST_MAP_UPDATE_MEM_FADD                             0        0.000%                0        0.000%
INST_MAP_UPDATE_MEM_FMUL                             0        0.000%                0        0.000%
INST_MAP_UPDATE_MEM_FMA                              0        0.000%                0        0.000%
INST_MAP_UPDATE_MEM_FDIV                             0        0.000%                0        0.000%
INST_MAP_UPDATE_MEM_FCMP                             0        0.000%                0        0.000%
INST_MAP_UPDATE_MEM_FCMOV                            0        0.000%                0        0.000%
INST_MAP_UPDATE_MEM_GATHER                           0        0.000%                0        0.000%
INST_MAP_UPDATE_MEM_SCATTER                          0        0.000%                0        0.000%
INST_MAP_UPDATE_MEM_PIPELINED_FAST                   0        0.000%                0        0.000%
INST_MAP_UPDATE_MEM_PIPELINED_MEDIUM                 0        0.000%                0        0.000%
INST_MAP_UPDATE_MEM_PIPELINED_SLOW                   0        0.000%                0        0.000%
INST_MAP_UPDATE_MEM_NOTPIPELINED_MEDIUM              0        0.000%                0        0.000%
INST_MAP_UPDATE_MEM_NOTPIPELINED_SLOW                0        0.000%                0        0.000%
INST_MAP_UPDATE_MEM_NOTPIPELINED_VERY_SLOW             0        0.000%                0        0.000%
                                               1888276      100.000%          3875133      100.000%
                                                 26.49         8.20             26.56         8.17



