Scarab gitrev: 3541854
Scarab started at Sat Oct 19 06:18:00 2024

Initialized Ramulator. 
** Heartbeat:   5% -- { 1000005 } -- 0.00 KIPS (24.39 KIPS)
** Heartbeat:  10% -- { 2000010 } -- 27.03 KIPS (25.64 KIPS)
** Heartbeat:  15% -- { 3000013 } -- 18.87 KIPS (22.90 KIPS)
** Heartbeat:  20% -- { 4000015 } -- 20.00 KIPS (22.10 KIPS)
** Heartbeat:  25% -- { 5000019 } -- 20.00 KIPS (21.65 KIPS)
** Heartbeat:  30% -- { 6000020 } -- 22.22 KIPS (21.74 KIPS)
** Heartbeat:  35% -- { 7000022 } -- 20.83 KIPS (21.61 KIPS)
** Heartbeat:  40% -- { 8000024 } -- 20.83 KIPS (21.51 KIPS)
** Heartbeat:  45% -- { 9000027 } -- 15.63 KIPS (20.64 KIPS)
** Heartbeat:  50% -- { 10000028 } -- 15.87 KIPS (20.04 KIPS)
** Heartbeat:  55% -- { 11000032 } -- 21.74 KIPS (20.18 KIPS)
** Heartbeat:  60% -- { 12000037 } -- 23.81 KIPS (20.44 KIPS)
** Heartbeat:  65% -- { 13000039 } -- 27.03 KIPS (20.83 KIPS)
** Heartbeat:  70% -- { 14000042 } -- 27.78 KIPS (21.21 KIPS)
** Heartbeat:  75% -- { 15000043 } -- 29.41 KIPS (21.61 KIPS)
** Heartbeat:  80% -- { 16000047 } -- 32.26 KIPS (22.07 KIPS)
** Heartbeat:  85% -- { 17000051 } -- 31.25 KIPS (22.46 KIPS)
** Heartbeat:  90% -- { 18000053 } -- 37.04 KIPS (22.96 KIPS)
** Heartbeat:  95% -- { 19000055 } -- 45.45 KIPS (23.57 KIPS)
** Core 0 Finished:    insts:20000002    cycles:15462352    time:4831985000000       -- 1.29 IPC (1.29 IPC) --  N/A  KIPS (24.21 KIPS)
Scarab finished at Sat Oct 19 06:31:47 2024

