               ramulator.active_cycles_0             4381383                                      # Total active cycles for level _0
                 ramulator.busy_cycles_0             4381383                                      # (All-bank refresh only. busy cycles only include refresh time in rank level) The sum of cycles that the DRAM part is active or under refresh for level _0
            ramulator.serving_requests_0            23458332                                      # The sum of read and write requests that are served in this DRAM element per memory cycle for level _0
    ramulator.average_serving_requests_0            5.174874                                      # The average of read and write requests that are served in this DRAM element per memory cycle for level _0
             ramulator.active_cycles_0_0             4381383                                      # Total active cycles for level _0_0
               ramulator.busy_cycles_0_0             4431783                                      # (All-bank refresh only. busy cycles only include refresh time in rank level) The sum of cycles that the DRAM part is active or under refresh for level _0_0
          ramulator.serving_requests_0_0            23458332                                      # The sum of read and write requests that are served in this DRAM element per memory cycle for level _0_0
  ramulator.average_serving_requests_0_0            5.174874                                      # The average of read and write requests that are served in this DRAM element per memory cycle for level _0_0
           ramulator.active_cycles_0_0_0             3172240                                      # Total active cycles for level _0_0_0
             ramulator.busy_cycles_0_0_0             3172240                                      # (All-bank refresh only. busy cycles only include refresh time in rank level) The sum of cycles that the DRAM part is active or under refresh for level _0_0_0
        ramulator.serving_requests_0_0_0             5880733                                      # The sum of read and write requests that are served in this DRAM element per memory cycle for level _0_0_0
ramulator.average_serving_requests_0_0_0            1.297281                                      # The average of read and write requests that are served in this DRAM element per memory cycle for level _0_0_0
         ramulator.active_cycles_0_0_0_0             1264357                                      # Total active cycles for level _0_0_0_0
           ramulator.busy_cycles_0_0_0_0             1264357                                      # (All-bank refresh only. busy cycles only include refresh time in rank level) The sum of cycles that the DRAM part is active or under refresh for level _0_0_0_0
      ramulator.serving_requests_0_0_0_0             1530295                                      # The sum of read and write requests that are served in this DRAM element per memory cycle for level _0_0_0_0
ramulator.average_serving_requests_0_0_0_0            0.337581                                      # The average of read and write requests that are served in this DRAM element per memory cycle for level _0_0_0_0
         ramulator.active_cycles_0_0_0_1             1293116                                      # Total active cycles for level _0_0_0_1
           ramulator.busy_cycles_0_0_0_1             1293116                                      # (All-bank refresh only. busy cycles only include refresh time in rank level) The sum of cycles that the DRAM part is active or under refresh for level _0_0_0_1
      ramulator.serving_requests_0_0_0_1             1554249                                      # The sum of read and write requests that are served in this DRAM element per memory cycle for level _0_0_0_1
ramulator.average_serving_requests_0_0_0_1            0.342865                                      # The average of read and write requests that are served in this DRAM element per memory cycle for level _0_0_0_1
         ramulator.active_cycles_0_0_0_2             1186274                                      # Total active cycles for level _0_0_0_2
           ramulator.busy_cycles_0_0_0_2             1186274                                      # (All-bank refresh only. busy cycles only include refresh time in rank level) The sum of cycles that the DRAM part is active or under refresh for level _0_0_0_2
      ramulator.serving_requests_0_0_0_2             1429605                                      # The sum of read and write requests that are served in this DRAM element per memory cycle for level _0_0_0_2
ramulator.average_serving_requests_0_0_0_2            0.315369                                      # The average of read and write requests that are served in this DRAM element per memory cycle for level _0_0_0_2
         ramulator.active_cycles_0_0_0_3             1143162                                      # Total active cycles for level _0_0_0_3
           ramulator.busy_cycles_0_0_0_3             1143162                                      # (All-bank refresh only. busy cycles only include refresh time in rank level) The sum of cycles that the DRAM part is active or under refresh for level _0_0_0_3
      ramulator.serving_requests_0_0_0_3             1366584                                      # The sum of read and write requests that are served in this DRAM element per memory cycle for level _0_0_0_3
ramulator.average_serving_requests_0_0_0_3            0.301466                                      # The average of read and write requests that are served in this DRAM element per memory cycle for level _0_0_0_3
           ramulator.active_cycles_0_0_1             3133278                                      # Total active cycles for level _0_0_1
             ramulator.busy_cycles_0_0_1             3133278                                      # (All-bank refresh only. busy cycles only include refresh time in rank level) The sum of cycles that the DRAM part is active or under refresh for level _0_0_1
        ramulator.serving_requests_0_0_1             5827673                                      # The sum of read and write requests that are served in this DRAM element per memory cycle for level _0_0_1
ramulator.average_serving_requests_0_0_1            1.285576                                      # The average of read and write requests that are served in this DRAM element per memory cycle for level _0_0_1
         ramulator.active_cycles_0_0_1_0             1264047                                      # Total active cycles for level _0_0_1_0
           ramulator.busy_cycles_0_0_1_0             1264047                                      # (All-bank refresh only. busy cycles only include refresh time in rank level) The sum of cycles that the DRAM part is active or under refresh for level _0_0_1_0
      ramulator.serving_requests_0_0_1_0             1529710                                      # The sum of read and write requests that are served in this DRAM element per memory cycle for level _0_0_1_0
ramulator.average_serving_requests_0_0_1_0            0.337452                                      # The average of read and write requests that are served in this DRAM element per memory cycle for level _0_0_1_0
         ramulator.active_cycles_0_0_1_1             1123418                                      # Total active cycles for level _0_0_1_1
           ramulator.busy_cycles_0_0_1_1             1123418                                      # (All-bank refresh only. busy cycles only include refresh time in rank level) The sum of cycles that the DRAM part is active or under refresh for level _0_0_1_1
      ramulator.serving_requests_0_0_1_1             1335396                                      # The sum of read and write requests that are served in this DRAM element per memory cycle for level _0_0_1_1
ramulator.average_serving_requests_0_0_1_1            0.294586                                      # The average of read and write requests that are served in this DRAM element per memory cycle for level _0_0_1_1
         ramulator.active_cycles_0_0_1_2             1336585                                      # Total active cycles for level _0_0_1_2
           ramulator.busy_cycles_0_0_1_2             1336585                                      # (All-bank refresh only. busy cycles only include refresh time in rank level) The sum of cycles that the DRAM part is active or under refresh for level _0_0_1_2
      ramulator.serving_requests_0_0_1_2             1609585                                      # The sum of read and write requests that are served in this DRAM element per memory cycle for level _0_0_1_2
ramulator.average_serving_requests_0_0_1_2            0.355072                                      # The average of read and write requests that are served in this DRAM element per memory cycle for level _0_0_1_2
         ramulator.active_cycles_0_0_1_3             1128743                                      # Total active cycles for level _0_0_1_3
           ramulator.busy_cycles_0_0_1_3             1128743                                      # (All-bank refresh only. busy cycles only include refresh time in rank level) The sum of cycles that the DRAM part is active or under refresh for level _0_0_1_3
      ramulator.serving_requests_0_0_1_3             1352982                                      # The sum of read and write requests that are served in this DRAM element per memory cycle for level _0_0_1_3
ramulator.average_serving_requests_0_0_1_3            0.298466                                      # The average of read and write requests that are served in this DRAM element per memory cycle for level _0_0_1_3
           ramulator.active_cycles_0_0_2             3109418                                      # Total active cycles for level _0_0_2
             ramulator.busy_cycles_0_0_2             3109418                                      # (All-bank refresh only. busy cycles only include refresh time in rank level) The sum of cycles that the DRAM part is active or under refresh for level _0_0_2
        ramulator.serving_requests_0_0_2             5660804                                      # The sum of read and write requests that are served in this DRAM element per memory cycle for level _0_0_2
ramulator.average_serving_requests_0_0_2            1.248765                                      # The average of read and write requests that are served in this DRAM element per memory cycle for level _0_0_2
         ramulator.active_cycles_0_0_2_0             1074799                                      # Total active cycles for level _0_0_2_0
           ramulator.busy_cycles_0_0_2_0             1074799                                      # (All-bank refresh only. busy cycles only include refresh time in rank level) The sum of cycles that the DRAM part is active or under refresh for level _0_0_2_0
      ramulator.serving_requests_0_0_2_0             1289985                                      # The sum of read and write requests that are served in this DRAM element per memory cycle for level _0_0_2_0
ramulator.average_serving_requests_0_0_2_0            0.284569                                      # The average of read and write requests that are served in this DRAM element per memory cycle for level _0_0_2_0
         ramulator.active_cycles_0_0_2_1             1325898                                      # Total active cycles for level _0_0_2_1
           ramulator.busy_cycles_0_0_2_1             1325898                                      # (All-bank refresh only. busy cycles only include refresh time in rank level) The sum of cycles that the DRAM part is active or under refresh for level _0_0_2_1
      ramulator.serving_requests_0_0_2_1             1603733                                      # The sum of read and write requests that are served in this DRAM element per memory cycle for level _0_0_2_1
ramulator.average_serving_requests_0_0_2_1            0.353781                                      # The average of read and write requests that are served in this DRAM element per memory cycle for level _0_0_2_1
         ramulator.active_cycles_0_0_2_2             1140073                                      # Total active cycles for level _0_0_2_2
           ramulator.busy_cycles_0_0_2_2             1140073                                      # (All-bank refresh only. busy cycles only include refresh time in rank level) The sum of cycles that the DRAM part is active or under refresh for level _0_0_2_2
      ramulator.serving_requests_0_0_2_2             1373402                                      # The sum of read and write requests that are served in this DRAM element per memory cycle for level _0_0_2_2
ramulator.average_serving_requests_0_0_2_2            0.302971                                      # The average of read and write requests that are served in this DRAM element per memory cycle for level _0_0_2_2
         ramulator.active_cycles_0_0_2_3             1161770                                      # Total active cycles for level _0_0_2_3
           ramulator.busy_cycles_0_0_2_3             1161770                                      # (All-bank refresh only. busy cycles only include refresh time in rank level) The sum of cycles that the DRAM part is active or under refresh for level _0_0_2_3
      ramulator.serving_requests_0_0_2_3             1392955                                      # The sum of read and write requests that are served in this DRAM element per memory cycle for level _0_0_2_3
ramulator.average_serving_requests_0_0_2_3            0.307284                                      # The average of read and write requests that are served in this DRAM element per memory cycle for level _0_0_2_3
           ramulator.active_cycles_0_0_3             3203969                                      # Total active cycles for level _0_0_3
             ramulator.busy_cycles_0_0_3             3203969                                      # (All-bank refresh only. busy cycles only include refresh time in rank level) The sum of cycles that the DRAM part is active or under refresh for level _0_0_3
        ramulator.serving_requests_0_0_3             6089114                                      # The sum of read and write requests that are served in this DRAM element per memory cycle for level _0_0_3
ramulator.average_serving_requests_0_0_3            1.343250                                      # The average of read and write requests that are served in this DRAM element per memory cycle for level _0_0_3
         ramulator.active_cycles_0_0_3_0             1267024                                      # Total active cycles for level _0_0_3_0
           ramulator.busy_cycles_0_0_3_0             1267024                                      # (All-bank refresh only. busy cycles only include refresh time in rank level) The sum of cycles that the DRAM part is active or under refresh for level _0_0_3_0
      ramulator.serving_requests_0_0_3_0             1525558                                      # The sum of read and write requests that are served in this DRAM element per memory cycle for level _0_0_3_0
ramulator.average_serving_requests_0_0_3_0            0.336536                                      # The average of read and write requests that are served in this DRAM element per memory cycle for level _0_0_3_0
         ramulator.active_cycles_0_0_3_1             1174751                                      # Total active cycles for level _0_0_3_1
           ramulator.busy_cycles_0_0_3_1             1174751                                      # (All-bank refresh only. busy cycles only include refresh time in rank level) The sum of cycles that the DRAM part is active or under refresh for level _0_0_3_1
      ramulator.serving_requests_0_0_3_1             1417777                                      # The sum of read and write requests that are served in this DRAM element per memory cycle for level _0_0_3_1
ramulator.average_serving_requests_0_0_3_1            0.312760                                      # The average of read and write requests that are served in this DRAM element per memory cycle for level _0_0_3_1
         ramulator.active_cycles_0_0_3_2             1352532                                      # Total active cycles for level _0_0_3_2
           ramulator.busy_cycles_0_0_3_2             1352532                                      # (All-bank refresh only. busy cycles only include refresh time in rank level) The sum of cycles that the DRAM part is active or under refresh for level _0_0_3_2
      ramulator.serving_requests_0_0_3_2             1625669                                      # The sum of read and write requests that are served in this DRAM element per memory cycle for level _0_0_3_2
ramulator.average_serving_requests_0_0_3_2            0.358620                                      # The average of read and write requests that are served in this DRAM element per memory cycle for level _0_0_3_2
         ramulator.active_cycles_0_0_3_3             1266917                                      # Total active cycles for level _0_0_3_3
           ramulator.busy_cycles_0_0_3_3             1266917                                      # (All-bank refresh only. busy cycles only include refresh time in rank level) The sum of cycles that the DRAM part is active or under refresh for level _0_0_3_3
      ramulator.serving_requests_0_0_3_3             1520110                                      # The sum of read and write requests that are served in this DRAM element per memory cycle for level _0_0_3_3
ramulator.average_serving_requests_0_0_3_3            0.335334                                      # The average of read and write requests that are served in this DRAM element per memory cycle for level _0_0_3_3
      ramulator.read_transaction_bytes_0            39104192                                      # The total byte of read transaction per channel
     ramulator.write_transaction_bytes_0            10845504                                      # The total byte of write transaction per channel
       ramulator.row_hits_channel_0_core              546728                                      # Number of row hits per channel per core
     ramulator.row_misses_channel_0_core               22478                                      # Number of row misses per channel per core
  ramulator.row_conflicts_channel_0_core              211258                                      # Number of row conflicts per channel per core
  ramulator.read_row_hits_channel_0_core              421225                                      # Number of row hits for read requests per channel per core
                                     [0]            421225.0                                      # 
ramulator.read_row_misses_channel_0_core               16119                                      # Number of row misses for read requests per channel per core
                                     [0]             16119.0                                      # 
ramulator.read_row_conflicts_channel_0_core              173659                                      # Number of row conflicts for read requests per channel per core
                                     [0]            173659.0                                      # 
 ramulator.write_row_hits_channel_0_core              125503                                      # Number of row hits for write requests per channel per core
                                     [0]            125503.0                                      # 
ramulator.write_row_misses_channel_0_core                6359                                      # Number of row misses for write requests per channel per core
                                     [0]              6359.0                                      # 
ramulator.write_row_conflicts_channel_0_core               37599                                      # Number of row conflicts for write requests per channel per core
                                     [0]             37599.0                                      # 
      ramulator.useless_activates_0_core                2269                                      # Number of useless activations. E.g, ACT -> PRE w/o RD or WR
            ramulator.read_latency_avg_0          138.528297                                      # The average memory latency cycles (in memory time domain) per request for all read requests in this channel
            ramulator.read_latency_sum_0            84641205                                      # The memory latency cycles (in memory time domain) sum for all read requests in this channel
        ramulator.req_queue_length_avg_0           31.979380                                      # Average of read and write queue length per memory cycle per channel.
        ramulator.req_queue_length_sum_0           144966400                                      # Sum of read and write queue length per memory cycle per channel.
   ramulator.read_req_queue_length_avg_0           17.892646                                      # Read queue length average per memory cycle per channel.
   ramulator.read_req_queue_length_sum_0            81109531                                      # Read queue length sum per memory cycle per channel.
  ramulator.write_req_queue_length_avg_0           14.086734                                      # Write queue length average per memory cycle per channel.
  ramulator.write_req_queue_length_sum_0            63856869                                      # Write queue length sum per memory cycle per channel.
              ramulator.record_read_hits                 0.0                                      # record read hit count for this core when it reaches request limit or to the end
                                     [0]                 0.0                                      # 
            ramulator.record_read_misses                 0.0                                      # record_read_miss count for this core when it reaches request limit or to the end
                                     [0]                 0.0                                      # 
         ramulator.record_read_conflicts                 0.0                                      # record read conflict count for this core when it reaches request limit or to the end
                                     [0]                 0.0                                      # 
             ramulator.record_write_hits                 0.0                                      # record write hit count for this core when it reaches request limit or to the end
                                     [0]                 0.0                                      # 
           ramulator.record_write_misses                 0.0                                      # record write miss count for this core when it reaches request limit or to the end
                                     [0]                 0.0                                      # 
        ramulator.record_write_conflicts                 0.0                                      # record write conflict for this core when it reaches request limit or to the end
                                     [0]                 0.0                                      # 
                 ramulator.dram_capacity          8589934592                                      # Number of bytes in simulated DRAM
                   ramulator.dram_cycles             4533121                                      # Number of DRAM cycles simulated
             ramulator.incoming_requests              780485                                      # Number of incoming requests to DRAM
                 ramulator.read_requests              611003                                      # Number of incoming read requests to DRAM per core
                                     [0]            611003.0                                      # 
                ramulator.write_requests              169482                                      # Number of incoming write requests to DRAM per core
                                     [0]            169482.0                                      # 
       ramulator.ramulator_active_cycles             4381387                                      # The total number of cycles that the DRAM part is active (serving R/W)
 ramulator.incoming_requests_per_channel            780485.0                                      # Number of incoming requests to each DRAM channel
                                     [0]            780485.0                                      # 
ramulator.incoming_read_reqs_per_channel            611003.0                                      # Number of incoming read requests to each DRAM channel
                                     [0]            611003.0                                      # 
     ramulator.physical_page_replacement                   0                                      # The number of times that physical page replacement happens.
             ramulator.maximum_bandwidth         19200000000                                      # The theoretical maximum bandwidth (Bps)
          ramulator.in_queue_req_num_sum           144966400                                      # Sum of read/write queue length
     ramulator.in_queue_read_req_num_sum            81109531                                      # Sum of read queue length
    ramulator.in_queue_write_req_num_sum            63856869                                      # Sum of write queue length
          ramulator.in_queue_req_num_avg           31.979380                                      # Average of read/write queue length per memory cycle
     ramulator.in_queue_read_req_num_avg           17.892646                                      # Average of read queue length per memory cycle
    ramulator.in_queue_write_req_num_avg           14.086734                                      # Average of write queue length per memory cycle
          ramulator.record_read_requests                 0.0                                      # record read requests for this core when it reaches request limit or to the end
                                     [0]                 0.0                                      # 
         ramulator.record_write_requests                 0.0                                      # record write requests for this core when it reaches request limit or to the end
                                     [0]                 0.0                                      # 
