/* -*- Mode: c -*- */
####################################################################################################
Core 0
####################################################################################################
Cumulative:        Cycles: 8608355               Instructions: 20000000              IPC: 2.32332

Periodic:          Cycles: 4167325               Instructions: 9999998               IPC: 2.39962

MISS_WAIT_TIME                              1016267081                     1409898555              

ICACHE_STAGE_MISS                                  160                            779              

ICACHE_CYCLE                                   4167325                        8608355              

TCACHE_CYCLE                                         0                              0              

ICACHE_CYCLE_ONPATH                            2804284       67.292%          5673957       65.912%
ICACHE_CYCLE_OFFPATH                           1363041       32.708%          2934398       34.088%
                                               4167325      100.000%          8608355      100.000%
                                                  0.33         0.43              0.34         0.43

FETCH_ON_PATH                                  2326356       70.664%          4676167       69.159%
FETCH_OFF_PATH                                  965799       29.336%          2085295       30.841%
                                               3292155      100.000%          6761462      100.000%
                                                  0.29         0.41              0.31         0.42

FETCHED_OPS_ON_PATH                                  0         -nan%                0         -nan%
FETCHED_OPS_OFF_PATH                                 0         -nan%                0         -nan%
                                                     0         -nan%                0         -nan%
                                                  -nan         -nan              -nan         -nan

INST_LOST_FETCH                               10463197       42.217%         20934875       40.908%
INST_LOST_OFF_PATH                             4398236       17.746%          9475960       18.517%
INST_LOST_FULL_WINDOW                            84378        0.340%           184044        0.360%
INST_LOST_ROB_STALL_OTHER                      3089616       12.466%          6049356       11.821%
INST_LOST_ROB_STALL_WAIT_FOR_RECOVERY             5436        0.022%            12972        0.025%
INST_LOST_ROB_STALL_WAIT_FOR_REDIRECT                0        0.000%                0        0.000%
INST_LOST_ROB_STALL_WAIT_FOR_GAP_FILL                0        0.000%                0        0.000%
INST_LOST_ROB_STALL_WAIT_FOR_L1_MISS                 0        0.000%                0        0.000%
INST_LOST_ROB_STALL_WAIT_FOR_MEMORY                  0        0.000%               18        0.000%
INST_LOST_ROB_STALL_WAIT_FOR_DC_MISS           2071590        8.358%          4834968        9.448%
INST_LOST_ROB_BLOCK_ISSUE_FULL                       0        0.000%                0        0.000%
INST_LOST_ROB_BLOCK_ISSUE_GAP_TOO_LARGE              0        0.000%                0        0.000%
INST_LOST_BREAK_DONT                                 0        0.000%                0        0.000%
INST_LOST_BREAK_RENAME                               0        0.000%                0        0.000%
INST_LOST_BREAK_FT_UNAVAILABLE                     765        0.003%              765        0.001%
INST_LOST_BREAK_ICACHE_TO_UOP_CACHE_SWITCH        100610        0.406%           198118        0.387%
INST_LOST_BREAK_ICACHE_MISS_REQ_SUCCESS            637        0.003%             3018        0.006%
INST_LOST_BREAK_ICACHE_MISS_REQ_FAILURE              0        0.000%              190        0.000%
INST_LOST_BREAK_WAIT_FOR_MISS                     9160        0.037%           163755        0.320%
INST_LOST_BREAK_UOP_CACHE_READ_LIMIT           4486147       18.101%          9167633       17.914%
INST_LOST_BREAK_UOP_CACHE_READ_LIMIT_AND_ISSUE_WIDTH             0        0.000%                0        0.000%
INST_LOST_BREAK_ICACHE_READ_LIMIT                74490        0.301%           149679        0.292%
INST_LOST_BREAK_ICACHE_READ_LIMIT_AND_ISSUE_WIDTH             0        0.000%                0        0.000%
INST_LOST_BREAK_ISSUE_WIDTH                          0        0.000%                0        0.000%
INST_LOST_BREAK_BARRIERT                             0        0.000%                0        0.000%
INST_LOST_BREAK_WAIT_FOR_EMPTY_ROB                   0        0.000%                0        0.000%
INST_LOST_BREAK_APP_EXIT                             4        0.000%                4        0.000%
INST_LOST_BREAK_STALL                                0        0.000%                0        0.000%
                                              24784266      100.000%         51175355      100.000%
                                                  4.88         6.47              4.98         6.47

INST_LOST_TOTAL                               24784266                       51175355              

INST_LOST_WAIT_FOR_ICACHE_MISS_NOT_PREFETCHED             0        0.000%            62100       43.280%
INST_LOST_WAIT_FOR_ICACHE_MISS_PREFETCHED_AND_EVICTED_BY_IFETCH             0        0.000%                0        0.000%
INST_LOST_WAIT_FOR_ICACHE_MISS_PREFETCHED_AND_EVICTED_BY_FDIP             0        0.000%                0        0.000%
INST_LOST_WAIT_FOR_ICACHE_MISS_MSHR_HIT_PREF_OFFPATH            70        0.788%              420        0.293%
INST_LOST_WAIT_FOR_ICACHE_MISS_MSHR_HIT_PREF_ONPATH          8815       99.212%            80965       56.428%
                                                  8885      100.000%           143485      100.000%
                                                  3.99         3.98              2.27         2.14

FETCH_0_OPS                                     879220       21.088%          1913705       22.144%
FETCH_1_OPS                                     276713        6.637%           569411        6.589%
FETCH_2_OPS                                     239224        5.738%           479803        5.552%
FETCH_3_OPS                                     722484       17.329%          1475288       17.071%
FETCH_4_OPS                                      63632        1.526%           131544        1.522%
FETCH_5_OPS                                     243972        5.852%           503254        5.823%
FETCH_6_OPS                                    1744072       41.831%          3568918       41.298%
FETCH_7_OPS                                          0        0.000%                0        0.000%
FETCH_8_OPS                                          0        0.000%                0        0.000%
FETCH_9_OPS                                          0        0.000%                0        0.000%
FETCH_10_OPS                                         0        0.000%                0        0.000%
FETCH_11_OPS                                         0        0.000%                0        0.000%
FETCH_12_OPS                                         0        0.000%                0        0.000%
FETCH_13_OPS                                         0        0.000%                0        0.000%
FETCH_14_OPS                                         0        0.000%                0        0.000%
FETCH_15_OPS                                         0        0.000%                0        0.000%
FETCH_16_OPS                                         0        0.000%                0        0.000%
                                               4169317      100.000%          8641923      100.000%
                                                  3.56         1.80              3.52         1.81

ST_BREAK_DONT                                        0        0.000%                0        0.000%
ST_BREAK_RENAME                                      0        0.000%                0        0.000%
ST_BREAK_FT_UNAVAILABLE                            153        0.005%              153        0.002%
ST_BREAK_ICACHE_TO_UOP_CACHE_SWITCH              39659        1.205%            78203        1.157%
ST_BREAK_ICACHE_MISS_REQ_SUCCESS                   160        0.005%              779        0.012%
ST_BREAK_ICACHE_MISS_REQ_FAILURE                     0        0.000%               38        0.001%
ST_BREAK_WAIT_FOR_MISS                            1832        0.056%            32751        0.484%
ST_BREAK_UOP_CACHE_READ_LIMIT                  1328399       40.350%          2717769       40.195%
ST_BREAK_UOP_CACHE_READ_LIMIT_AND_ISSUE_WIDTH        214662        6.520%           438656        6.488%
ST_BREAK_ICACHE_READ_LIMIT                       35750        1.086%            71805        1.062%
ST_BREAK_ICACHE_READ_LIMIT_AND_ISSUE_WIDTH          3429        0.104%             6960        0.103%
ST_BREAK_ISSUE_WIDTH                           1668110       50.669%          3414347       50.497%
ST_BREAK_BARRIERT                                    0        0.000%                0        0.000%
ST_BREAK_WAIT_FOR_EMPTY_ROB                          0        0.000%                0        0.000%
ST_BREAK_APP_EXIT                                    1        0.000%                1        0.000%
ST_BREAK_STALL                                       0        0.000%                0        0.000%
                                               3292155      100.000%          6761462      100.000%
                                                  9.07         2.04              9.06         2.04

ORACLE_ON_PATH_INST                           10463197       70.405%         20934875       68.840%
ORACLE_OFF_PATH_INST                           4398236       29.595%          9475960       31.160%
                                              14861433      100.000%         30410835      100.000%
                                                  0.30         0.42              0.31         0.42

ORACLE_ON_PATH_INST_MEM                        3475000       23.383%          6945518       22.839%
ORACLE_ON_PATH_INST_NOTMEM                     6988197       47.022%         13989357       46.001%
ORACLE_OFF_PATH_INST_MEM                       1486778       10.004%          3189885       10.489%
ORACLE_OFF_PATH_INST_NOTMEM                    2911458       19.591%          6286075       20.671%
                                              14861433      100.000%         30410835      100.000%
                                                  1.26         1.00              1.29         1.02

ICACHE_CYCLE_NONRA_ONPATH                            0         -nan%                0         -nan%
ICACHE_CYCLE_NONRA_OFFPATH                           0         -nan%                0         -nan%
ICACHE_CYCLE_RA_ONPATH                               0         -nan%                0         -nan%
ICACHE_CYCLE_RA_OFFPATH                              0         -nan%                0         -nan%
                                                     0         -nan%                0         -nan%
                                                  -nan         -nan              -nan         -nan

ICACHE_CYCLE_ONPATH_NONRA                            0         -nan%                0         -nan%
ICACHE_CYCLE_OFFPATH_NONRA                           0         -nan%                0         -nan%
                                                     0         -nan%                0         -nan%
                                                  -nan         -nan              -nan         -nan

ICACHE_CYCLE_ONPATH_RA                               0         -nan%                0         -nan%
ICACHE_CYCLE_OFFPATH_RA                              0         -nan%                0         -nan%
                                                     0         -nan%                0         -nan%
                                                  -nan         -nan              -nan         -nan

INACCURATE_OFFPATH_CYCLES                            0        0.0000                0        0.0000

FETCH_ALL_INST                                14861433                       30410835              

EXEC_ALL_INST                                 12075608                       24473809              

RET_ALL_INST                                  10463588                       20934875              

EXEC_ON_PATH_INST                             10463475       86.650%         20934875       85.540%
EXEC_OFF_PATH_INST                             1612133       13.350%          3538934       14.460%
                                              12075608      100.000%         24473809      100.000%
                                                  0.13         0.32              0.14         0.33

EXEC_ON_PATH_INST_MEM                          3475088       28.778%          6945518       28.379%
EXEC_ON_PATH_INST_NOTMEM                       6988387       57.872%         13989357       57.161%
EXEC_OFF_PATH_INST_MEM                          699918        5.796%          1519254        6.208%
EXEC_OFF_PATH_INST_NOTMEM                       912215        7.554%          2019680        8.252%
                                              12075608      100.000%         24473809      100.000%
                                                  0.92         0.68              0.94         0.70

EXEC_RA_INST                                         0         -nan%                0         -nan%
EXEC_NONRA_INST                                      0         -nan%                0         -nan%
                                                     0         -nan%                0         -nan%
                                                  -nan         -nan              -nan         -nan

EXEC_ON_PATH_INST_RA                                 0         -nan%                0         -nan%
EXEC_OFF_PATH_INST_RA                                0         -nan%                0         -nan%
                                                     0         -nan%                0         -nan%
                                                  -nan         -nan              -nan         -nan

EXEC_ON_PATH_INST_NONRA                              0         -nan%                0         -nan%
EXEC_OFF_PATH_INST_NONRA                             0         -nan%                0         -nan%
                                                     0         -nan%                0         -nan%
                                                  -nan         -nan              -nan         -nan

EXEC_RA_ON_PATH_INST                                 0         -nan%                0         -nan%
EXEC_RA_OFF_PATH_INST                                0         -nan%                0         -nan%
EXEC_NONRA_ON_PATH_INST                              0         -nan%                0         -nan%
EXEC_NONRA_OFF_PATH_INST                             0         -nan%                0         -nan%
                                                     0         -nan%                0         -nan%
                                                  -nan         -nan              -nan         -nan

ICACHE_THROTTLE_CYCLE                                0                              0              

FETCH_ENABLE_THROTTLE_OFF_PATH                       0         -nan%                0         -nan%
FETCH_ENABLE_THROTTLE_ON_PATH                        0         -nan%                0         -nan%
                                                     0         -nan%                0         -nan%
                                                  -nan         -nan              -nan         -nan

FETCH_DISABLE_THROTTLE_OFF_PATH                      0         -nan%                0         -nan%
FETCH_DISABLE_THROTTLE_ON_PATH                       0         -nan%                0         -nan%
                                                     0         -nan%                0         -nan%
                                                  -nan         -nan              -nan         -nan

FETCH_TH_ADJUST__0                                   0         -nan%                0         -nan%
FETCH_TH_ADJUST__1                                   0         -nan%                0         -nan%
FETCH_TH_ADJUST__2                                   0         -nan%                0         -nan%
FETCH_TH_ADJUST__3                                   0         -nan%                0         -nan%
FETCH_TH_ADJUST__4                                   0         -nan%                0         -nan%
FETCH_TH_ADJUST__5                                   0         -nan%                0         -nan%
FETCH_TH_ADJUST__6                                   0         -nan%                0         -nan%
FETCH_TH_ADJUST__7                                   0         -nan%                0         -nan%
FETCH_TH_ADJUST__8                                   0         -nan%                0         -nan%
FETCH_TH_ADJUST__9                                   0         -nan%                0         -nan%
FETCH_TH_ADJUST__MAX                                 0         -nan%                0         -nan%
                                                     0         -nan%                0         -nan%
                                                  -nan         -nan              -nan         -nan

FETCH_TH_ADJUST_UP                                   0         -nan%                0         -nan%
FETCH_TH_ADJUST_DOWN                                 0         -nan%                0         -nan%
FETCH_TH_ADJUST_SAME                                 0         -nan%                0         -nan%
                                                     0         -nan%                0         -nan%
                                                  -nan         -nan              -nan         -nan

THROTTLE_ADJUST_CACHE_MISS_INFO                      0                              0              

LOW_CONF_COUNT_BP_MIS_0                              0         -nan%                0         -nan%
LOW_CONF_COUNT_BP_MIS_1                              0         -nan%                0         -nan%
LOW_CONF_COUNT_BP_MIS_2                              0         -nan%                0         -nan%
LOW_CONF_COUNT_BP_MIS_3                              0         -nan%                0         -nan%
LOW_CONF_COUNT_BP_MIS_4                              0         -nan%                0         -nan%
LOW_CONF_COUNT_BP_MIS_5                              0         -nan%                0         -nan%
LOW_CONF_COUNT_BP_MIS_6                              0         -nan%                0         -nan%
LOW_CONF_COUNT_BP_MIS_7                              0         -nan%                0         -nan%
LOW_CONF_COUNT_BP_MIS_8                              0         -nan%                0         -nan%
LOW_CONF_COUNT_BP_MIS_9                              0         -nan%                0         -nan%
LOW_CONF_COUNT_BP_MIS_10                             0         -nan%                0         -nan%
LOW_CONF_COUNT_BP_MIS_11                             0         -nan%                0         -nan%
LOW_CONF_COUNT_BP_MIS_12                             0         -nan%                0         -nan%
LOW_CONF_COUNT_BP_MIS_13                             0         -nan%                0         -nan%
LOW_CONF_COUNT_BP_MIS_14                             0         -nan%                0         -nan%
LOW_CONF_COUNT_BP_MIS_15                             0         -nan%                0         -nan%
LOW_CONF_COUNT_BP_MIS_16                             0         -nan%                0         -nan%
LOW_CONF_COUNT_BP_MIS_17                             0         -nan%                0         -nan%
LOW_CONF_COUNT_BP_MIS_18                             0         -nan%                0         -nan%
LOW_CONF_COUNT_BP_MIS_19                             0         -nan%                0         -nan%
LOW_CONF_COUNT_BP_MIS_20                             0         -nan%                0         -nan%
                                                     0         -nan%                0         -nan%
                                                  -nan         -nan              -nan         -nan

LOW_CONF_COUNT_RET_0                                 0         -nan%                0         -nan%
LOW_CONF_COUNT_RET_1                                 0         -nan%                0         -nan%
LOW_CONF_COUNT_RET_2                                 0         -nan%                0         -nan%
LOW_CONF_COUNT_RET_3                                 0         -nan%                0         -nan%
LOW_CONF_COUNT_RET_4                                 0         -nan%                0         -nan%
LOW_CONF_COUNT_RET_5                                 0         -nan%                0         -nan%
LOW_CONF_COUNT_RET_6                                 0         -nan%                0         -nan%
LOW_CONF_COUNT_RET_7                                 0         -nan%                0         -nan%
LOW_CONF_COUNT_RET_8                                 0         -nan%                0         -nan%
LOW_CONF_COUNT_RET_9                                 0         -nan%                0         -nan%
LOW_CONF_COUNT_RET_10                                0         -nan%                0         -nan%
LOW_CONF_COUNT_RET_11                                0         -nan%                0         -nan%
LOW_CONF_COUNT_RET_12                                0         -nan%                0         -nan%
LOW_CONF_COUNT_RET_13                                0         -nan%                0         -nan%
LOW_CONF_COUNT_RET_14                                0         -nan%                0         -nan%
LOW_CONF_COUNT_RET_15                                0         -nan%                0         -nan%
LOW_CONF_COUNT_RET_16                                0         -nan%                0         -nan%
LOW_CONF_COUNT_RET_17                                0         -nan%                0         -nan%
LOW_CONF_COUNT_RET_18                                0         -nan%                0         -nan%
LOW_CONF_COUNT_RET_19                                0         -nan%                0         -nan%
LOW_CONF_COUNT_RET_20                                0         -nan%                0         -nan%
                                                     0         -nan%                0         -nan%
                                                  -nan         -nan              -nan         -nan

CYCLES_RESTEER_MISPRED                               0         -nan%                0         -nan%
CYCLES_RESTEER_MISFETCH                              0         -nan%                0         -nan%
CYCLES_RESTEER_BTB_MISS                              0         -nan%                0         -nan%
                                                     0         -nan%                0         -nan%
                                                  -nan         -nan              -nan         -nan

CYCLES_RESTEER_MISPRED_SAVED_UC_FETCH                0         -nan%                0         -nan%
CYCLES_RESTEER_MISPRED_COULD_BE_SAVED_UC_FETCH             0         -nan%                0         -nan%
CYCLES_RESTEER_MISFETCH_SAVED_UC_FETCH               0         -nan%                0         -nan%
CYCLES_RESTEER_MISFETCH_COULD_BE_SAVED_UC_FETCH             0         -nan%                0         -nan%
CYCLES_RESTEER_BTB_MISS_SAVED_UC_FETCH               0         -nan%                0         -nan%
CYCLES_RESTEER_BTB_MISS_COULD_BE_SAVED_UC_FETCH             0         -nan%                0         -nan%
                                                     0         -nan%                0         -nan%
                                                  -nan         -nan              -nan         -nan

CYCLES_UOC_IC_SWITCH                                 0                              0              



