/* -*- Mode: c -*- */
####################################################################################################
Core 0
####################################################################################################
Cumulative:        Cycles: 20338049              Instructions: 20000000              IPC: 0.98338

Periodic:          Cycles: 10163180              Instructions: 10000000              IPC: 0.98394

EXECUTION_TIME                           3175993750000                  6355640312500              

NODE_CYCLE                                    10163180                       20338049              

NODE_INST_COUNT                               10000000                       20000000              

NODE_INST_COUNT_FETCHED                           1612                           4031              

NODE_UOP_COUNT                                39995812                       79989530              

FULL_WINDOW_STALL                              9692420       95.368%         19381740       95.298%

FULL_WINDOW_MEM_OP                              164170      100.000%           329900       99.999%
FULL_WINDOW_FP_OP                                    0        0.000%                0        0.000%
FULL_WINDOW_OTHER_OP                                 0        0.000%                4        0.001%
                                                164170      100.000%           329904      100.000%
                                                  0.00         0.00              0.00         0.01

RET_BLOCKED_DC_MISS                               8127        0.080%            22636        0.111%

RET_BLOCKED_L1_MISS                               8121        0.080%            73916        0.363%

RET_BLOCKED_L1_MISS_BW_PREF                          0        0.000%            49014        0.241%

RET_BLOCKED_L1_ACCESS                              876        0.009%             3116        0.015%

RET_BLOCKED_MEM_STALL                             8121        0.080%            73919        0.363%

RET_BLOCKED_OFFCHIP_DEMAND                           0        0.000%                0        0.000%

OP_ISSUED                                     39995936                       79995593              

OP_RETIRED                                    39995812                       79989530              

REPLAY_SIGNALED                                      0                              0              

REPLAY_COUNTED                                       0                              0              

OFF_CRITICAL_PATH                                    0         -nan%                0         -nan%
ON_CRITICAL_PATH                                     0         -nan%                0         -nan%
                                                     0         -nan%                0         -nan%
                                                  -nan         -nan              -nan         -nan

LD_NO_DEPENDENTS                                    28        5.054%               93        6.715%
LD_DEPENDENTS                                      526       94.946%             1292       93.285%
                                                   554      100.000%             1385      100.000%
                                                  0.95         0.93              0.93         0.90

LD_EXEC_CYCLES_0                                     0        0.000%                0        0.000%
LD_EXEC_CYCLES_1                                     0        0.000%                0        0.000%
LD_EXEC_CYCLES_2                                     0        0.000%                0        0.000%
LD_EXEC_CYCLES_3                                     0        0.000%                1       33.333%
LD_EXEC_CYCLES_4                                     1      100.000%                2       66.667%
                                                     1      100.000%                3      100.000%
                                                  4.00          inf              3.67         3.71

ICACHE_STAGE_STARVED                                 0        0.000%            15011        0.075%
ICACHE_STAGE_NOT_STARVED                       9998875      100.000%         19997226       99.925%
                                               9998875      100.000%         20012237      100.000%
                                                  1.00         1.00              1.00         1.00

ICACHE_STAGE_STALLED                            164239        1.616%           325556        1.601%
ICACHE_STAGE_NOT_STALLED                       9998875       98.383%         20004751       98.361%
ICACHE_STAGE_OFF_PATH                               66        0.001%             7742        0.038%
                                              10163180      100.000%         20338049      100.000%
                                                  0.98         0.02              0.98         0.03

DECODE_STAGE_STARVED                          10162703       99.996%         20328703       99.991%
DECODE_STAGE_NOT_STARVED                           417        0.004%             1920        0.009%
                                              10163120      100.000%         20330623      100.000%
                                                  0.00         0.01              0.00         0.01

DECODE_STAGE_STALLED                              4487        0.044%             7799        0.038%
DECODE_STAGE_NOT_STALLED                      10158633       99.955%         20322824       99.925%
DECODE_STAGE_OFF_PATH                               60        0.001%             7426        0.037%
                                              10163180      100.000%         20338049      100.000%
                                                  1.00         0.00              1.00         0.03

UOPQ_STAGE_STARVED                                 421        0.004%            15749        0.079%
UOPQ_STAGE_NOT_STARVED                         9998714       99.996%         19995090       99.921%
                                               9999135      100.000%         20010839      100.000%
                                                  1.00         1.00              1.00         1.00

UOPQ_STAGE_STALLED                              163989        1.614%           324253        1.594%
UOPQ_STAGE_NOT_STALLED                         9999135       98.386%         20010839       98.391%
UOPQ_STAGE_OFF_PATH                                 56        0.001%             2957        0.015%
                                              10163180      100.000%         20338049      100.000%
                                                  0.98         0.02              0.98         0.02

MAP_STAGE_STARVED                                   16        0.000%             8096        0.040%
MAP_STAGE_NOT_STARVED                         10163120      100.000%         20322890       99.960%
                                              10163136      100.000%         20330986      100.000%
                                                  1.00         1.00              1.00         1.00

MAP_STAGE_STALLED                               164241        1.616%           325575        1.601%
MAP_STAGE_NOT_STALLED                          9998895       98.384%         20005411       98.364%
MAP_STAGE_OFF_PATH                                  44        0.000%             7063        0.035%
                                              10163180      100.000%         20338049      100.000%
                                                  0.98         0.02              0.98         0.03

EXEC_STAGE_STARVED                                8918        0.088%            25152        0.124%
EXEC_STAGE_NOT_STARVED                        10154262       99.912%         20307161       99.848%
EXEC_STAGE_OFF_PATH                                  0        0.000%             5736        0.028%
                                              10163180      100.000%         20338049      100.000%
                                                  1.00         0.00              1.00         0.02

FU_BUSY_0                                      9999275                       19999493              

FU_BUSY_1                                      9998772                       19998112              

FU_BUSY_2                                          283                            813              

FU_BUSY_3                                          271                            810              

FU_BUSY_4                                      9998446                       19997153              

FU_BUSY_5                                          319                           1739              

FU_BUSY_6                                     10154440                       20307775              

FU_BUSY_7                                     10154464                       20308040              

FU_BUSY_8                                            0                              0              

FU_BUSY_9                                            0                              0              

FU_BUSY_10                                           0                              0              

FU_BUSY_11                                           0                              0              

FU_BUSY_12                                           0                              0              

FU_BUSY_13                                           0                              0              

FU_BUSY_14                                           0                              0              

FU_BUSY_15                                           0                              0              

FU_BUSY_16                                           0                              0              

FU_BUSY_17                                           0                              0              

FU_BUSY_18                                           0                              0              

FU_BUSY_19                                           0                              0              

FU_BUSY_20                                           0                              0              

FU_BUSY_21                                           0                              0              

FU_BUSY_22                                           0                              0              

FU_BUSY_23                                           0                              0              

FU_BUSY_24                                           0                              0              

FU_BUSY_25                                           0                              0              

FU_BUSY_26                                           0                              0              

FU_BUSY_27                                           0                              0              

FU_BUSY_28                                           0                              0              

FU_BUSY_29                                           0                              0              

FU_BUSY_30                                           0                              0              

FU_BUSY_31                                           0                              0              

FU_REJECTED_OP_INV_NOT_SIMD                          0        0.000%                0        0.000%
FU_REJECTED_OP_NOP_NOT_SIMD                          0        0.000%                7        0.000%
FU_REJECTED_OP_CF_NOT_SIMD                          28        0.000%               69        0.000%
FU_REJECTED_OP_MOV_NOT_SIMD                          6        0.000%               13        0.000%
FU_REJECTED_OP_CMOV_NOT_SIMD                         0        0.000%                0        0.000%
FU_REJECTED_OP_LDA_NOT_SIMD                          0        0.000%                0        0.000%
FU_REJECTED_OP_IMEM_NOT_SIMD                         0        0.000%                0        0.000%
FU_REJECTED_OP_IADD_NOT_SIMD                  10309971      100.000%         20618968       99.999%
FU_REJECTED_OP_IMUL_NOT_SIMD                         4        0.000%               11        0.000%
FU_REJECTED_OP_IDIV_NOT_SIMD                         0        0.000%                0        0.000%
FU_REJECTED_OP_ICMP_NOT_SIMD                         0        0.000%                0        0.000%
FU_REJECTED_OP_LOGIC_NOT_SIMD                        2        0.000%                4        0.000%
FU_REJECTED_OP_SHIFT_NOT_SIMD                        8        0.000%               15        0.000%
FU_REJECTED_OP_FMEM_NOT_SIMD                         0        0.000%                0        0.000%
FU_REJECTED_OP_FCVT_NOT_SIMD                         0        0.000%                0        0.000%
FU_REJECTED_OP_FADD_NOT_SIMD                         0        0.000%                0        0.000%
FU_REJECTED_OP_FMUL_NOT_SIMD                         0        0.000%                0        0.000%
FU_REJECTED_OP_FMA_NOT_SIMD                          0        0.000%                0        0.000%
FU_REJECTED_OP_FDIV_NOT_SIMD                         0        0.000%                0        0.000%
FU_REJECTED_OP_FCMP_NOT_SIMD                         0        0.000%                0        0.000%
FU_REJECTED_OP_FCMOV_NOT_SIMD                        0        0.000%                0        0.000%
FU_REJECTED_OP_GATHER_NOT_SIMD                       0        0.000%                0        0.000%
FU_REJECTED_OP_SCATTER_NOT_SIMD                      0        0.000%                0        0.000%
FU_REJECTED_OP_PIPELINED_FAST_NOT_SIMD               0        0.000%                0        0.000%
FU_REJECTED_OP_PIPELINED_MEDIUM_NOT_SIMD             0        0.000%                0        0.000%
FU_REJECTED_OP_PIPELINED_SLOW_NOT_SIMD               0        0.000%                0        0.000%
FU_REJECTED_OP_NOTPIPELINED_MEDIUM_NOT_SIMD             0        0.000%                0        0.000%
FU_REJECTED_OP_NOTPIPELINED_SLOW_NOT_SIMD             0        0.000%                0        0.000%
FU_REJECTED_OP_NOTPIPELINED_VERY_SLOW_NOT_SIMD             0        0.000%                3        0.000%
FU_REJECTED_OP_INV_SIMD                              0        0.000%                0        0.000%
FU_REJECTED_OP_NOP_SIMD                              0        0.000%                0        0.000%
FU_REJECTED_OP_CF_SIMD                               0        0.000%                0        0.000%
FU_REJECTED_OP_MOV_SIMD                              0        0.000%                0        0.000%
FU_REJECTED_OP_CMOV_SIMD                             0        0.000%                0        0.000%
FU_REJECTED_OP_LDA_SIMD                              0        0.000%                0        0.000%
FU_REJECTED_OP_IMEM_SIMD                             0        0.000%                0        0.000%
FU_REJECTED_OP_IADD_SIMD                             0        0.000%                0        0.000%
FU_REJECTED_OP_IMUL_SIMD                             0        0.000%                0        0.000%
FU_REJECTED_OP_IDIV_SIMD                             0        0.000%                0        0.000%
FU_REJECTED_OP_ICMP_SIMD                             0        0.000%                0        0.000%
FU_REJECTED_OP_LOGIC_SIMD                            0        0.000%                5        0.000%
FU_REJECTED_OP_SHIFT_SIMD                            0        0.000%                1        0.000%
FU_REJECTED_OP_FMEM_SIMD                             0        0.000%                0        0.000%
FU_REJECTED_OP_FCVT_SIMD                             0        0.000%                0        0.000%
FU_REJECTED_OP_FADD_SIMD                             0        0.000%                0        0.000%
FU_REJECTED_OP_FMUL_SIMD                             0        0.000%                0        0.000%
FU_REJECTED_OP_FMA_SIMD                              0        0.000%                0        0.000%
FU_REJECTED_OP_FDIV_SIMD                             0        0.000%                0        0.000%
FU_REJECTED_OP_FCMP_SIMD                             0        0.000%                0        0.000%
FU_REJECTED_OP_FCMOV_SIMD                            0        0.000%                0        0.000%
FU_REJECTED_OP_GATHER_SIMD                           0        0.000%                0        0.000%
FU_REJECTED_OP_SCATTER_SIMD                          0        0.000%                0        0.000%
FU_REJECTED_OP_PIPELINED_FAST_SIMD                   0        0.000%                0        0.000%
FU_REJECTED_OP_PIPELINED_MEDIUM_SIMD                 0        0.000%                0        0.000%
FU_REJECTED_OP_PIPELINED_SLOW_SIMD                   0        0.000%                0        0.000%
FU_REJECTED_OP_NOTPIPELINED_MEDIUM_SIMD              0        0.000%                0        0.000%
FU_REJECTED_OP_NOTPIPELINED_SLOW_SIMD                0        0.000%                0        0.000%
FU_REJECTED_OP_NOTPIPELINED_VERY_SLOW_SIMD             0        0.000%                0        0.000%
                                              10310019      100.000%         20619096      100.000%
                                                  7.00         0.01              7.00         0.02

OP_WAIT_0                                     19686786                       39373108              

OP_WAIT_1                                       313204                         631262              

OP_WAIT_2                                          174                            638              

OP_WAIT_3                                           71                            437              

OP_WAIT_4                                           58                            392              

OP_WAIT_5                                           42                            387              

OP_WAIT_6                                           30                            391              

OP_WAIT_7                                           42                            452              

OP_WAIT_8                                           48                            725              

OP_WAIT_9                                          107                           1371              

OP_WAIT_10                                          83                            647              

OP_WAIT_11                                         139                            493              

OP_WAIT_12                                        1397                           2493              

OP_WAIT_13                                         160                            647              

OP_WAIT_14                                         167                            546              

OP_WAIT_15                                         164                            639              

OP_WAIT_16                                         164                            628              

OP_WAIT_17                                     7497704                       14990751              

OP_WAIT_18                                     2499354                        4992528              

OP_WAIT_19                                         141                           3991              

OP_WAIT_20                                         133                            349              

OP_WAIT_21                                         130                            364              

OP_WAIT_22                                         131                            359              

OP_WAIT_23                                         134                            340              

OP_WAIT_24                                         129                            347              

OP_WAIT_25                                         131                            335              

OP_WAIT_26                                         129                            335              

OP_WAIT_27                                         129                            332              

OP_WAIT_28                                         131                            341              

OP_WAIT_29                                         131                            356              

OP_WAIT_30                                         128                            338              

OP_WAIT_31                                     9994341                       19983208              

ROW_SIZE_0                                      320577                         647123              

ROW_SIZE_1                                          53                            309              

ROW_SIZE_2                                          15                            120              

ROW_SIZE_3                                          13                             81              

ROW_SIZE_4                                     9529718                       19060896              

ROW_SIZE_5                                           6                             28              

ROW_SIZE_6                                      312798                         624169              

ROW_SIZE_7                                           0                              0              

ROW_SIZE_8                                           0                              0              

ROW_SIZE_9                                           0                              0              

ROW_SIZE_10                                          0                              0              

ROW_SIZE_11                                          0                              0              

ROW_SIZE_12                                          0                              0              

ROW_SIZE_13                                          0                              0              

ROW_SIZE_14                                          0                              0              

ROW_SIZE_15                                          0                              0              

ROW_SIZE_16                                          0                              0              

ROW_SIZE_17                                          0                              0              

ROW_SIZE_18                                          0                              0              

ROW_SIZE_19                                          0                              0              

ROW_SIZE_20                                          0                              0              

ROW_SIZE_21                                          0                              0              

ROW_SIZE_22                                          0                              0              

ROW_SIZE_23                                          0                              0              

ROW_SIZE_24                                          0                              0              

ROW_SIZE_25                                          0                              0              

ROW_SIZE_26                                          0                              0              

ROW_SIZE_27                                          0                              0              

ROW_SIZE_28                                          0                              0              

ROW_SIZE_29                                          0                              0              

ROW_SIZE_30                                          0                              0              

ROW_SIZE_31                                          0                              0              

RET_OP_EXEC_COUNT_0                                  0        0.000%                0        0.000%
RET_OP_EXEC_COUNT_1                           39995812      100.000%         79989530      100.000%
RET_OP_EXEC_COUNT_2                                  0        0.000%                0        0.000%
RET_OP_EXEC_COUNT_3                                  0        0.000%                0        0.000%
RET_OP_EXEC_COUNT_4                                  0        0.000%                0        0.000%
RET_OP_EXEC_COUNT_5                                  0        0.000%                0        0.000%
RET_OP_EXEC_COUNT_6                                  0        0.000%                0        0.000%
RET_OP_EXEC_COUNT_7                                  0        0.000%                0        0.000%
RET_OP_EXEC_COUNT_8                                  0        0.000%                0        0.000%
RET_OP_EXEC_COUNT_9                                  0        0.000%                0        0.000%
RET_OP_EXEC_COUNT_10                                 0        0.000%                0        0.000%
RET_OP_EXEC_COUNT_11                                 0        0.000%                0        0.000%
RET_OP_EXEC_COUNT_12                                 0        0.000%                0        0.000%
RET_OP_EXEC_COUNT_13                                 0        0.000%                0        0.000%
RET_OP_EXEC_COUNT_14                                 0        0.000%                0        0.000%
RET_OP_EXEC_COUNT_15                                 0        0.000%                0        0.000%
RET_OP_EXEC_COUNT_16                                 0        0.000%                0        0.000%
RET_OP_EXEC_COUNT_17                                 0        0.000%                0        0.000%
RET_OP_EXEC_COUNT_18                                 0        0.000%                0        0.000%
RET_OP_EXEC_COUNT_19                                 0        0.000%                0        0.000%
RET_OP_EXEC_COUNT_20                                 0        0.000%                0        0.000%
RET_OP_EXEC_COUNT_21                                 0        0.000%                0        0.000%
RET_OP_EXEC_COUNT_22                                 0        0.000%                0        0.000%
RET_OP_EXEC_COUNT_23                                 0        0.000%                0        0.000%
RET_OP_EXEC_COUNT_24                                 0        0.000%                0        0.000%
RET_OP_EXEC_COUNT_25                                 0        0.000%                0        0.000%
RET_OP_EXEC_COUNT_26                                 0        0.000%                0        0.000%
RET_OP_EXEC_COUNT_27                                 0        0.000%                0        0.000%
RET_OP_EXEC_COUNT_28                                 0        0.000%                0        0.000%
RET_OP_EXEC_COUNT_29                                 0        0.000%                0        0.000%
RET_OP_EXEC_COUNT_30                                 0        0.000%                0        0.000%
RET_OP_EXEC_COUNT_31                                 0        0.000%                0        0.000%
RET_OP_EXEC_COUNT_32                                 0        0.000%                0        0.000%
                                              39995812      100.000%         79989530      100.000%
                                                  1.00         0.00              1.00         0.00

RET_STALL_LENGTH_0                            39995784      100.000%         79989446      100.000%
RET_STALL_LENGTH_100                                20        0.000%               53        0.000%
RET_STALL_LENGTH_200                                 1        0.000%               12        0.000%
RET_STALL_LENGTH_300                                 0        0.000%                2        0.000%
RET_STALL_LENGTH_400                                 2        0.000%                5        0.000%
RET_STALL_LENGTH_500                                 2        0.000%                5        0.000%
RET_STALL_LENGTH_600                                 1        0.000%                2        0.000%
RET_STALL_LENGTH_700                                 1        0.000%                2        0.000%
RET_STALL_LENGTH_800                                 0        0.000%                2        0.000%
RET_STALL_LENGTH_900                                 0        0.000%                0        0.000%
RET_STALL_LENGTH_1000                                0        0.000%                0        0.000%
RET_STALL_LENGTH_1100                                0        0.000%                0        0.000%
RET_STALL_LENGTH_1200                                1        0.000%                1        0.000%
RET_STALL_LENGTH_1300                                0        0.000%                0        0.000%
RET_STALL_LENGTH_1400                                0        0.000%                0        0.000%
RET_STALL_LENGTH_1500                                0        0.000%                0        0.000%
RET_STALL_LENGTH_1600                                0        0.000%                0        0.000%
RET_STALL_LENGTH_1700                                0        0.000%                0        0.000%
RET_STALL_LENGTH_1800                                0        0.000%                0        0.000%
RET_STALL_LENGTH_1900                                0        0.000%                0        0.000%
RET_STALL_LENGTH_2000                                0        0.000%                0        0.000%
RET_STALL_LENGTH_2100                                0        0.000%                0        0.000%
RET_STALL_LENGTH_2200                                0        0.000%                0        0.000%
RET_STALL_LENGTH_2300                                0        0.000%                0        0.000%
RET_STALL_LENGTH_2400                                0        0.000%                0        0.000%
RET_STALL_LENGTH_2500                                0        0.000%                0        0.000%
RET_STALL_LENGTH_2600                                0        0.000%                0        0.000%
RET_STALL_LENGTH_2700                                0        0.000%                0        0.000%
RET_STALL_LENGTH_2800                                0        0.000%                0        0.000%
RET_STALL_LENGTH_2900                                0        0.000%                0        0.000%
RET_STALL_LENGTH_3000                                0        0.000%                0        0.000%
RET_STALL_LENGTH_3100                                0        0.000%                0        0.000%
RET_STALL_LENGTH_3200                                0        0.000%                0        0.000%
RET_STALL_LENGTH_3300                                0        0.000%                0        0.000%
RET_STALL_LENGTH_3400                                0        0.000%                0        0.000%
RET_STALL_LENGTH_3500                                0        0.000%                0        0.000%
RET_STALL_LENGTH_3600                                0        0.000%                0        0.000%
RET_STALL_LENGTH_3700                                0        0.000%                0        0.000%
RET_STALL_LENGTH_3800                                0        0.000%                0        0.000%
RET_STALL_LENGTH_3900                                0        0.000%                0        0.000%
RET_STALL_LENGTH_4000                                0        0.000%                0        0.000%
RET_STALL_LENGTH_4100                                0        0.000%                0        0.000%
RET_STALL_LENGTH_4200                                0        0.000%                0        0.000%
RET_STALL_LENGTH_4300                                0        0.000%                0        0.000%
RET_STALL_LENGTH_4400                                0        0.000%                0        0.000%
RET_STALL_LENGTH_4500                                0        0.000%                0        0.000%
RET_STALL_LENGTH_4600                                0        0.000%                0        0.000%
RET_STALL_LENGTH_4700                                0        0.000%                0        0.000%
RET_STALL_LENGTH_4800                                0        0.000%                0        0.000%
RET_STALL_LENGTH_4900                                0        0.000%                0        0.000%
RET_STALL_LENGTH_5000                                0        0.000%                0        0.000%
                                              39995812      100.000%         79989530      100.000%
                                                  0.00         0.00              0.00         0.00

MEM_BLOCK_LENGTH_0                                   0         -nan%                3      100.000%
MEM_BLOCK_LENGTH_100                                 0         -nan%                0        0.000%
MEM_BLOCK_LENGTH_200                                 0         -nan%                0        0.000%
MEM_BLOCK_LENGTH_300                                 0         -nan%                0        0.000%
MEM_BLOCK_LENGTH_400                                 0         -nan%                0        0.000%
MEM_BLOCK_LENGTH_500                                 0         -nan%                0        0.000%
MEM_BLOCK_LENGTH_600                                 0         -nan%                0        0.000%
MEM_BLOCK_LENGTH_700                                 0         -nan%                0        0.000%
MEM_BLOCK_LENGTH_800                                 0         -nan%                0        0.000%
MEM_BLOCK_LENGTH_900                                 0         -nan%                0        0.000%
MEM_BLOCK_LENGTH_1000                                0         -nan%                0        0.000%
MEM_BLOCK_LENGTH_1100                                0         -nan%                0        0.000%
MEM_BLOCK_LENGTH_1200                                0         -nan%                0        0.000%
MEM_BLOCK_LENGTH_1300                                0         -nan%                0        0.000%
MEM_BLOCK_LENGTH_1400                                0         -nan%                0        0.000%
MEM_BLOCK_LENGTH_1500                                0         -nan%                0        0.000%
MEM_BLOCK_LENGTH_1600                                0         -nan%                0        0.000%
MEM_BLOCK_LENGTH_1700                                0         -nan%                0        0.000%
MEM_BLOCK_LENGTH_1800                                0         -nan%                0        0.000%
MEM_BLOCK_LENGTH_1900                                0         -nan%                0        0.000%
MEM_BLOCK_LENGTH_2000                                0         -nan%                0        0.000%
MEM_BLOCK_LENGTH_2100                                0         -nan%                0        0.000%
MEM_BLOCK_LENGTH_2200                                0         -nan%                0        0.000%
MEM_BLOCK_LENGTH_2300                                0         -nan%                0        0.000%
MEM_BLOCK_LENGTH_2400                                0         -nan%                0        0.000%
MEM_BLOCK_LENGTH_2500                                0         -nan%                0        0.000%
MEM_BLOCK_LENGTH_2600                                0         -nan%                0        0.000%
MEM_BLOCK_LENGTH_2700                                0         -nan%                0        0.000%
MEM_BLOCK_LENGTH_2800                                0         -nan%                0        0.000%
MEM_BLOCK_LENGTH_2900                                0         -nan%                0        0.000%
MEM_BLOCK_LENGTH_3000                                0         -nan%                0        0.000%
MEM_BLOCK_LENGTH_3100                                0         -nan%                0        0.000%
MEM_BLOCK_LENGTH_3200                                0         -nan%                0        0.000%
MEM_BLOCK_LENGTH_3300                                0         -nan%                0        0.000%
MEM_BLOCK_LENGTH_3400                                0         -nan%                0        0.000%
MEM_BLOCK_LENGTH_3500                                0         -nan%                0        0.000%
MEM_BLOCK_LENGTH_3600                                0         -nan%                0        0.000%
MEM_BLOCK_LENGTH_3700                                0         -nan%                0        0.000%
MEM_BLOCK_LENGTH_3800                                0         -nan%                0        0.000%
MEM_BLOCK_LENGTH_3900                                0         -nan%                0        0.000%
MEM_BLOCK_LENGTH_4000                                0         -nan%                0        0.000%
MEM_BLOCK_LENGTH_4100                                0         -nan%                0        0.000%
MEM_BLOCK_LENGTH_4200                                0         -nan%                0        0.000%
MEM_BLOCK_LENGTH_4300                                0         -nan%                0        0.000%
MEM_BLOCK_LENGTH_4400                                0         -nan%                0        0.000%
MEM_BLOCK_LENGTH_4500                                0         -nan%                0        0.000%
MEM_BLOCK_LENGTH_4600                                0         -nan%                0        0.000%
MEM_BLOCK_LENGTH_4700                                0         -nan%                0        0.000%
MEM_BLOCK_LENGTH_4800                                0         -nan%                0        0.000%
MEM_BLOCK_LENGTH_4900                                0         -nan%                0        0.000%
MEM_BLOCK_LENGTH_5000                                0         -nan%                0        0.000%
                                                     0         -nan%                3      100.000%
                                                  -nan         -nan              0.00         0.00

FUS_BUSY_ON_PATH                              50306262        4.9499        100609338        4.9469

FUS_BUSY_OFF_PATH                                    8        0.0000             4597        0.0002

FU_BUSY_MEM_STALL                             10310402        1.0145         20619485        1.0138

FUS_EMPTY                                     30999170        3.0501         62090457        3.0529

FU_UNAVAILABLE                                      48        0.0000              128        0.0000

FU_MEM_UNAVAILABLE                            10309971        1.0144         20618968        1.0138

FU_REPLAY                                            0        0.0000                0        0.0000

FU_STARVED                                    30999162        3.0501         62090308        3.0529

CHIP_UTILIZATION                                     0        0.0000                0        0.0000

CYCLES_UNDER_MEM_REQ                                 0                              0              

CYCLES_UNDER_NO_MEM_REQ                              0                              0              

CYCLES_UNDER_CRITICAL_MEM_REQ                        0                              0              

CYCLES_UNDER_NONCRITICAL_MEM_REQ                     0                              0              

CHIP_UTILIZATION_UNDER_MEM_REQ                       0          -nan                0          -nan

CHIP_UTILIZATION_UNDER_NO_MEM_REQ                    0          -nan                0          -nan

CHIP_UTILIZATION_UNDER_CRITICAL_MEM_REQ              0          -nan                0          -nan

CHIP_UTILIZATION_UNDER_NONCRITICAL_MEM_REQ             0          -nan                0          -nan

CYCLES_NOT_WAITING_FOR_OFF_CHIP                      0        0.0000                0        0.0000

FUS_BUSY_NOT_WAITING_FOR_OFF_CHIP                    0          -nan                0          -nan

CYCLES_WAITING_FOR_OFF_CHIP                          0        0.0000                0        0.0000

FUS_BUSY_WAITING_FOR_OFF_CHIP                        0          -nan                0          -nan

TOTAL_OFF_CHIP_DELAYS_LEFT                           0                              0              

WRONG_IO_SCHED                                       0                              0              

DVFS_CONFIG_SWITCH                                   0                              0              

MAP_STAGE_RECEIVED_OPS_0                             0        0.000%                0        0.000%
MAP_STAGE_RECEIVED_OPS_1                            35        0.000%               85        0.000%
MAP_STAGE_RECEIVED_OPS_2                            70        0.001%              154        0.001%
MAP_STAGE_RECEIVED_OPS_3                            34        0.000%               78        0.000%
MAP_STAGE_RECEIVED_OPS_4                       9998367       99.995%         19995994       99.994%
MAP_STAGE_RECEIVED_OPS_5                           159        0.002%              503        0.003%
MAP_STAGE_RECEIVED_OPS_6                           212        0.002%              449        0.002%
MAP_STAGE_RECEIVED_OPS_7                             0        0.000%                0        0.000%
MAP_STAGE_RECEIVED_OPS_8                             0        0.000%                0        0.000%
MAP_STAGE_RECEIVED_OPS_MAX                           0        0.000%                0        0.000%
                                               9998877      100.000%         19997263      100.000%
                                                  4.00         0.01              4.00         0.01

MAP_STAGE_WAIT_FOR_DECODE                            0         -nan%                0         -nan%
MAP_STAGE_CONSUME_DECODE                             0         -nan%                0         -nan%
                                                     0         -nan%                0         -nan%
                                                  -nan         -nan              -nan         -nan

MAP_STAGE_WAIT_FOR_DECODE2                           0         -nan%                0         -nan%
MAP_STAGE_CONSUME_DECODE2                            0         -nan%                0         -nan%
                                                     0         -nan%                0         -nan%
                                                  -nan         -nan              -nan         -nan

FTQ_RECOVER_EXEC                                     2                             51              

FTQ_RECOVER_DECODE                                   0                             27              

FTQ_OFFPATH_CYCLES                                  66                          15028              

FTQ_CYCLES_OFFPATH                                 126                          15636              

FTQ_CYCLES_ONPATH                             10163054                       20322413              

FTQ_FETCHED_INS_OFFPATH                            870                          50392              

FTQ_FETCHED_INS_ONPATH                        39995810                       79989976              

FTQ_BREAK_FULL_FT_ONPATH                      10163004      100.000%         20322115       99.999%
FTQ_BREAK_MAX_CFS_TAKEN_ONPATH                      48        0.000%              218        0.001%
FTQ_BREAK_MAX_BYTES_ONPATH                           0        0.000%                2        0.000%
FTQ_BREAK_PRED_BR_ONPATH                             0        0.000%                0        0.000%
FTQ_BREAK_BAR_FETCH_ONPATH                           0        0.000%                0        0.000%
                                              10163052      100.000%         20322335      100.000%
                                                  0.00         0.00              0.00         0.00

FTQ_BREAK_FULL_FT_OFFPATH                          128      100.000%            14656       93.267%
FTQ_BREAK_MAX_CFS_TAKEN_OFFPATH                      0        0.000%              238        1.515%
FTQ_BREAK_MAX_BYTES_OFFPATH                          0        0.000%              820        5.218%
FTQ_BREAK_PRED_BR_OFFPATH                            0        0.000%                0        0.000%
FTQ_BREAK_BAR_FETCH_OFFPATH                          0        0.000%                0        0.000%
                                                   128      100.000%            15714      100.000%
                                                  0.00         0.00              0.12         0.44



