Scarab gitrev: 3541854
Scarab started at Sat Oct 19 02:26:46 2024

Initialized Ramulator. 
** Heartbeat:   5% -- { 1000000 } -- 0.00 KIPS (11.11 KIPS)
** Heartbeat:  10% -- { 2000000 } -- 11.24 KIPS (11.17 KIPS)
** Heartbeat:  15% -- { 3000000 } -- 10.87 KIPS (11.07 KIPS)
** Heartbeat:  20% -- { 4000000 } -- 10.87 KIPS (11.02 KIPS)
** Heartbeat:  25% -- { 5000000 } -- 10.87 KIPS (10.99 KIPS)
** Heartbeat:  30% -- { 6000000 } -- 10.87 KIPS (10.97 KIPS)
** Heartbeat:  35% -- { 7000000 } -- 10.75 KIPS (10.94 KIPS)
** Heartbeat:  40% -- { 8000000 } -- 10.87 KIPS (10.93 KIPS)
** Heartbeat:  45% -- { 9000000 } -- 10.75 KIPS (10.91 KIPS)
** Heartbeat:  50% -- { 10000000 } -- 10.64 KIPS (10.88 KIPS)
** Heartbeat:  55% -- { 11000000 } -- 10.64 KIPS (10.86 KIPS)
** Heartbeat:  60% -- { 12000000 } -- 10.75 KIPS (10.85 KIPS)
** Heartbeat:  65% -- { 13000000 } -- 10.87 KIPS (10.85 KIPS)
** Heartbeat:  70% -- { 14000000 } -- 10.75 KIPS (10.84 KIPS)
** Heartbeat:  75% -- { 15000000 } -- 10.64 KIPS (10.83 KIPS)
** Heartbeat:  80% -- { 16000000 } -- 10.75 KIPS (10.83 KIPS)
** Heartbeat:  85% -- { 17000000 } -- 10.64 KIPS (10.81 KIPS)
** Heartbeat:  90% -- { 18000000 } -- 10.87 KIPS (10.82 KIPS)
** Heartbeat:  95% -- { 19000000 } -- 10.87 KIPS (10.82 KIPS)
** Heartbeat: 100% -- { 20000000 } -- 10.75 KIPS (10.82 KIPS)
** Core 0 Finished:    insts:20000000    cycles:20338049    time:6355640312500       -- 0.98 IPC (0.98 IPC) --  N/A  KIPS (10.82 KIPS)
Scarab finished at Sat Oct 19 02:57:35 2024

