Scarab gitrev: 3541854
Scarab started at Sat Oct 19 06:25:35 2024

Initialized Ramulator. 
** Heartbeat:   5% -- { 1000005 } -- 0.00 KIPS (27.78 KIPS)
** Heartbeat:  10% -- { 2000009 } -- 34.48 KIPS (30.77 KIPS)
** Heartbeat:  15% -- { 3000013 } -- 26.32 KIPS (29.13 KIPS)
** Heartbeat:  20% -- { 4000015 } -- 30.30 KIPS (29.41 KIPS)
** Heartbeat:  25% -- { 5000019 } -- 30.30 KIPS (29.59 KIPS)
** Heartbeat:  30% -- { 6000020 } -- 32.26 KIPS (30.00 KIPS)
** Heartbeat:  35% -- { 7000022 } -- 32.26 KIPS (30.30 KIPS)
** Heartbeat:  40% -- { 8000024 } -- 37.04 KIPS (31.01 KIPS)
** Heartbeat:  45% -- { 9000027 } -- 26.32 KIPS (30.41 KIPS)
** Heartbeat:  50% -- { 10000028 } -- 25.64 KIPS (29.85 KIPS)
** Heartbeat:  55% -- { 11000032 } -- 34.48 KIPS (30.22 KIPS)
** Heartbeat:  60% -- { 12000037 } -- 66.67 KIPS (31.66 KIPS)
** Heartbeat:  65% -- { 13000039 } -- 90.91 KIPS (33.33 KIPS)
** Heartbeat:  70% -- { 14000039 } -- 142.86 KIPS (35.26 KIPS)
** Heartbeat:  75% -- { 15000039 } -- 142.86 KIPS (37.13 KIPS)
** Heartbeat:  80% -- { 16000041 } -- 125.00 KIPS (38.84 KIPS)
** Heartbeat:  85% -- { 17000041 } -- 142.86 KIPS (40.57 KIPS)
** Heartbeat:  90% -- { 18000041 } -- 333.33 KIPS (42.65 KIPS)
** Heartbeat:  95% -- { 19000041 } -- 250.00 KIPS (44.60 KIPS)
** Core 0 Finished:    insts:20000002    cycles:14698719    time:4593349687500       -- 1.36 IPC (1.36 IPC) --  N/A  KIPS (46.51 KIPS)
Scarab finished at Sat Oct 19 06:32:45 2024

