Scarab gitrev: 3541854
Scarab started at Sat Oct 19 03:08:13 2024

Initialized Ramulator. 
** Heartbeat:   5% -- { 1000000 } -- 0.00 KIPS (17.54 KIPS)
** Heartbeat:  10% -- { 2000000 } -- 16.95 KIPS (17.24 KIPS)
** Heartbeat:  15% -- { 3000003 } -- 16.67 KIPS (17.05 KIPS)
** Heartbeat:  20% -- { 4000004 } -- 14.08 KIPS (16.19 KIPS)
** Heartbeat:  25% -- { 5000008 } -- 16.39 KIPS (16.23 KIPS)
** Heartbeat:  30% -- { 6000008 } -- 14.71 KIPS (15.96 KIPS)
** Heartbeat:  35% -- { 7000011 } -- 14.71 KIPS (15.77 KIPS)
** Heartbeat:  40% -- { 8000013 } -- 17.86 KIPS (16.00 KIPS)
** Heartbeat:  45% -- { 9000017 } -- 16.39 KIPS (16.04 KIPS)
** Heartbeat:  50% -- { 10000018 } -- 16.67 KIPS (16.10 KIPS)
** Heartbeat:  55% -- { 11000018 } -- 13.89 KIPS (15.87 KIPS)
** Heartbeat:  60% -- { 12000018 } -- 18.87 KIPS (16.09 KIPS)
** Heartbeat:  65% -- { 13000018 } -- 16.13 KIPS (16.09 KIPS)
** Heartbeat:  70% -- { 14000019 } -- 15.63 KIPS (16.06 KIPS)
** Heartbeat:  75% -- { 15000023 } -- 16.95 KIPS (16.11 KIPS)
** Heartbeat:  80% -- { 16000026 } -- 14.71 KIPS (16.02 KIPS)
** Heartbeat:  85% -- { 17000026 } -- 18.87 KIPS (16.16 KIPS)
** Heartbeat:  90% -- { 18000026 } -- 15.87 KIPS (16.14 KIPS)
** Heartbeat:  95% -- { 19000026 } -- 15.87 KIPS (16.13 KIPS)
** Core 0 Finished:    insts:20000000    cycles:12164707    time:3801470937500       -- 1.64 IPC (1.64 IPC) --  N/A  KIPS (16.00 KIPS)
Scarab finished at Sat Oct 19 03:29:04 2024

