/* -*- Mode: c -*- */
####################################################################################################
Core 0
####################################################################################################
Cumulative:        Cycles: 21726548              Instructions: 20000000              IPC: 0.92053

Periodic:          Cycles: 10868921              Instructions: 9999999               IPC: 0.92005

ST_OP_INV                                            0        0.000%                0        0.000%
ST_OP_NOP                                       532238        2.850%          1153851        3.068%
ST_OP_CF                                       3235687       17.327%          6491826       17.260%
ST_OP_MOV                                      1864542        9.985%          3750759        9.972%
ST_OP_CMOV                                       14083        0.075%            27860        0.074%
ST_OP_LDA                                       888226        4.757%          1781098        4.736%
ST_OP_ILD                                      4351881       23.305%          8743981       23.248%
ST_OP_IST                                      2347059       12.569%          4721775       12.554%
ST_OP_IADD                                     2577736       13.804%          5198219       13.821%
ST_OP_IMUL                                        3870        0.021%             7675        0.020%
ST_OP_IDIV                                           0        0.000%                0        0.000%
ST_OP_ICMP                                     1385034        7.417%          2773403        7.374%
ST_OP_LOGIC                                    1034230        5.538%          2078921        5.527%
ST_OP_SHIFT                                     205677        1.101%           411660        1.095%
ST_OP_FLD                                       114530        0.613%           230642        0.613%
ST_OP_FST                                        15519        0.083%            30806        0.082%
ST_OP_FCVT                                       23501        0.126%            47871        0.127%
ST_OP_FADD                                           0        0.000%                0        0.000%
ST_OP_FMUL                                       12812        0.069%            25998        0.069%
ST_OP_FMA                                            0        0.000%                0        0.000%
ST_OP_FDIV                                           0        0.000%                0        0.000%
ST_OP_FCMP                                           0        0.000%                0        0.000%
ST_OP_FCMOV                                          0        0.000%                0        0.000%
ST_OP_GATHER                                         0        0.000%                0        0.000%
ST_OP_SCATTER                                        0        0.000%                0        0.000%
ST_OP_PIPELINED_FAST                             33990        0.182%            68185        0.181%
ST_OP_PIPELINED_MEDIUM                               0        0.000%                0        0.000%
ST_OP_PIPELINED_SLOW                                 0        0.000%                0        0.000%
ST_OP_NOTPIPELINED_MEDIUM                        33228        0.178%            66546        0.177%
ST_OP_NOTPIPELINED_SLOW                              0        0.000%                0        0.000%
ST_OP_NOTPIPELINED_VERY_SLOW                         0        0.000%                0        0.000%
                                              18673843      100.000%         37611076      100.000%
                                                  6.15         3.42              6.14         3.42

ST_NOT_CF                                     15438156       82.673%         31119250       82.740%
ST_CF_BR                                        299259        1.603%           603649        1.605%
ST_CF_CBR                                      2172363       11.633%          4350564       11.567%
ST_CF_CALL                                      200401        1.073%           402098        1.069%
ST_CF_IBR                                       111203        0.596%           223582        0.594%
ST_CF_ICALL                                     123219        0.660%           249489        0.663%
ST_CF_ICO                                            0        0.000%                0        0.000%
ST_CF_RET                                       329242        1.763%           662444        1.761%
ST_CF_SYS                                            0        0.000%                0        0.000%
                                              18673843      100.000%         37611076      100.000%
                                                  0.46         1.15              0.46         1.15

ST_BAR_NONE                                   18673843      100.000%         37611076      100.000%
ST_BAR_FETCH                                         0        0.000%                0        0.000%
ST_BAR_ISSUE                                         0        0.000%                0        0.000%
ST_BAR_BOTH                                          0        0.000%                0        0.000%
                                              18673843      100.000%         37611076      100.000%
                                                  0.00         0.00              0.00         0.00

ST_NOT_MEM                                    11844854       63.430%         23883872       63.502%
ST_MEM_LD                                      4466411       23.918%          8974623       23.862%
ST_MEM_ST                                      2362578       12.652%          4752581       12.636%
ST_MEM_PF                                            0        0.000%                0        0.000%
ST_MEM_WH                                            0        0.000%                0        0.000%
ST_MEM_EVICT                                         0        0.000%                0        0.000%
                                              18673843      100.000%         37611076      100.000%
                                                  0.49         0.59              0.49         0.59

ST_NOT_MEM_OFFPATH                             7551909       65.509%         15520815       65.615%
ST_MEM_LD_OFFPATH                              2622232       22.747%          5368016       22.694%
ST_MEM_ST_OFFPATH                              1353872       11.744%          2765379       11.691%
ST_MEM_PF_OFFPATH                                    0        0.000%                0        0.000%
ST_MEM_WH_OFFPATH                                    0        0.000%                0        0.000%
ST_MEM_EVIC_OFFPATHT                                 0        0.000%                0        0.000%
                                              11528013      100.000%         23654210      100.000%
                                                  0.46         0.59              0.46         0.59

ST_OP_ONPATH                                  18673843                       37611076              

ST_OP_OFFPATH                                 11528013                       23654210              

ST_FAKE_OP_OFFPATH                               57299        0.497%           219750        0.929%
ST_NOT_FAKE_OP_OFFPATH                        11470714       99.503%         23434460       99.071%
                                              11528013      100.000%         23654210      100.000%
                                                  1.00         0.99              0.99         0.99

ST_FAKE_REASON_NOT_FAKE                       11470714       99.503%         23434460       99.071%
ST_FAKE_REASON_REDIRECT_TO_NOT_INSTRUMENTED         57299        0.497%           219750        0.929%
ST_FAKE_REASON_RETURN_TO_NOT_INSTRUMENTED             0        0.000%                0        0.000%
ST_FAKE_REASON_NONRET_CF_TO_NOT_INSTRUMENTED             0        0.000%                0        0.000%
ST_FAKE_REASON_NOT_TAKEN_TO_NOT_INSTRUMENTED             0        0.000%                0        0.000%
ST_FAKE_REASON_WRONG_PATH_STORE_TO_NEW_REGION             0        0.000%                0        0.000%
                                              11528013      100.000%         23654210      100.000%
                                                  0.00         0.07              0.01         0.10

ST_INST_ONPATH                                14858670                       29933158              

ST_INST_OFFPATH                                9956542                       20404012              

STATIC_PIN_NOP                                       0                              0              

DYNAMIC_PIN_REP_GREATER_256                          0                              0              

INST_MAP_UPDATE_JITTED                          361307       16.209%           722586       16.120%
INST_MAP_UPDATE_NPC_INV                              0        0.000%                0        0.000%
INST_MAP_UPDATE_NPC_NOP                              0        0.000%                0        0.000%
INST_MAP_UPDATE_NPC_CF                               0        0.000%                0        0.000%
INST_MAP_UPDATE_NPC_MOV                              0        0.000%                0        0.000%
INST_MAP_UPDATE_NPC_CMOV                             0        0.000%                0        0.000%
INST_MAP_UPDATE_NPC_LDA                              0        0.000%                0        0.000%
INST_MAP_UPDATE_NPC_IMEM                             0        0.000%                0        0.000%
INST_MAP_UPDATE_NPC_IADD                             0        0.000%                0        0.000%
INST_MAP_UPDATE_NPC_IMUL                         16375        0.735%            33328        0.744%
INST_MAP_UPDATE_NPC_IDIV                             0        0.000%                0        0.000%
INST_MAP_UPDATE_NPC_ICMP                             0        0.000%                0        0.000%
INST_MAP_UPDATE_NPC_LOGIC                            0        0.000%                0        0.000%
INST_MAP_UPDATE_NPC_SHIFT                            0        0.000%                0        0.000%
INST_MAP_UPDATE_NPC_FMEM                             0        0.000%                0        0.000%
INST_MAP_UPDATE_NPC_FCVT                             0        0.000%                0        0.000%
INST_MAP_UPDATE_NPC_FADD                             0        0.000%                0        0.000%
INST_MAP_UPDATE_NPC_FMUL                             0        0.000%                0        0.000%
INST_MAP_UPDATE_NPC_FMA                              0        0.000%                0        0.000%
INST_MAP_UPDATE_NPC_FDIV                             0        0.000%                0        0.000%
INST_MAP_UPDATE_NPC_FCMP                             0        0.000%                0        0.000%
INST_MAP_UPDATE_NPC_FCMOV                            0        0.000%                0        0.000%
INST_MAP_UPDATE_NPC_GATHER                           0        0.000%                0        0.000%
INST_MAP_UPDATE_NPC_SCATTER                          0        0.000%                0        0.000%
INST_MAP_UPDATE_NPC_PIPELINED_FAST                   0        0.000%                0        0.000%
INST_MAP_UPDATE_NPC_PIPELINED_MEDIUM                 0        0.000%                0        0.000%
INST_MAP_UPDATE_NPC_PIPELINED_SLOW                   0        0.000%                0        0.000%
INST_MAP_UPDATE_NPC_NOTPIPELINED_MEDIUM              0        0.000%                0        0.000%
INST_MAP_UPDATE_NPC_NOTPIPELINED_SLOW                0        0.000%                0        0.000%
INST_MAP_UPDATE_NPC_NOTPIPELINED_VERY_SLOW             0        0.000%                0        0.000%
INST_MAP_UPDATE_MEM_INV                              0        0.000%                0        0.000%
INST_MAP_UPDATE_MEM_NOP                              0        0.000%                0        0.000%
INST_MAP_UPDATE_MEM_CF                               0        0.000%                0        0.000%
INST_MAP_UPDATE_MEM_MOV                        1304296       58.514%          2619662       58.443%
INST_MAP_UPDATE_MEM_CMOV                             0        0.000%                0        0.000%
INST_MAP_UPDATE_MEM_LDA                              0        0.000%                0        0.000%
INST_MAP_UPDATE_MEM_IMEM                             0        0.000%                0        0.000%
INST_MAP_UPDATE_MEM_IADD                             0        0.000%                0        0.000%
INST_MAP_UPDATE_MEM_IMUL                        365262       16.387%           745679       16.635%
INST_MAP_UPDATE_MEM_IDIV                             0        0.000%                0        0.000%
INST_MAP_UPDATE_MEM_ICMP                             0        0.000%                0        0.000%
INST_MAP_UPDATE_MEM_LOGIC                       148212        6.649%           294652        6.573%
INST_MAP_UPDATE_MEM_SHIFT                        24251        1.088%            48228        1.076%
INST_MAP_UPDATE_MEM_FMEM                             0        0.000%                0        0.000%
INST_MAP_UPDATE_MEM_FCVT                             0        0.000%                0        0.000%
INST_MAP_UPDATE_MEM_FADD                             0        0.000%                0        0.000%
INST_MAP_UPDATE_MEM_FMUL                          4159        0.187%             8546        0.191%
INST_MAP_UPDATE_MEM_FMA                              0        0.000%                0        0.000%
INST_MAP_UPDATE_MEM_FDIV                             0        0.000%                0        0.000%
INST_MAP_UPDATE_MEM_FCMP                             0        0.000%                0        0.000%
INST_MAP_UPDATE_MEM_FCMOV                            0        0.000%                0        0.000%
INST_MAP_UPDATE_MEM_GATHER                           0        0.000%                0        0.000%
INST_MAP_UPDATE_MEM_SCATTER                          0        0.000%                0        0.000%
INST_MAP_UPDATE_MEM_PIPELINED_FAST                   0        0.000%                0        0.000%
INST_MAP_UPDATE_MEM_PIPELINED_MEDIUM                 0        0.000%                0        0.000%
INST_MAP_UPDATE_MEM_PIPELINED_SLOW                5165        0.232%             9777        0.218%
INST_MAP_UPDATE_MEM_NOTPIPELINED_MEDIUM              0        0.000%                0        0.000%
INST_MAP_UPDATE_MEM_NOTPIPELINED_SLOW                0        0.000%                0        0.000%
INST_MAP_UPDATE_MEM_NOTPIPELINED_VERY_SLOW             0        0.000%                0        0.000%
                                               2229027      100.000%          4482458      100.000%
                                                 29.00         6.25             29.03         6.23



