/* -*- Mode: c -*- */
####################################################################################################
Core 0
####################################################################################################
Cumulative:        Cycles: 21839705              Instructions: 20000000              IPC: 0.91576

Periodic:          Cycles: 10919640              Instructions: 9999999               IPC: 0.91578

ST_OP_INV                                            0        0.000%                0        0.000%
ST_OP_NOP                                       532019        2.850%          1152937        3.066%
ST_OP_CF                                       3234877       17.328%          6490142       17.261%
ST_OP_MOV                                      1864426        9.987%          3750608        9.975%
ST_OP_CMOV                                       14085        0.075%            27861        0.074%
ST_OP_LDA                                       888153        4.757%          1780955        4.737%
ST_OP_ILD                                      4350511       23.303%          8741069       23.247%
ST_OP_IST                                      2346618       12.570%          4720981       12.556%
ST_OP_IADD                                     2576530       13.801%          5195578       13.818%
ST_OP_IMUL                                        3870        0.021%             7674        0.020%
ST_OP_IDIV                                           0        0.000%                0        0.000%
ST_OP_ICMP                                     1384890        7.418%          2773150        7.375%
ST_OP_LOGIC                                    1033840        5.538%          2078126        5.527%
ST_OP_SHIFT                                     205684        1.102%           411662        1.095%
ST_OP_FLD                                       114451        0.613%           230479        0.613%
ST_OP_FST                                        15515        0.083%            30803        0.082%
ST_OP_FCVT                                       23474        0.126%            47811        0.127%
ST_OP_FADD                                           0        0.000%                0        0.000%
ST_OP_FMUL                                       12784        0.068%            25937        0.069%
ST_OP_FMA                                            0        0.000%                0        0.000%
ST_OP_FDIV                                           0        0.000%                0        0.000%
ST_OP_FCMP                                           0        0.000%                0        0.000%
ST_OP_FCMOV                                          0        0.000%                0        0.000%
ST_OP_GATHER                                         0        0.000%                0        0.000%
ST_OP_SCATTER                                        0        0.000%                0        0.000%
ST_OP_PIPELINED_FAST                             33994        0.182%            68197        0.181%
ST_OP_PIPELINED_MEDIUM                               0        0.000%                0        0.000%
ST_OP_PIPELINED_SLOW                                 0        0.000%                0        0.000%
ST_OP_NOTPIPELINED_MEDIUM                        33232        0.178%            66558        0.177%
ST_OP_NOTPIPELINED_SLOW                              0        0.000%                0        0.000%
ST_OP_NOTPIPELINED_VERY_SLOW                         0        0.000%                0        0.000%
                                              18668953      100.000%         37600528      100.000%
                                                  6.15         3.42              6.14         3.42

ST_NOT_CF                                     15434076       82.672%         31110386       82.739%
ST_CF_BR                                        299255        1.603%           603653        1.605%
ST_CF_CBR                                      2171931       11.634%          4349699       11.568%
ST_CF_CALL                                      200307        1.073%           401880        1.069%
ST_CF_IBR                                       111206        0.596%           223596        0.595%
ST_CF_ICALL                                     123163        0.660%           249377        0.663%
ST_CF_ICO                                            0        0.000%                0        0.000%
ST_CF_RET                                       329015        1.762%           661937        1.760%
ST_CF_SYS                                            0        0.000%                0        0.000%
                                              18668953      100.000%         37600528      100.000%
                                                  0.46         1.15              0.46         1.15

ST_BAR_NONE                                   18668953      100.000%         37600528      100.000%
ST_BAR_FETCH                                         0        0.000%                0        0.000%
ST_BAR_ISSUE                                         0        0.000%                0        0.000%
ST_BAR_BOTH                                          0        0.000%                0        0.000%
                                              18668953      100.000%         37600528      100.000%
                                                  0.00         0.00              0.00         0.00

ST_NOT_MEM                                    11841858       63.431%         23877196       63.502%
ST_MEM_LD                                      4464962       23.917%          8971548       23.860%
ST_MEM_ST                                      2362133       12.653%          4751784       12.638%
ST_MEM_PF                                            0        0.000%                0        0.000%
ST_MEM_WH                                            0        0.000%                0        0.000%
ST_MEM_EVICT                                         0        0.000%                0        0.000%
                                              18668953      100.000%         37600528      100.000%
                                                  0.49         0.59              0.49         0.59

ST_NOT_MEM_OFFPATH                             7570408       65.494%         15569845       65.595%
ST_MEM_LD_OFFPATH                              2630507       22.757%          5389755       22.707%
ST_MEM_ST_OFFPATH                              1358030       11.749%          2776872       11.699%
ST_MEM_PF_OFFPATH                                    0        0.000%                0        0.000%
ST_MEM_WH_OFFPATH                                    0        0.000%                0        0.000%
ST_MEM_EVIC_OFFPATHT                                 0        0.000%                0        0.000%
                                              11558945      100.000%         23736472      100.000%
                                                  0.46         0.59              0.46         0.59

ST_OP_ONPATH                                  18668953                       37600528              

ST_OP_OFFPATH                                 11558945                       23736472              

ST_FAKE_OP_OFFPATH                               57532        0.498%           220506        0.929%
ST_NOT_FAKE_OP_OFFPATH                        11501413       99.502%         23515966       99.071%
                                              11558945      100.000%         23736472      100.000%
                                                  1.00         0.99              0.99         0.99

ST_FAKE_REASON_NOT_FAKE                       11501413       99.502%         23515966       99.071%
ST_FAKE_REASON_REDIRECT_TO_NOT_INSTRUMENTED         57532        0.498%           220506        0.929%
ST_FAKE_REASON_RETURN_TO_NOT_INSTRUMENTED             0        0.000%                0        0.000%
ST_FAKE_REASON_NONRET_CF_TO_NOT_INSTRUMENTED             0        0.000%                0        0.000%
ST_FAKE_REASON_NOT_TAKEN_TO_NOT_INSTRUMENTED             0        0.000%                0        0.000%
ST_FAKE_REASON_WRONG_PATH_STORE_TO_NEW_REGION             0        0.000%                0        0.000%
                                              11558945      100.000%         23736472      100.000%
                                                  0.00         0.07              0.01         0.10

ST_INST_ONPATH                                14855443                       29926214              

ST_INST_OFFPATH                                9974505                       20454821              

STATIC_PIN_NOP                                       0                              0              

DYNAMIC_PIN_REP_GREATER_256                          0                              0              

INST_MAP_UPDATE_JITTED                          361307       16.209%           722586       16.120%
INST_MAP_UPDATE_NPC_INV                              0        0.000%                0        0.000%
INST_MAP_UPDATE_NPC_NOP                              0        0.000%                0        0.000%
INST_MAP_UPDATE_NPC_CF                               0        0.000%                0        0.000%
INST_MAP_UPDATE_NPC_MOV                              0        0.000%                0        0.000%
INST_MAP_UPDATE_NPC_CMOV                             0        0.000%                0        0.000%
INST_MAP_UPDATE_NPC_LDA                              0        0.000%                0        0.000%
INST_MAP_UPDATE_NPC_IMEM                             0        0.000%                0        0.000%
INST_MAP_UPDATE_NPC_IADD                             0        0.000%                0        0.000%
INST_MAP_UPDATE_NPC_IMUL                         16375        0.735%            33328        0.744%
INST_MAP_UPDATE_NPC_IDIV                             0        0.000%                0        0.000%
INST_MAP_UPDATE_NPC_ICMP                             0        0.000%                0        0.000%
INST_MAP_UPDATE_NPC_LOGIC                            0        0.000%                0        0.000%
INST_MAP_UPDATE_NPC_SHIFT                            0        0.000%                0        0.000%
INST_MAP_UPDATE_NPC_FMEM                             0        0.000%                0        0.000%
INST_MAP_UPDATE_NPC_FCVT                             0        0.000%                0        0.000%
INST_MAP_UPDATE_NPC_FADD                             0        0.000%                0        0.000%
INST_MAP_UPDATE_NPC_FMUL                             0        0.000%                0        0.000%
INST_MAP_UPDATE_NPC_FMA                              0        0.000%                0        0.000%
INST_MAP_UPDATE_NPC_FDIV                             0        0.000%                0        0.000%
INST_MAP_UPDATE_NPC_FCMP                             0        0.000%                0        0.000%
INST_MAP_UPDATE_NPC_FCMOV                            0        0.000%                0        0.000%
INST_MAP_UPDATE_NPC_GATHER                           0        0.000%                0        0.000%
INST_MAP_UPDATE_NPC_SCATTER                          0        0.000%                0        0.000%
INST_MAP_UPDATE_NPC_PIPELINED_FAST                   0        0.000%                0        0.000%
INST_MAP_UPDATE_NPC_PIPELINED_MEDIUM                 0        0.000%                0        0.000%
INST_MAP_UPDATE_NPC_PIPELINED_SLOW                   0        0.000%                0        0.000%
INST_MAP_UPDATE_NPC_NOTPIPELINED_MEDIUM              0        0.000%                0        0.000%
INST_MAP_UPDATE_NPC_NOTPIPELINED_SLOW                0        0.000%                0        0.000%
INST_MAP_UPDATE_NPC_NOTPIPELINED_VERY_SLOW             0        0.000%                0        0.000%
INST_MAP_UPDATE_MEM_INV                              0        0.000%                0        0.000%
INST_MAP_UPDATE_MEM_NOP                              0        0.000%                0        0.000%
INST_MAP_UPDATE_MEM_CF                               0        0.000%                0        0.000%
INST_MAP_UPDATE_MEM_MOV                        1304296       58.514%          2619662       58.443%
INST_MAP_UPDATE_MEM_CMOV                             0        0.000%                0        0.000%
INST_MAP_UPDATE_MEM_LDA                              0        0.000%                0        0.000%
INST_MAP_UPDATE_MEM_IMEM                             0        0.000%                0        0.000%
INST_MAP_UPDATE_MEM_IADD                             0        0.000%                0        0.000%
INST_MAP_UPDATE_MEM_IMUL                        365262       16.387%           745679       16.635%
INST_MAP_UPDATE_MEM_IDIV                             0        0.000%                0        0.000%
INST_MAP_UPDATE_MEM_ICMP                             0        0.000%                0        0.000%
INST_MAP_UPDATE_MEM_LOGIC                       148212        6.649%           294652        6.573%
INST_MAP_UPDATE_MEM_SHIFT                        24251        1.088%            48228        1.076%
INST_MAP_UPDATE_MEM_FMEM                             0        0.000%                0        0.000%
INST_MAP_UPDATE_MEM_FCVT                             0        0.000%                0        0.000%
INST_MAP_UPDATE_MEM_FADD                             0        0.000%                0        0.000%
INST_MAP_UPDATE_MEM_FMUL                          4159        0.187%             8546        0.191%
INST_MAP_UPDATE_MEM_FMA                              0        0.000%                0        0.000%
INST_MAP_UPDATE_MEM_FDIV                             0        0.000%                0        0.000%
INST_MAP_UPDATE_MEM_FCMP                             0        0.000%                0        0.000%
INST_MAP_UPDATE_MEM_FCMOV                            0        0.000%                0        0.000%
INST_MAP_UPDATE_MEM_GATHER                           0        0.000%                0        0.000%
INST_MAP_UPDATE_MEM_SCATTER                          0        0.000%                0        0.000%
INST_MAP_UPDATE_MEM_PIPELINED_FAST                   0        0.000%                0        0.000%
INST_MAP_UPDATE_MEM_PIPELINED_MEDIUM                 0        0.000%                0        0.000%
INST_MAP_UPDATE_MEM_PIPELINED_SLOW                5165        0.232%             9777        0.218%
INST_MAP_UPDATE_MEM_NOTPIPELINED_MEDIUM              0        0.000%                0        0.000%
INST_MAP_UPDATE_MEM_NOTPIPELINED_SLOW                0        0.000%                0        0.000%
INST_MAP_UPDATE_MEM_NOTPIPELINED_VERY_SLOW             0        0.000%                0        0.000%
                                               2229027      100.000%          4482458      100.000%
                                                 29.00         6.25             29.03         6.23



