               ramulator.active_cycles_0             4918159                                      # Total active cycles for level _0
                 ramulator.busy_cycles_0             4918159                                      # (All-bank refresh only. busy cycles only include refresh time in rank level) The sum of cycles that the DRAM part is active or under refresh for level _0
            ramulator.serving_requests_0             6727614                                      # The sum of read and write requests that are served in this DRAM element per memory cycle for level _0
    ramulator.average_serving_requests_0            0.882105                                      # The average of read and write requests that are served in this DRAM element per memory cycle for level _0
             ramulator.active_cycles_0_0             4918159                                      # Total active cycles for level _0_0
               ramulator.busy_cycles_0_0             5254579                                      # (All-bank refresh only. busy cycles only include refresh time in rank level) The sum of cycles that the DRAM part is active or under refresh for level _0_0
          ramulator.serving_requests_0_0             6727614                                      # The sum of read and write requests that are served in this DRAM element per memory cycle for level _0_0
  ramulator.average_serving_requests_0_0            0.882105                                      # The average of read and write requests that are served in this DRAM element per memory cycle for level _0_0
           ramulator.active_cycles_0_0_0             1317453                                      # Total active cycles for level _0_0_0
             ramulator.busy_cycles_0_0_0             1317453                                      # (All-bank refresh only. busy cycles only include refresh time in rank level) The sum of cycles that the DRAM part is active or under refresh for level _0_0_0
        ramulator.serving_requests_0_0_0             1764281                                      # The sum of read and write requests that are served in this DRAM element per memory cycle for level _0_0_0
ramulator.average_serving_requests_0_0_0            0.231327                                      # The average of read and write requests that are served in this DRAM element per memory cycle for level _0_0_0
         ramulator.active_cycles_0_0_0_0              323552                                      # Total active cycles for level _0_0_0_0
           ramulator.busy_cycles_0_0_0_0              323552                                      # (All-bank refresh only. busy cycles only include refresh time in rank level) The sum of cycles that the DRAM part is active or under refresh for level _0_0_0_0
      ramulator.serving_requests_0_0_0_0              432160                                      # The sum of read and write requests that are served in this DRAM element per memory cycle for level _0_0_0_0
ramulator.average_serving_requests_0_0_0_0            0.056664                                      # The average of read and write requests that are served in this DRAM element per memory cycle for level _0_0_0_0
         ramulator.active_cycles_0_0_0_1              321373                                      # Total active cycles for level _0_0_0_1
           ramulator.busy_cycles_0_0_0_1              321373                                      # (All-bank refresh only. busy cycles only include refresh time in rank level) The sum of cycles that the DRAM part is active or under refresh for level _0_0_0_1
      ramulator.serving_requests_0_0_0_1              427039                                      # The sum of read and write requests that are served in this DRAM element per memory cycle for level _0_0_0_1
ramulator.average_serving_requests_0_0_0_1            0.055992                                      # The average of read and write requests that are served in this DRAM element per memory cycle for level _0_0_0_1
         ramulator.active_cycles_0_0_0_2              355142                                      # Total active cycles for level _0_0_0_2
           ramulator.busy_cycles_0_0_0_2              355142                                      # (All-bank refresh only. busy cycles only include refresh time in rank level) The sum of cycles that the DRAM part is active or under refresh for level _0_0_0_2
      ramulator.serving_requests_0_0_0_2              467808                                      # The sum of read and write requests that are served in this DRAM element per memory cycle for level _0_0_0_2
ramulator.average_serving_requests_0_0_0_2            0.061338                                      # The average of read and write requests that are served in this DRAM element per memory cycle for level _0_0_0_2
         ramulator.active_cycles_0_0_0_3              327177                                      # Total active cycles for level _0_0_0_3
           ramulator.busy_cycles_0_0_0_3              327177                                      # (All-bank refresh only. busy cycles only include refresh time in rank level) The sum of cycles that the DRAM part is active or under refresh for level _0_0_0_3
      ramulator.serving_requests_0_0_0_3              437274                                      # The sum of read and write requests that are served in this DRAM element per memory cycle for level _0_0_0_3
ramulator.average_serving_requests_0_0_0_3            0.057334                                      # The average of read and write requests that are served in this DRAM element per memory cycle for level _0_0_0_3
           ramulator.active_cycles_0_0_1             1253372                                      # Total active cycles for level _0_0_1
             ramulator.busy_cycles_0_0_1             1253372                                      # (All-bank refresh only. busy cycles only include refresh time in rank level) The sum of cycles that the DRAM part is active or under refresh for level _0_0_1
        ramulator.serving_requests_0_0_1             1672412                                      # The sum of read and write requests that are served in this DRAM element per memory cycle for level _0_0_1
ramulator.average_serving_requests_0_0_1            0.219282                                      # The average of read and write requests that are served in this DRAM element per memory cycle for level _0_0_1
         ramulator.active_cycles_0_0_1_0              288911                                      # Total active cycles for level _0_0_1_0
           ramulator.busy_cycles_0_0_1_0              288911                                      # (All-bank refresh only. busy cycles only include refresh time in rank level) The sum of cycles that the DRAM part is active or under refresh for level _0_0_1_0
      ramulator.serving_requests_0_0_1_0              384776                                      # The sum of read and write requests that are served in this DRAM element per memory cycle for level _0_0_1_0
ramulator.average_serving_requests_0_0_1_0            0.050451                                      # The average of read and write requests that are served in this DRAM element per memory cycle for level _0_0_1_0
         ramulator.active_cycles_0_0_1_1              334044                                      # Total active cycles for level _0_0_1_1
           ramulator.busy_cycles_0_0_1_1              334044                                      # (All-bank refresh only. busy cycles only include refresh time in rank level) The sum of cycles that the DRAM part is active or under refresh for level _0_0_1_1
      ramulator.serving_requests_0_0_1_1              440086                                      # The sum of read and write requests that are served in this DRAM element per memory cycle for level _0_0_1_1
ramulator.average_serving_requests_0_0_1_1            0.057703                                      # The average of read and write requests that are served in this DRAM element per memory cycle for level _0_0_1_1
         ramulator.active_cycles_0_0_1_2              309588                                      # Total active cycles for level _0_0_1_2
           ramulator.busy_cycles_0_0_1_2              309588                                      # (All-bank refresh only. busy cycles only include refresh time in rank level) The sum of cycles that the DRAM part is active or under refresh for level _0_0_1_2
      ramulator.serving_requests_0_0_1_2              410950                                      # The sum of read and write requests that are served in this DRAM element per memory cycle for level _0_0_1_2
ramulator.average_serving_requests_0_0_1_2            0.053883                                      # The average of read and write requests that are served in this DRAM element per memory cycle for level _0_0_1_2
         ramulator.active_cycles_0_0_1_3              329738                                      # Total active cycles for level _0_0_1_3
           ramulator.busy_cycles_0_0_1_3              329738                                      # (All-bank refresh only. busy cycles only include refresh time in rank level) The sum of cycles that the DRAM part is active or under refresh for level _0_0_1_3
      ramulator.serving_requests_0_0_1_3              436600                                      # The sum of read and write requests that are served in this DRAM element per memory cycle for level _0_0_1_3
ramulator.average_serving_requests_0_0_1_3            0.057246                                      # The average of read and write requests that are served in this DRAM element per memory cycle for level _0_0_1_3
           ramulator.active_cycles_0_0_2             1256923                                      # Total active cycles for level _0_0_2
             ramulator.busy_cycles_0_0_2             1256923                                      # (All-bank refresh only. busy cycles only include refresh time in rank level) The sum of cycles that the DRAM part is active or under refresh for level _0_0_2
        ramulator.serving_requests_0_0_2             1663902                                      # The sum of read and write requests that are served in this DRAM element per memory cycle for level _0_0_2
ramulator.average_serving_requests_0_0_2            0.218166                                      # The average of read and write requests that are served in this DRAM element per memory cycle for level _0_0_2
         ramulator.active_cycles_0_0_2_0              298410                                      # Total active cycles for level _0_0_2_0
           ramulator.busy_cycles_0_0_2_0              298410                                      # (All-bank refresh only. busy cycles only include refresh time in rank level) The sum of cycles that the DRAM part is active or under refresh for level _0_0_2_0
      ramulator.serving_requests_0_0_2_0              389210                                      # The sum of read and write requests that are served in this DRAM element per memory cycle for level _0_0_2_0
ramulator.average_serving_requests_0_0_2_0            0.051032                                      # The average of read and write requests that are served in this DRAM element per memory cycle for level _0_0_2_0
         ramulator.active_cycles_0_0_2_1              330187                                      # Total active cycles for level _0_0_2_1
           ramulator.busy_cycles_0_0_2_1              330187                                      # (All-bank refresh only. busy cycles only include refresh time in rank level) The sum of cycles that the DRAM part is active or under refresh for level _0_0_2_1
      ramulator.serving_requests_0_0_2_1              430425                                      # The sum of read and write requests that are served in this DRAM element per memory cycle for level _0_0_2_1
ramulator.average_serving_requests_0_0_2_1            0.056436                                      # The average of read and write requests that are served in this DRAM element per memory cycle for level _0_0_2_1
         ramulator.active_cycles_0_0_2_2              321092                                      # Total active cycles for level _0_0_2_2
           ramulator.busy_cycles_0_0_2_2              321092                                      # (All-bank refresh only. busy cycles only include refresh time in rank level) The sum of cycles that the DRAM part is active or under refresh for level _0_0_2_2
      ramulator.serving_requests_0_0_2_2              426347                                      # The sum of read and write requests that are served in this DRAM element per memory cycle for level _0_0_2_2
ramulator.average_serving_requests_0_0_2_2            0.055901                                      # The average of read and write requests that are served in this DRAM element per memory cycle for level _0_0_2_2
         ramulator.active_cycles_0_0_2_3              315038                                      # Total active cycles for level _0_0_2_3
           ramulator.busy_cycles_0_0_2_3              315038                                      # (All-bank refresh only. busy cycles only include refresh time in rank level) The sum of cycles that the DRAM part is active or under refresh for level _0_0_2_3
      ramulator.serving_requests_0_0_2_3              417920                                      # The sum of read and write requests that are served in this DRAM element per memory cycle for level _0_0_2_3
ramulator.average_serving_requests_0_0_2_3            0.054796                                      # The average of read and write requests that are served in this DRAM element per memory cycle for level _0_0_2_3
           ramulator.active_cycles_0_0_3             1218497                                      # Total active cycles for level _0_0_3
             ramulator.busy_cycles_0_0_3             1218497                                      # (All-bank refresh only. busy cycles only include refresh time in rank level) The sum of cycles that the DRAM part is active or under refresh for level _0_0_3
        ramulator.serving_requests_0_0_3             1627019                                      # The sum of read and write requests that are served in this DRAM element per memory cycle for level _0_0_3
ramulator.average_serving_requests_0_0_3            0.213330                                      # The average of read and write requests that are served in this DRAM element per memory cycle for level _0_0_3
         ramulator.active_cycles_0_0_3_0              285565                                      # Total active cycles for level _0_0_3_0
           ramulator.busy_cycles_0_0_3_0              285565                                      # (All-bank refresh only. busy cycles only include refresh time in rank level) The sum of cycles that the DRAM part is active or under refresh for level _0_0_3_0
      ramulator.serving_requests_0_0_3_0              376473                                      # The sum of read and write requests that are served in this DRAM element per memory cycle for level _0_0_3_0
ramulator.average_serving_requests_0_0_3_0            0.049362                                      # The average of read and write requests that are served in this DRAM element per memory cycle for level _0_0_3_0
         ramulator.active_cycles_0_0_3_1              284269                                      # Total active cycles for level _0_0_3_1
           ramulator.busy_cycles_0_0_3_1              284269                                      # (All-bank refresh only. busy cycles only include refresh time in rank level) The sum of cycles that the DRAM part is active or under refresh for level _0_0_3_1
      ramulator.serving_requests_0_0_3_1              375103                                      # The sum of read and write requests that are served in this DRAM element per memory cycle for level _0_0_3_1
ramulator.average_serving_requests_0_0_3_1            0.049182                                      # The average of read and write requests that are served in this DRAM element per memory cycle for level _0_0_3_1
         ramulator.active_cycles_0_0_3_2              300857                                      # Total active cycles for level _0_0_3_2
           ramulator.busy_cycles_0_0_3_2              300857                                      # (All-bank refresh only. busy cycles only include refresh time in rank level) The sum of cycles that the DRAM part is active or under refresh for level _0_0_3_2
      ramulator.serving_requests_0_0_3_2              403264                                      # The sum of read and write requests that are served in this DRAM element per memory cycle for level _0_0_3_2
ramulator.average_serving_requests_0_0_3_2            0.052875                                      # The average of read and write requests that are served in this DRAM element per memory cycle for level _0_0_3_2
         ramulator.active_cycles_0_0_3_3              355900                                      # Total active cycles for level _0_0_3_3
           ramulator.busy_cycles_0_0_3_3              355900                                      # (All-bank refresh only. busy cycles only include refresh time in rank level) The sum of cycles that the DRAM part is active or under refresh for level _0_0_3_3
      ramulator.serving_requests_0_0_3_3              472179                                      # The sum of read and write requests that are served in this DRAM element per memory cycle for level _0_0_3_3
ramulator.average_serving_requests_0_0_3_3            0.061911                                      # The average of read and write requests that are served in this DRAM element per memory cycle for level _0_0_3_3
      ramulator.read_transaction_bytes_0            20080960                                      # The total byte of read transaction per channel
     ramulator.write_transaction_bytes_0            17912384                                      # The total byte of write transaction per channel
       ramulator.row_hits_channel_0_core              578597                                      # Number of row hits per channel per core
     ramulator.row_misses_channel_0_core                8257                                      # Number of row misses per channel per core
  ramulator.row_conflicts_channel_0_core                6792                                      # Number of row conflicts per channel per core
  ramulator.read_row_hits_channel_0_core              306510                                      # Number of row hits for read requests per channel per core
                                     [0]            306510.0                                      # 
ramulator.read_row_misses_channel_0_core                4051                                      # Number of row misses for read requests per channel per core
                                     [0]              4051.0                                      # 
ramulator.read_row_conflicts_channel_0_core                3204                                      # Number of row conflicts for read requests per channel per core
                                     [0]              3204.0                                      # 
 ramulator.write_row_hits_channel_0_core              272087                                      # Number of row hits for write requests per channel per core
                                     [0]            272087.0                                      # 
ramulator.write_row_misses_channel_0_core                4206                                      # Number of row misses for write requests per channel per core
                                     [0]              4206.0                                      # 
ramulator.write_row_conflicts_channel_0_core                3588                                      # Number of row conflicts for write requests per channel per core
                                     [0]              3588.0                                      # 
      ramulator.useless_activates_0_core                   1                                      # Number of useless activations. E.g, ACT -> PRE w/o RD or WR
            ramulator.read_latency_avg_0           69.313177                                      # The average memory latency cycles (in memory time domain) per request for all read requests in this channel
            ramulator.read_latency_sum_0            21748049                                      # The memory latency cycles (in memory time domain) sum for all read requests in this channel
        ramulator.req_queue_length_avg_0           17.512761                                      # Average of read and write queue length per memory cycle per channel.
        ramulator.req_queue_length_sum_0           133565765                                      # Sum of read and write queue length per memory cycle per channel.
   ramulator.read_req_queue_length_avg_0            2.835023                                      # Read queue length average per memory cycle per channel.
   ramulator.read_req_queue_length_sum_0            21622060                                      # Read queue length sum per memory cycle per channel.
  ramulator.write_req_queue_length_avg_0           14.677738                                      # Write queue length average per memory cycle per channel.
  ramulator.write_req_queue_length_sum_0           111943705                                      # Write queue length sum per memory cycle per channel.
              ramulator.record_read_hits                 0.0                                      # record read hit count for this core when it reaches request limit or to the end
                                     [0]                 0.0                                      # 
            ramulator.record_read_misses                 0.0                                      # record_read_miss count for this core when it reaches request limit or to the end
                                     [0]                 0.0                                      # 
         ramulator.record_read_conflicts                 0.0                                      # record read conflict count for this core when it reaches request limit or to the end
                                     [0]                 0.0                                      # 
             ramulator.record_write_hits                 0.0                                      # record write hit count for this core when it reaches request limit or to the end
                                     [0]                 0.0                                      # 
           ramulator.record_write_misses                 0.0                                      # record write miss count for this core when it reaches request limit or to the end
                                     [0]                 0.0                                      # 
        ramulator.record_write_conflicts                 0.0                                      # record write conflict for this core when it reaches request limit or to the end
                                     [0]                 0.0                                      # 
                 ramulator.dram_capacity          8589934592                                      # Number of bytes in simulated DRAM
                   ramulator.dram_cycles             7626768                                      # Number of DRAM cycles simulated
             ramulator.incoming_requests              593663                                      # Number of incoming requests to DRAM
                 ramulator.read_requests              313765                                      # Number of incoming read requests to DRAM per core
                                     [0]            313765.0                                      # 
                ramulator.write_requests              279898                                      # Number of incoming write requests to DRAM per core
                                     [0]            279898.0                                      # 
       ramulator.ramulator_active_cycles             4918161                                      # The total number of cycles that the DRAM part is active (serving R/W)
 ramulator.incoming_requests_per_channel            593663.0                                      # Number of incoming requests to each DRAM channel
                                     [0]            593663.0                                      # 
ramulator.incoming_read_reqs_per_channel            313765.0                                      # Number of incoming read requests to each DRAM channel
                                     [0]            313765.0                                      # 
     ramulator.physical_page_replacement                   0                                      # The number of times that physical page replacement happens.
             ramulator.maximum_bandwidth         19200000000                                      # The theoretical maximum bandwidth (Bps)
          ramulator.in_queue_req_num_sum           133565765                                      # Sum of read/write queue length
     ramulator.in_queue_read_req_num_sum            21622060                                      # Sum of read queue length
    ramulator.in_queue_write_req_num_sum           111943705                                      # Sum of write queue length
          ramulator.in_queue_req_num_avg           17.512761                                      # Average of read/write queue length per memory cycle
     ramulator.in_queue_read_req_num_avg            2.835023                                      # Average of read queue length per memory cycle
    ramulator.in_queue_write_req_num_avg           14.677738                                      # Average of write queue length per memory cycle
          ramulator.record_read_requests                 0.0                                      # record read requests for this core when it reaches request limit or to the end
                                     [0]                 0.0                                      # 
         ramulator.record_write_requests                 0.0                                      # record write requests for this core when it reaches request limit or to the end
                                     [0]                 0.0                                      # 
