Scarab gitrev: 3541854
Scarab started at Sat Oct 19 02:42:40 2024

Initialized Ramulator. 
** Heartbeat:   5% -- { 1000000 } -- 0.00 KIPS (10.75 KIPS)
** Heartbeat:  10% -- { 2000000 } -- 10.99 KIPS (10.87 KIPS)
** Heartbeat:  15% -- { 3000000 } -- 10.75 KIPS (10.83 KIPS)
** Heartbeat:  20% -- { 4000000 } -- 10.64 KIPS (10.78 KIPS)
** Heartbeat:  25% -- { 5000000 } -- 10.42 KIPS (10.71 KIPS)
** Heartbeat:  30% -- { 6000000 } -- 10.64 KIPS (10.70 KIPS)
** Heartbeat:  35% -- { 7000000 } -- 10.53 KIPS (10.67 KIPS)
** Heartbeat:  40% -- { 8000000 } -- 10.53 KIPS (10.65 KIPS)
** Heartbeat:  45% -- { 9000000 } -- 10.75 KIPS (10.66 KIPS)
** Heartbeat:  50% -- { 10000000 } -- 10.64 KIPS (10.66 KIPS)
** Heartbeat:  55% -- { 11000000 } -- 10.64 KIPS (10.66 KIPS)
** Heartbeat:  60% -- { 12000000 } -- 10.64 KIPS (10.66 KIPS)
** Heartbeat:  65% -- { 13000000 } -- 11.49 KIPS (10.72 KIPS)
** Heartbeat:  70% -- { 14000000 } -- 11.49 KIPS (10.77 KIPS)
** Heartbeat:  75% -- { 15000000 } -- 11.63 KIPS (10.82 KIPS)
** Heartbeat:  80% -- { 16000000 } -- 11.63 KIPS (10.87 KIPS)
** Heartbeat:  85% -- { 17000000 } -- 11.63 KIPS (10.91 KIPS)
** Heartbeat:  90% -- { 18000000 } -- 11.49 KIPS (10.94 KIPS)
** Heartbeat:  95% -- { 19000000 } -- 11.36 KIPS (10.96 KIPS)
** Heartbeat: 100% -- { 20000000 } -- 11.49 KIPS (10.99 KIPS)
** Core 0 Finished:    insts:20000000    cycles:20338041    time:6355637812500       -- 0.98 IPC (0.98 IPC) --  N/A  KIPS (10.99 KIPS)
Scarab finished at Sat Oct 19 03:13:01 2024

