/* -*- Mode: c -*- */
####################################################################################################
Core 0
####################################################################################################
Cumulative:        Cycles: 13101804              Instructions: 20000000              IPC: 1.52651

Periodic:          Cycles: 6538144               Instructions: 10000000              IPC: 1.52949

EXECUTION_TIME                           2043170000000                  4094313750000              

NODE_CYCLE                                     6538144                       13101804              

NODE_INST_COUNT                               10000000                       20000000              

NODE_INST_COUNT_FETCHED                       10000000                       20000000              

NODE_UOP_COUNT                                12536991                       25073846              

FULL_WINDOW_STALL                              3852085       58.917%          7724226       58.955%

FULL_WINDOW_MEM_OP                              412137       12.622%           834202       12.744%
FULL_WINDOW_FP_OP                              2757613       84.457%          5516025       84.270%
FULL_WINDOW_OTHER_OP                             95377        2.921%           195459        2.986%
                                               3265127      100.000%          6545686      100.000%
                                                  0.90         0.26              0.90         0.26

RET_BLOCKED_DC_MISS                              36282        0.555%            84563        0.645%

RET_BLOCKED_L1_MISS                              29316        0.448%            66727        0.509%

RET_BLOCKED_L1_MISS_BW_PREF                         71        0.001%              533        0.004%

RET_BLOCKED_L1_ACCESS                             6966        0.107%            17836        0.136%

RET_BLOCKED_MEM_STALL                            29316        0.448%            66727        0.509%

RET_BLOCKED_OFFCHIP_DEMAND                           0        0.000%                0        0.000%

OP_ISSUED                                     12548932                       25111039              

OP_RETIRED                                    12536991                       25073846              

REPLAY_SIGNALED                                      0                              0              

REPLAY_COUNTED                                       0                              0              

OFF_CRITICAL_PATH                                    0         -nan%                0         -nan%
ON_CRITICAL_PATH                                     0         -nan%                0         -nan%
                                                     0         -nan%                0         -nan%
                                                  -nan         -nan              -nan         -nan

LD_NO_DEPENDENTS                                 74655        1.870%           149342        1.871%
LD_DEPENDENTS                                  3917504       98.130%          7834619       98.129%
                                               3992159      100.000%          7983961      100.000%
                                                  0.98         0.97              0.98         0.97

LD_EXEC_CYCLES_0                                     0        0.000%                0        0.000%
LD_EXEC_CYCLES_1                                     0        0.000%                0        0.000%
LD_EXEC_CYCLES_2                                     0        0.000%                0        0.000%
LD_EXEC_CYCLES_3                                     7       87.500%               17       85.000%
LD_EXEC_CYCLES_4                                     1       12.500%                3       15.000%
                                                     8      100.000%               20      100.000%
                                                  3.12         1.23              3.15         1.30

ICACHE_STAGE_STARVED                               162        0.006%             3583        0.066%
ICACHE_STAGE_NOT_STARVED                       2723789       99.994%          5447781       99.934%
                                               2723951      100.000%          5451364      100.000%
                                                  1.00         1.00              1.00         1.00

ICACHE_STAGE_STALLED                           3804188       58.185%          7620510       58.164%
ICACHE_STAGE_NOT_STALLED                       2723951       41.662%          5449658       41.595%
ICACHE_STAGE_OFF_PATH                            10005        0.153%            31636        0.241%
                                               6538144      100.000%         13101804      100.000%
                                                  0.42         0.38              0.42         0.38

DECODE_STAGE_STARVED                           6537844       99.998%         13097098       99.995%
DECODE_STAGE_NOT_STARVED                           128        0.002%              603        0.005%
                                               6537972      100.000%         13097701      100.000%
                                                  0.00         0.00              0.00         0.01

DECODE_STAGE_STALLED                               279        0.004%             1343        0.010%
DECODE_STAGE_NOT_STALLED                       6537693       99.993%         13096358       99.958%
DECODE_STAGE_OFF_PATH                              172        0.003%             4103        0.031%
                                               6538144      100.000%         13101804      100.000%
                                                  1.00         0.01              1.00         0.03

UOPQ_STAGE_STARVED                                6040        0.222%            18734        0.344%
UOPQ_STAGE_NOT_STARVED                         2718510       99.778%          5434839       99.656%
                                               2724550      100.000%          5453573      100.000%
                                                  1.00         1.00              1.00         0.99

UOPQ_STAGE_STALLED                             3804208       58.185%          7620543       58.164%
UOPQ_STAGE_NOT_STALLED                         2724550       41.672%          5453573       41.625%
UOPQ_STAGE_OFF_PATH                               9386        0.144%            27688        0.211%
                                               6538144      100.000%         13101804      100.000%
                                                  0.42         0.38              0.42         0.38

MAP_STAGE_STARVED                                  578        0.009%             3368        0.026%
MAP_STAGE_NOT_STARVED                          6530008       99.991%         13073277       99.974%
                                               6530586      100.000%         13076645      100.000%
                                                  1.00         1.00              1.00         1.00

MAP_STAGE_STALLED                              3806006       58.212%          7624896       58.197%
MAP_STAGE_NOT_STALLED                          2724580       41.672%          5451749       41.611%
MAP_STAGE_OFF_PATH                                7558        0.116%            25159        0.192%
                                               6538144      100.000%         13101804      100.000%
                                                  0.42         0.38              0.42         0.38

EXEC_STAGE_STARVED                              772253       11.812%          1565436       11.948%
EXEC_STAGE_NOT_STARVED                         5764040       88.160%         11527995       87.988%
EXEC_STAGE_OFF_PATH                               1851        0.028%             8373        0.064%
                                               6538144      100.000%         13101804      100.000%
                                                  0.88         0.11              0.88         0.12

FU_BUSY_0                                      6283390                       12571402              

FU_BUSY_1                                      3140874                        6279882              

FU_BUSY_2                                      2135646                        4266755              

FU_BUSY_3                                      1857780                        3721328              

FU_BUSY_4                                      1582576                        3162653              

FU_BUSY_5                                      1339772                        2678222              

FU_BUSY_6                                       673856                        1347047              

FU_BUSY_7                                       657483                        1316892              

FU_BUSY_8                                            0                              0              

FU_BUSY_9                                            0                              0              

FU_BUSY_10                                           0                              0              

FU_BUSY_11                                           0                              0              

FU_BUSY_12                                           0                              0              

FU_BUSY_13                                           0                              0              

FU_BUSY_14                                           0                              0              

FU_BUSY_15                                           0                              0              

FU_BUSY_16                                           0                              0              

FU_BUSY_17                                           0                              0              

FU_BUSY_18                                           0                              0              

FU_BUSY_19                                           0                              0              

FU_BUSY_20                                           0                              0              

FU_BUSY_21                                           0                              0              

FU_BUSY_22                                           0                              0              

FU_BUSY_23                                           0                              0              

FU_BUSY_24                                           0                              0              

FU_BUSY_25                                           0                              0              

FU_BUSY_26                                           0                              0              

FU_BUSY_27                                           0                              0              

FU_BUSY_28                                           0                              0              

FU_BUSY_29                                           0                              0              

FU_BUSY_30                                           0                              0              

FU_BUSY_31                                           0                              0              

FU_REJECTED_OP_INV_NOT_SIMD                          0        0.000%                0        0.000%
FU_REJECTED_OP_NOP_NOT_SIMD                     157289        3.144%           313732        3.136%
FU_REJECTED_OP_CF_NOT_SIMD                      913183       18.251%          1827483       18.269%
FU_REJECTED_OP_MOV_NOT_SIMD                      53555        1.070%           107974        1.079%
FU_REJECTED_OP_CMOV_NOT_SIMD                         0        0.000%                0        0.000%
FU_REJECTED_OP_LDA_NOT_SIMD                     280480        5.606%           563792        5.636%
FU_REJECTED_OP_IMEM_NOT_SIMD                         0        0.000%               61        0.001%
FU_REJECTED_OP_IADD_NOT_SIMD                      4386        0.088%             8756        0.088%
FU_REJECTED_OP_IMUL_NOT_SIMD                    575272       11.498%          1149026       11.487%
FU_REJECTED_OP_IDIV_NOT_SIMD                         0        0.000%                0        0.000%
FU_REJECTED_OP_ICMP_NOT_SIMD                         0        0.000%                0        0.000%
FU_REJECTED_OP_LOGIC_NOT_SIMD                   164668        3.291%           328733        3.286%
FU_REJECTED_OP_SHIFT_NOT_SIMD                   190878        3.815%           382227        3.821%
FU_REJECTED_OP_FMEM_NOT_SIMD                     12103        0.242%            24530        0.245%
FU_REJECTED_OP_FCVT_NOT_SIMD                         0        0.000%                0        0.000%
FU_REJECTED_OP_FADD_NOT_SIMD                         0        0.000%                0        0.000%
FU_REJECTED_OP_FMUL_NOT_SIMD                         0        0.000%                0        0.000%
FU_REJECTED_OP_FMA_NOT_SIMD                          0        0.000%                0        0.000%
FU_REJECTED_OP_FDIV_NOT_SIMD                         0        0.000%                0        0.000%
FU_REJECTED_OP_FCMP_NOT_SIMD                         0        0.000%                0        0.000%
FU_REJECTED_OP_FCMOV_NOT_SIMD                        0        0.000%                0        0.000%
FU_REJECTED_OP_GATHER_NOT_SIMD                       0        0.000%                0        0.000%
FU_REJECTED_OP_SCATTER_NOT_SIMD                      0        0.000%                0        0.000%
FU_REJECTED_OP_PIPELINED_FAST_NOT_SIMD               0        0.000%                0        0.000%
FU_REJECTED_OP_PIPELINED_MEDIUM_NOT_SIMD             0        0.000%                0        0.000%
FU_REJECTED_OP_PIPELINED_SLOW_NOT_SIMD               0        0.000%                0        0.000%
FU_REJECTED_OP_NOTPIPELINED_MEDIUM_NOT_SIMD             0        0.000%                0        0.000%
FU_REJECTED_OP_NOTPIPELINED_SLOW_NOT_SIMD             0        0.000%                0        0.000%
FU_REJECTED_OP_NOTPIPELINED_VERY_SLOW_NOT_SIMD             0        0.000%                0        0.000%
FU_REJECTED_OP_INV_SIMD                              0        0.000%                0        0.000%
FU_REJECTED_OP_NOP_SIMD                              0        0.000%                0        0.000%
FU_REJECTED_OP_CF_SIMD                               0        0.000%                0        0.000%
FU_REJECTED_OP_MOV_SIMD                         124641        2.491%           249621        2.495%
FU_REJECTED_OP_CMOV_SIMD                             0        0.000%                0        0.000%
FU_REJECTED_OP_LDA_SIMD                              0        0.000%                0        0.000%
FU_REJECTED_OP_IMEM_SIMD                             0        0.000%                0        0.000%
FU_REJECTED_OP_IADD_SIMD                             0        0.000%                0        0.000%
FU_REJECTED_OP_IMUL_SIMD                             0        0.000%                0        0.000%
FU_REJECTED_OP_IDIV_SIMD                             0        0.000%                0        0.000%
FU_REJECTED_OP_ICMP_SIMD                             0        0.000%                0        0.000%
FU_REJECTED_OP_LOGIC_SIMD                            0        0.000%                0        0.000%
FU_REJECTED_OP_SHIFT_SIMD                       179278        3.583%           357772        3.577%
FU_REJECTED_OP_FMEM_SIMD                             0        0.000%                0        0.000%
FU_REJECTED_OP_FCVT_SIMD                             1        0.000%                5        0.000%
FU_REJECTED_OP_FADD_SIMD                         81015        1.619%           162592        1.625%
FU_REJECTED_OP_FMUL_SIMD                             0        0.000%                0        0.000%
FU_REJECTED_OP_FMA_SIMD                         340023        6.796%           678819        6.786%
FU_REJECTED_OP_FDIV_SIMD                        612473       12.241%          1225123       12.248%
FU_REJECTED_OP_FCMP_SIMD                        139574        2.790%           277914        2.778%
FU_REJECTED_OP_FCMOV_SIMD                      1039239       20.771%          2073804       20.732%
FU_REJECTED_OP_GATHER_SIMD                      135366        2.705%           271018        2.709%
FU_REJECTED_OP_SCATTER_SIMD                          0        0.000%                0        0.000%
FU_REJECTED_OP_PIPELINED_FAST_SIMD                   0        0.000%                0        0.000%
FU_REJECTED_OP_PIPELINED_MEDIUM_SIMD                 0        0.000%                0        0.000%
FU_REJECTED_OP_PIPELINED_SLOW_SIMD                   0        0.000%                0        0.000%
FU_REJECTED_OP_NOTPIPELINED_MEDIUM_SIMD              0        0.000%                0        0.000%
FU_REJECTED_OP_NOTPIPELINED_SLOW_SIMD                0        0.000%                0        0.000%
FU_REJECTED_OP_NOTPIPELINED_VERY_SLOW_SIMD             0        0.000%                0        0.000%
                                               5003424      100.000%         10002982      100.000%
                                                 27.21        21.00             27.19        21.00

OP_WAIT_0                                      6316623                       12638149              

OP_WAIT_1                                      1640303                        3279682              

OP_WAIT_2                                       633961                        1266327              

OP_WAIT_3                                       377624                         756712              

OP_WAIT_4                                       167036                         335442              

OP_WAIT_5                                       231269                         459975              

OP_WAIT_6                                       147529                         294031              

OP_WAIT_7                                       105091                         209871              

OP_WAIT_8                                        48609                          98255              

OP_WAIT_9                                        27720                          56621              

OP_WAIT_10                                       57192                         114551              

OP_WAIT_11                                       23870                          48127              

OP_WAIT_12                                       23549                          47313              

OP_WAIT_13                                       22783                          45613              

OP_WAIT_14                                       31289                          61969              

OP_WAIT_15                                       27275                          54542              

OP_WAIT_16                                       57321                         113996              

OP_WAIT_17                                       20890                          41744              

OP_WAIT_18                                       27469                          54884              

OP_WAIT_19                                       25123                          50404              

OP_WAIT_20                                       16940                          34064              

OP_WAIT_21                                       23675                          47697              

OP_WAIT_22                                       31609                          62975              

OP_WAIT_23                                       20166                          41038              

OP_WAIT_24                                       18844                          37787              

OP_WAIT_25                                       19600                          39296              

OP_WAIT_26                                       27383                          54221              

OP_WAIT_27                                       46823                          93332              

OP_WAIT_28                                       46395                          92357              

OP_WAIT_29                                       48636                          96869              

OP_WAIT_30                                       20250                          40115              

OP_WAIT_31                                     2204144                        4405887              

ROW_SIZE_0                                     4060175                        8143158              

ROW_SIZE_1                                      196374                         393025              

ROW_SIZE_2                                      152317                         305373              

ROW_SIZE_3                                      107074                         214732              

ROW_SIZE_4                                      171463                         343631              

ROW_SIZE_5                                       75507                         152029              

ROW_SIZE_6                                     1775229                        3548535              

ROW_SIZE_7                                           0                              0              

ROW_SIZE_8                                           0                              0              

ROW_SIZE_9                                           0                              0              

ROW_SIZE_10                                          0                              0              

ROW_SIZE_11                                          0                              0              

ROW_SIZE_12                                          0                              0              

ROW_SIZE_13                                          0                              0              

ROW_SIZE_14                                          0                              0              

ROW_SIZE_15                                          0                              0              

ROW_SIZE_16                                          0                              0              

ROW_SIZE_17                                          0                              0              

ROW_SIZE_18                                          0                              0              

ROW_SIZE_19                                          0                              0              

ROW_SIZE_20                                          0                              0              

ROW_SIZE_21                                          0                              0              

ROW_SIZE_22                                          0                              0              

ROW_SIZE_23                                          0                              0              

ROW_SIZE_24                                          0                              0              

ROW_SIZE_25                                          0                              0              

ROW_SIZE_26                                          0                              0              

ROW_SIZE_27                                          0                              0              

ROW_SIZE_28                                          0                              0              

ROW_SIZE_29                                          0                              0              

ROW_SIZE_30                                          0                              0              

ROW_SIZE_31                                          0                              0              

RET_OP_EXEC_COUNT_0                                  0        0.000%                0        0.000%
RET_OP_EXEC_COUNT_1                           12536991      100.000%         25073846      100.000%
RET_OP_EXEC_COUNT_2                                  0        0.000%                0        0.000%
RET_OP_EXEC_COUNT_3                                  0        0.000%                0        0.000%
RET_OP_EXEC_COUNT_4                                  0        0.000%                0        0.000%
RET_OP_EXEC_COUNT_5                                  0        0.000%                0        0.000%
RET_OP_EXEC_COUNT_6                                  0        0.000%                0        0.000%
RET_OP_EXEC_COUNT_7                                  0        0.000%                0        0.000%
RET_OP_EXEC_COUNT_8                                  0        0.000%                0        0.000%
RET_OP_EXEC_COUNT_9                                  0        0.000%                0        0.000%
RET_OP_EXEC_COUNT_10                                 0        0.000%                0        0.000%
RET_OP_EXEC_COUNT_11                                 0        0.000%                0        0.000%
RET_OP_EXEC_COUNT_12                                 0        0.000%                0        0.000%
RET_OP_EXEC_COUNT_13                                 0        0.000%                0        0.000%
RET_OP_EXEC_COUNT_14                                 0        0.000%                0        0.000%
RET_OP_EXEC_COUNT_15                                 0        0.000%                0        0.000%
RET_OP_EXEC_COUNT_16                                 0        0.000%                0        0.000%
RET_OP_EXEC_COUNT_17                                 0        0.000%                0        0.000%
RET_OP_EXEC_COUNT_18                                 0        0.000%                0        0.000%
RET_OP_EXEC_COUNT_19                                 0        0.000%                0        0.000%
RET_OP_EXEC_COUNT_20                                 0        0.000%                0        0.000%
RET_OP_EXEC_COUNT_21                                 0        0.000%                0        0.000%
RET_OP_EXEC_COUNT_22                                 0        0.000%                0        0.000%
RET_OP_EXEC_COUNT_23                                 0        0.000%                0        0.000%
RET_OP_EXEC_COUNT_24                                 0        0.000%                0        0.000%
RET_OP_EXEC_COUNT_25                                 0        0.000%                0        0.000%
RET_OP_EXEC_COUNT_26                                 0        0.000%                0        0.000%
RET_OP_EXEC_COUNT_27                                 0        0.000%                0        0.000%
RET_OP_EXEC_COUNT_28                                 0        0.000%                0        0.000%
RET_OP_EXEC_COUNT_29                                 0        0.000%                0        0.000%
RET_OP_EXEC_COUNT_30                                 0        0.000%                0        0.000%
RET_OP_EXEC_COUNT_31                                 0        0.000%                0        0.000%
RET_OP_EXEC_COUNT_32                                 0        0.000%                0        0.000%
                                              12536991      100.000%         25073846      100.000%
                                                  1.00         0.00              1.00         0.00

RET_STALL_LENGTH_0                            12536936      100.000%         25073682       99.999%
RET_STALL_LENGTH_100                                39        0.000%              127        0.001%
RET_STALL_LENGTH_200                                 0        0.000%                7        0.000%
RET_STALL_LENGTH_300                                 1        0.000%                3        0.000%
RET_STALL_LENGTH_400                                 2        0.000%                3        0.000%
RET_STALL_LENGTH_500                                 2        0.000%                3        0.000%
RET_STALL_LENGTH_600                                 2        0.000%                3        0.000%
RET_STALL_LENGTH_700                                 0        0.000%                3        0.000%
RET_STALL_LENGTH_800                                 0        0.000%                1        0.000%
RET_STALL_LENGTH_900                                 4        0.000%                4        0.000%
RET_STALL_LENGTH_1000                                1        0.000%                5        0.000%
RET_STALL_LENGTH_1100                                3        0.000%                3        0.000%
RET_STALL_LENGTH_1200                                1        0.000%                2        0.000%
RET_STALL_LENGTH_1300                                0        0.000%                0        0.000%
RET_STALL_LENGTH_1400                                0        0.000%                0        0.000%
RET_STALL_LENGTH_1500                                0        0.000%                0        0.000%
RET_STALL_LENGTH_1600                                0        0.000%                0        0.000%
RET_STALL_LENGTH_1700                                0        0.000%                0        0.000%
RET_STALL_LENGTH_1800                                0        0.000%                0        0.000%
RET_STALL_LENGTH_1900                                0        0.000%                0        0.000%
RET_STALL_LENGTH_2000                                0        0.000%                0        0.000%
RET_STALL_LENGTH_2100                                0        0.000%                0        0.000%
RET_STALL_LENGTH_2200                                0        0.000%                0        0.000%
RET_STALL_LENGTH_2300                                0        0.000%                0        0.000%
RET_STALL_LENGTH_2400                                0        0.000%                0        0.000%
RET_STALL_LENGTH_2500                                0        0.000%                0        0.000%
RET_STALL_LENGTH_2600                                0        0.000%                0        0.000%
RET_STALL_LENGTH_2700                                0        0.000%                0        0.000%
RET_STALL_LENGTH_2800                                0        0.000%                0        0.000%
RET_STALL_LENGTH_2900                                0        0.000%                0        0.000%
RET_STALL_LENGTH_3000                                0        0.000%                0        0.000%
RET_STALL_LENGTH_3100                                0        0.000%                0        0.000%
RET_STALL_LENGTH_3200                                0        0.000%                0        0.000%
RET_STALL_LENGTH_3300                                0        0.000%                0        0.000%
RET_STALL_LENGTH_3400                                0        0.000%                0        0.000%
RET_STALL_LENGTH_3500                                0        0.000%                0        0.000%
RET_STALL_LENGTH_3600                                0        0.000%                0        0.000%
RET_STALL_LENGTH_3700                                0        0.000%                0        0.000%
RET_STALL_LENGTH_3800                                0        0.000%                0        0.000%
RET_STALL_LENGTH_3900                                0        0.000%                0        0.000%
RET_STALL_LENGTH_4000                                0        0.000%                0        0.000%
RET_STALL_LENGTH_4100                                0        0.000%                0        0.000%
RET_STALL_LENGTH_4200                                0        0.000%                0        0.000%
RET_STALL_LENGTH_4300                                0        0.000%                0        0.000%
RET_STALL_LENGTH_4400                                0        0.000%                0        0.000%
RET_STALL_LENGTH_4500                                0        0.000%                0        0.000%
RET_STALL_LENGTH_4600                                0        0.000%                0        0.000%
RET_STALL_LENGTH_4700                                0        0.000%                0        0.000%
RET_STALL_LENGTH_4800                                0        0.000%                0        0.000%
RET_STALL_LENGTH_4900                                0        0.000%                0        0.000%
RET_STALL_LENGTH_5000                                0        0.000%                0        0.000%
                                              12536991      100.000%         25073846      100.000%
                                                  0.00         0.01              0.00         0.01

MEM_BLOCK_LENGTH_0                                   0         -nan%                3       75.000%
MEM_BLOCK_LENGTH_100                                 0         -nan%                1       25.000%
MEM_BLOCK_LENGTH_200                                 0         -nan%                0        0.000%
MEM_BLOCK_LENGTH_300                                 0         -nan%                0        0.000%
MEM_BLOCK_LENGTH_400                                 0         -nan%                0        0.000%
MEM_BLOCK_LENGTH_500                                 0         -nan%                0        0.000%
MEM_BLOCK_LENGTH_600                                 0         -nan%                0        0.000%
MEM_BLOCK_LENGTH_700                                 0         -nan%                0        0.000%
MEM_BLOCK_LENGTH_800                                 0         -nan%                0        0.000%
MEM_BLOCK_LENGTH_900                                 0         -nan%                0        0.000%
MEM_BLOCK_LENGTH_1000                                0         -nan%                0        0.000%
MEM_BLOCK_LENGTH_1100                                0         -nan%                0        0.000%
MEM_BLOCK_LENGTH_1200                                0         -nan%                0        0.000%
MEM_BLOCK_LENGTH_1300                                0         -nan%                0        0.000%
MEM_BLOCK_LENGTH_1400                                0         -nan%                0        0.000%
MEM_BLOCK_LENGTH_1500                                0         -nan%                0        0.000%
MEM_BLOCK_LENGTH_1600                                0         -nan%                0        0.000%
MEM_BLOCK_LENGTH_1700                                0         -nan%                0        0.000%
MEM_BLOCK_LENGTH_1800                                0         -nan%                0        0.000%
MEM_BLOCK_LENGTH_1900                                0         -nan%                0        0.000%
MEM_BLOCK_LENGTH_2000                                0         -nan%                0        0.000%
MEM_BLOCK_LENGTH_2100                                0         -nan%                0        0.000%
MEM_BLOCK_LENGTH_2200                                0         -nan%                0        0.000%
MEM_BLOCK_LENGTH_2300                                0         -nan%                0        0.000%
MEM_BLOCK_LENGTH_2400                                0         -nan%                0        0.000%
MEM_BLOCK_LENGTH_2500                                0         -nan%                0        0.000%
MEM_BLOCK_LENGTH_2600                                0         -nan%                0        0.000%
MEM_BLOCK_LENGTH_2700                                0         -nan%                0        0.000%
MEM_BLOCK_LENGTH_2800                                0         -nan%                0        0.000%
MEM_BLOCK_LENGTH_2900                                0         -nan%                0        0.000%
MEM_BLOCK_LENGTH_3000                                0         -nan%                0        0.000%
MEM_BLOCK_LENGTH_3100                                0         -nan%                0        0.000%
MEM_BLOCK_LENGTH_3200                                0         -nan%                0        0.000%
MEM_BLOCK_LENGTH_3300                                0         -nan%                0        0.000%
MEM_BLOCK_LENGTH_3400                                0         -nan%                0        0.000%
MEM_BLOCK_LENGTH_3500                                0         -nan%                0        0.000%
MEM_BLOCK_LENGTH_3600                                0         -nan%                0        0.000%
MEM_BLOCK_LENGTH_3700                                0         -nan%                0        0.000%
MEM_BLOCK_LENGTH_3800                                0         -nan%                0        0.000%
MEM_BLOCK_LENGTH_3900                                0         -nan%                0        0.000%
MEM_BLOCK_LENGTH_4000                                0         -nan%                0        0.000%
MEM_BLOCK_LENGTH_4100                                0         -nan%                0        0.000%
MEM_BLOCK_LENGTH_4200                                0         -nan%                0        0.000%
MEM_BLOCK_LENGTH_4300                                0         -nan%                0        0.000%
MEM_BLOCK_LENGTH_4400                                0         -nan%                0        0.000%
MEM_BLOCK_LENGTH_4500                                0         -nan%                0        0.000%
MEM_BLOCK_LENGTH_4600                                0         -nan%                0        0.000%
MEM_BLOCK_LENGTH_4700                                0         -nan%                0        0.000%
MEM_BLOCK_LENGTH_4800                                0         -nan%                0        0.000%
MEM_BLOCK_LENGTH_4900                                0         -nan%                0        0.000%
MEM_BLOCK_LENGTH_5000                                0         -nan%                0        0.000%
                                                     0         -nan%                4      100.000%
                                                  -nan         -nan              0.25         0.43

FUS_BUSY_ON_PATH                              17668370        2.7024         35333172        2.6968

FUS_BUSY_OFF_PATH                                 3007        0.0005            11009        0.0008

FU_BUSY_MEM_STALL                               173631        0.0266           347673        0.0265

FUS_EMPTY                                     34633775        5.2972         69470251        5.3023

FU_UNAVAILABLE                                 4918035        0.7522          9831601        0.7504

FU_MEM_UNAVAILABLE                               85389        0.0131           171381        0.0131

FU_REPLAY                                            0        0.0000                0        0.0000

FU_STARVED                                    34633550        5.2972         69469600        5.3023

CHIP_UTILIZATION                                     0        0.0000                0        0.0000

CYCLES_UNDER_MEM_REQ                                 0                              0              

CYCLES_UNDER_NO_MEM_REQ                              0                              0              

CYCLES_UNDER_CRITICAL_MEM_REQ                        0                              0              

CYCLES_UNDER_NONCRITICAL_MEM_REQ                     0                              0              

CHIP_UTILIZATION_UNDER_MEM_REQ                       0          -nan                0          -nan

CHIP_UTILIZATION_UNDER_NO_MEM_REQ                    0          -nan                0          -nan

CHIP_UTILIZATION_UNDER_CRITICAL_MEM_REQ              0          -nan                0          -nan

CHIP_UTILIZATION_UNDER_NONCRITICAL_MEM_REQ             0          -nan                0          -nan

CYCLES_NOT_WAITING_FOR_OFF_CHIP                      0        0.0000                0        0.0000

FUS_BUSY_NOT_WAITING_FOR_OFF_CHIP                    0          -nan                0          -nan

CYCLES_WAITING_FOR_OFF_CHIP                          0        0.0000                0        0.0000

FUS_BUSY_WAITING_FOR_OFF_CHIP                        0          -nan                0          -nan

TOTAL_OFF_CHIP_DELAYS_LEFT                           0                              0              

WRONG_IO_SCHED                                       0                              0              

DVFS_CONFIG_SWITCH                                   0                              0              

MAP_STAGE_RECEIVED_OPS_0                             0        0.000%                0        0.000%
MAP_STAGE_RECEIVED_OPS_1                        223919        8.221%           447949        8.222%
MAP_STAGE_RECEIVED_OPS_2                        261236        9.591%           522490        9.590%
MAP_STAGE_RECEIVED_OPS_3                        223893        8.220%           447800        8.219%
MAP_STAGE_RECEIVED_OPS_4                        335992       12.335%           672087       12.336%
MAP_STAGE_RECEIVED_OPS_5                        298603       10.962%           597510       10.967%
MAP_STAGE_RECEIVED_OPS_6                       1380243       50.672%          2760210       50.664%
MAP_STAGE_RECEIVED_OPS_7                             0        0.000%                0        0.000%
MAP_STAGE_RECEIVED_OPS_8                             0        0.000%                0        0.000%
MAP_STAGE_RECEIVED_OPS_MAX                           0        0.000%                0        0.000%
                                               2723886      100.000%          5448046      100.000%
                                                  4.60         1.73              4.60         1.73

MAP_STAGE_WAIT_FOR_DECODE                            0         -nan%                0         -nan%
MAP_STAGE_CONSUME_DECODE                             0         -nan%                0         -nan%
                                                     0         -nan%                0         -nan%
                                                  -nan         -nan              -nan         -nan

MAP_STAGE_WAIT_FOR_DECODE2                           0         -nan%                0         -nan%
MAP_STAGE_CONSUME_DECODE2                            0         -nan%                0         -nan%
                                                     0         -nan%                0         -nan%
                                                  -nan         -nan              -nan         -nan

FTQ_RECOVER_EXEC                                   116                            339              

FTQ_RECOVER_DECODE                                   0                              5              

FTQ_OFFPATH_CYCLES                                9841                          31383              

FTQ_CYCLES_OFFPATH                               20884                          61331              

FTQ_CYCLES_ONPATH                              6517260                       13040473              

FTQ_FETCHED_INS_OFFPATH                          47180                         145627              

FTQ_FETCHED_INS_ONPATH                        12536227                       25073502              

FTQ_BREAK_FULL_FT_ONPATH                       6515269       99.976%         13035770       99.969%
FTQ_BREAK_MAX_CFS_TAKEN_ONPATH                     900        0.014%             2357        0.018%
FTQ_BREAK_MAX_BYTES_ONPATH                         639        0.010%             1666        0.013%
FTQ_BREAK_PRED_BR_ONPATH                             0        0.000%                0        0.000%
FTQ_BREAK_BAR_FETCH_ONPATH                           0        0.000%                0        0.000%
                                               6516808      100.000%         13039793      100.000%
                                                  0.00         0.02              0.00         0.03

FTQ_BREAK_FULL_FT_OFFPATH                        20820       99.143%            60546       98.169%
FTQ_BREAK_MAX_CFS_TAKEN_OFFPATH                     82        0.390%              469        0.760%
FTQ_BREAK_MAX_BYTES_OFFPATH                         98        0.467%              660        1.070%
FTQ_BREAK_PRED_BR_OFFPATH                            0        0.000%                0        0.000%
FTQ_BREAK_BAR_FETCH_OFFPATH                          0        0.000%                0        0.000%
                                                 21000      100.000%            61675      100.000%
                                                  0.01         0.15              0.03         0.22



