/* -*- Mode: c -*- */
####################################################################################################
Core 0
####################################################################################################
Cumulative:        Cycles: 14190218              Instructions: 20000000              IPC: 1.40942

Periodic:          Cycles: 7359856               Instructions: 10000000              IPC: 1.35872

DCACHE_PREF_HIT                                      0                              0              

IFETCH_WB_FIRST_SCHEDULE                             0         -nan%                0         -nan%
PREFETCH_LAST_SCHEDULE                               0         -nan%                0         -nan%
DEMAND_PASS_PREF_SCHEDULE                            0         -nan%                0         -nan%
DEMAND_PASS_LOW_OP_SCHEDULE                          0         -nan%                0         -nan%
DEMAND_LAST_SCHEDULE                                 0         -nan%                0         -nan%
                                                     0         -nan%                0         -nan%
                                                  -nan         -nan              -nan         -nan

SEND_MISS_REQ_QUEUE                             401154                         783812              

L1_DATA_EVICT                                   401222                         751148              

STREAM_BUFFER_REQ                                    0                              0              

PREF_SEND_TO_MEM_REQ                                 0         -nan%                0         -nan%
PREF_SEND_TO_MEM_REQ_FAIL                            0         -nan%                0         -nan%
                                                     0         -nan%                0         -nan%
                                                  -nan         -nan              -nan         -nan

HIT_TRAIN_STREAM                                279180       95.654%           559035       95.763%
MISS_TRAIN_STREAM                                12684        4.346%            24736        4.237%
                                                291864      100.000%           583771      100.000%
                                                  0.04         0.20              0.04         0.20

STREAM_TRAIN_CREATE                               3249                           6341              

MEM_REQ_MISS_HWP_PREF_Q                              0         -nan%                0         -nan%
MEM_REQ_MISS_SW_PREF_Q                               0         -nan%                0         -nan%
MEM_REQ_MISS_IFETCH_Q                                0         -nan%                0         -nan%
MEM_REQ_MISS_DFETCH_Q                                0         -nan%                0         -nan%
MEM_REQ_MISS_DSTORE_Q                                0         -nan%                0         -nan%
MEM_REQ_MISS_DPRF_Q                                  0         -nan%                0         -nan%
MEM_REQ_MISS_WB_Q                                    0         -nan%                0         -nan%
                                                     0         -nan%                0         -nan%
                                                  -nan         -nan              -nan         -nan

PREF_HIT_BY_DEMAND_IFETCH                            0         -nan%                0         -nan%
PREF_HIT_BY_DEMAND_DFETCH                            0         -nan%                0         -nan%
PREF_HIT_BY_DEMAND_DSTORE                            0         -nan%                0         -nan%
PREF_HIT_BY_DEMAND_IPREF                             0         -nan%                0         -nan%
PREF_HIT_BY_DEMAND_DPRF                              0         -nan%                0         -nan%
PREF_HIT_BY_DEMAND_WB                                0         -nan%                0         -nan%
PREF_HIT_BY_PREF                                     0         -nan%                0         -nan%
                                                     0         -nan%                0         -nan%
                                                  -nan         -nan              -nan         -nan

PREF_HIT_DEMAND_IFETCH                               0         -nan%                0         -nan%
PREF_HIT_DEMAND_DFETCH                               0         -nan%                0         -nan%
PREF_HIT_DEMAND_DSTORE                               0         -nan%                0         -nan%
PREF_HIT_DEMAND_IPREF                                0         -nan%                0         -nan%
PREF_HIT_DEMAND_DPRF                                 0         -nan%                0         -nan%
PREF_HIT_DEMAND_WB                                   0         -nan%                0         -nan%
                                                     0         -nan%                0         -nan%
                                                  -nan         -nan              -nan         -nan

PREF_L1_FILL                                         0         -nan%                0         -nan%
DEMAND_L1_FILL                                       0         -nan%                0         -nan%
                                                     0         -nan%                0         -nan%
                                                  -nan         -nan              -nan         -nan

TOUCH_L1_REPLACE                                     0        0.000%                0        0.000%
NO_TOUCH_L1_REPLACE                             401222      100.000%           751148      100.000%
                                                401222      100.000%           751148      100.000%
                                                  1.00         1.00              1.00         1.00

PREF_REQ_QUE_FULL                                    0                              0              

STREAM_REQ_QUEUE_HIT_BY_DEMAND                       0                              0              

L2HIT_STREAM_PREF_REQ_QUE_FULL                       0                              0              

L2HIT_HIT_TRAIN_STREAM                               0         -nan%                0         -nan%
L2HIT_MISS_TRAIN_STREAM                              0         -nan%                0         -nan%
                                                     0         -nan%                0         -nan%
                                                  -nan         -nan              -nan         -nan

L2HIT_STREAM_TRAIN_CREATE                            0                              0              

L2HIT_STREAM_BUFFER_REQ                              0                              0              

L2HIT_STREAM_PREF_DCACHE_HIT                         0         -nan%                0         -nan%
L2HIT_STREAM_PREF_DCACHE_INSERT                      0         -nan%                0         -nan%
L2HIT_STREAM_L2_MISS                                 0         -nan%                0         -nan%
                                                     0         -nan%                0         -nan%
                                                  -nan         -nan              -nan         -nan

L2HIT_STREAM_DCACHE_PORT_FULL                        0                              0              

L2HIT_STREAM_PREF_L1_PORT_FULL                       0                              0              

L2HIT_TRAIN_HIT_DEMAND                               0         -nan%                0         -nan%
L2HIT_TRAIN_MISS_REQ                                 0         -nan%                0         -nan%
                                                     0         -nan%                0         -nan%
                                                  -nan         -nan              -nan         -nan

L2HIT_TRAIN_FILTER_MISS                              0         -nan%                0         -nan%
L2HIT_TRAIN_FILTER_HIT                               0         -nan%                0         -nan%
                                                     0         -nan%                0         -nan%
                                                  -nan         -nan              -nan         -nan

L2HIT_PREF_REQ_DCACHE_HIT                            0         -nan%                0         -nan%
L2HIT_PREF_REQ_DCACHE_MISS                           0         -nan%                0         -nan%
                                                     0         -nan%                0         -nan%
                                                  -nan         -nan              -nan         -nan

L2HIT_L2SEND_Q_FULL                                  0         -nan%                0         -nan%
L2HIT_L2SEND_Q_ENTER                                 0         -nan%                0         -nan%
                                                     0         -nan%                0         -nan%
                                                  -nan         -nan              -nan         -nan

L2HIT_MEM_REQ                                        0                              0              

REMOVE_REDUNDANT_STREAM_STAT                         0                              0              

REPLACE_OLD_STREAM                                3249                           6325              

REQ_SEND_QUEUE_STALL                                 0                              0              

STREAM_ENTER_RA                                      0                              0              

CORE_STREAM_LENGTH_0                                 3        0.095%                6        0.098%
CORE_STREAM_LENGTH_10                               35        1.112%               63        1.032%
CORE_STREAM_LENGTH_20                               24        0.763%               43        0.705%
CORE_STREAM_LENGTH_30                               22        0.699%               32        0.524%
CORE_STREAM_LENGTH_40                                9        0.286%              297        4.866%
CORE_STREAM_LENGTH_50                               16        0.508%               21        0.344%
CORE_STREAM_LENGTH_60                               21        0.667%              120        1.966%
CORE_STREAM_LENGTH_70                               19        0.604%               44        0.721%
CORE_STREAM_LENGTH_80                               14        0.445%               27        0.442%
CORE_STREAM_LENGTH_90                             2881       91.548%             5243       85.909%
CORE_STREAM_LENGTH_100_P                           103        3.273%              207        3.392%
                                                  3147      100.000%             6103      100.000%
                                                  8.77         2.02              8.53         2.23

CORE_CUM_STREAM_LENGTH_0                            22        0.004%               44        0.005%
CORE_CUM_STREAM_LENGTH_10                          488        0.100%              889        0.094%
CORE_CUM_STREAM_LENGTH_20                          608        0.124%             1087        0.115%
CORE_CUM_STREAM_LENGTH_30                          788        0.161%             1141        0.120%
CORE_CUM_STREAM_LENGTH_40                          410        0.084%            14438        1.521%
CORE_CUM_STREAM_LENGTH_50                          860        0.176%             1129        0.119%
CORE_CUM_STREAM_LENGTH_60                         1345        0.275%             7782        0.820%
CORE_CUM_STREAM_LENGTH_70                         1406        0.287%             3232        0.341%
CORE_CUM_STREAM_LENGTH_80                         1199        0.245%             2309        0.243%
CORE_CUM_STREAM_LENGTH_90                       279381       57.055%           508384       53.562%
CORE_CUM_STREAM_LENGTH_100_P                    203166       41.490%           408713       43.061%
                                                489673      100.000%           949148      100.000%
                                                  9.36         6.08              9.29         6.18

CORE_STREAM_TRAIN_HITS_0                            62        1.970%              112        1.835%
CORE_STREAM_TRAIN_HITS_10                           68        2.161%              101        1.655%
CORE_STREAM_TRAIN_HITS_20                           39        1.239%               91        1.491%
CORE_STREAM_TRAIN_HITS_30                         2875       91.357%             5593       91.643%
CORE_STREAM_TRAIN_HITS_40                            1        0.032%                2        0.033%
CORE_STREAM_TRAIN_HITS_50                            0        0.000%                0        0.000%
CORE_STREAM_TRAIN_HITS_60                            2        0.064%                2        0.033%
CORE_STREAM_TRAIN_HITS_70                            0        0.000%                0        0.000%
CORE_STREAM_TRAIN_HITS_80                            0        0.000%                0        0.000%
CORE_STREAM_TRAIN_HITS_90                            0        0.000%                0        0.000%
CORE_STREAM_TRAIN_HITS_100_P                       100        3.178%              202        3.310%
                                                  3147      100.000%             6103      100.000%
                                                  3.11         1.39              3.13         1.41

CORE_CUM_STREAM_TRAIN_HITS_0                       432        0.148%              780        0.134%
CORE_CUM_STREAM_TRAIN_HITS_10                     1019        0.348%             1486        0.255%
CORE_CUM_STREAM_TRAIN_HITS_20                      901        0.308%             2106        0.361%
CORE_CUM_STREAM_TRAIN_HITS_30                    94724       32.352%           184266       31.582%
CORE_CUM_STREAM_TRAIN_HITS_40                       48        0.016%               95        0.016%
CORE_CUM_STREAM_TRAIN_HITS_50                        0        0.000%                0        0.000%
CORE_CUM_STREAM_TRAIN_HITS_60                      131        0.045%              131        0.022%
CORE_CUM_STREAM_TRAIN_HITS_70                        0        0.000%                0        0.000%
CORE_CUM_STREAM_TRAIN_HITS_80                        0        0.000%                0        0.000%
CORE_CUM_STREAM_TRAIN_HITS_90                        0        0.000%                0        0.000%
CORE_CUM_STREAM_TRAIN_HITS_100_P                195536       66.783%           394583       67.630%
                                                292791      100.000%           583447      100.000%
                                                  7.66         7.08              7.72         7.15

CORE_STREAM_TRAIN_CREATE                          3249                           6341              



