/* -*- Mode: c -*- */
####################################################################################################
Core 0
####################################################################################################
Cumulative:        Cycles: 16955814              Instructions: 20000000              IPC: 1.17954

Periodic:          Cycles: 8519463               Instructions: 9999999               IPC: 1.17378

ST_OP_INV                                            0        0.000%                0        0.000%
ST_OP_NOP                                        99504        0.745%           368478        1.369%
ST_OP_CF                                       1620992       12.140%          3264488       12.126%
ST_OP_MOV                                      1154415        8.646%          2309149        8.577%
ST_OP_CMOV                                       31574        0.236%            63109        0.234%
ST_OP_LDA                                       210803        1.579%           423293        1.572%
ST_OP_ILD                                       799424        5.987%          1611990        5.988%
ST_OP_IST                                       222129        1.664%           452896        1.682%
ST_OP_IADD                                      831556        6.228%          1687266        6.267%
ST_OP_IMUL                                         509        0.004%              827        0.003%
ST_OP_IDIV                                           0        0.000%                0        0.000%
ST_OP_ICMP                                     1151417        8.623%          2320060        8.618%
ST_OP_LOGIC                                     357578        2.678%           717438        2.665%
ST_OP_SHIFT                                     197642        1.480%           393614        1.462%
ST_OP_FLD                                      2704048       20.251%          5405438       20.078%
ST_OP_FST                                      1033606        7.741%          2071812        7.696%
ST_OP_FCVT                                      188706        1.413%           374246        1.390%
ST_OP_FADD                                      623515        4.670%          1241185        4.610%
ST_OP_FMUL                                      827643        6.198%          1645658        6.113%
ST_OP_FMA                                       623956        4.673%          1240373        4.607%
ST_OP_FDIV                                      392123        2.937%           774673        2.877%
ST_OP_FCMP                                      281279        2.107%           556160        2.066%
ST_OP_FCMOV                                          0        0.000%                0        0.000%
ST_OP_GATHER                                         0        0.000%                0        0.000%
ST_OP_SCATTER                                        0        0.000%                0        0.000%
ST_OP_PIPELINED_FAST                                 6        0.000%                9        0.000%
ST_OP_PIPELINED_MEDIUM                               0        0.000%                0        0.000%
ST_OP_PIPELINED_SLOW                                 0        0.000%                0        0.000%
ST_OP_NOTPIPELINED_MEDIUM                            0        0.000%                0        0.000%
ST_OP_NOTPIPELINED_SLOW                              0        0.000%                0        0.000%
ST_OP_NOTPIPELINED_VERY_SLOW                         0        0.000%                0        0.000%
                                              13352425      100.000%         26922162      100.000%
                                                 11.08         5.90             10.99         5.93

ST_NOT_CF                                     11731433       87.860%         23657674       87.874%
ST_CF_BR                                         98125        0.735%           197706        0.734%
ST_CF_CBR                                      1265667        9.479%          2554392        9.488%
ST_CF_CALL                                       85771        0.642%           170993        0.635%
ST_CF_IBR                                        84790        0.635%           168667        0.626%
ST_CF_ICALL                                          0        0.000%                0        0.000%
ST_CF_ICO                                            0        0.000%                0        0.000%
ST_CF_RET                                        86639        0.649%           172730        0.642%
ST_CF_SYS                                            0        0.000%                0        0.000%
                                              13352425      100.000%         26922162      100.000%
                                                  0.29         0.84              0.29         0.84

ST_BAR_NONE                                   13352425      100.000%         26922162      100.000%
ST_BAR_FETCH                                         0        0.000%                0        0.000%
ST_BAR_ISSUE                                         0        0.000%                0        0.000%
ST_BAR_BOTH                                          0        0.000%                0        0.000%
                                              13352425      100.000%         26922162      100.000%
                                                  0.00         0.00              0.00         0.00

ST_NOT_MEM                                     8593218       64.357%         17380026       64.557%
ST_MEM_LD                                      3503472       26.238%          7017428       26.066%
ST_MEM_ST                                      1255735        9.405%          2524708        9.378%
ST_MEM_PF                                            0        0.000%                0        0.000%
ST_MEM_WH                                            0        0.000%                0        0.000%
ST_MEM_EVICT                                         0        0.000%                0        0.000%
                                              13352425      100.000%         26922162      100.000%
                                                  0.45         0.55              0.45         0.55

ST_NOT_MEM_OFFPATH                             1606089       68.536%          3495298       69.547%
ST_MEM_LD_OFFPATH                               497319       21.222%          1032655       20.547%
ST_MEM_ST_OFFPATH                               240016       10.242%           497861        9.906%
ST_MEM_PF_OFFPATH                                    0        0.000%                0        0.000%
ST_MEM_WH_OFFPATH                                    0        0.000%                0        0.000%
ST_MEM_EVIC_OFFPATHT                                 0        0.000%                0        0.000%
                                               2343424      100.000%          5025814      100.000%
                                                  0.42         0.57              0.40         0.57

ST_OP_ONPATH                                  13352425                       26922162              

ST_OP_OFFPATH                                  2343424                        5025814              

ST_FAKE_OP_OFFPATH                                 369        0.016%           209858        4.176%
ST_NOT_FAKE_OP_OFFPATH                         2343055       99.984%          4815956       95.824%
                                               2343424      100.000%          5025814      100.000%
                                                  1.00         1.00              0.96         0.94

ST_FAKE_REASON_NOT_FAKE                        2343055       99.984%          4815956       95.824%
ST_FAKE_REASON_REDIRECT_TO_NOT_INSTRUMENTED           369        0.016%           209858        4.176%
ST_FAKE_REASON_RETURN_TO_NOT_INSTRUMENTED             0        0.000%                0        0.000%
ST_FAKE_REASON_NONRET_CF_TO_NOT_INSTRUMENTED             0        0.000%                0        0.000%
ST_FAKE_REASON_NOT_TAKEN_TO_NOT_INSTRUMENTED             0        0.000%                0        0.000%
ST_FAKE_REASON_WRONG_PATH_STORE_TO_NEW_REGION             0        0.000%                0        0.000%
                                               2343424      100.000%          5025814      100.000%
                                                  0.00         0.01              0.04         0.20

ST_INST_ONPATH                                11784560                       23786580              

ST_INST_OFFPATH                                2166096                        4651178              

STATIC_PIN_NOP                                       0                              0              

DYNAMIC_PIN_REP_GREATER_256                          0                              0              

INST_MAP_UPDATE_JITTED                          247510       10.742%           495031       10.727%
INST_MAP_UPDATE_NPC_INV                              0        0.000%                0        0.000%
INST_MAP_UPDATE_NPC_NOP                              0        0.000%                0        0.000%
INST_MAP_UPDATE_NPC_CF                               0        0.000%                0        0.000%
INST_MAP_UPDATE_NPC_MOV                              0        0.000%                0        0.000%
INST_MAP_UPDATE_NPC_CMOV                             0        0.000%                0        0.000%
INST_MAP_UPDATE_NPC_LDA                              0        0.000%                0        0.000%
INST_MAP_UPDATE_NPC_IMEM                             0        0.000%                0        0.000%
INST_MAP_UPDATE_NPC_IADD                             0        0.000%                0        0.000%
INST_MAP_UPDATE_NPC_IMUL                          1428        0.062%             2804        0.061%
INST_MAP_UPDATE_NPC_IDIV                             0        0.000%                0        0.000%
INST_MAP_UPDATE_NPC_ICMP                             0        0.000%                0        0.000%
INST_MAP_UPDATE_NPC_LOGIC                            0        0.000%                0        0.000%
INST_MAP_UPDATE_NPC_SHIFT                            0        0.000%                0        0.000%
INST_MAP_UPDATE_NPC_FMEM                             0        0.000%                0        0.000%
INST_MAP_UPDATE_NPC_FCVT                             0        0.000%                0        0.000%
INST_MAP_UPDATE_NPC_FADD                             0        0.000%                0        0.000%
INST_MAP_UPDATE_NPC_FMUL                             0        0.000%                0        0.000%
INST_MAP_UPDATE_NPC_FMA                              0        0.000%                0        0.000%
INST_MAP_UPDATE_NPC_FDIV                             0        0.000%                0        0.000%
INST_MAP_UPDATE_NPC_FCMP                             0        0.000%                0        0.000%
INST_MAP_UPDATE_NPC_FCMOV                            0        0.000%                0        0.000%
INST_MAP_UPDATE_NPC_GATHER                           0        0.000%                0        0.000%
INST_MAP_UPDATE_NPC_SCATTER                          0        0.000%                0        0.000%
INST_MAP_UPDATE_NPC_PIPELINED_FAST                   0        0.000%                0        0.000%
INST_MAP_UPDATE_NPC_PIPELINED_MEDIUM                 0        0.000%                0        0.000%
INST_MAP_UPDATE_NPC_PIPELINED_SLOW                   0        0.000%                0        0.000%
INST_MAP_UPDATE_NPC_NOTPIPELINED_MEDIUM              0        0.000%                0        0.000%
INST_MAP_UPDATE_NPC_NOTPIPELINED_SLOW                0        0.000%                0        0.000%
INST_MAP_UPDATE_NPC_NOTPIPELINED_VERY_SLOW             0        0.000%                0        0.000%
INST_MAP_UPDATE_MEM_INV                              0        0.000%                0        0.000%
INST_MAP_UPDATE_MEM_NOP                              0        0.000%                0        0.000%
INST_MAP_UPDATE_MEM_CF                               0        0.000%                0        0.000%
INST_MAP_UPDATE_MEM_MOV                        1658779       71.991%          3325256       72.056%
INST_MAP_UPDATE_MEM_CMOV                             0        0.000%                0        0.000%
INST_MAP_UPDATE_MEM_LDA                              0        0.000%                0        0.000%
INST_MAP_UPDATE_MEM_IMEM                             0        0.000%                0        0.000%
INST_MAP_UPDATE_MEM_IADD                             0        0.000%                0        0.000%
INST_MAP_UPDATE_MEM_IMUL                         42518        1.845%            83988        1.820%
INST_MAP_UPDATE_MEM_IDIV                             0        0.000%                0        0.000%
INST_MAP_UPDATE_MEM_ICMP                             0        0.000%                0        0.000%
INST_MAP_UPDATE_MEM_LOGIC                        12372        0.537%            24747        0.536%
INST_MAP_UPDATE_MEM_SHIFT                          335        0.015%              671        0.015%
INST_MAP_UPDATE_MEM_FMEM                             0        0.000%                0        0.000%
INST_MAP_UPDATE_MEM_FCVT                             0        0.000%                0        0.000%
INST_MAP_UPDATE_MEM_FADD                             0        0.000%                0        0.000%
INST_MAP_UPDATE_MEM_FMUL                           357        0.015%              610        0.013%
INST_MAP_UPDATE_MEM_FMA                         100900        4.379%           204298        4.427%
INST_MAP_UPDATE_MEM_FDIV                         87561        3.800%           171643        3.719%
INST_MAP_UPDATE_MEM_FCMP                         51114        2.218%           102283        2.216%
INST_MAP_UPDATE_MEM_FCMOV                        71265        3.093%           143596        3.112%
INST_MAP_UPDATE_MEM_GATHER                       29279        1.271%            58487        1.267%
INST_MAP_UPDATE_MEM_SCATTER                          0        0.000%                0        0.000%
INST_MAP_UPDATE_MEM_PIPELINED_FAST                   0        0.000%                0        0.000%
INST_MAP_UPDATE_MEM_PIPELINED_MEDIUM                 0        0.000%                0        0.000%
INST_MAP_UPDATE_MEM_PIPELINED_SLOW                 715        0.031%             1422        0.031%
INST_MAP_UPDATE_MEM_NOTPIPELINED_MEDIUM              0        0.000%                0        0.000%
INST_MAP_UPDATE_MEM_NOTPIPELINED_SLOW                0        0.000%                0        0.000%
INST_MAP_UPDATE_MEM_NOTPIPELINED_VERY_SLOW             0        0.000%                0        0.000%
                                               2304133      100.000%          4614836      100.000%
                                                 31.88         6.62             31.88         6.61



