/* -*- Mode: c -*- */
####################################################################################################
Core 0
####################################################################################################
Cumulative:        Cycles: 27870972              Instructions: 20000000              IPC: 0.71759

Periodic:          Cycles: 12678091              Instructions: 9999997               IPC: 0.78876

PREF_DL0REQ_QUEUE_HIT_BY_DEMAND                      0                              0              

PREF_UMLC_REQ_QUEUE_HIT_BY_DEMAND                    0                              0              

PREF_UL1REQ_QUEUE_HIT_BY_DEMAND                      0                              0              

PREF_DL0REQ_QUEUE_FULL                               0                              0              

PREF_UMLC_REQ_QUEUE_FULL                             0                              0              

PREF_UL1REQ_QUEUE_FULL                               0                              0              

PREF_DC_HIT_NOSEND                                   0                              0              

PREF_WBQDC_HIT_NOSEND                                0                              0              

PREF_MLCQ_STALL                                      0                              0              

PREF_L1Q_STALL                                       0                              0              

PREF_UMLC_REQ_SEND_QUEUE_STALL                       0                              0              

PREF_UL1REQ_SEND_QUEUE_STALL                    541671                         801691              

PREF_UMLC_REQ_QUEUE_SENTREQ                          0                              0              

PREF_UL1REQ_QUEUE_SENTREQ                       366065                         617900              

PREF_NEWREQ_MATCHED                               3800                           6117              

PREF_UMLC_REQ_QUEUE_MATCHED_REQ                      0                              0              

PREF_UL1REQ_QUEUE_MATCHED_REQ                      593                           1483              

PREF_DL0REQ_QUEUE_MATCHED_REQ                        0                              0              

L1_PREF_HIT                                     132257                         220401              

L1_PREF_UNIQUE_HIT                              132219                         215668              

L1_PREF_LATE                                     15101                          24548              

L1_LATE_PREF_CYCLES                            2297495                        3570656              

L1_LATE_PREF_CYCLES_DIST_0                        8857       58.652%            14635       59.618%
L1_LATE_PREF_CYCLES_DIST_100                      3806       25.204%             6382       25.998%
L1_LATE_PREF_CYCLES_DIST_200                       997        6.602%             1517        6.180%
L1_LATE_PREF_CYCLES_DIST_300                       522        3.457%              702        2.860%
L1_LATE_PREF_CYCLES_DIST_400                       275        1.821%              370        1.507%
L1_LATE_PREF_CYCLES_DIST_500                       102        0.675%              137        0.558%
L1_LATE_PREF_CYCLES_DIST_600                        78        0.517%               94        0.383%
L1_LATE_PREF_CYCLES_DIST_700                        32        0.212%               40        0.163%
L1_LATE_PREF_CYCLES_DIST_800                        11        0.073%               25        0.102%
L1_LATE_PREF_CYCLES_DIST_900                        18        0.119%               28        0.114%
L1_LATE_PREF_CYCLES_DIST_1000                       24        0.159%               36        0.147%
L1_LATE_PREF_CYCLES_DIST_1100                       68        0.450%              110        0.448%
L1_LATE_PREF_CYCLES_DIST_1200                      125        0.828%              210        0.855%
L1_LATE_PREF_CYCLES_DIST_1300                       77        0.510%              120        0.489%
L1_LATE_PREF_CYCLES_DIST_1400                       38        0.252%               65        0.265%
L1_LATE_PREF_CYCLES_DIST_1500                       51        0.338%               55        0.224%
L1_LATE_PREF_CYCLES_DIST_1600                       15        0.099%               16        0.065%
L1_LATE_PREF_CYCLES_DIST_1700                        4        0.026%                5        0.020%
L1_LATE_PREF_CYCLES_DIST_1800                        1        0.007%                1        0.004%
L1_LATE_PREF_CYCLES_DIST_1900                        0        0.000%                0        0.000%
L1_LATE_PREF_CYCLES_DIST_2000                        0        0.000%                0        0.000%
                                                 15101      100.000%            24548      100.000%
                                                  1.00         2.12              0.93         2.04

MLC_PREF_HIT                                      1855                           5332              

MLC_PREF_UNIQUE_HIT                                612                           1348              

MLC_PREF_LATE                                        0                              0              

PREF_HYBRID_SEL_0                                    0         -nan%                0         -nan%
PREF_HYBRID_SEL_1                                    0         -nan%                0         -nan%
PREF_HYBRID_SEL_2                                    0         -nan%                0         -nan%
PREF_HYBRID_SEL_3                                    0         -nan%                0         -nan%
PREF_HYBRID_SEL_4                                    0         -nan%                0         -nan%
PREF_HYBRID_SEL_5                                    0         -nan%                0         -nan%
PREF_HYBRID_SEL_6                                    0         -nan%                0         -nan%
                                                     0         -nan%                0         -nan%
                                                  -nan         -nan              -nan         -nan

PREF_DISTANCE_1                                      5        9.259%               24       24.000%
PREF_DISTANCE_2                                      1        1.852%                2        2.000%
PREF_DISTANCE_3                                      6       11.111%                8        8.000%
PREF_DISTANCE_4                                     22       40.741%               34       34.000%
PREF_DISTANCE_5                                     20       37.037%               32       32.000%
PREF_DISTANCE_6                                      0        0.000%                0        0.000%
PREF_DISTANCE_7                                      0        0.000%                0        0.000%
PREF_DISTANCE_8                                      0        0.000%                0        0.000%
PREF_DISTANCE_9                                      0        0.000%                0        0.000%
PREF_DISTANCE_10                                     0        0.000%                0        0.000%
                                                    54      100.000%              100      100.000%
                                                  2.94         0.77              2.48         0.95

PREF_REPL_MRU                                        0         -nan%                0         -nan%
PREF_REPL_MID                                        0         -nan%                0         -nan%
PREF_REPL_LOWQTR                                     0         -nan%                0         -nan%
PREF_REPL_LRU                                        0         -nan%                0         -nan%
                                                     0         -nan%                0         -nan%
                                                  -nan         -nan              -nan         -nan

PREF_REPL_MOVEDOWN                                   0         -nan%                0         -nan%
PREF_REPL_MOVEUP                                     0         -nan%                0         -nan%
                                                     0         -nan%                0         -nan%
                                                  -nan         -nan              -nan         -nan

PREF_COV_1                                           0         -nan%                0         -nan%
PREF_COV_2                                           0         -nan%                0         -nan%
PREF_COV_3                                           0         -nan%                0         -nan%
PREF_COV_4                                           0         -nan%                0         -nan%
PREF_COV_5                                           0         -nan%                0         -nan%
PREF_COV_6                                           0         -nan%                0         -nan%
PREF_COV_7                                           0         -nan%                0         -nan%
PREF_COV_8                                           0         -nan%                0         -nan%
PREF_COV_9                                           0         -nan%                0         -nan%
PREF_COV_10                                          0         -nan%                0         -nan%
                                                     0         -nan%                0         -nan%
                                                  -nan         -nan              -nan         -nan

PREF_POL_1                                           0        0.000%                0        0.000%
PREF_POL_2                                           0        0.000%                0        0.000%
PREF_POL_3                                           0        0.000%                0        0.000%
PREF_POL_4                                           0        0.000%                0        0.000%
PREF_POL_5                                           0        0.000%                0        0.000%
PREF_POL_6                                           0        0.000%                0        0.000%
PREF_POL_7                                           0        0.000%                0        0.000%
PREF_POL_8                                           0        0.000%                0        0.000%
PREF_POL_9                                           0        0.000%                0        0.000%
PREF_POL_10                                         54      100.000%              100      100.000%
                                                    54      100.000%              100      100.000%
                                                  9.00         9.08              9.00         9.05

PREF_ACC_1                                           0        0.000%                0        0.000%
PREF_ACC_2                                           0        0.000%                0        0.000%
PREF_ACC_3                                           0        0.000%                0        0.000%
PREF_ACC_4                                           0        0.000%                0        0.000%
PREF_ACC_5                                           2        3.704%                4        4.000%
PREF_ACC_6                                          26       48.148%               38       38.000%
PREF_ACC_7                                          21       38.889%               34       34.000%
PREF_ACC_8                                           0        0.000%                4        4.000%
PREF_ACC_9                                           5        9.259%               20       20.000%
PREF_ACC_10                                          0        0.000%                0        0.000%
                                                    54      100.000%              100      100.000%
                                                  5.63         0.94              5.98         1.18

PREF_TIMELY_1                                        0        0.000%                0        0.000%
PREF_TIMELY_2                                        0        0.000%                0        0.000%
PREF_TIMELY_3                                        0        0.000%                0        0.000%
PREF_TIMELY_4                                        2        3.704%                2        2.000%
PREF_TIMELY_5                                        0        0.000%                0        0.000%
PREF_TIMELY_6                                        0        0.000%                0        0.000%
PREF_TIMELY_7                                        5        9.259%               18       18.000%
PREF_TIMELY_8                                        1        1.852%                5        5.000%
PREF_TIMELY_9                                        9       16.667%               16       16.000%
PREF_TIMELY_10                                      37       68.519%               59       59.000%
                                                    54      100.000%              100      100.000%
                                                  8.30         7.07              8.08         6.39

PREF_UNUSED_EVICT                               202951                         352140              

PREF_REGION_SENT                                     0                              0              

PREF_REGION_USEFUL                                   0                              0              

PREF_REGION_EVICT                                    0                              0              

PREF_PFPOL                                           0                              0              

PREF_PHASE_NEWPHASE_DET                              0                              0              

PREF_PHASE_NEWPHASE_NOTVALID                         0                              0              

PREF_PHASE_SENTPREF                                  0                              0              

PREF_PHASE_OVERWRITE_PAGE                            0                              0              

PREF_UPDATE_COUNT                                   54                            100              

PREF_ACC1_HT_HP                                      0        0.000%                0        0.000%
PREF_ACC1_HT_LP                                      0        0.000%                0        0.000%
PREF_ACC1_LT_HP                                      0        0.000%                0        0.000%
PREF_ACC1_LT_LP                                      0        0.000%                0        0.000%
PREF_ACC2_HT_HP                                      0        0.000%                0        0.000%
PREF_ACC2_HT_LP                                      0        0.000%                0        0.000%
PREF_ACC2_LT_HP                                      0        0.000%                0        0.000%
PREF_ACC2_LT_LP                                     28       51.852%               42       42.000%
PREF_ACC3_HT_HP                                      0        0.000%                0        0.000%
PREF_ACC3_HT_LP                                      0        0.000%                0        0.000%
PREF_ACC3_LT_HP                                      0        0.000%                0        0.000%
PREF_ACC3_LT_LP                                      0        0.000%                0        0.000%
PREF_ACC4_HT_HP                                      0        0.000%                0        0.000%
PREF_ACC4_HT_LP                                      0        0.000%                0        0.000%
PREF_ACC4_LT_HP                                      0        0.000%                0        0.000%
PREF_ACC4_LT_LP                                     26       48.148%               58       58.000%
                                                    54      100.000%              100      100.000%
                                                 10.85         8.61             11.64         9.75

FDIP_DECIDE_PREF_ONPATH                         577446                        1211390              

FDIP_DECIDE_PREF_OFFPATH                        433068                         797119              

FDIP_NEW_PREFETCHES_ONPATH                        3997                           8463              

FDIP_NEW_PREFETCHES_OFFPATH                       3020                          14672              

FDIP_PREF_ICACHE_PROBE_HIT_ONPATH               571235                        1198886              

FDIP_PREF_ICACHE_PROBE_HIT_OFFPATH              428793                         774636              

FDIP_PREF_MSHR_PROBE_HIT_ONPATH                   2211                           3940              

FDIP_PREF_MSHR_PROBE_HIT_OFFPATH                  1253                           7711              

FDIP_PREF_FAILED_ONPATH                              3                            101              

FDIP_PREF_FAILED_OFFPATH                             2                            100              

FDIP_ATTEMPTED_PREF_ONPATH                      577943                        1212633              

FDIP_ATTEMPTED_PREF_OFFPATH                     433888                         845029              

FDIP_ALT_PATH_PREFETCHES_IC_EMITTED                  0                              0              

FDIP_ALT_PATH_PREFETCHES_IC_TRIGGERED                0                              0              

FDIP_ALT_PATH_PREFETCHES_UOC_EMITTED_OFF_PATH             0         -nan%                0         -nan%
FDIP_ALT_PATH_PREFETCHES_UOC_EMITTED_ON_PATH             0         -nan%                0         -nan%
                                                     0         -nan%                0         -nan%
                                                  -nan         -nan              -nan         -nan

FDIP_ALT_PATH_PREFETCHES_UOC_TRIGGERED               0                              0              

FDIP_BREAK_REACH_FTQ_END                      12513705       98.703%         27507969       98.698%
FDIP_BREAK_FTQ_EMPTY                               476        0.004%              476        0.002%
FDIP_BREAK_MAX_FTQ_ENTRY_CYC                    162593        1.282%           313374        1.124%
FDIP_BREAK_FULL_MEM_REQ_BUF                       1317        0.010%            49153        0.176%
                                              12678091      100.000%         27870972      100.000%
                                                  0.03         0.23              0.03         0.24

FDIP_CYCLE_COUNT                                     0                              0              

ICACHE_USEFUL_FETCHES                              163                            824              

USEFUL_CACHELINES_RETIRED                            0                              0              

ICACHE_UNUSEFUL_FETCHES                              0                              0              

UNIQUE_MISSED_LINES                                163                            824              

UNIQUE_HIT_LINES                                     0                              0              

UNIQUE_PREFETCHED_LINES                              0                              0              

FDIP_BTB_MISS_NT_RESTEER_ONPATH                     10                           1182              

FDIP_BTB_MISS_NT_RESTEER_OFFPATH                    14                           1099              

FDIP_UTILITY_HASH_HIT                                0         -nan%                0         -nan%
FDIP_UTILITY_HASH_MISS                               0         -nan%                0         -nan%
                                                     0         -nan%                0         -nan%
                                                  -nan         -nan              -nan         -nan

FDIP_UC_HIT                                          0         -nan%                0         -nan%
FDIP_UC_MISS                                         0         -nan%                0         -nan%
                                                     0         -nan%                0         -nan%
                                                  -nan         -nan              -nan         -nan

FDIP_UC_USEFUL_LINES                                 0                              0              

FDIP_UC_REPLACEMENT                                  0                              0              

FDIP_BLOOM_HIT                                       0         -nan%                0         -nan%
FDIP_BLOOM_MISS                                      0         -nan%                0         -nan%
                                                     0         -nan%                0         -nan%
                                                  -nan         -nan              -nan         -nan

FDIP_BLOOM_INSERTED                                  0                              0              

FDIP_BLOOM_CLEAR1                                    0                              0              

FDIP_BLOOM_CLEAR2                                    0                              0              

FDIP_BLOOM_CLEAR4                                    0                              0              

FDIP_BLOOM_1STREAM                                   0                              0              

FDIP_BLOOM_2STREAM                                   0                              0              

FDIP_BLOOM_3STREAM                                   0                              0              

FDIP_BLOOM_4STREAM                                   0                              0              

FDIP_BLOOM_5STREAM                                   0                              0              

FDIP_BLOOM_6STREAM                                   0                              0              

FDIP_BLOOM_7STREAM                                   0                              0              

FDIP_BLOOM_8STREAM                                   0                              0              

FDIP_BLOOM_1INSERT                                   0                              0              

FDIP_BLOOM_2INSERT                                   0                              0              

FDIP_BLOOM_4INSERT                                   0                              0              

FDIP_BLOOM_NOSTREAM                                  0                              0              

FDIP_AVG_FTQ_OCCUPANCY_OPS                         214                            214              

FDIP_AVG_FTQ_OCCUPANCY                              31                             31              

FDIP_FTQ_OCCUPANCY_OPS_ACCUMULATED          2679580756                     5976639821              

FDIP_FTQ_OCCUPANCY_BLOCKS_ACCUMULATED        399175321                      877959193              

FDIP_TRAINING_SAMPLE                                 0                              0              

FDIP_SENIORITY_FTQ_ACCUMULATED                       0                              0              

FDIP_SENIORITY_FTQ_HIT                               0                              0              

FDIP_SENIORITY_FTQ_MISS                              0                              0              

FDIP_UFTQ_STAY_SAME_FTQ_NUM                          0         -nan%                0         -nan%
FDIP_UFTQ_DEC_FTQ_NUM                                0         -nan%                0         -nan%
FDIP_UFTQ_INC_FTQ_NUM                                0         -nan%                0         -nan%
                                                     0         -nan%                0         -nan%
                                                  -nan         -nan              -nan         -nan

FDIP_OFF_CONF_ON_PREF_CANDIDATES                     0         -nan%                0         -nan%
FDIP_OFF_CONF_OFF_PREF_CANDIDATES                    0         -nan%                0         -nan%
FDIP_ON_CONF_ON_PREF_CANDIDATES                      0         -nan%                0         -nan%
FDIP_ON_CONF_OFF_PREF_CANDIDATES                     0         -nan%                0         -nan%
                                                     0         -nan%                0         -nan%
                                                  -nan         -nan              -nan         -nan

FDIP_ON_CONF_ON_EMITTED                              0         -nan%                0         -nan%
FDIP_ON_CONF_OFF_EMITTED                             0         -nan%                0         -nan%
FDIP_OFF_CONF_ON_EMITTED                             0         -nan%                0         -nan%
FDIP_OFF_CONF_OFF_EMITTED                            0         -nan%                0         -nan%
                                                     0         -nan%                0         -nan%
                                                  -nan         -nan              -nan         -nan

FDIP_OFF_CONF_ON_NUM_EVENTS                          0                              0              

FDIP_OFF_CONF_ON_BTB_MISS                            0         -nan%                0         -nan%
FDIP_OFF_CONF_ON_BP_INCORRECT                        0         -nan%                0         -nan%
FDIP_OFF_CONF_ON_MISFETCH                            0         -nan%                0         -nan%
FDIP_OFF_CONF_ON_NO_TARGET                           0         -nan%                0         -nan%
                                                     0         -nan%                0         -nan%
                                                  -nan         -nan              -nan         -nan

FDIP_OFF_CONF_ON_BTB_MISS_PREF_CANDIDATES             0         -nan%                0         -nan%
FDIP_OFF_CONF_ON_BP_INCORRECT_PREF_CANDIDATES             0         -nan%                0         -nan%
FDIP_OFF_CONF_ON_MISFETCH_PREF_CANDIDATES             0         -nan%                0         -nan%
FDIP_OFF_CONF_ON_NO_TARGET_PREF_CANDIDATES             0         -nan%                0         -nan%
                                                     0         -nan%                0         -nan%
                                                  -nan         -nan              -nan         -nan

FDIP_OFF_CONF_ON_BTB_MISS_EMITTED                    0         -nan%                0         -nan%
FDIP_OFF_CONF_ON_BP_INCORRECT_EMITTED                0         -nan%                0         -nan%
FDIP_OFF_CONF_ON_MISFETCH_EMITTED                    0         -nan%                0         -nan%
FDIP_OFF_CONF_ON_NO_TARGET_EMITTED                   0         -nan%                0         -nan%
                                                     0         -nan%                0         -nan%
                                                  -nan         -nan              -nan         -nan

FDIP_OFF_CONF_ON_BP_INCORRECT_0_CONF                 0         -nan%                0         -nan%
FDIP_OFF_CONF_ON_BP_INCORRECT_1_CONF                 0         -nan%                0         -nan%
FDIP_OFF_CONF_ON_BP_INCORRECT_2_CONF                 0         -nan%                0         -nan%
FDIP_OFF_CONF_ON_BP_INCORRECT_3_CONF                 0         -nan%                0         -nan%
                                                     0         -nan%                0         -nan%
                                                  -nan         -nan              -nan         -nan

FDIP_OFF_CONF_ON_BTB_MISS_CBR_0_CONF                 0         -nan%                0         -nan%
FDIP_OFF_CONF_ON_BTB_MISS_CBR_1_CONF                 0         -nan%                0         -nan%
FDIP_OFF_CONF_ON_BTB_MISS_CBR_2_CONF                 0         -nan%                0         -nan%
FDIP_OFF_CONF_ON_BTB_MISS_CBR_3_CONF                 0         -nan%                0         -nan%
                                                     0         -nan%                0         -nan%
                                                  -nan         -nan              -nan         -nan

FDIP_OFF_CONF_ON_BTB_MISS_NOT_CF                     0         -nan%                0         -nan%
FDIP_OFF_CONF_ON_BTB_MISS_CF_BR                      0         -nan%                0         -nan%
FDIP_OFF_CONF_ON_BTB_MISS_CF_CBR                     0         -nan%                0         -nan%
FDIP_OFF_CONF_ON_BTB_MISS_CF_CALL                    0         -nan%                0         -nan%
FDIP_OFF_CONF_ON_BTB_MISS_CF_IBR                     0         -nan%                0         -nan%
FDIP_OFF_CONF_ON_BTB_MISS_CF_ICALL                   0         -nan%                0         -nan%
FDIP_OFF_CONF_ON_BTB_MISS_CF_ICO                     0         -nan%                0         -nan%
FDIP_OFF_CONF_ON_BTB_MISS_CF_RET                     0         -nan%                0         -nan%
FDIP_OFF_CONF_ON_BTB_MISS_CF_SYS                     0         -nan%                0         -nan%
                                                     0         -nan%                0         -nan%
                                                  -nan         -nan              -nan         -nan

FDIP_ON_CONF_OFF_NUM_EVENTS                          0                              0              

FDIP_ON_CONF_OFF_NUM_BTB_MISS                        0                              0              

FDIP_ON_CONF_OFF_NUM_OP_DIST_INC                     0                              0              

FDIP_ON_CONF_OFF_NUM_CF_BR                           0         -nan%                0         -nan%
FDIP_ON_CONF_OFF_NUM_CF_CBR                          0         -nan%                0         -nan%
FDIP_ON_CONF_OFF_NUM_CF_CALL                         0         -nan%                0         -nan%
FDIP_ON_CONF_OFF_NUM_CF_IBR                          0         -nan%                0         -nan%
FDIP_ON_CONF_OFF_NUM_CF_ICALL                        0         -nan%                0         -nan%
FDIP_ON_CONF_OFF_NUM_CF_ICO                          0         -nan%                0         -nan%
FDIP_ON_CONF_OFF_NUM_CF_RET                          0         -nan%                0         -nan%
FDIP_ON_CONF_OFF_NUM_CF_SYS                          0         -nan%                0         -nan%
                                                     0         -nan%                0         -nan%
                                                  -nan         -nan              -nan         -nan

FDIP_ON_CONF_OFF_NUM_CONF_0_BR                       0         -nan%                0         -nan%
FDIP_ON_CONF_OFF_NUM_CONF_1_BR                       0         -nan%                0         -nan%
FDIP_ON_CONF_OFF_NUM_CONF_2_BR                       0         -nan%                0         -nan%
FDIP_ON_CONF_OFF_NUM_CONF_3_BR                       0         -nan%                0         -nan%
                                                     0         -nan%                0         -nan%
                                                  -nan         -nan              -nan         -nan

FDIP_BTB_NUM_CYCLES_OFF_PATH_EVENT                   0                              0              

FDIP_BP_CONF_0_MISPRED                             586        0.014%             1293        0.017%
FDIP_BP_CONF_1_MISPRED                             963        0.024%             2742        0.035%
FDIP_BP_CONF_2_MISPRED                            1405        0.035%             2529        0.032%
FDIP_BP_CONF_3_MISPRED                            5963        0.147%            11334        0.145%
FDIP_BP_CONF_0_CORRECT                            5897        0.145%            16854        0.216%
FDIP_BP_CONF_1_CORRECT                            8325        0.205%            27586        0.353%
FDIP_BP_CONF_2_CORRECT                           13331        0.329%            26169        0.335%
FDIP_BP_CONF_3_CORRECT                         4018626       99.101%          7727310       98.868%
                                               4055096      100.000%          7815817      100.000%
                                                  6.98         6.95              6.97         6.94

FDIP_ON_CONF_OFF_BTB_MISS_BP_TAKEN_CONF_0             0         -nan%                0         -nan%
FDIP_ON_CONF_OFF_BTB_MISS_BP_TAKEN_CONF_1             0         -nan%                0         -nan%
FDIP_ON_CONF_OFF_BTB_MISS_BP_TAKEN_CONF_2             0         -nan%                0         -nan%
FDIP_ON_CONF_OFF_BTB_MISS_BP_TAKEN_CONF_3             0         -nan%                0         -nan%
FDIP_ON_CONF_OFF_BTB_MISS_RATE                       0         -nan%                0         -nan%
FDIP_ON_CONF_OFF_INV_CONF_INC                        0         -nan%                0         -nan%
                                                     0         -nan%                0         -nan%
                                                  -nan         -nan              -nan         -nan

FDIP_ON_CONF_OFF_BTB_MISS_BP_TAKEN_CONF_0_PREF_CANDIDATES             0         -nan%                0         -nan%
FDIP_ON_CONF_OFF_BTB_MISS_BP_TAKEN_CONF_1_PREF_CANDIDATES             0         -nan%                0         -nan%
FDIP_ON_CONF_OFF_BTB_MISS_BP_TAKEN_CONF_2_PREF_CANDIDATES             0         -nan%                0         -nan%
FDIP_ON_CONF_OFF_BTB_MISS_BP_TAKEN_CONF_3_PREF_CANDIDATES             0         -nan%                0         -nan%
FDIP_ON_CONF_OFF_BTB_MISS_RATE_PREF_CANDIDATES             0         -nan%                0         -nan%
FDIP_ON_CONF_OFF_INV_CONF_INC_PREF_CANDIDATES             0         -nan%                0         -nan%
                                                     0         -nan%                0         -nan%
                                                  -nan         -nan              -nan         -nan

FDIP_ON_CONF_OFF_BTB_MISS_BP_TAKEN_CONF_0_EMITTED             0         -nan%                0         -nan%
FDIP_ON_CONF_OFF_BTB_MISS_BP_TAKEN_CONF_1_EMITTED             0         -nan%                0         -nan%
FDIP_ON_CONF_OFF_BTB_MISS_BP_TAKEN_CONF_2_EMITTED             0         -nan%                0         -nan%
FDIP_ON_CONF_OFF_BTB_MISS_BP_TAKEN_CONF_3_EMITTED             0         -nan%                0         -nan%
FDIP_ON_CONF_OFF_BTB_MISS_RATE_EMITTED               0         -nan%                0         -nan%
FDIP_ON_CONF_OFF_INV_CONF_INC_EMITTED                0         -nan%                0         -nan%
                                                     0         -nan%                0         -nan%
                                                  -nan         -nan              -nan         -nan

ICACHE_FIRST_MISS_AFTER_WARMUP_SEEN_DURING_WARMUP           163      100.000%              163      100.000%
ICACHE_FIRST_MISS_AFTER_WARMUP_NOT_SEEN_DURING_WARMUP             0        0.000%                0        0.000%
                                                   163      100.000%              163      100.000%
                                                  0.00         0.00              0.00         0.00

ICACHE_FIRST_MISS_AFTER_WARMUP_NO_PREF_DURING_WARMUP           163      100.000%              163      100.000%
ICACHE_FIRST_MISS_AFTER_WARMUP_TRAINED_UNUSEFUL_DURING_WARMUP             0        0.000%                0        0.000%
ICACHE_FIRST_MISS_AFTER_WARMUP_TRAINED_USEFUL_DURING_WARMUP             0        0.000%                0        0.000%
                                                   163      100.000%              163      100.000%
                                                  0.00         0.00              0.00         0.00

FDIP_PREFETCH_EVICT_NO_HIT_ONLY_ONCE                 0                              0              

FDIP_PREFETCH_HIT_ICACHE                       1000028       98.834%          1973522       95.911%
FDIP_PREFETCH_HIT_MLC                             4822        0.477%            16372        0.796%
FDIP_PREFETCH_HIT_L1                               102        0.010%              599        0.029%
FDIP_PREFETCH_HIT_DRAM                            6879        0.680%            67169        3.264%
                                               1011831      100.000%          2057662      100.000%
                                                  0.03         0.26              0.11         0.53

FDIP_MEM_BUF_MISS                                    0         -nan%                0         -nan%
FDIP_MEM_BUF_FOUND                                   0         -nan%                0         -nan%
                                                     0         -nan%                0         -nan%
                                                  -nan         -nan              -nan         -nan

DJOLT_PREFETCH_ENTRY                                 0                              0              

DJOLT_PREFETCH_INITIAL                               0                              0              

DJOLT_PREFETCH_SIG                                   0                              0              

FNLMMA_PREFETCH_TYPE0                                0         -nan%                0         -nan%
FNLMMA_PREFETCH_TYPE1                                0         -nan%                0         -nan%
FNLMMA_PREFETCH_TYPE2                                0         -nan%                0         -nan%
FNLMMA_PREFETCH_TYPE3                                0         -nan%                0         -nan%
FNLMMA_PREFETCH_TYPE4                                0         -nan%                0         -nan%
                                                     0         -nan%                0         -nan%
                                                  -nan         -nan              -nan         -nan



